<?xml version="1.0" encoding="UTF-8"?>
<testsuite name="myretail.handler.RedskyClientHandlerTest" tests="3" skipped="0" failures="0" errors="0" timestamp="2018-04-10T05:01:41" hostname="C02VT45DHTD5MBP" time="1.439">
  <properties/>
  <testcase name="testGetProductName_ClientException" classname="myretail.handler.RedskyClientHandlerTest" time="1.127"/>
  <testcase name="testGetProductName_Success" classname="myretail.handler.RedskyClientHandlerTest" time="0.307"/>
  <testcase name="testGetProductName_NotFound" classname="myretail.handler.RedskyClientHandlerTest" time="0.004"/>
  <system-out><![CDATA[]]></system-out>
  <system-err><![CDATA[]]></system-err>
</testsuite>
