<?xml version="1.0" encoding="UTF-8"?>
<testsuite name="myretail.processor.ProductProcessorTest" tests="13" skipped="0" failures="0" errors="0" timestamp="2018-04-10T05:01:42" hostname="C02VT45DHTD5MBP" time="0.164">
  <properties/>
  <testcase name="testGetProductDataForID_NotFoundInRedsky" classname="myretail.processor.ProductProcessorTest" time="0.1"/>
  <testcase name="testValidateProductIDForUpdate_NotFound" classname="myretail.processor.ProductProcessorTest" time="0.035"/>
  <testcase name="testValidateProductIDForUpdate_Success" classname="myretail.processor.ProductProcessorTest" time="0.002"/>
  <testcase name="testValidateProductID_null" classname="myretail.processor.ProductProcessorTest" time="0.002"/>
  <testcase name="testValidateProductID_zero" classname="myretail.processor.ProductProcessorTest" time="0.002"/>
  <testcase name="testValidateProductIDForUpdate_differentIDs" classname="myretail.processor.ProductProcessorTest" time="0.002"/>
  <testcase name="testValidateProductID" classname="myretail.processor.ProductProcessorTest" time="0.001"/>
  <testcase name="testGetProductDataForID_RedskyClientException" classname="myretail.processor.ProductProcessorTest" time="0.001"/>
  <testcase name="testUpdateProductPrice_differentIDs" classname="myretail.processor.ProductProcessorTest" time="0.001"/>
  <testcase name="testGetProductDataForID_Success" classname="myretail.processor.ProductProcessorTest" time="0.002"/>
  <testcase name="testGetProductDataForID_NotFoundInDB" classname="myretail.processor.ProductProcessorTest" time="0.004"/>
  <testcase name="testUpdateProductPrice_Success" classname="myretail.processor.ProductProcessorTest" time="0.006"/>
  <testcase name="testUpdateProductPrice_NotFound" classname="myretail.processor.ProductProcessorTest" time="0.002"/>
  <system-out><![CDATA[01:01:42.658 [Test worker] DEBUG org.springframework.test.util.ReflectionTestUtils - Invoking method 'validateProductIDForUpdate' on target object [myretail.processor.ProductProcessor@34043ba] with arguments {13860428, Product{productID=13860428, name='', currentPrice=Price{productID=13860428, price=15.0, currencyCode='USD'}}}
01:01:42.662 [Test worker] ERROR myretail.processor.ProductProcessor - Could not find Product ID 13860428 in DB
01:01:42.664 [Test worker] DEBUG org.springframework.test.util.ReflectionTestUtils - Invoking method 'validateProductIDForUpdate' on target object [myretail.processor.ProductProcessor@1cbc6411] with arguments {13860428, Product{productID=13860428, name='', currentPrice=Price{productID=13860428, price=15.0, currencyCode='USD'}}}
01:01:42.666 [Test worker] DEBUG org.springframework.test.util.ReflectionTestUtils - Invoking method 'validateProductID' on target object [myretail.processor.ProductProcessor@743604e1] with arguments {null}
01:01:42.666 [Test worker] ERROR myretail.processor.ProductProcessor - Invalid Product ID - null
01:01:42.668 [Test worker] DEBUG org.springframework.test.util.ReflectionTestUtils - Invoking method 'validateProductID' on target object [myretail.processor.ProductProcessor@278769fc] with arguments {0}
01:01:42.668 [Test worker] ERROR myretail.processor.ProductProcessor - Invalid Product ID - 0
01:01:42.670 [Test worker] DEBUG org.springframework.test.util.ReflectionTestUtils - Invoking method 'validateProductIDForUpdate' on target object [myretail.processor.ProductProcessor@3a3eb120] with arguments {13860428, Product{productID=1234, name='', currentPrice=Price{productID=13860428, price=15.0, currencyCode='USD'}}}
01:01:42.670 [Test worker] ERROR myretail.processor.ProductProcessor - Path param Product ID 13860428 doesn't match with Request payload 1234
01:01:42.672 [Test worker] DEBUG org.springframework.test.util.ReflectionTestUtils - Invoking method 'validateProductID' on target object [myretail.processor.ProductProcessor@b5c052b] with arguments {13860428}
01:01:42.675 [Test worker] ERROR myretail.processor.ProductProcessor - Path param Product ID 13860428 doesn't match with Request payload 1234
01:01:42.676 [Test worker] DEBUG myretail.processor.ProductProcessor - 
01:01:42.691 [Test worker] ERROR myretail.processor.ProductProcessor - Could not find Product ID 13860428 in DB
]]></system-out>
  <system-err><![CDATA[]]></system-err>
</testsuite>
