<?xml version="1.0" encoding="UTF-8"?>
<testsuite name="myretail.controller.ProductControllerTest" tests="2" skipped="0" failures="2" errors="0" timestamp="2018-04-10T05:02:08" hostname="C02VT45DHTD5MBP" time="0.024">
  <properties/>
  <testcase name="testGetProductData_NotFound" classname="myretail.controller.ProductControllerTest" time="0.004">
    <failure message="org.springframework.beans.factory.UnsatisfiedDependencyException: Error creating bean with name 'myretail.controller.ProductControllerTest': Unsatisfied dependency expressed through field 'adminOperations'; nested exception is org.springframework.beans.factory.NoSuchBeanDefinitionException: No qualifying bean of type 'org.springframework.data.cassandra.core.CassandraAdminOperations' available: expected at least 1 bean which qualifies as autowire candidate. Dependency annotations: {@org.springframework.beans.factory.annotation.Autowired(required=true)}" type="org.springframework.beans.factory.UnsatisfiedDependencyException">org.springframework.beans.factory.UnsatisfiedDependencyException: Error creating bean with name 'myretail.controller.ProductControllerTest': Unsatisfied dependency expressed through field 'adminOperations'; nested exception is org.springframework.beans.factory.NoSuchBeanDefinitionException: No qualifying bean of type 'org.springframework.data.cassandra.core.CassandraAdminOperations' available: expected at least 1 bean which qualifies as autowire candidate. Dependency annotations: {@org.springframework.beans.factory.annotation.Autowired(required=true)}
	at org.springframework.beans.factory.annotation.AutowiredAnnotationBeanPostProcessor$AutowiredFieldElement.inject(AutowiredAnnotationBeanPostProcessor.java:587)
	at org.springframework.beans.factory.annotation.InjectionMetadata.inject(InjectionMetadata.java:91)
	at org.springframework.beans.factory.annotation.AutowiredAnnotationBeanPostProcessor.postProcessPropertyValues(AutowiredAnnotationBeanPostProcessor.java:373)
	at org.springframework.beans.factory.support.AbstractAutowireCapableBeanFactory.populateBean(AbstractAutowireCapableBeanFactory.java:1344)
	at org.springframework.beans.factory.support.AbstractAutowireCapableBeanFactory.autowireBeanProperties(AbstractAutowireCapableBeanFactory.java:399)
	at org.springframework.test.context.support.DependencyInjectionTestExecutionListener.injectDependencies(DependencyInjectionTestExecutionListener.java:118)
	at org.springframework.test.context.support.DependencyInjectionTestExecutionListener.prepareTestInstance(DependencyInjectionTestExecutionListener.java:83)
	at org.springframework.boot.test.autoconfigure.SpringBootDependencyInjectionTestExecutionListener.prepareTestInstance(SpringBootDependencyInjectionTestExecutionListener.java:44)
	at org.springframework.test.context.TestContextManager.prepareTestInstance(TestContextManager.java:246)
	at org.springframework.test.context.junit4.SpringJUnit4ClassRunner.createTest(SpringJUnit4ClassRunner.java:227)
	at org.springframework.test.context.junit4.SpringJUnit4ClassRunner$1.runReflectiveCall(SpringJUnit4ClassRunner.java:289)
	at org.junit.internal.runners.model.ReflectiveCallable.run(ReflectiveCallable.java:12)
	at org.springframework.test.context.junit4.SpringJUnit4ClassRunner.methodBlock(SpringJUnit4ClassRunner.java:291)
	at org.springframework.test.context.junit4.SpringJUnit4ClassRunner.runChild(SpringJUnit4ClassRunner.java:246)
	at org.springframework.test.context.junit4.SpringJUnit4ClassRunner.runChild(SpringJUnit4ClassRunner.java:97)
	at org.junit.runners.ParentRunner$3.run(ParentRunner.java:290)
	at org.junit.runners.ParentRunner$1.schedule(ParentRunner.java:71)
	at org.junit.runners.ParentRunner.runChildren(ParentRunner.java:288)
	at org.junit.runners.ParentRunner.access$000(ParentRunner.java:58)
	at org.junit.runners.ParentRunner$2.evaluate(ParentRunner.java:268)
	at org.junit.internal.runners.statements.RunBefores.evaluate(RunBefores.java:26)
	at org.springframework.test.context.junit4.statements.RunBeforeTestClassCallbacks.evaluate(RunBeforeTestClassCallbacks.java:61)
	at org.junit.internal.runners.statements.RunAfters.evaluate(RunAfters.java:27)
	at org.springframework.test.context.junit4.statements.RunAfterTestClassCallbacks.evaluate(RunAfterTestClassCallbacks.java:70)
	at org.junit.runners.ParentRunner.run(ParentRunner.java:363)
	at org.springframework.test.context.junit4.SpringJUnit4ClassRunner.run(SpringJUnit4ClassRunner.java:190)
	at org.gradle.api.internal.tasks.testing.junit.JUnitTestClassExecuter.runTestClass(JUnitTestClassExecuter.java:114)
	at org.gradle.api.internal.tasks.testing.junit.JUnitTestClassExecuter.execute(JUnitTestClassExecuter.java:57)
	at org.gradle.api.internal.tasks.testing.junit.JUnitTestClassProcessor.processTestClass(JUnitTestClassProcessor.java:66)
	at org.gradle.api.internal.tasks.testing.SuiteTestClassProcessor.processTestClass(SuiteTestClassProcessor.java:51)
	at sun.reflect.NativeMethodAccessorImpl.invoke0(Native Method)
	at sun.reflect.NativeMethodAccessorImpl.invoke(NativeMethodAccessorImpl.java:62)
	at sun.reflect.DelegatingMethodAccessorImpl.invoke(DelegatingMethodAccessorImpl.java:43)
	at java.lang.reflect.Method.invoke(Method.java:498)
	at org.gradle.internal.dispatch.ReflectionDispatch.dispatch(ReflectionDispatch.java:35)
	at org.gradle.internal.dispatch.ReflectionDispatch.dispatch(ReflectionDispatch.java:24)
	at org.gradle.internal.dispatch.ContextClassLoaderDispatch.dispatch(ContextClassLoaderDispatch.java:32)
	at org.gradle.internal.dispatch.ProxyDispatchAdapter$DispatchingInvocationHandler.invoke(ProxyDispatchAdapter.java:93)
	at com.sun.proxy.$Proxy1.processTestClass(Unknown Source)
	at org.gradle.api.internal.tasks.testing.worker.TestWorker.processTestClass(TestWorker.java:108)
	at sun.reflect.NativeMethodAccessorImpl.invoke0(Native Method)
	at sun.reflect.NativeMethodAccessorImpl.invoke(NativeMethodAccessorImpl.java:62)
	at sun.reflect.DelegatingMethodAccessorImpl.invoke(DelegatingMethodAccessorImpl.java:43)
	at java.lang.reflect.Method.invoke(Method.java:498)
	at org.gradle.internal.dispatch.ReflectionDispatch.dispatch(ReflectionDispatch.java:35)
	at org.gradle.internal.dispatch.ReflectionDispatch.dispatch(ReflectionDispatch.java:24)
	at org.gradle.internal.remote.internal.hub.MessageHubBackedObjectConnection$DispatchWrapper.dispatch(MessageHubBackedObjectConnection.java:146)
	at org.gradle.internal.remote.internal.hub.MessageHubBackedObjectConnection$DispatchWrapper.dispatch(MessageHubBackedObjectConnection.java:128)
	at org.gradle.internal.remote.internal.hub.MessageHub$Handler.run(MessageHub.java:404)
	at org.gradle.internal.concurrent.ExecutorPolicy$CatchAndRecordFailures.onExecute(ExecutorPolicy.java:63)
	at org.gradle.internal.concurrent.ManagedExecutorImpl$1.run(ManagedExecutorImpl.java:46)
	at java.util.concurrent.ThreadPoolExecutor.runWorker(ThreadPoolExecutor.java:1149)
	at java.util.concurrent.ThreadPoolExecutor$Worker.run(ThreadPoolExecutor.java:624)
	at org.gradle.internal.concurrent.ThreadFactoryImpl$ManagedThreadRunnable.run(ThreadFactoryImpl.java:55)
	at java.lang.Thread.run(Thread.java:748)
Caused by: org.springframework.beans.factory.NoSuchBeanDefinitionException: No qualifying bean of type 'org.springframework.data.cassandra.core.CassandraAdminOperations' available: expected at least 1 bean which qualifies as autowire candidate. Dependency annotations: {@org.springframework.beans.factory.annotation.Autowired(required=true)}
	at org.springframework.beans.factory.support.DefaultListableBeanFactory.raiseNoMatchingBeanFound(DefaultListableBeanFactory.java:1509)
	at org.springframework.beans.factory.support.DefaultListableBeanFactory.doResolveDependency(DefaultListableBeanFactory.java:1104)
	at org.springframework.beans.factory.support.DefaultListableBeanFactory.resolveDependency(DefaultListableBeanFactory.java:1065)
	at org.springframework.beans.factory.annotation.AutowiredAnnotationBeanPostProcessor$AutowiredFieldElement.inject(AutowiredAnnotationBeanPostProcessor.java:584)
	... 54 more
</failure>
  </testcase>
  <testcase name="testGetProductData_Success" classname="myretail.controller.ProductControllerTest" time="0.0">
    <failure message="org.springframework.beans.factory.UnsatisfiedDependencyException: Error creating bean with name 'myretail.controller.ProductControllerTest': Unsatisfied dependency expressed through field 'adminOperations'; nested exception is org.springframework.beans.factory.NoSuchBeanDefinitionException: No qualifying bean of type 'org.springframework.data.cassandra.core.CassandraAdminOperations' available: expected at least 1 bean which qualifies as autowire candidate. Dependency annotations: {@org.springframework.beans.factory.annotation.Autowired(required=true)}" type="org.springframework.beans.factory.UnsatisfiedDependencyException">org.springframework.beans.factory.UnsatisfiedDependencyException: Error creating bean with name 'myretail.controller.ProductControllerTest': Unsatisfied dependency expressed through field 'adminOperations'; nested exception is org.springframework.beans.factory.NoSuchBeanDefinitionException: No qualifying bean of type 'org.springframework.data.cassandra.core.CassandraAdminOperations' available: expected at least 1 bean which qualifies as autowire candidate. Dependency annotations: {@org.springframework.beans.factory.annotation.Autowired(required=true)}
	at org.springframework.beans.factory.annotation.AutowiredAnnotationBeanPostProcessor$AutowiredFieldElement.inject(AutowiredAnnotationBeanPostProcessor.java:587)
	at org.springframework.beans.factory.annotation.InjectionMetadata.inject(InjectionMetadata.java:91)
	at org.springframework.beans.factory.annotation.AutowiredAnnotationBeanPostProcessor.postProcessPropertyValues(AutowiredAnnotationBeanPostProcessor.java:373)
	at org.springframework.beans.factory.support.AbstractAutowireCapableBeanFactory.populateBean(AbstractAutowireCapableBeanFactory.java:1344)
	at org.springframework.beans.factory.support.AbstractAutowireCapableBeanFactory.autowireBeanProperties(AbstractAutowireCapableBeanFactory.java:399)
	at org.springframework.test.context.support.DependencyInjectionTestExecutionListener.injectDependencies(DependencyInjectionTestExecutionListener.java:118)
	at org.springframework.test.context.support.DependencyInjectionTestExecutionListener.prepareTestInstance(DependencyInjectionTestExecutionListener.java:83)
	at org.springframework.boot.test.autoconfigure.SpringBootDependencyInjectionTestExecutionListener.prepareTestInstance(SpringBootDependencyInjectionTestExecutionListener.java:44)
	at org.springframework.test.context.TestContextManager.prepareTestInstance(TestContextManager.java:246)
	at org.springframework.test.context.junit4.SpringJUnit4ClassRunner.createTest(SpringJUnit4ClassRunner.java:227)
	at org.springframework.test.context.junit4.SpringJUnit4ClassRunner$1.runReflectiveCall(SpringJUnit4ClassRunner.java:289)
	at org.junit.internal.runners.model.ReflectiveCallable.run(ReflectiveCallable.java:12)
	at org.springframework.test.context.junit4.SpringJUnit4ClassRunner.methodBlock(SpringJUnit4ClassRunner.java:291)
	at org.springframework.test.context.junit4.SpringJUnit4ClassRunner.runChild(SpringJUnit4ClassRunner.java:246)
	at org.springframework.test.context.junit4.SpringJUnit4ClassRunner.runChild(SpringJUnit4ClassRunner.java:97)
	at org.junit.runners.ParentRunner$3.run(ParentRunner.java:290)
	at org.junit.runners.ParentRunner$1.schedule(ParentRunner.java:71)
	at org.junit.runners.ParentRunner.runChildren(ParentRunner.java:288)
	at org.junit.runners.ParentRunner.access$000(ParentRunner.java:58)
	at org.junit.runners.ParentRunner$2.evaluate(ParentRunner.java:268)
	at org.junit.internal.runners.statements.RunBefores.evaluate(RunBefores.java:26)
	at org.springframework.test.context.junit4.statements.RunBeforeTestClassCallbacks.evaluate(RunBeforeTestClassCallbacks.java:61)
	at org.junit.internal.runners.statements.RunAfters.evaluate(RunAfters.java:27)
	at org.springframework.test.context.junit4.statements.RunAfterTestClassCallbacks.evaluate(RunAfterTestClassCallbacks.java:70)
	at org.junit.runners.ParentRunner.run(ParentRunner.java:363)
	at org.springframework.test.context.junit4.SpringJUnit4ClassRunner.run(SpringJUnit4ClassRunner.java:190)
	at org.gradle.api.internal.tasks.testing.junit.JUnitTestClassExecuter.runTestClass(JUnitTestClassExecuter.java:114)
	at org.gradle.api.internal.tasks.testing.junit.JUnitTestClassExecuter.execute(JUnitTestClassExecuter.java:57)
	at org.gradle.api.internal.tasks.testing.junit.JUnitTestClassProcessor.processTestClass(JUnitTestClassProcessor.java:66)
	at org.gradle.api.internal.tasks.testing.SuiteTestClassProcessor.processTestClass(SuiteTestClassProcessor.java:51)
	at sun.reflect.NativeMethodAccessorImpl.invoke0(Native Method)
	at sun.reflect.NativeMethodAccessorImpl.invoke(NativeMethodAccessorImpl.java:62)
	at sun.reflect.DelegatingMethodAccessorImpl.invoke(DelegatingMethodAccessorImpl.java:43)
	at java.lang.reflect.Method.invoke(Method.java:498)
	at org.gradle.internal.dispatch.ReflectionDispatch.dispatch(ReflectionDispatch.java:35)
	at org.gradle.internal.dispatch.ReflectionDispatch.dispatch(ReflectionDispatch.java:24)
	at org.gradle.internal.dispatch.ContextClassLoaderDispatch.dispatch(ContextClassLoaderDispatch.java:32)
	at org.gradle.internal.dispatch.ProxyDispatchAdapter$DispatchingInvocationHandler.invoke(ProxyDispatchAdapter.java:93)
	at com.sun.proxy.$Proxy1.processTestClass(Unknown Source)
	at org.gradle.api.internal.tasks.testing.worker.TestWorker.processTestClass(TestWorker.java:108)
	at sun.reflect.NativeMethodAccessorImpl.invoke0(Native Method)
	at sun.reflect.NativeMethodAccessorImpl.invoke(NativeMethodAccessorImpl.java:62)
	at sun.reflect.DelegatingMethodAccessorImpl.invoke(DelegatingMethodAccessorImpl.java:43)
	at java.lang.reflect.Method.invoke(Method.java:498)
	at org.gradle.internal.dispatch.ReflectionDispatch.dispatch(ReflectionDispatch.java:35)
	at org.gradle.internal.dispatch.ReflectionDispatch.dispatch(ReflectionDispatch.java:24)
	at org.gradle.internal.remote.internal.hub.MessageHubBackedObjectConnection$DispatchWrapper.dispatch(MessageHubBackedObjectConnection.java:146)
	at org.gradle.internal.remote.internal.hub.MessageHubBackedObjectConnection$DispatchWrapper.dispatch(MessageHubBackedObjectConnection.java:128)
	at org.gradle.internal.remote.internal.hub.MessageHub$Handler.run(MessageHub.java:404)
	at org.gradle.internal.concurrent.ExecutorPolicy$CatchAndRecordFailures.onExecute(ExecutorPolicy.java:63)
	at org.gradle.internal.concurrent.ManagedExecutorImpl$1.run(ManagedExecutorImpl.java:46)
	at java.util.concurrent.ThreadPoolExecutor.runWorker(ThreadPoolExecutor.java:1149)
	at java.util.concurrent.ThreadPoolExecutor$Worker.run(ThreadPoolExecutor.java:624)
	at org.gradle.internal.concurrent.ThreadFactoryImpl$ManagedThreadRunnable.run(ThreadFactoryImpl.java:55)
	at java.lang.Thread.run(Thread.java:748)
Caused by: org.springframework.beans.factory.NoSuchBeanDefinitionException: No qualifying bean of type 'org.springframework.data.cassandra.core.CassandraAdminOperations' available: expected at least 1 bean which qualifies as autowire candidate. Dependency annotations: {@org.springframework.beans.factory.annotation.Autowired(required=true)}
	at org.springframework.beans.factory.support.DefaultListableBeanFactory.raiseNoMatchingBeanFound(DefaultListableBeanFactory.java:1509)
	at org.springframework.beans.factory.support.DefaultListableBeanFactory.doResolveDependency(DefaultListableBeanFactory.java:1104)
	at org.springframework.beans.factory.support.DefaultListableBeanFactory.resolveDependency(DefaultListableBeanFactory.java:1065)
	at org.springframework.beans.factory.annotation.AutowiredAnnotationBeanPostProcessor$AutowiredFieldElement.inject(AutowiredAnnotationBeanPostProcessor.java:584)
	... 54 more
</failure>
  </testcase>
  <system-out><![CDATA[01:01:42.729 [Test worker] DEBUG org.springframework.test.context.junit4.SpringJUnit4ClassRunner - SpringJUnit4ClassRunner constructor called with [class myretail.controller.ProductControllerTest]
01:01:42.737 [Test worker] DEBUG org.springframework.test.context.BootstrapUtils - Instantiating CacheAwareContextLoaderDelegate from class [org.springframework.test.context.cache.DefaultCacheAwareContextLoaderDelegate]
01:01:42.745 [Test worker] DEBUG org.springframework.test.context.BootstrapUtils - Instantiating BootstrapContext using constructor [public org.springframework.test.context.support.DefaultBootstrapContext(java.lang.Class,org.springframework.test.context.CacheAwareContextLoaderDelegate)]
01:01:42.769 [Test worker] DEBUG org.springframework.test.context.BootstrapUtils - Instantiating TestContextBootstrapper for test class [myretail.controller.ProductControllerTest] from class [org.springframework.boot.test.context.SpringBootTestContextBootstrapper]
01:01:42.781 [Test worker] INFO org.springframework.boot.test.context.SpringBootTestContextBootstrapper - Neither @ContextConfiguration nor @ContextHierarchy found for test class [myretail.controller.ProductControllerTest], using SpringBootContextLoader
01:01:42.787 [Test worker] DEBUG org.springframework.test.context.support.AbstractContextLoader - Did not detect default resource location for test class [myretail.controller.ProductControllerTest]: class path resource [myretail/controller/ProductControllerTest-context.xml] does not exist
01:01:42.788 [Test worker] DEBUG org.springframework.test.context.support.AbstractContextLoader - Did not detect default resource location for test class [myretail.controller.ProductControllerTest]: class path resource [myretail/controller/ProductControllerTestContext.groovy] does not exist
01:01:42.788 [Test worker] INFO org.springframework.test.context.support.AbstractContextLoader - Could not detect default resource locations for test class [myretail.controller.ProductControllerTest]: no resource found for suffixes {-context.xml, Context.groovy}.
01:01:42.789 [Test worker] INFO org.springframework.test.context.support.AnnotationConfigContextLoaderUtils - Could not detect default configuration classes for test class [myretail.controller.ProductControllerTest]: ProductControllerTest does not declare any static, non-private, non-final, nested classes annotated with @Configuration.
01:01:42.863 [Test worker] DEBUG org.springframework.core.env.StandardEnvironment - Adding PropertySource 'systemProperties' with lowest search precedence
01:01:42.864 [Test worker] DEBUG org.springframework.core.env.StandardEnvironment - Adding PropertySource 'systemEnvironment' with lowest search precedence
01:01:42.865 [Test worker] DEBUG org.springframework.core.env.StandardEnvironment - Initialized StandardEnvironment with PropertySources [MapPropertySource@1145907595 {name='systemProperties', properties={java.runtime.name=Java(TM) SE Runtime Environment, sun.boot.library.path=/Library/Java/JavaVirtualMachines/jdk1.8.0_161.jdk/Contents/Home/jre/lib, java.vm.version=25.161-b12, gopherProxySet=false, java.vm.vendor=Oracle Corporation, java.vendor.url=http://java.oracle.com/, path.separator=:, java.vm.name=Java HotSpot(TM) 64-Bit Server VM, file.encoding.pkg=sun.io, sun.java.launcher=SUN_STANDARD, user.country=US, sun.os.patch.level=unknown, java.vm.specification.name=Java Virtual Machine Specification, user.dir=/Users/ntj8189/Documents/workspace/MyRetail, java.runtime.version=1.8.0_161-b12, java.awt.graphicsenv=sun.awt.CGraphicsEnvironment, java.endorsed.dirs=/Library/Java/JavaVirtualMachines/jdk1.8.0_161.jdk/Contents/Home/jre/lib/endorsed, os.arch=x86_64, java.io.tmpdir=/var/folders/kj/mb0sytdn1zxgldzrbwt53ml80000gn/T/, line.separator=
, java.vm.specification.vendor=Oracle Corporation, user.variant=, os.name=Mac OS X, sun.jnu.encoding=UTF-8, java.library.path=/Users/ntj8189/Library/Java/Extensions:/Library/Java/Extensions:/Network/Library/Java/Extensions:/System/Library/Java/Extensions:/usr/lib/java:., java.specification.name=Java Platform API Specification, java.class.version=52.0, org.gradle.native=false, sun.management.compiler=HotSpot 64-Bit Tiered Compilers, os.version=10.13.4, user.home=/Users/ntj8189, user.timezone=America/New_York, java.awt.printerjob=sun.lwawt.macosx.CPrinterJob, file.encoding=UTF-8, java.specification.version=1.8, java.class.path=/Users/ntj8189/Documents/workspace/MyRetail/build/classes/java/test:/Users/ntj8189/Documents/workspace/MyRetail/build/resources/test:/Users/ntj8189/Documents/workspace/MyRetail/build/classes/java/main:/Users/ntj8189/Documents/workspace/MyRetail/build/resources/main:/Users/ntj8189/.gradle/caches/modules-2/files-2.1/org.springframework.boot/spring-boot-starter-web/2.0.1.RELEASE/88751ed76791d12425ce5a80476baf1749a44cf4/spring-boot-starter-web-2.0.1.RELEASE.jar:/Users/ntj8189/.gradle/caches/modules-2/files-2.1/org.springframework.boot/spring-boot-configuration-processor/2.0.1.RELEASE/69b5a81d8209464a3189328e5942398002cbc173/spring-boot-configuration-processor-2.0.1.RELEASE.jar:/Users/ntj8189/.gradle/caches/modules-2/files-2.1/io.springfox/springfox-swagger2/2.8.0/27fbca30912258ce0e31cd56361f732f6c27d5ff/springfox-swagger2-2.8.0.jar:/Users/ntj8189/.gradle/caches/modules-2/files-2.1/io.springfox/springfox-swagger-ui/2.8.0/2b895560df9cd70a2e93119188981b004b4e2ad5/springfox-swagger-ui-2.8.0.jar:/Users/ntj8189/.gradle/caches/modules-2/files-2.1/org.cassandraunit/cassandra-unit-shaded/3.3.0.2/43bff856bafb08d75f2d13f17dff53b57af4b74e/cassandra-unit-shaded-3.3.0.2.jar:/Users/ntj8189/.gradle/caches/modules-2/files-2.1/org.hectorclient/hector-core/2.0-0/e16369b86de734ba6500992c682f6bc71565ba7/hector-core-2.0-0.jar:/Users/ntj8189/.gradle/caches/modules-2/files-2.1/org.apache.cassandra/cassandra-thrift/2.0.4/aaa4237df8fab86e2b235ae1f5e9a1a4f6074421/cassandra-thrift-2.0.4.jar:/Users/ntj8189/.gradle/caches/modules-2/files-2.1/org.apache.commons/commons-lang3/3.7/557edd918fd41f9260963583ebf5a61a43a6b423/commons-lang3-3.7.jar:/Users/ntj8189/.gradle/caches/modules-2/files-2.1/org.springframework.boot/spring-boot-starter-data-cassandra/2.0.1.RELEASE/d98a81524eec7c64bbd2659013f6d6965daf7dbe/spring-boot-starter-data-cassandra-2.0.1.RELEASE.jar:/Users/ntj8189/.gradle/caches/modules-2/files-2.1/org.springframework.cloud/spring-cloud-contract-wiremock/1.2.4.RELEASE/c187c7e74565cc84b431f129cbcf91a2f689aaf8/spring-cloud-contract-wiremock-1.2.4.RELEASE.jar:/Users/ntj8189/.gradle/caches/modules-2/files-2.1/org.powermock/powermock-module-junit4/1.7.3/f25cd17a4d7acba1a591beaecd99fad844875cc6/powermock-module-junit4-1.7.3.jar:/Users/ntj8189/.gradle/caches/modules-2/files-2.1/org.springframework.boot/spring-boot-starter-test/2.0.1.RELEASE/d6204ede44fa7e1df01d25509837bfa4b767fa28/spring-boot-starter-test-2.0.1.RELEASE.jar:/Users/ntj8189/.gradle/caches/modules-2/files-2.1/org.powermock/powermock-module-junit4-common/1.7.3/7287dd56b2b907a15aa2b6a0f1ddb2dd52cf388f/powermock-module-junit4-common-1.7.3.jar:/Users/ntj8189/.gradle/caches/modules-2/files-2.1/com.googlecode.json-simple/json-simple/1.1.1/c9ad4a0850ab676c5c64461a05ca524cdfff59f1/json-simple-1.1.1.jar:/Users/ntj8189/.gradle/caches/modules-2/files-2.1/com.thinkaurelius.thrift/thrift-server/0.3.7/e8182774da1b1dde3704f450837c79997b5d7025/thrift-server-0.3.7.jar:/Users/ntj8189/.gradle/caches/modules-2/files-2.1/junit/junit/4.12/2973d150c0dc1fefe998f834810d68f278ea58ec/junit-4.12.jar:/Users/ntj8189/.gradle/caches/modules-2/files-2.1/org.powermock/powermock-core/1.7.3/73cd1fff8c9685be1ff2f369b561546e7549e003/powermock-core-1.7.3.jar:/Users/ntj8189/.gradle/caches/modules-2/files-2.1/org.mockito/mockito-core/2.18.0/d3e839acfc4b862bbcfe9165c316f1567db24cb6/mockito-core-2.18.0.jar:/Users/ntj8189/.gradle/caches/modules-2/files-2.1/org.cassandraunit/cassandra-unit-spring/3.3.0.2/9739d1888371d3dd85ee2a97bdf611c080fcaea2/cassandra-unit-spring-3.3.0.2.jar:/Users/ntj8189/.gradle/caches/modules-2/files-2.1/org.springframework.boot/spring-boot-starter-json/2.0.1.RELEASE/f2e1aeeb1ac02bfa1b4f7254633484af1866fc65/spring-boot-starter-json-2.0.1.RELEASE.jar:/Users/ntj8189/.gradle/caches/modules-2/files-2.1/org.springframework.boot/spring-boot-starter/2.0.1.RELEASE/33abc1286b0aabea4f08ff4285d09e587835a716/spring-boot-starter-2.0.1.RELEASE.jar:/Users/ntj8189/.gradle/caches/modules-2/files-2.1/org.springframework.boot/spring-boot-starter-tomcat/2.0.1.RELEASE/4b46f4aaff6c8a5a1c8184996d5e9e8a9354db8d/spring-boot-starter-tomcat-2.0.1.RELEASE.jar:/Users/ntj8189/.gradle/caches/modules-2/files-2.1/org.hibernate.validator/hibernate-validator/6.0.9.Final/b149e4cce82379f11f6129eb3187ca8ae5404005/hibernate-validator-6.0.9.Final.jar:/Users/ntj8189/.gradle/caches/modules-2/files-2.1/org.springframework/spring-webmvc/5.0.5.RELEASE/a7fd53c7ad06b0fa7dd4ff347de1b2dc508739e/spring-webmvc-5.0.5.RELEASE.jar:/Users/ntj8189/.gradle/caches/modules-2/files-2.1/org.springframework/spring-web/5.0.5.RELEASE/d51dbb5cabe72ae02e400577bac48f7fc94088de/spring-web-5.0.5.RELEASE.jar:/Users/ntj8189/.gradle/caches/modules-2/files-2.1/io.springfox/springfox-swagger-common/2.8.0/e0fc6a0096eb8d40fac7cc8206ddbb2fe73051d2/springfox-swagger-common-2.8.0.jar:/Users/ntj8189/.gradle/caches/modules-2/files-2.1/io.swagger/swagger-models/1.5.14/581d784b65e82cee5bf3e91d193d3f9c0c702453/swagger-models-1.5.14.jar:/Users/ntj8189/.gradle/caches/modules-2/files-2.1/io.swagger/swagger-annotations/1.5.14/989c19cd0a90768885532318ca5fd7ea16290cc8/swagger-annotations-1.5.14.jar:/Users/ntj8189/.gradle/caches/modules-2/files-2.1/io.springfox/springfox-schema/2.8.0/70ed8275e2277bffe269c8dbd688f54464bf1222/springfox-schema-2.8.0.jar:/Users/ntj8189/.gradle/caches/modules-2/files-2.1/io.springfox/springfox-spring-web/2.8.0/cb2ce464b07919158dde1ad40f72cca9c364559b/springfox-spring-web-2.8.0.jar:/Users/ntj8189/.gradle/caches/modules-2/files-2.1/io.springfox/springfox-spi/2.8.0/efe49b45357dd9f6c27799a5f7f5ba1ce6bdc05f/springfox-spi-2.8.0.jar:/Users/ntj8189/.gradle/caches/modules-2/files-2.1/org.springframework.data/spring-data-cassandra/2.0.6.RELEASE/ec0f25fe0157a1bbc014549514eb88fcdb9f2f54/spring-data-cassandra-2.0.6.RELEASE.jar:/Users/ntj8189/.gradle/caches/modules-2/files-2.1/org.caffinitas.ohc/ohc-core/0.4.4/437cd3ae562daf1d2d47b126ba5ba520c8f156bb/ohc-core-0.4.4.jar:/Users/ntj8189/.gradle/caches/modules-2/files-2.1/io.springfox/springfox-core/2.8.0/5f0fbaa34cc01dfca7089000c4943629d7e1c9dc/springfox-core-2.8.0.jar:/Users/ntj8189/.gradle/caches/modules-2/files-2.1/org.reflections/reflections/0.9.11/23bba0ff497ec61fbca967d9b641c7681a71edb3/reflections-0.9.11.jar:/Users/ntj8189/.gradle/caches/modules-2/files-2.1/com.google.guava/guava/20.0/89507701249388e1ed5ddcf8c41f4ce1be7831ef/guava-20.0.jar:/Users/ntj8189/.gradle/caches/modules-2/files-2.1/com.fasterxml/classmate/1.3.4/3d5f48f10bbe4eb7bd862f10c0583be2e0053c6/classmate-1.3.4.jar:/Users/ntj8189/.gradle/caches/modules-2/files-2.1/org.springframework.plugin/spring-plugin-metadata/1.2.0.RELEASE/97223fc496b6cab31602eedbd4202aa4fff0d44f/spring-plugin-metadata-1.2.0.RELEASE.jar:/Users/ntj8189/.gradle/caches/modules-2/files-2.1/org.springframework.plugin/spring-plugin-core/1.2.0.RELEASE/f380e7760032e7d929184f8ad8a33716b75c0657/spring-plugin-core-1.2.0.RELEASE.jar:/Users/ntj8189/.gradle/caches/modules-2/files-2.1/com.ecyrd.speed4j/speed4j/0.9/69f55ac5c3d4731a4d54af3c12ec51be7060c2a9/speed4j-0.9.jar:/Users/ntj8189/.gradle/caches/modules-2/files-2.1/com.yammer.metrics/metrics-core/2.2.0/f82c035cfa786d3cbec362c38c22a5f5b1bc8724/metrics-core-2.2.0.jar:/Users/ntj8189/.gradle/caches/modules-2/files-2.1/com.jayway.jsonpath/json-path/2.4.0/765a4401ceb2dc8d40553c2075eb80a8fa35c2ae/json-path-2.4.0.jar:/Users/ntj8189/.gradle/caches/modules-2/files-2.1/org.slf4j/jcl-over-slf4j/1.7.25/f8c32b13ff142a513eeb5b6330b1588dcb2c0461/jcl-over-slf4j-1.7.25.jar:/Users/ntj8189/.gradle/caches/modules-2/files-2.1/io.dropwizard.metrics/metrics-jvm/3.2.6/a7a475393fe47dfee2042415430da3f01d4fe94e/metrics-jvm-3.2.6.jar:/Users/ntj8189/.gradle/caches/modules-2/files-2.1/com.datastax.cassandra/cassandra-driver-core/3.4.0/14cca584732ead9e9274716963032bfff570f787/cassandra-driver-core-3.4.0.jar:/Users/ntj8189/.gradle/caches/modules-2/files-2.1/io.dropwizard.metrics/metrics-core/3.2.6/62fe170cffeded1cef60e9e3402a93b45ce14327/metrics-core-3.2.6.jar:/Users/ntj8189/.gradle/caches/modules-2/files-2.1/org.springframework.boot/spring-boot-starter-logging/2.0.1.RELEASE/10681a28c95e9f9c0159327a1ed0c860517c7ad7/spring-boot-starter-logging-2.0.1.RELEASE.jar:/Users/ntj8189/.gradle/caches/modules-2/files-2.1/ch.qos.logback/logback-classic/1.2.3/7c4f3c474fb2c041d8028740440937705ebb473a/logback-classic-1.2.3.jar:/Users/ntj8189/.gradle/caches/modules-2/files-2.1/org.springframework.data/spring-data-commons/2.0.6.RELEASE/4d65fdcbe258961e866f4f85c87c13193bbfd18c/spring-data-commons-2.0.6.RELEASE.jar:/Users/ntj8189/.gradle/caches/modules-2/files-2.1/org.apache.logging.log4j/log4j-to-slf4j/2.10.0/f7e631ccf49cfc0aefa4a2a728da7d374c05bd3c/log4j-to-slf4j-2.10.0.jar:/Users/ntj8189/.gradle/caches/modules-2/files-2.1/org.slf4j/jul-to-slf4j/1.7.25/af5364cd6679bfffb114f0dec8a157aaa283b76/jul-to-slf4j-1.7.25.jar:/Users/ntj8189/.gradle/caches/modules-2/files-2.1/org.apache.thrift/libthrift/0.9.2/9b067e2e2c5291e9f0d8b3561b1654286e6d81ee/libthrift-0.9.2.jar:/Users/ntj8189/.gradle/caches/modules-2/files-2.1/org.slf4j/slf4j-api/1.7.25/da76ca59f6a57ee3102f8f9bd9cee742973efa8a/slf4j-api-1.7.25.jar:/Users/ntj8189/.gradle/caches/modules-2/files-2.1/org.mapstruct/mapstruct/1.2.0.Final/8609d6eb044e9f6c73cb24c8f2f4ed5c72a249c7/mapstruct-1.2.0.Final.jar:/Users/ntj8189/.gradle/caches/modules-2/files-2.1/org.springframework/spring-tx/5.0.5.RELEASE/b772fbba533da282adc89f33e2619ee8a8bba601/spring-tx-5.0.5.RELEASE.jar:/Users/ntj8189/.gradle/caches/modules-2/files-2.1/commons-lang/commons-lang/2.4/16313e02a793435009f1e458fa4af5d879f6fb11/commons-lang-2.4.jar:/Users/ntj8189/.gradle/caches/modules-2/files-2.1/commons-pool/commons-pool/1.6/4572d589699f09d866a226a14b7f4323c6d8f040/commons-pool-1.6.jar:/Users/ntj8189/.gradle/caches/modules-2/files-2.1/com.github.stephenc.eaio-uuid/uuid/3.2.0/925720c5d40c4ebf8601e06025e1402251ef71d2/uuid-3.2.0.jar:/Users/ntj8189/.gradle/caches/modules-2/files-2.1/com.github.tomakehurst/wiremock-standalone/2.15.0/b400cbe16c30d100acb29e15070a836704ccf5f7/wiremock-standalone-2.15.0.jar:/Users/ntj8189/.gradle/caches/modules-2/files-2.1/org.apache.httpcomponents/httpclient/4.5.5/1603dfd56ebcd583ccdf337b6c3984ac55d89e58/httpclient-4.5.5.jar:/Users/ntj8189/.gradle/caches/modules-2/files-2.1/org.assertj/assertj-core/3.9.1/c5ce126b15f28d56cd8f960c1a6a058b9c9aea87/assertj-core-3.9.1.jar:/Users/ntj8189/.gradle/caches/modules-2/files-2.1/org.hamcrest/hamcrest-library/1.3/4785a3c21320980282f9f33d0d1264a69040538f/hamcrest-library-1.3.jar:/Users/ntj8189/.gradle/caches/modules-2/files-2.1/org.hamcrest/hamcrest-core/1.3/42a25dc3219429f0e5d060061f71acb49bf010a0/hamcrest-core-1.3.jar:/Users/ntj8189/.gradle/caches/modules-2/files-2.1/net.bytebuddy/byte-buddy/1.7.11/f02857a4e2c66ccbe7aaad6100a0a6c461bce9b3/byte-buddy-1.7.11.jar:/Users/ntj8189/.gradle/caches/modules-2/files-2.1/net.bytebuddy/byte-buddy-agent/1.7.11/b425a8933ca07edd03c6dbc8bc3b595fba9780de/byte-buddy-agent-1.7.11.jar:/Users/ntj8189/.gradle/caches/modules-2/files-2.1/org.powermock/powermock-reflect/1.7.3/f3d3c696a9977094c796dc8ffd174f828f3410e8/powermock-reflect-1.7.3.jar:/Users/ntj8189/.gradle/caches/modules-2/files-2.1/org.objenesis/objenesis/2.6/639033469776fd37c08358c6b92a4761feb2af4b/objenesis-2.6.jar:/Users/ntj8189/.gradle/caches/modules-2/files-2.1/org.springframework.boot/spring-boot-test-autoconfigure/2.0.1.RELEASE/c7a68c07f2a04323a67740f91d20818ec2e783b3/spring-boot-test-autoconfigure-2.0.1.RELEASE.jar:/Users/ntj8189/.gradle/caches/modules-2/files-2.1/org.springframework.boot/spring-boot-test/2.0.1.RELEASE/77cede07b0e9da6c87d0dabcfe3e53ac56747d73/spring-boot-test-2.0.1.RELEASE.jar:/Users/ntj8189/.gradle/caches/modules-2/files-2.1/org.skyscreamer/jsonassert/1.5.0/6c9d5fe2f59da598d9aefc1cfc6528ff3cf32df3/jsonassert-1.5.0.jar:/Users/ntj8189/.gradle/caches/modules-2/files-2.1/org.springframework/spring-test/5.0.5.RELEASE/f7e3b83447e54056a91de1294ae6888343648dff/spring-test-5.0.5.RELEASE.jar:/Users/ntj8189/.gradle/caches/modules-2/files-2.1/org.springframework.boot/spring-boot-autoconfigure/2.0.1.RELEASE/b0bf9d34ed70c6987a86cd58a009065e5fa02545/spring-boot-autoconfigure-2.0.1.RELEASE.jar:/Users/ntj8189/.gradle/caches/modules-2/files-2.1/org.springframework.boot/spring-boot/2.0.1.RELEASE/b8c5b14cbb0e52fdded8f98a8c1493cc74c7cf59/spring-boot-2.0.1.RELEASE.jar:/Users/ntj8189/.gradle/caches/modules-2/files-2.1/org.springframework/spring-context/5.0.5.RELEASE/9cca4bf5acb693249a01c218f471c677b951d6e2/spring-context-5.0.5.RELEASE.jar:/Users/ntj8189/.gradle/caches/modules-2/files-2.1/org.springframework/spring-aop/5.0.5.RELEASE/b11b61b94d7fb752a1c9bf3461d655c3084fae47/spring-aop-5.0.5.RELEASE.jar:/Users/ntj8189/.gradle/caches/modules-2/files-2.1/org.springframework/spring-beans/5.0.5.RELEASE/984445863c0bbdaaf860615762d998b471a6bf92/spring-beans-5.0.5.RELEASE.jar:/Users/ntj8189/.gradle/caches/modules-2/files-2.1/org.springframework/spring-expression/5.0.5.RELEASE/fc6c7a95aeb7d00f4c65c338b08d97767eb0dd99/spring-expression-5.0.5.RELEASE.jar:/Users/ntj8189/.gradle/caches/modules-2/files-2.1/org.springframework/spring-core/5.0.5.RELEASE/1bd9feb1d9dac6accd27f5244b6c47cfcb55045c/spring-core-5.0.5.RELEASE.jar:/Users/ntj8189/.gradle/caches/modules-2/files-2.1/org.xmlunit/xmlunit-core/2.5.1/4ffdb346572a7356f7521cd3119ce5287d2e339d/xmlunit-core-2.5.1.jar:/Users/ntj8189/.gradle/caches/modules-2/files-2.1/org.xerial.snappy/snappy-java/1.1.1.7/33b6965e9364145972035c30a45a996aad2bf789/snappy-java-1.1.1.7.jar:/Users/ntj8189/.gradle/caches/modules-2/files-2.1/net.jpountz.lz4/lz4/1.3.0/c708bb2590c0652a642236ef45d9f99ff842a2ce/lz4-1.3.0.jar:/Users/ntj8189/.gradle/caches/modules-2/files-2.1/com.ning/compress-lzf/0.8.4/994da6bddb79a40c368d3040f2aa06b94faf6b1f/compress-lzf-0.8.4.jar:/Users/ntj8189/.gradle/caches/modules-2/files-2.1/commons-cli/commons-cli/1.1/11c98b99ad538f2f67633afd4d7f4d98ecfbb408/commons-cli-1.1.jar:/Users/ntj8189/.gradle/caches/modules-2/files-2.1/commons-codec/commons-codec/1.11/3acb4705652e16236558f0f4f2192cc33c3bd189/commons-codec-1.11.jar:/Users/ntj8189/.gradle/caches/modules-2/files-2.1/org.apache.commons/commons-math3/3.2/ec2544ab27e110d2d431bdad7d538ed509b21e62/commons-math3-3.2.jar:/Users/ntj8189/.gradle/caches/modules-2/files-2.1/com.googlecode.concurrentlinkedhashmap/concurrentlinkedhashmap-lru/1.4/d4b42ed76a166a81dbac613339eed3343be6bd2d/concurrentlinkedhashmap-lru-1.4.jar:/Users/ntj8189/.gradle/caches/modules-2/files-2.1/com.boundary/high-scale-lib/1.0.6/7b44147cb2729e1724d2d46d7b932c56b65087f0/high-scale-lib-1.0.6.jar:/Users/ntj8189/.gradle/caches/modules-2/files-2.1/org.yaml/snakeyaml/1.19/2d998d3d674b172a588e54ab619854d073f555b5/snakeyaml-1.19.jar:/Users/ntj8189/.gradle/caches/modules-2/files-2.1/org.mindrot/jbcrypt/0.3m/fe2d9c5f23767d681a7e38fc8986b812400ec583/jbcrypt-0.3m.jar:/Users/ntj8189/.gradle/caches/modules-2/files-2.1/com.lmax/disruptor/3.0.1/d68c363b12827c644bd60469827b862cad7dc0a2/disruptor-3.0.1.jar:/Users/ntj8189/.gradle/caches/modules-2/files-2.1/com.clearspring.analytics/stream/2.5.2/8ec983689f4cc5463d012f415129b0c9fe296b7a/stream-2.5.2.jar:/Users/ntj8189/.gradle/caches/modules-2/files-2.1/it.unimi.dsi/fastutil/6.5.7/dec71174d0c8a20f355e5af8b59f25eb424c49d3/fastutil-6.5.7.jar:/Users/ntj8189/.gradle/caches/modules-2/files-2.1/ch.qos.logback/logback-core/1.2.3/864344400c3d4d92dfeb0a305dc87d953677c03c/logback-core-1.2.3.jar:/Users/ntj8189/.gradle/caches/modules-2/files-2.1/com.carrotsearch/hppc/0.5.4/21b0c8e70f4285dd10eaeb517cacb16d5bb2dd63/hppc-0.5.4.jar:/Users/ntj8189/.gradle/caches/modules-2/files-2.1/de.jflex/jflex/1.6.0/9d3b308283617fe047b437839e45dc4fe48a4f2a/jflex-1.6.0.jar:/Users/ntj8189/.gradle/caches/modules-2/files-2.1/org.apache.ant/ant/1.7.0/9746af1a485e50cf18dcb232489032a847067066/ant-1.7.0.jar:/Users/ntj8189/.gradle/caches/modules-2/files-2.1/org.apache.ant/ant-launcher/1.7.0/e7e30789211e074aa70ef3eaea59bd5b22a7fa7a/ant-launcher-1.7.0.jar:/Users/ntj8189/.gradle/caches/modules-2/files-2.1/com.github.rholder/snowball-stemmer/1.3.0.581.1/35a89d519949c33c6f28e8f37b3df7893b776ca4/snowball-stemmer-1.3.0.581.1.jar:/Users/ntj8189/.gradle/caches/modules-2/files-2.1/com.googlecode.concurrent-trees/concurrent-trees/2.4.0/2e505b78f9216abebbbdf1c3254bf9f4c565ae43/concurrent-trees-2.4.0.jar:/Users/ntj8189/.gradle/caches/modules-2/files-2.1/com.github.jbellis/jamm/0.3.0/a08af6071e57d4eb5d13db780c7810f73b549f1a/jamm-0.3.0.jar:/Users/ntj8189/.gradle/caches/modules-2/files-2.1/joda-time/joda-time/2.9.9/f7b520c458572890807d143670c9b24f4de90897/joda-time-2.9.9.jar:/Users/ntj8189/.gradle/caches/modules-2/files-2.1/org.fusesource/sigar/1.6.4/e91a355d337a0b1991f54181627d63c9973624c3/sigar-1.6.4.jar:/Users/ntj8189/.gradle/caches/modules-2/files-2.1/org.eclipse.jdt.core.compiler/ecj/4.4.2/71d67f5bab9465ec844596ef844f40902ae25392/ecj-4.4.2.jar:/Users/ntj8189/.gradle/caches/modules-2/files-2.1/com.github.ben-manes.caffeine/caffeine/2.6.2/c8fd8817f9d2b2ced82f8968e0dd943aab557de0/caffeine-2.6.2.jar:/Users/ntj8189/.gradle/caches/modules-2/files-2.1/org.jctools/jctools-core/1.2.1/ed2af5a88cdfc52df8dcb00f0c03a42d70605930/jctools-core-1.2.1.jar:/Users/ntj8189/.gradle/caches/modules-2/files-2.1/commons-logging/commons-logging/1.2/4bfc12adfe4842bf07b657f0369c4cb522955686/commons-logging-1.2.jar:/Users/ntj8189/.gradle/caches/modules-2/files-2.1/org.apache.httpcomponents/httpcore/4.4.9/a86ce739e5a7175b4b234c290a00a5fdb80957a0/httpcore-4.4.9.jar:/Users/ntj8189/.gradle/caches/modules-2/files-2.1/net.java.dev.jna/jna/4.5.1/65bd0cacc9c79a21c6ed8e9f588577cd3c2f85b9/jna-4.5.1.jar:/Users/ntj8189/.gradle/caches/modules-2/files-2.1/javax.annotation/javax.annotation-api/1.3.2/934c04d3cfef185a8008e7bf34331b79730a9d43/javax.annotation-api-1.3.2.jar:/Users/ntj8189/.gradle/caches/modules-2/files-2.1/com.fasterxml.jackson.datatype/jackson-datatype-jdk8/2.9.5/23e37f085279ba316c0df923513b81609e1d1f6/jackson-datatype-jdk8-2.9.5.jar:/Users/ntj8189/.gradle/caches/modules-2/files-2.1/com.fasterxml.jackson.datatype/jackson-datatype-jsr310/2.9.5/d1f0d11e816bc04e222a261106ca138801841c2d/jackson-datatype-jsr310-2.9.5.jar:/Users/ntj8189/.gradle/caches/modules-2/files-2.1/com.fasterxml.jackson.module/jackson-module-parameter-names/2.9.5/f824c60751ffb7bfc3a0d30dfe0e42317d8e67f5/jackson-module-parameter-names-2.9.5.jar:/Users/ntj8189/.gradle/caches/modules-2/files-2.1/com.fasterxml.jackson.core/jackson-databind/2.9.5/3490508379d065fe3fcb80042b62f630f7588606/jackson-databind-2.9.5.jar:/Users/ntj8189/.gradle/caches/modules-2/files-2.1/org.apache.tomcat.embed/tomcat-embed-websocket/8.5.29/37786f4ca8a1597a91a0f437e659a76d1fcc5bf1/tomcat-embed-websocket-8.5.29.jar:/Users/ntj8189/.gradle/caches/modules-2/files-2.1/org.apache.tomcat.embed/tomcat-embed-core/8.5.29/51eac5adde4bc019261b787cb99e5548206908e6/tomcat-embed-core-8.5.29.jar:/Users/ntj8189/.gradle/caches/modules-2/files-2.1/org.apache.tomcat.embed/tomcat-embed-el/8.5.29/893fb2c87ec1aa248a7911d76c0c06b3fca6bc9b/tomcat-embed-el-8.5.29.jar:/Users/ntj8189/.gradle/caches/modules-2/files-2.1/javax.validation/validation-api/2.0.1.Final/cb855558e6271b1b32e716d24cb85c7f583ce09e/validation-api-2.0.1.Final.jar:/Users/ntj8189/.gradle/caches/modules-2/files-2.1/org.jboss.logging/jboss-logging/3.3.2.Final/3789d00e859632e6c6206adc0c71625559e6e3b0/jboss-logging-3.3.2.Final.jar:/Users/ntj8189/.gradle/caches/modules-2/files-2.1/com.fasterxml.jackson.core/jackson-annotations/2.9.0/7c10d545325e3a6e72e06381afe469fd40eb701/jackson-annotations-2.9.0.jar:/Users/ntj8189/.gradle/caches/modules-2/files-2.1/net.minidev/json-smart/2.3/7396407491352ce4fa30de92efb158adb76b5b/json-smart-2.3.jar:/Users/ntj8189/.gradle/caches/modules-2/files-2.1/com.vaadin.external.google/android-json/0.0.20131108.vaadin1/fa26d351fe62a6a17f5cda1287c1c6110dec413f/android-json-0.0.20131108.vaadin1.jar:/Users/ntj8189/.gradle/caches/modules-2/files-2.1/org.springframework/spring-jcl/5.0.5.RELEASE/f4a2854b9d865e8b86717595aec16f877f8c6489/spring-jcl-5.0.5.RELEASE.jar:/Users/ntj8189/.gradle/caches/modules-2/files-2.1/com.fasterxml.jackson.core/jackson-core/2.9.5/a22ac51016944b06fd9ffbc9541c6e7ce5eea117/jackson-core-2.9.5.jar:/Users/ntj8189/.gradle/caches/modules-2/files-2.1/org.javassist/javassist/3.21.0-GA/598244f595db5c5fb713731eddbb1c91a58d959b/javassist-3.21.0-GA.jar:/Users/ntj8189/.gradle/caches/modules-2/files-2.1/io.netty/netty-handler/4.1.23.Final/a6314d244dd11db14249dc2d492e8dd3eec4cdb1/netty-handler-4.1.23.Final.jar:/Users/ntj8189/.gradle/caches/modules-2/files-2.1/com.github.jnr/jnr-posix/3.0.27/f7441d13187d93d59656ac8f800cba3043935b59/jnr-posix-3.0.27.jar:/Users/ntj8189/.gradle/caches/modules-2/files-2.1/com.github.jnr/jnr-ffi/2.0.7/f0968c5bb5a283ebda2df3604c2c1129d45196e3/jnr-ffi-2.0.7.jar:/Users/ntj8189/.gradle/caches/modules-2/files-2.1/net.minidev/accessors-smart/1.2/c592b500269bfde36096641b01238a8350f8aa31/accessors-smart-1.2.jar:/Users/ntj8189/.gradle/caches/modules-2/files-2.1/org.apache.logging.log4j/log4j-api/2.10.0/fec5797a55b786184a537abd39c3fa1449d752d6/log4j-api-2.10.0.jar:/Users/ntj8189/.gradle/caches/modules-2/files-2.1/io.netty/netty-codec/4.1.23.Final/d6599803bfefbe9a3e226702faade5df0cb678d1/netty-codec-4.1.23.Final.jar:/Users/ntj8189/.gradle/caches/modules-2/files-2.1/io.netty/netty-transport/4.1.23.Final/80dfcc723083e23058878ddbc33f5fb0ce9ec9e9/netty-transport-4.1.23.Final.jar:/Users/ntj8189/.gradle/caches/modules-2/files-2.1/io.netty/netty-buffer/4.1.23.Final/c6c0705bbd5d68aebc2d5fdd48e9dda8a8ad6d3/netty-buffer-4.1.23.Final.jar:/Users/ntj8189/.gradle/caches/modules-2/files-2.1/com.github.jnr/jffi/1.2.10/d58fdb2283456bc3f049bfbef40b592fa1aaa975/jffi-1.2.10.jar:/Users/ntj8189/.gradle/caches/modules-2/files-2.1/com.github.jnr/jffi/1.2.10/7de1bb566847c2ed71d91ca063a8af604f250ade/jffi-1.2.10-native.jar:/Users/ntj8189/.gradle/caches/modules-2/files-2.1/org.ow2.asm/asm-commons/5.0.3/a7111830132c7f87d08fe48cb0ca07630f8cb91c/asm-commons-5.0.3.jar:/Users/ntj8189/.gradle/caches/modules-2/files-2.1/org.ow2.asm/asm-analysis/5.0.3/c7126aded0e8e13fed5f913559a0dd7b770a10f3/asm-analysis-5.0.3.jar:/Users/ntj8189/.gradle/caches/modules-2/files-2.1/org.ow2.asm/asm-util/5.0.3/1512e5571325854b05fb1efce1db75fcced54389/asm-util-5.0.3.jar:/Users/ntj8189/.gradle/caches/modules-2/files-2.1/org.ow2.asm/asm-tree/5.0.3/287749b48ba7162fb67c93a026d690b29f410bed/asm-tree-5.0.3.jar:/Users/ntj8189/.gradle/caches/modules-2/files-2.1/org.ow2.asm/asm/5.0.4/da08b8cce7bbf903602a25a3a163ae252435795/asm-5.0.4.jar:/Users/ntj8189/.gradle/caches/modules-2/files-2.1/com.github.jnr/jnr-x86asm/1.0.2/6936bbd6c5b235665d87bd450f5e13b52d4b48/jnr-x86asm-1.0.2.jar:/Users/ntj8189/.gradle/caches/modules-2/files-2.1/com.github.jnr/jnr-constants/0.9.0/6894684e17a84cd500836e82b5e6c674b4d4dda6/jnr-constants-0.9.0.jar:/Users/ntj8189/.gradle/caches/modules-2/files-2.1/io.netty/netty-resolver/4.1.23.Final/19adaf9ad6833da7506cdccc7c6d16952f366fa5/netty-resolver-4.1.23.Final.jar:/Users/ntj8189/.gradle/caches/modules-2/files-2.1/io.netty/netty-common/4.1.23.Final/387b1b9d0441646a5cf84eace2b3e15dd07aca47/netty-common-4.1.23.Final.jar, user.name=ntj8189, java.vm.specification.version=1.8, sun.java.command=worker.org.gradle.process.internal.worker.GradleWorkerMain 'Gradle Test Executor 3', java.home=/Library/Java/JavaVirtualMachines/jdk1.8.0_161.jdk/Contents/Home/jre, sun.arch.data.model=64, user.language=en, java.specification.vendor=Oracle Corporation, awt.toolkit=sun.lwawt.macosx.LWCToolkit, java.vm.info=mixed mode, java.version=1.8.0_161, java.ext.dirs=/Users/ntj8189/Library/Java/Extensions:/Library/Java/JavaVirtualMachines/jdk1.8.0_161.jdk/Contents/Home/jre/lib/ext:/Library/Java/Extensions:/Network/Library/Java/Extensions:/System/Library/Java/Extensions:/usr/lib/java, property=value, sun.boot.class.path=/Library/Java/JavaVirtualMachines/jdk1.8.0_161.jdk/Contents/Home/jre/lib/resources.jar:/Library/Java/JavaVirtualMachines/jdk1.8.0_161.jdk/Contents/Home/jre/lib/rt.jar:/Library/Java/JavaVirtualMachines/jdk1.8.0_161.jdk/Contents/Home/jre/lib/sunrsasign.jar:/Library/Java/JavaVirtualMachines/jdk1.8.0_161.jdk/Contents/Home/jre/lib/jsse.jar:/Library/Java/JavaVirtualMachines/jdk1.8.0_161.jdk/Contents/Home/jre/lib/jce.jar:/Library/Java/JavaVirtualMachines/jdk1.8.0_161.jdk/Contents/Home/jre/lib/charsets.jar:/Library/Java/JavaVirtualMachines/jdk1.8.0_161.jdk/Contents/Home/jre/lib/jfr.jar:/Library/Java/JavaVirtualMachines/jdk1.8.0_161.jdk/Contents/Home/jre/classes, java.vendor=Oracle Corporation, org.gradle.test.worker=3, file.separator=/, java.vendor.url.bug=http://bugreport.sun.com/bugreport/, sun.io.unicode.encoding=UnicodeBig, sun.cpu.endian=little, sun.cpu.isalist=}}, SystemEnvironmentPropertySource@1712518422 {name='systemEnvironment', properties={PATH=/usr/local/bin:/usr/bin:/bin:/usr/sbin:/sbin, SHELL=/bin/bash, VERSIONER_PYTHON_PREFER_32_BIT=no, USER=ntj8189, JAVA_MAIN_CLASS_10639=worker.org.gradle.process.internal.worker.GradleWorkerMain, TMPDIR=/var/folders/kj/mb0sytdn1zxgldzrbwt53ml80000gn/T/, SSH_AUTH_SOCK=/private/tmp/com.apple.launchd.UHeKaGFxbS/Listeners, XPC_FLAGS=0x0, VERSIONER_PYTHON_VERSION=2.7, __CF_USER_TEXT_ENCODING=0x1F5:0x0:0x0, Apple_PubSub_Socket_Render=/private/tmp/com.apple.launchd.bVo6SwJ7wT/Render, LOGNAME=ntj8189, LC_CTYPE=en_US.UTF-8, XPC_SERVICE_NAME=com.jetbrains.intellij.7204, HOME=/Users/ntj8189}}]
01:01:42.876 [Test worker] DEBUG org.springframework.core.io.support.PathMatchingResourcePatternResolver - Resolved classpath location [myretail/controller/] to resources [URL [file:/Users/ntj8189/Documents/workspace/MyRetail/build/classes/java/test/myretail/controller/], URL [file:/Users/ntj8189/Documents/workspace/MyRetail/build/classes/java/main/myretail/controller/]]
01:01:42.876 [Test worker] DEBUG org.springframework.core.io.support.PathMatchingResourcePatternResolver - Looking for matching resources in directory tree [/Users/ntj8189/Documents/workspace/MyRetail/build/classes/java/test/myretail/controller]
01:01:42.876 [Test worker] DEBUG org.springframework.core.io.support.PathMatchingResourcePatternResolver - Searching directory [/Users/ntj8189/Documents/workspace/MyRetail/build/classes/java/test/myretail/controller] for files matching pattern [/Users/ntj8189/Documents/workspace/MyRetail/build/classes/java/test/myretail/controller/*.class]
01:01:42.880 [Test worker] DEBUG org.springframework.core.io.support.PathMatchingResourcePatternResolver - Looking for matching resources in directory tree [/Users/ntj8189/Documents/workspace/MyRetail/build/classes/java/main/myretail/controller]
01:01:42.881 [Test worker] DEBUG org.springframework.core.io.support.PathMatchingResourcePatternResolver - Searching directory [/Users/ntj8189/Documents/workspace/MyRetail/build/classes/java/main/myretail/controller] for files matching pattern [/Users/ntj8189/Documents/workspace/MyRetail/build/classes/java/main/myretail/controller/*.class]
01:01:42.882 [Test worker] DEBUG org.springframework.core.io.support.PathMatchingResourcePatternResolver - Resolved location pattern [classpath*:myretail/controller/*.class] to resources [file [/Users/ntj8189/Documents/workspace/MyRetail/build/classes/java/test/myretail/controller/ProductControllerTest.class], file [/Users/ntj8189/Documents/workspace/MyRetail/build/classes/java/main/myretail/controller/ProductController.class]]
01:01:42.928 [Test worker] DEBUG org.springframework.core.io.support.PathMatchingResourcePatternResolver - Resolved classpath location [myretail/] to resources [URL [file:/Users/ntj8189/Documents/workspace/MyRetail/build/classes/java/test/myretail/], URL [file:/Users/ntj8189/Documents/workspace/MyRetail/build/classes/java/main/myretail/]]
01:01:42.928 [Test worker] DEBUG org.springframework.core.io.support.PathMatchingResourcePatternResolver - Looking for matching resources in directory tree [/Users/ntj8189/Documents/workspace/MyRetail/build/classes/java/test/myretail]
01:01:42.928 [Test worker] DEBUG org.springframework.core.io.support.PathMatchingResourcePatternResolver - Searching directory [/Users/ntj8189/Documents/workspace/MyRetail/build/classes/java/test/myretail] for files matching pattern [/Users/ntj8189/Documents/workspace/MyRetail/build/classes/java/test/myretail/*.class]
01:01:42.929 [Test worker] DEBUG org.springframework.core.io.support.PathMatchingResourcePatternResolver - Looking for matching resources in directory tree [/Users/ntj8189/Documents/workspace/MyRetail/build/classes/java/main/myretail]
01:01:42.930 [Test worker] DEBUG org.springframework.core.io.support.PathMatchingResourcePatternResolver - Searching directory [/Users/ntj8189/Documents/workspace/MyRetail/build/classes/java/main/myretail] for files matching pattern [/Users/ntj8189/Documents/workspace/MyRetail/build/classes/java/main/myretail/*.class]
01:01:42.933 [Test worker] DEBUG org.springframework.core.io.support.PathMatchingResourcePatternResolver - Resolved location pattern [classpath*:myretail/*.class] to resources [file [/Users/ntj8189/Documents/workspace/MyRetail/build/classes/java/test/myretail/TestConfig.class], file [/Users/ntj8189/Documents/workspace/MyRetail/build/classes/java/main/myretail/MyRetailApplication.class], file [/Users/ntj8189/Documents/workspace/MyRetail/build/classes/java/main/myretail/SwaggerConfig.class]]
01:01:42.960 [Test worker] DEBUG org.springframework.context.annotation.ClassPathScanningCandidateComponentProvider - Identified candidate component class: file [/Users/ntj8189/Documents/workspace/MyRetail/build/classes/java/main/myretail/MyRetailApplication.class]
01:01:42.962 [Test worker] INFO org.springframework.boot.test.context.SpringBootTestContextBootstrapper - Found @SpringBootConfiguration myretail.MyRetailApplication for test class myretail.controller.ProductControllerTest
01:01:43.142 [Test worker] DEBUG org.springframework.boot.test.context.SpringBootTestContextBootstrapper - @TestExecutionListeners is not present for class [myretail.controller.ProductControllerTest]: using defaults.
01:01:43.142 [Test worker] INFO org.springframework.boot.test.context.SpringBootTestContextBootstrapper - Loaded default TestExecutionListener class names from location [META-INF/spring.factories]: [org.springframework.boot.test.autoconfigure.restdocs.RestDocsTestExecutionListener, org.springframework.boot.test.autoconfigure.web.client.MockRestServiceServerResetTestExecutionListener, org.springframework.boot.test.autoconfigure.web.servlet.MockMvcPrintOnlyOnFailureTestExecutionListener, org.springframework.boot.test.autoconfigure.web.servlet.WebDriverTestExecutionListener, org.springframework.boot.test.mock.mockito.MockitoTestExecutionListener, org.springframework.boot.test.mock.mockito.ResetMocksTestExecutionListener, org.springframework.test.context.web.ServletTestExecutionListener, org.springframework.test.context.support.DirtiesContextBeforeModesTestExecutionListener, org.springframework.test.context.support.DependencyInjectionTestExecutionListener, org.springframework.test.context.support.DirtiesContextTestExecutionListener, org.springframework.test.context.transaction.TransactionalTestExecutionListener, org.springframework.test.context.jdbc.SqlScriptsTestExecutionListener]
01:01:43.166 [Test worker] INFO org.springframework.boot.test.context.SpringBootTestContextBootstrapper - Using TestExecutionListeners: [org.springframework.test.context.web.ServletTestExecutionListener@1b03c0be, org.springframework.test.context.support.DirtiesContextBeforeModesTestExecutionListener@419710da, org.springframework.boot.test.mock.mockito.MockitoTestExecutionListener@5fb852e0, org.springframework.boot.test.autoconfigure.SpringBootDependencyInjectionTestExecutionListener@1f828c72, org.springframework.test.context.support.DirtiesContextTestExecutionListener@1a81b90c, org.springframework.test.context.transaction.TransactionalTestExecutionListener@63e96b46, org.springframework.test.context.jdbc.SqlScriptsTestExecutionListener@7edb1a89, org.springframework.boot.test.autoconfigure.restdocs.RestDocsTestExecutionListener@7531e83c, org.springframework.boot.test.autoconfigure.web.client.MockRestServiceServerResetTestExecutionListener@626f764f, org.springframework.boot.test.autoconfigure.web.servlet.MockMvcPrintOnlyOnFailureTestExecutionListener@4af4921f, org.springframework.boot.test.autoconfigure.web.servlet.WebDriverTestExecutionListener@6c5dc69a, org.springframework.boot.test.mock.mockito.ResetMocksTestExecutionListener@16d7a325]
01:01:43.168 [Test worker] DEBUG org.springframework.test.annotation.ProfileValueUtils - Retrieved @ProfileValueSourceConfiguration [null] for test class [myretail.controller.ProductControllerTest]
01:01:43.169 [Test worker] DEBUG org.springframework.test.annotation.ProfileValueUtils - Retrieved ProfileValueSource type [class org.springframework.test.annotation.SystemProfileValueSource] for class [myretail.controller.ProductControllerTest]
01:01:43.169 [Test worker] DEBUG org.springframework.test.annotation.ProfileValueUtils - Retrieved @ProfileValueSourceConfiguration [null] for test class [myretail.controller.ProductControllerTest]
01:01:43.169 [Test worker] DEBUG org.springframework.test.annotation.ProfileValueUtils - Retrieved ProfileValueSource type [class org.springframework.test.annotation.SystemProfileValueSource] for class [myretail.controller.ProductControllerTest]
01:01:43.173 [Test worker] DEBUG org.springframework.test.context.support.AbstractDirtiesContextTestExecutionListener - Before test class: context [DefaultTestContext@7e2004ac testClass = ProductControllerTest, testInstance = [null], testMethod = [null], testException = [null], mergedContextConfiguration = [WebMergedContextConfiguration@12c4c0c0 testClass = ProductControllerTest, locations = '{}', classes = '{class myretail.MyRetailApplication}', contextInitializerClasses = '[]', activeProfiles = '{unittest}', propertySourceLocations = '{}', propertySourceProperties = '{org.springframework.boot.test.context.SpringBootTestContextBootstrapper=true, server.port=0}', contextCustomizers = set[org.springframework.boot.test.autoconfigure.properties.PropertyMappingContextCustomizer@e7e8512, org.springframework.boot.test.autoconfigure.web.servlet.WebDriverContextCustomizerFactory$Customizer@18d70e19, [ImportsContextCustomizer@c0d7a9f key = [org.springframework.boot.test.autoconfigure.web.servlet.MockMvcAutoConfiguration, org.springframework.boot.test.autoconfigure.web.servlet.MockMvcSecurityAutoConfiguration, org.springframework.boot.test.autoconfigure.web.servlet.MockMvcWebClientAutoConfiguration, org.springframework.boot.test.autoconfigure.web.servlet.MockMvcWebDriverAutoConfiguration]], org.springframework.boot.test.context.filter.ExcludeFilterContextCustomizer@1e3132cc, org.springframework.boot.test.json.DuplicateJsonObjectContextCustomizerFactory$DuplicateJsonObjectContextCustomizer@85fd5bc, org.springframework.boot.test.mock.mockito.MockitoContextCustomizer@0, org.springframework.boot.test.web.client.TestRestTemplateContextCustomizer@6dfcb2d4], resourceBasePath = 'src/main/webapp', contextLoader = 'org.springframework.boot.test.context.SpringBootContextLoader', parent = [null]], attributes = map['org.springframework.test.context.web.ServletTestExecutionListener.activateListener' -> false]], class annotated with @DirtiesContext [false] with mode [null].
01:01:43.242 [Test worker] DEBUG org.cassandraunit.utils.EmbeddedCassandraServerHelper - Starting cassandra...
01:01:43.242 [Test worker] DEBUG org.cassandraunit.utils.EmbeddedCassandraServerHelper - Initialization needed
01:01:43.252 [Test worker] INFO org.apache.cassandra.config.YamlConfigurationLoader - Configuration location: file:/Users/ntj8189/Documents/workspace/MyRetail/target/embeddedCassandra/cu-cassandra.yaml
01:01:43.254 [Test worker] DEBUG org.apache.cassandra.config.YamlConfigurationLoader - Loading settings from file:/Users/ntj8189/Documents/workspace/MyRetail/target/embeddedCassandra/cu-cassandra.yaml
01:01:43.599 [Test worker] INFO org.apache.cassandra.config.Config - Node configuration:[allocate_tokens_for_keyspace=null; authenticator=AllowAllAuthenticator; authorizer=AllowAllAuthorizer; auto_bootstrap=true; auto_snapshot=false; back_pressure_enabled=false; back_pressure_strategy=null; batch_size_fail_threshold_in_kb=50; batch_size_warn_threshold_in_kb=5; batchlog_replay_throttle_in_kb=1024; broadcast_address=null; broadcast_rpc_address=null; buffer_pool_use_heap_if_exhausted=true; cas_contention_timeout_in_ms=1000; cdc_enabled=false; cdc_free_space_check_interval_ms=250; cdc_raw_directory=target/embeddedCassandra/cdc; cdc_total_space_in_mb=0; client_encryption_options=<REDACTED>; cluster_name=Test Cluster; column_index_cache_size_in_kb=2; column_index_size_in_kb=64; commit_failure_policy=stop; commitlog_compression=null; commitlog_directory=target/embeddedCassandra/commitlog; commitlog_max_compression_buffers_in_pool=3; commitlog_periodic_queue_size=-1; commitlog_segment_size_in_mb=32; commitlog_sync=periodic; commitlog_sync_batch_window_in_ms=NaN; commitlog_sync_period_in_ms=10000; commitlog_total_space_in_mb=null; compaction_large_partition_warning_threshold_mb=100; compaction_throughput_mb_per_sec=16; concurrent_compactors=null; concurrent_counter_writes=32; concurrent_materialized_view_writes=32; concurrent_reads=32; concurrent_replicates=null; concurrent_writes=32; counter_cache_keys_to_save=2147483647; counter_cache_save_period=7200; counter_cache_size_in_mb=null; counter_write_request_timeout_in_ms=5000; credentials_cache_max_entries=1000; credentials_update_interval_in_ms=-1; credentials_validity_in_ms=2000; cross_node_timeout=false; data_file_directories=[Ljava.lang.String;@87b7e2a; disk_access_mode=auto; disk_failure_policy=stop; disk_optimization_estimate_percentile=0.95; disk_optimization_page_cross_chance=0.1; disk_optimization_strategy=ssd; dynamic_snitch=true; dynamic_snitch_badness_threshold=0.1; dynamic_snitch_reset_interval_in_ms=600000; dynamic_snitch_update_interval_in_ms=100; enable_scripted_user_defined_functions=false; enable_user_defined_functions=false; enable_user_defined_functions_threads=true; encryption_options=org.apache.cassandra.config.EncryptionOptions$ServerEncryptionOptions@7bf386e4; endpoint_snitch=SimpleSnitch; file_cache_size_in_mb=null; gc_log_threshold_in_ms=200; gc_warn_threshold_in_ms=0; hinted_handoff_disabled_datacenters=[]; hinted_handoff_enabled=true; hinted_handoff_throttle_in_kb=1024; hints_compression=null; hints_directory=target/embeddedCassandra/hints; hints_flush_period_in_ms=10000; incremental_backups=false; index_interval=128; index_summary_capacity_in_mb=null; index_summary_resize_interval_in_minutes=60; initial_token=null; inter_dc_stream_throughput_outbound_megabits_per_sec=200; inter_dc_tcp_nodelay=true; internode_authenticator=null; internode_compression=none; internode_recv_buff_size_in_bytes=0; internode_send_buff_size_in_bytes=0; key_cache_keys_to_save=2147483647; key_cache_save_period=14400; key_cache_size_in_mb=null; listen_address=127.0.0.1; listen_interface=null; listen_interface_prefer_ipv6=false; listen_on_broadcast_address=false; max_hint_window_in_ms=10800000; max_hints_delivery_threads=2; max_hints_file_size_in_mb=128; max_mutation_size_in_kb=null; max_streaming_retries=3; max_value_size_in_mb=256; memtable_allocation_type=heap_buffers; memtable_cleanup_threshold=null; memtable_flush_writers=0; memtable_heap_space_in_mb=null; memtable_offheap_space_in_mb=null; min_free_space_per_drive_in_mb=50; native_transport_max_concurrent_connections=-1; native_transport_max_concurrent_connections_per_ip=-1; native_transport_max_frame_size_in_mb=256; native_transport_max_threads=128; native_transport_port=9142; native_transport_port_ssl=null; num_tokens=1; otc_backlog_expiration_interval_ms=200; otc_coalescing_enough_coalesced_messages=8; otc_coalescing_strategy=DISABLED; otc_coalescing_window_us=200; partitioner=org.apache.cassandra.dht.Murmur3Partitioner; permissions_cache_max_entries=1000; permissions_update_interval_in_ms=-1; permissions_validity_in_ms=2000; phi_convict_threshold=8.0; prepared_statements_cache_size_mb=null; range_request_timeout_in_ms=10000; read_request_timeout_in_ms=5000; request_scheduler=org.apache.cassandra.scheduler.NoScheduler; request_scheduler_id=null; request_scheduler_options=null; request_timeout_in_ms=10000; role_manager=null; roles_cache_max_entries=1000; roles_update_interval_in_ms=-1; roles_validity_in_ms=2000; row_cache_class_name=org.apache.cassandra.cache.OHCProvider; row_cache_keys_to_save=2147483647; row_cache_save_period=0; row_cache_size_in_mb=0; rpc_address=localhost; rpc_interface=null; rpc_interface_prefer_ipv6=false; rpc_keepalive=true; rpc_listen_backlog=50; rpc_max_threads=2147483647; rpc_min_threads=16; rpc_port=9171; rpc_recv_buff_size_in_bytes=null; rpc_send_buff_size_in_bytes=null; rpc_server_type=sync; saved_caches_directory=target/embeddedCassandra/saved_caches; seed_provider=org.apache.cassandra.locator.SimpleSeedProvider{seeds=127.0.0.1}; server_encryption_options=<REDACTED>; slow_query_log_timeout_in_ms=500; snapshot_before_compaction=false; ssl_storage_port=7011; sstable_preemptive_open_interval_in_mb=50; start_native_transport=true; start_rpc=true; storage_port=7010; stream_throughput_outbound_megabits_per_sec=200; streaming_keep_alive_period_in_secs=300; streaming_socket_timeout_in_ms=86400000; thrift_framed_transport_size_in_mb=15; thrift_max_message_length_in_mb=16; thrift_prepared_statements_cache_size_mb=null; tombstone_failure_threshold=100000; tombstone_warn_threshold=1000; tracetype_query_ttl=86400; tracetype_repair_ttl=604800; transparent_data_encryption_options=org.apache.cassandra.config.TransparentDataEncryptionOptions@be920ee; trickle_fsync=false; trickle_fsync_interval_in_kb=10240; truncate_request_timeout_in_ms=60000; unlogged_batch_across_partitions_warn_threshold=10; user_defined_function_fail_timeout=1500; user_defined_function_warn_timeout=500; user_function_timeout_policy=die; windows_timer_interval=0; write_request_timeout_in_ms=2000]
01:01:43.599 [Test worker] DEBUG org.apache.cassandra.config.DatabaseDescriptor - Syncing log with a period of 10000
01:01:43.600 [Test worker] INFO org.apache.cassandra.config.DatabaseDescriptor - DiskAccessMode 'auto' determined to be mmap, indexAccessMode is mmap
01:01:43.600 [Test worker] INFO org.apache.cassandra.config.DatabaseDescriptor - Global memtable on-heap threshold is enabled at 910MB
01:01:43.600 [Test worker] INFO org.apache.cassandra.config.DatabaseDescriptor - Global memtable off-heap threshold is enabled at 910MB
01:01:43.748 [Test worker] WARN org.apache.cassandra.config.DatabaseDescriptor - index_interval has been deprecated and should be removed from cassandra.yaml
01:01:43.748 [Test worker] WARN org.apache.cassandra.config.DatabaseDescriptor - Please rename encryption_options as server_encryption_options in the yaml
01:01:43.791 [Test worker] INFO org.apache.cassandra.net.RateBasedBackPressure - Initialized back-pressure with high ratio: 0.9, factor: 5, flow: FAST, window size: 2000.
01:01:43.791 [Test worker] INFO org.apache.cassandra.config.DatabaseDescriptor - Back-pressure is disabled with strategy null.
01:01:43.887 [Test worker] DEBUG org.apache.cassandra.config.YamlConfigurationLoader - Loading settings from file:/Users/ntj8189/Documents/workspace/MyRetail/target/embeddedCassandra/cu-cassandra.yaml
01:01:43.990 [COMMIT-LOG-ALLOCATOR] DEBUG org.apache.cassandra.db.commitlog.AbstractCommitLogSegmentManager - No segments in reserve; creating a fresh one
01:01:44.059 [COMMIT-LOG-ALLOCATOR] DEBUG org.apache.cassandra.db.commitlog.AbstractCommitLogSegmentManager - No segments in reserve; creating a fresh one
01:01:44.060 [Test worker] DEBUG org.apache.cassandra.db.commitlog.AbstractCommitLogSegmentManager - CLSM closing and clearing existing commit log segments...
01:01:44.067 [COMMIT-LOG-ALLOCATOR] DEBUG org.apache.cassandra.db.commitlog.AbstractCommitLogSegmentManager - No segments in reserve; creating a fresh one
01:01:44.068 [Test worker] INFO org.apache.cassandra.db.commitlog.CommitLog - No commitlog files found; skipping replay
01:01:45.107 [pool-2-thread-1] INFO org.apache.cassandra.service.CassandraDaemon - Hostname: C02VT45DHTD5MBP
01:01:45.107 [pool-2-thread-1] INFO org.apache.cassandra.service.CassandraDaemon - JVM vendor/version: Java HotSpot(TM) 64-Bit Server VM/1.8.0_161
01:01:45.108 [pool-2-thread-1] INFO org.apache.cassandra.service.CassandraDaemon - Heap size: 241.500MiB/3.556GiB
01:01:45.110 [pool-2-thread-1] INFO org.apache.cassandra.service.CassandraDaemon - Code Cache Non-heap memory: init = 2555904(2496K) used = 9481408(9259K) committed = 9633792(9408K) max = 251658240(245760K)
01:01:45.110 [pool-2-thread-1] INFO org.apache.cassandra.service.CassandraDaemon - Metaspace Non-heap memory: init = 0(0K) used = 32600200(31836K) committed = 33423360(32640K) max = -1(-1K)
01:01:45.110 [pool-2-thread-1] INFO org.apache.cassandra.service.CassandraDaemon - Compressed Class Space Non-heap memory: init = 0(0K) used = 4368056(4265K) committed = 4587520(4480K) max = 1073741824(1048576K)
01:01:45.110 [pool-2-thread-1] INFO org.apache.cassandra.service.CassandraDaemon - PS Eden Space Heap memory: init = 67108864(65536K) used = 100622368(98264K) committed = 134217728(131072K) max = 1409286144(1376256K)
01:01:45.110 [pool-2-thread-1] INFO org.apache.cassandra.service.CassandraDaemon - PS Survivor Space Heap memory: init = 11010048(10752K) used = 8694952(8491K) committed = 11010048(10752K) max = 11010048(10752K)
01:01:45.111 [pool-2-thread-1] INFO org.apache.cassandra.service.CassandraDaemon - PS Old Gen Heap memory: init = 179306496(175104K) used = 8235880(8042K) committed = 179306496(175104K) max = 2863661056(2796544K)
01:01:45.111 [pool-2-thread-1] INFO org.apache.cassandra.service.CassandraDaemon - Classpath: /Users/ntj8189/Documents/workspace/MyRetail/build/classes/java/test:/Users/ntj8189/Documents/workspace/MyRetail/build/resources/test:/Users/ntj8189/Documents/workspace/MyRetail/build/classes/java/main:/Users/ntj8189/Documents/workspace/MyRetail/build/resources/main:/Users/ntj8189/.gradle/caches/modules-2/files-2.1/org.springframework.boot/spring-boot-starter-web/2.0.1.RELEASE/88751ed76791d12425ce5a80476baf1749a44cf4/spring-boot-starter-web-2.0.1.RELEASE.jar:/Users/ntj8189/.gradle/caches/modules-2/files-2.1/org.springframework.boot/spring-boot-configuration-processor/2.0.1.RELEASE/69b5a81d8209464a3189328e5942398002cbc173/spring-boot-configuration-processor-2.0.1.RELEASE.jar:/Users/ntj8189/.gradle/caches/modules-2/files-2.1/io.springfox/springfox-swagger2/2.8.0/27fbca30912258ce0e31cd56361f732f6c27d5ff/springfox-swagger2-2.8.0.jar:/Users/ntj8189/.gradle/caches/modules-2/files-2.1/io.springfox/springfox-swagger-ui/2.8.0/2b895560df9cd70a2e93119188981b004b4e2ad5/springfox-swagger-ui-2.8.0.jar:/Users/ntj8189/.gradle/caches/modules-2/files-2.1/org.cassandraunit/cassandra-unit-shaded/3.3.0.2/43bff856bafb08d75f2d13f17dff53b57af4b74e/cassandra-unit-shaded-3.3.0.2.jar:/Users/ntj8189/.gradle/caches/modules-2/files-2.1/org.hectorclient/hector-core/2.0-0/e16369b86de734ba6500992c682f6bc71565ba7/hector-core-2.0-0.jar:/Users/ntj8189/.gradle/caches/modules-2/files-2.1/org.apache.cassandra/cassandra-thrift/2.0.4/aaa4237df8fab86e2b235ae1f5e9a1a4f6074421/cassandra-thrift-2.0.4.jar:/Users/ntj8189/.gradle/caches/modules-2/files-2.1/org.apache.commons/commons-lang3/3.7/557edd918fd41f9260963583ebf5a61a43a6b423/commons-lang3-3.7.jar:/Users/ntj8189/.gradle/caches/modules-2/files-2.1/org.springframework.boot/spring-boot-starter-data-cassandra/2.0.1.RELEASE/d98a81524eec7c64bbd2659013f6d6965daf7dbe/spring-boot-starter-data-cassandra-2.0.1.RELEASE.jar:/Users/ntj8189/.gradle/caches/modules-2/files-2.1/org.springframework.cloud/spring-cloud-contract-wiremock/1.2.4.RELEASE/c187c7e74565cc84b431f129cbcf91a2f689aaf8/spring-cloud-contract-wiremock-1.2.4.RELEASE.jar:/Users/ntj8189/.gradle/caches/modules-2/files-2.1/org.powermock/powermock-module-junit4/1.7.3/f25cd17a4d7acba1a591beaecd99fad844875cc6/powermock-module-junit4-1.7.3.jar:/Users/ntj8189/.gradle/caches/modules-2/files-2.1/org.springframework.boot/spring-boot-starter-test/2.0.1.RELEASE/d6204ede44fa7e1df01d25509837bfa4b767fa28/spring-boot-starter-test-2.0.1.RELEASE.jar:/Users/ntj8189/.gradle/caches/modules-2/files-2.1/org.powermock/powermock-module-junit4-common/1.7.3/7287dd56b2b907a15aa2b6a0f1ddb2dd52cf388f/powermock-module-junit4-common-1.7.3.jar:/Users/ntj8189/.gradle/caches/modules-2/files-2.1/com.googlecode.json-simple/json-simple/1.1.1/c9ad4a0850ab676c5c64461a05ca524cdfff59f1/json-simple-1.1.1.jar:/Users/ntj8189/.gradle/caches/modules-2/files-2.1/com.thinkaurelius.thrift/thrift-server/0.3.7/e8182774da1b1dde3704f450837c79997b5d7025/thrift-server-0.3.7.jar:/Users/ntj8189/.gradle/caches/modules-2/files-2.1/junit/junit/4.12/2973d150c0dc1fefe998f834810d68f278ea58ec/junit-4.12.jar:/Users/ntj8189/.gradle/caches/modules-2/files-2.1/org.powermock/powermock-core/1.7.3/73cd1fff8c9685be1ff2f369b561546e7549e003/powermock-core-1.7.3.jar:/Users/ntj8189/.gradle/caches/modules-2/files-2.1/org.mockito/mockito-core/2.18.0/d3e839acfc4b862bbcfe9165c316f1567db24cb6/mockito-core-2.18.0.jar:/Users/ntj8189/.gradle/caches/modules-2/files-2.1/org.cassandraunit/cassandra-unit-spring/3.3.0.2/9739d1888371d3dd85ee2a97bdf611c080fcaea2/cassandra-unit-spring-3.3.0.2.jar:/Users/ntj8189/.gradle/caches/modules-2/files-2.1/org.springframework.boot/spring-boot-starter-json/2.0.1.RELEASE/f2e1aeeb1ac02bfa1b4f7254633484af1866fc65/spring-boot-starter-json-2.0.1.RELEASE.jar:/Users/ntj8189/.gradle/caches/modules-2/files-2.1/org.springframework.boot/spring-boot-starter/2.0.1.RELEASE/33abc1286b0aabea4f08ff4285d09e587835a716/spring-boot-starter-2.0.1.RELEASE.jar:/Users/ntj8189/.gradle/caches/modules-2/files-2.1/org.springframework.boot/spring-boot-starter-tomcat/2.0.1.RELEASE/4b46f4aaff6c8a5a1c8184996d5e9e8a9354db8d/spring-boot-starter-tomcat-2.0.1.RELEASE.jar:/Users/ntj8189/.gradle/caches/modules-2/files-2.1/org.hibernate.validator/hibernate-validator/6.0.9.Final/b149e4cce82379f11f6129eb3187ca8ae5404005/hibernate-validator-6.0.9.Final.jar:/Users/ntj8189/.gradle/caches/modules-2/files-2.1/org.springframework/spring-webmvc/5.0.5.RELEASE/a7fd53c7ad06b0fa7dd4ff347de1b2dc508739e/spring-webmvc-5.0.5.RELEASE.jar:/Users/ntj8189/.gradle/caches/modules-2/files-2.1/org.springframework/spring-web/5.0.5.RELEASE/d51dbb5cabe72ae02e400577bac48f7fc94088de/spring-web-5.0.5.RELEASE.jar:/Users/ntj8189/.gradle/caches/modules-2/files-2.1/io.springfox/springfox-swagger-common/2.8.0/e0fc6a0096eb8d40fac7cc8206ddbb2fe73051d2/springfox-swagger-common-2.8.0.jar:/Users/ntj8189/.gradle/caches/modules-2/files-2.1/io.swagger/swagger-models/1.5.14/581d784b65e82cee5bf3e91d193d3f9c0c702453/swagger-models-1.5.14.jar:/Users/ntj8189/.gradle/caches/modules-2/files-2.1/io.swagger/swagger-annotations/1.5.14/989c19cd0a90768885532318ca5fd7ea16290cc8/swagger-annotations-1.5.14.jar:/Users/ntj8189/.gradle/caches/modules-2/files-2.1/io.springfox/springfox-schema/2.8.0/70ed8275e2277bffe269c8dbd688f54464bf1222/springfox-schema-2.8.0.jar:/Users/ntj8189/.gradle/caches/modules-2/files-2.1/io.springfox/springfox-spring-web/2.8.0/cb2ce464b07919158dde1ad40f72cca9c364559b/springfox-spring-web-2.8.0.jar:/Users/ntj8189/.gradle/caches/modules-2/files-2.1/io.springfox/springfox-spi/2.8.0/efe49b45357dd9f6c27799a5f7f5ba1ce6bdc05f/springfox-spi-2.8.0.jar:/Users/ntj8189/.gradle/caches/modules-2/files-2.1/org.springframework.data/spring-data-cassandra/2.0.6.RELEASE/ec0f25fe0157a1bbc014549514eb88fcdb9f2f54/spring-data-cassandra-2.0.6.RELEASE.jar:/Users/ntj8189/.gradle/caches/modules-2/files-2.1/org.caffinitas.ohc/ohc-core/0.4.4/437cd3ae562daf1d2d47b126ba5ba520c8f156bb/ohc-core-0.4.4.jar:/Users/ntj8189/.gradle/caches/modules-2/files-2.1/io.springfox/springfox-core/2.8.0/5f0fbaa34cc01dfca7089000c4943629d7e1c9dc/springfox-core-2.8.0.jar:/Users/ntj8189/.gradle/caches/modules-2/files-2.1/org.reflections/reflections/0.9.11/23bba0ff497ec61fbca967d9b641c7681a71edb3/reflections-0.9.11.jar:/Users/ntj8189/.gradle/caches/modules-2/files-2.1/com.google.guava/guava/20.0/89507701249388e1ed5ddcf8c41f4ce1be7831ef/guava-20.0.jar:/Users/ntj8189/.gradle/caches/modules-2/files-2.1/com.fasterxml/classmate/1.3.4/3d5f48f10bbe4eb7bd862f10c0583be2e0053c6/classmate-1.3.4.jar:/Users/ntj8189/.gradle/caches/modules-2/files-2.1/org.springframework.plugin/spring-plugin-metadata/1.2.0.RELEASE/97223fc496b6cab31602eedbd4202aa4fff0d44f/spring-plugin-metadata-1.2.0.RELEASE.jar:/Users/ntj8189/.gradle/caches/modules-2/files-2.1/org.springframework.plugin/spring-plugin-core/1.2.0.RELEASE/f380e7760032e7d929184f8ad8a33716b75c0657/spring-plugin-core-1.2.0.RELEASE.jar:/Users/ntj8189/.gradle/caches/modules-2/files-2.1/com.ecyrd.speed4j/speed4j/0.9/69f55ac5c3d4731a4d54af3c12ec51be7060c2a9/speed4j-0.9.jar:/Users/ntj8189/.gradle/caches/modules-2/files-2.1/com.yammer.metrics/metrics-core/2.2.0/f82c035cfa786d3cbec362c38c22a5f5b1bc8724/metrics-core-2.2.0.jar:/Users/ntj8189/.gradle/caches/modules-2/files-2.1/com.jayway.jsonpath/json-path/2.4.0/765a4401ceb2dc8d40553c2075eb80a8fa35c2ae/json-path-2.4.0.jar:/Users/ntj8189/.gradle/caches/modules-2/files-2.1/org.slf4j/jcl-over-slf4j/1.7.25/f8c32b13ff142a513eeb5b6330b1588dcb2c0461/jcl-over-slf4j-1.7.25.jar:/Users/ntj8189/.gradle/caches/modules-2/files-2.1/io.dropwizard.metrics/metrics-jvm/3.2.6/a7a475393fe47dfee2042415430da3f01d4fe94e/metrics-jvm-3.2.6.jar:/Users/ntj8189/.gradle/caches/modules-2/files-2.1/com.datastax.cassandra/cassandra-driver-core/3.4.0/14cca584732ead9e9274716963032bfff570f787/cassandra-driver-core-3.4.0.jar:/Users/ntj8189/.gradle/caches/modules-2/files-2.1/io.dropwizard.metrics/metrics-core/3.2.6/62fe170cffeded1cef60e9e3402a93b45ce14327/metrics-core-3.2.6.jar:/Users/ntj8189/.gradle/caches/modules-2/files-2.1/org.springframework.boot/spring-boot-starter-logging/2.0.1.RELEASE/10681a28c95e9f9c0159327a1ed0c860517c7ad7/spring-boot-starter-logging-2.0.1.RELEASE.jar:/Users/ntj8189/.gradle/caches/modules-2/files-2.1/ch.qos.logback/logback-classic/1.2.3/7c4f3c474fb2c041d8028740440937705ebb473a/logback-classic-1.2.3.jar:/Users/ntj8189/.gradle/caches/modules-2/files-2.1/org.springframework.data/spring-data-commons/2.0.6.RELEASE/4d65fdcbe258961e866f4f85c87c13193bbfd18c/spring-data-commons-2.0.6.RELEASE.jar:/Users/ntj8189/.gradle/caches/modules-2/files-2.1/org.apache.logging.log4j/log4j-to-slf4j/2.10.0/f7e631ccf49cfc0aefa4a2a728da7d374c05bd3c/log4j-to-slf4j-2.10.0.jar:/Users/ntj8189/.gradle/caches/modules-2/files-2.1/org.slf4j/jul-to-slf4j/1.7.25/af5364cd6679bfffb114f0dec8a157aaa283b76/jul-to-slf4j-1.7.25.jar:/Users/ntj8189/.gradle/caches/modules-2/files-2.1/org.apache.thrift/libthrift/0.9.2/9b067e2e2c5291e9f0d8b3561b1654286e6d81ee/libthrift-0.9.2.jar:/Users/ntj8189/.gradle/caches/modules-2/files-2.1/org.slf4j/slf4j-api/1.7.25/da76ca59f6a57ee3102f8f9bd9cee742973efa8a/slf4j-api-1.7.25.jar:/Users/ntj8189/.gradle/caches/modules-2/files-2.1/org.mapstruct/mapstruct/1.2.0.Final/8609d6eb044e9f6c73cb24c8f2f4ed5c72a249c7/mapstruct-1.2.0.Final.jar:/Users/ntj8189/.gradle/caches/modules-2/files-2.1/org.springframework/spring-tx/5.0.5.RELEASE/b772fbba533da282adc89f33e2619ee8a8bba601/spring-tx-5.0.5.RELEASE.jar:/Users/ntj8189/.gradle/caches/modules-2/files-2.1/commons-lang/commons-lang/2.4/16313e02a793435009f1e458fa4af5d879f6fb11/commons-lang-2.4.jar:/Users/ntj8189/.gradle/caches/modules-2/files-2.1/commons-pool/commons-pool/1.6/4572d589699f09d866a226a14b7f4323c6d8f040/commons-pool-1.6.jar:/Users/ntj8189/.gradle/caches/modules-2/files-2.1/com.github.stephenc.eaio-uuid/uuid/3.2.0/925720c5d40c4ebf8601e06025e1402251ef71d2/uuid-3.2.0.jar:/Users/ntj8189/.gradle/caches/modules-2/files-2.1/com.github.tomakehurst/wiremock-standalone/2.15.0/b400cbe16c30d100acb29e15070a836704ccf5f7/wiremock-standalone-2.15.0.jar:/Users/ntj8189/.gradle/caches/modules-2/files-2.1/org.apache.httpcomponents/httpclient/4.5.5/1603dfd56ebcd583ccdf337b6c3984ac55d89e58/httpclient-4.5.5.jar:/Users/ntj8189/.gradle/caches/modules-2/files-2.1/org.assertj/assertj-core/3.9.1/c5ce126b15f28d56cd8f960c1a6a058b9c9aea87/assertj-core-3.9.1.jar:/Users/ntj8189/.gradle/caches/modules-2/files-2.1/org.hamcrest/hamcrest-library/1.3/4785a3c21320980282f9f33d0d1264a69040538f/hamcrest-library-1.3.jar:/Users/ntj8189/.gradle/caches/modules-2/files-2.1/org.hamcrest/hamcrest-core/1.3/42a25dc3219429f0e5d060061f71acb49bf010a0/hamcrest-core-1.3.jar:/Users/ntj8189/.gradle/caches/modules-2/files-2.1/net.bytebuddy/byte-buddy/1.7.11/f02857a4e2c66ccbe7aaad6100a0a6c461bce9b3/byte-buddy-1.7.11.jar:/Users/ntj8189/.gradle/caches/modules-2/files-2.1/net.bytebuddy/byte-buddy-agent/1.7.11/b425a8933ca07edd03c6dbc8bc3b595fba9780de/byte-buddy-agent-1.7.11.jar:/Users/ntj8189/.gradle/caches/modules-2/files-2.1/org.powermock/powermock-reflect/1.7.3/f3d3c696a9977094c796dc8ffd174f828f3410e8/powermock-reflect-1.7.3.jar:/Users/ntj8189/.gradle/caches/modules-2/files-2.1/org.objenesis/objenesis/2.6/639033469776fd37c08358c6b92a4761feb2af4b/objenesis-2.6.jar:/Users/ntj8189/.gradle/caches/modules-2/files-2.1/org.springframework.boot/spring-boot-test-autoconfigure/2.0.1.RELEASE/c7a68c07f2a04323a67740f91d20818ec2e783b3/spring-boot-test-autoconfigure-2.0.1.RELEASE.jar:/Users/ntj8189/.gradle/caches/modules-2/files-2.1/org.springframework.boot/spring-boot-test/2.0.1.RELEASE/77cede07b0e9da6c87d0dabcfe3e53ac56747d73/spring-boot-test-2.0.1.RELEASE.jar:/Users/ntj8189/.gradle/caches/modules-2/files-2.1/org.skyscreamer/jsonassert/1.5.0/6c9d5fe2f59da598d9aefc1cfc6528ff3cf32df3/jsonassert-1.5.0.jar:/Users/ntj8189/.gradle/caches/modules-2/files-2.1/org.springframework/spring-test/5.0.5.RELEASE/f7e3b83447e54056a91de1294ae6888343648dff/spring-test-5.0.5.RELEASE.jar:/Users/ntj8189/.gradle/caches/modules-2/files-2.1/org.springframework.boot/spring-boot-autoconfigure/2.0.1.RELEASE/b0bf9d34ed70c6987a86cd58a009065e5fa02545/spring-boot-autoconfigure-2.0.1.RELEASE.jar:/Users/ntj8189/.gradle/caches/modules-2/files-2.1/org.springframework.boot/spring-boot/2.0.1.RELEASE/b8c5b14cbb0e52fdded8f98a8c1493cc74c7cf59/spring-boot-2.0.1.RELEASE.jar:/Users/ntj8189/.gradle/caches/modules-2/files-2.1/org.springframework/spring-context/5.0.5.RELEASE/9cca4bf5acb693249a01c218f471c677b951d6e2/spring-context-5.0.5.RELEASE.jar:/Users/ntj8189/.gradle/caches/modules-2/files-2.1/org.springframework/spring-aop/5.0.5.RELEASE/b11b61b94d7fb752a1c9bf3461d655c3084fae47/spring-aop-5.0.5.RELEASE.jar:/Users/ntj8189/.gradle/caches/modules-2/files-2.1/org.springframework/spring-beans/5.0.5.RELEASE/984445863c0bbdaaf860615762d998b471a6bf92/spring-beans-5.0.5.RELEASE.jar:/Users/ntj8189/.gradle/caches/modules-2/files-2.1/org.springframework/spring-expression/5.0.5.RELEASE/fc6c7a95aeb7d00f4c65c338b08d97767eb0dd99/spring-expression-5.0.5.RELEASE.jar:/Users/ntj8189/.gradle/caches/modules-2/files-2.1/org.springframework/spring-core/5.0.5.RELEASE/1bd9feb1d9dac6accd27f5244b6c47cfcb55045c/spring-core-5.0.5.RELEASE.jar:/Users/ntj8189/.gradle/caches/modules-2/files-2.1/org.xmlunit/xmlunit-core/2.5.1/4ffdb346572a7356f7521cd3119ce5287d2e339d/xmlunit-core-2.5.1.jar:/Users/ntj8189/.gradle/caches/modules-2/files-2.1/org.xerial.snappy/snappy-java/1.1.1.7/33b6965e9364145972035c30a45a996aad2bf789/snappy-java-1.1.1.7.jar:/Users/ntj8189/.gradle/caches/modules-2/files-2.1/net.jpountz.lz4/lz4/1.3.0/c708bb2590c0652a642236ef45d9f99ff842a2ce/lz4-1.3.0.jar:/Users/ntj8189/.gradle/caches/modules-2/files-2.1/com.ning/compress-lzf/0.8.4/994da6bddb79a40c368d3040f2aa06b94faf6b1f/compress-lzf-0.8.4.jar:/Users/ntj8189/.gradle/caches/modules-2/files-2.1/commons-cli/commons-cli/1.1/11c98b99ad538f2f67633afd4d7f4d98ecfbb408/commons-cli-1.1.jar:/Users/ntj8189/.gradle/caches/modules-2/files-2.1/commons-codec/commons-codec/1.11/3acb4705652e16236558f0f4f2192cc33c3bd189/commons-codec-1.11.jar:/Users/ntj8189/.gradle/caches/modules-2/files-2.1/org.apache.commons/commons-math3/3.2/ec2544ab27e110d2d431bdad7d538ed509b21e62/commons-math3-3.2.jar:/Users/ntj8189/.gradle/caches/modules-2/files-2.1/com.googlecode.concurrentlinkedhashmap/concurrentlinkedhashmap-lru/1.4/d4b42ed76a166a81dbac613339eed3343be6bd2d/concurrentlinkedhashmap-lru-1.4.jar:/Users/ntj8189/.gradle/caches/modules-2/files-2.1/com.boundary/high-scale-lib/1.0.6/7b44147cb2729e1724d2d46d7b932c56b65087f0/high-scale-lib-1.0.6.jar:/Users/ntj8189/.gradle/caches/modules-2/files-2.1/org.yaml/snakeyaml/1.19/2d998d3d674b172a588e54ab619854d073f555b5/snakeyaml-1.19.jar:/Users/ntj8189/.gradle/caches/modules-2/files-2.1/org.mindrot/jbcrypt/0.3m/fe2d9c5f23767d681a7e38fc8986b812400ec583/jbcrypt-0.3m.jar:/Users/ntj8189/.gradle/caches/modules-2/files-2.1/com.lmax/disruptor/3.0.1/d68c363b12827c644bd60469827b862cad7dc0a2/disruptor-3.0.1.jar:/Users/ntj8189/.gradle/caches/modules-2/files-2.1/com.clearspring.analytics/stream/2.5.2/8ec983689f4cc5463d012f415129b0c9fe296b7a/stream-2.5.2.jar:/Users/ntj8189/.gradle/caches/modules-2/files-2.1/it.unimi.dsi/fastutil/6.5.7/dec71174d0c8a20f355e5af8b59f25eb424c49d3/fastutil-6.5.7.jar:/Users/ntj8189/.gradle/caches/modules-2/files-2.1/ch.qos.logback/logback-core/1.2.3/864344400c3d4d92dfeb0a305dc87d953677c03c/logback-core-1.2.3.jar:/Users/ntj8189/.gradle/caches/modules-2/files-2.1/com.carrotsearch/hppc/0.5.4/21b0c8e70f4285dd10eaeb517cacb16d5bb2dd63/hppc-0.5.4.jar:/Users/ntj8189/.gradle/caches/modules-2/files-2.1/de.jflex/jflex/1.6.0/9d3b308283617fe047b437839e45dc4fe48a4f2a/jflex-1.6.0.jar:/Users/ntj8189/.gradle/caches/modules-2/files-2.1/org.apache.ant/ant/1.7.0/9746af1a485e50cf18dcb232489032a847067066/ant-1.7.0.jar:/Users/ntj8189/.gradle/caches/modules-2/files-2.1/org.apache.ant/ant-launcher/1.7.0/e7e30789211e074aa70ef3eaea59bd5b22a7fa7a/ant-launcher-1.7.0.jar:/Users/ntj8189/.gradle/caches/modules-2/files-2.1/com.github.rholder/snowball-stemmer/1.3.0.581.1/35a89d519949c33c6f28e8f37b3df7893b776ca4/snowball-stemmer-1.3.0.581.1.jar:/Users/ntj8189/.gradle/caches/modules-2/files-2.1/com.googlecode.concurrent-trees/concurrent-trees/2.4.0/2e505b78f9216abebbbdf1c3254bf9f4c565ae43/concurrent-trees-2.4.0.jar:/Users/ntj8189/.gradle/caches/modules-2/files-2.1/com.github.jbellis/jamm/0.3.0/a08af6071e57d4eb5d13db780c7810f73b549f1a/jamm-0.3.0.jar:/Users/ntj8189/.gradle/caches/modules-2/files-2.1/joda-time/joda-time/2.9.9/f7b520c458572890807d143670c9b24f4de90897/joda-time-2.9.9.jar:/Users/ntj8189/.gradle/caches/modules-2/files-2.1/org.fusesource/sigar/1.6.4/e91a355d337a0b1991f54181627d63c9973624c3/sigar-1.6.4.jar:/Users/ntj8189/.gradle/caches/modules-2/files-2.1/org.eclipse.jdt.core.compiler/ecj/4.4.2/71d67f5bab9465ec844596ef844f40902ae25392/ecj-4.4.2.jar:/Users/ntj8189/.gradle/caches/modules-2/files-2.1/com.github.ben-manes.caffeine/caffeine/2.6.2/c8fd8817f9d2b2ced82f8968e0dd943aab557de0/caffeine-2.6.2.jar:/Users/ntj8189/.gradle/caches/modules-2/files-2.1/org.jctools/jctools-core/1.2.1/ed2af5a88cdfc52df8dcb00f0c03a42d70605930/jctools-core-1.2.1.jar:/Users/ntj8189/.gradle/caches/modules-2/files-2.1/commons-logging/commons-logging/1.2/4bfc12adfe4842bf07b657f0369c4cb522955686/commons-logging-1.2.jar:/Users/ntj8189/.gradle/caches/modules-2/files-2.1/org.apache.httpcomponents/httpcore/4.4.9/a86ce739e5a7175b4b234c290a00a5fdb80957a0/httpcore-4.4.9.jar:/Users/ntj8189/.gradle/caches/modules-2/files-2.1/net.java.dev.jna/jna/4.5.1/65bd0cacc9c79a21c6ed8e9f588577cd3c2f85b9/jna-4.5.1.jar:/Users/ntj8189/.gradle/caches/modules-2/files-2.1/javax.annotation/javax.annotation-api/1.3.2/934c04d3cfef185a8008e7bf34331b79730a9d43/javax.annotation-api-1.3.2.jar:/Users/ntj8189/.gradle/caches/modules-2/files-2.1/com.fasterxml.jackson.datatype/jackson-datatype-jdk8/2.9.5/23e37f085279ba316c0df923513b81609e1d1f6/jackson-datatype-jdk8-2.9.5.jar:/Users/ntj8189/.gradle/caches/modules-2/files-2.1/com.fasterxml.jackson.datatype/jackson-datatype-jsr310/2.9.5/d1f0d11e816bc04e222a261106ca138801841c2d/jackson-datatype-jsr310-2.9.5.jar:/Users/ntj8189/.gradle/caches/modules-2/files-2.1/com.fasterxml.jackson.module/jackson-module-parameter-names/2.9.5/f824c60751ffb7bfc3a0d30dfe0e42317d8e67f5/jackson-module-parameter-names-2.9.5.jar:/Users/ntj8189/.gradle/caches/modules-2/files-2.1/com.fasterxml.jackson.core/jackson-databind/2.9.5/3490508379d065fe3fcb80042b62f630f7588606/jackson-databind-2.9.5.jar:/Users/ntj8189/.gradle/caches/modules-2/files-2.1/org.apache.tomcat.embed/tomcat-embed-websocket/8.5.29/37786f4ca8a1597a91a0f437e659a76d1fcc5bf1/tomcat-embed-websocket-8.5.29.jar:/Users/ntj8189/.gradle/caches/modules-2/files-2.1/org.apache.tomcat.embed/tomcat-embed-core/8.5.29/51eac5adde4bc019261b787cb99e5548206908e6/tomcat-embed-core-8.5.29.jar:/Users/ntj8189/.gradle/caches/modules-2/files-2.1/org.apache.tomcat.embed/tomcat-embed-el/8.5.29/893fb2c87ec1aa248a7911d76c0c06b3fca6bc9b/tomcat-embed-el-8.5.29.jar:/Users/ntj8189/.gradle/caches/modules-2/files-2.1/javax.validation/validation-api/2.0.1.Final/cb855558e6271b1b32e716d24cb85c7f583ce09e/validation-api-2.0.1.Final.jar:/Users/ntj8189/.gradle/caches/modules-2/files-2.1/org.jboss.logging/jboss-logging/3.3.2.Final/3789d00e859632e6c6206adc0c71625559e6e3b0/jboss-logging-3.3.2.Final.jar:/Users/ntj8189/.gradle/caches/modules-2/files-2.1/com.fasterxml.jackson.core/jackson-annotations/2.9.0/7c10d545325e3a6e72e06381afe469fd40eb701/jackson-annotations-2.9.0.jar:/Users/ntj8189/.gradle/caches/modules-2/files-2.1/net.minidev/json-smart/2.3/7396407491352ce4fa30de92efb158adb76b5b/json-smart-2.3.jar:/Users/ntj8189/.gradle/caches/modules-2/files-2.1/com.vaadin.external.google/android-json/0.0.20131108.vaadin1/fa26d351fe62a6a17f5cda1287c1c6110dec413f/android-json-0.0.20131108.vaadin1.jar:/Users/ntj8189/.gradle/caches/modules-2/files-2.1/org.springframework/spring-jcl/5.0.5.RELEASE/f4a2854b9d865e8b86717595aec16f877f8c6489/spring-jcl-5.0.5.RELEASE.jar:/Users/ntj8189/.gradle/caches/modules-2/files-2.1/com.fasterxml.jackson.core/jackson-core/2.9.5/a22ac51016944b06fd9ffbc9541c6e7ce5eea117/jackson-core-2.9.5.jar:/Users/ntj8189/.gradle/caches/modules-2/files-2.1/org.javassist/javassist/3.21.0-GA/598244f595db5c5fb713731eddbb1c91a58d959b/javassist-3.21.0-GA.jar:/Users/ntj8189/.gradle/caches/modules-2/files-2.1/io.netty/netty-handler/4.1.23.Final/a6314d244dd11db14249dc2d492e8dd3eec4cdb1/netty-handler-4.1.23.Final.jar:/Users/ntj8189/.gradle/caches/modules-2/files-2.1/com.github.jnr/jnr-posix/3.0.27/f7441d13187d93d59656ac8f800cba3043935b59/jnr-posix-3.0.27.jar:/Users/ntj8189/.gradle/caches/modules-2/files-2.1/com.github.jnr/jnr-ffi/2.0.7/f0968c5bb5a283ebda2df3604c2c1129d45196e3/jnr-ffi-2.0.7.jar:/Users/ntj8189/.gradle/caches/modules-2/files-2.1/net.minidev/accessors-smart/1.2/c592b500269bfde36096641b01238a8350f8aa31/accessors-smart-1.2.jar:/Users/ntj8189/.gradle/caches/modules-2/files-2.1/org.apache.logging.log4j/log4j-api/2.10.0/fec5797a55b786184a537abd39c3fa1449d752d6/log4j-api-2.10.0.jar:/Users/ntj8189/.gradle/caches/modules-2/files-2.1/io.netty/netty-codec/4.1.23.Final/d6599803bfefbe9a3e226702faade5df0cb678d1/netty-codec-4.1.23.Final.jar:/Users/ntj8189/.gradle/caches/modules-2/files-2.1/io.netty/netty-transport/4.1.23.Final/80dfcc723083e23058878ddbc33f5fb0ce9ec9e9/netty-transport-4.1.23.Final.jar:/Users/ntj8189/.gradle/caches/modules-2/files-2.1/io.netty/netty-buffer/4.1.23.Final/c6c0705bbd5d68aebc2d5fdd48e9dda8a8ad6d3/netty-buffer-4.1.23.Final.jar:/Users/ntj8189/.gradle/caches/modules-2/files-2.1/com.github.jnr/jffi/1.2.10/d58fdb2283456bc3f049bfbef40b592fa1aaa975/jffi-1.2.10.jar:/Users/ntj8189/.gradle/caches/modules-2/files-2.1/com.github.jnr/jffi/1.2.10/7de1bb566847c2ed71d91ca063a8af604f250ade/jffi-1.2.10-native.jar:/Users/ntj8189/.gradle/caches/modules-2/files-2.1/org.ow2.asm/asm-commons/5.0.3/a7111830132c7f87d08fe48cb0ca07630f8cb91c/asm-commons-5.0.3.jar:/Users/ntj8189/.gradle/caches/modules-2/files-2.1/org.ow2.asm/asm-analysis/5.0.3/c7126aded0e8e13fed5f913559a0dd7b770a10f3/asm-analysis-5.0.3.jar:/Users/ntj8189/.gradle/caches/modules-2/files-2.1/org.ow2.asm/asm-util/5.0.3/1512e5571325854b05fb1efce1db75fcced54389/asm-util-5.0.3.jar:/Users/ntj8189/.gradle/caches/modules-2/files-2.1/org.ow2.asm/asm-tree/5.0.3/287749b48ba7162fb67c93a026d690b29f410bed/asm-tree-5.0.3.jar:/Users/ntj8189/.gradle/caches/modules-2/files-2.1/org.ow2.asm/asm/5.0.4/da08b8cce7bbf903602a25a3a163ae252435795/asm-5.0.4.jar:/Users/ntj8189/.gradle/caches/modules-2/files-2.1/com.github.jnr/jnr-x86asm/1.0.2/6936bbd6c5b235665d87bd450f5e13b52d4b48/jnr-x86asm-1.0.2.jar:/Users/ntj8189/.gradle/caches/modules-2/files-2.1/com.github.jnr/jnr-constants/0.9.0/6894684e17a84cd500836e82b5e6c674b4d4dda6/jnr-constants-0.9.0.jar:/Users/ntj8189/.gradle/caches/modules-2/files-2.1/io.netty/netty-resolver/4.1.23.Final/19adaf9ad6833da7506cdccc7c6d16952f366fa5/netty-resolver-4.1.23.Final.jar:/Users/ntj8189/.gradle/caches/modules-2/files-2.1/io.netty/netty-common/4.1.23.Final/387b1b9d0441646a5cf84eace2b3e15dd07aca47/netty-common-4.1.23.Final.jar
01:01:45.112 [pool-2-thread-1] INFO org.apache.cassandra.service.CassandraDaemon - JVM Arguments: [-Djava.security.manager=worker.org.gradle.process.internal.worker.child.BootstrapSecurityManager, -Dorg.gradle.native=false, -Dproperty=value, -Dfile.encoding=UTF-8, -Duser.country=US, -Duser.language=en, -Duser.variant, -ea]
01:01:45.112 [pool-2-thread-1] WARN org.apache.cassandra.service.StartupChecks - jemalloc shared library could not be preloaded to speed up memory allocations
01:01:45.113 [pool-2-thread-1] WARN org.apache.cassandra.service.StartupChecks - JMX is not enabled to receive remote connections. Please see cassandra-env.sh for more info.
01:01:45.113 [pool-2-thread-1] ERROR org.apache.cassandra.service.StartupChecks - cassandra.jmx.local.port missing from cassandra-env.sh, unable to start local JMX service.
01:01:45.116 [pool-2-thread-1] INFO org.apache.cassandra.utils.SigarLibrary - Initializing SIGAR library
01:01:45.147 [pool-2-thread-1] INFO org.apache.cassandra.utils.SigarLibrary - Could not initialize SIGAR library org.hyperic.sigar.Sigar.getFileSystemListNative()[Lorg/hyperic/sigar/FileSystem; 
01:01:45.147 [pool-2-thread-1] INFO org.apache.cassandra.utils.SigarLibrary - Sigar could not be initialized, test for checking degraded mode omitted.
01:01:45.198 [pool-2-thread-1] DEBUG org.apache.cassandra.service.StartupChecks - Checking directory target/embeddedCassandra/data
01:01:45.206 [pool-2-thread-1] DEBUG org.apache.cassandra.service.StartupChecks - Checking directory target/embeddedCassandra/commitlog
01:01:45.206 [pool-2-thread-1] DEBUG org.apache.cassandra.service.StartupChecks - Checking directory target/embeddedCassandra/saved_caches
01:01:45.206 [pool-2-thread-1] DEBUG org.apache.cassandra.service.StartupChecks - Checking directory /Users/ntj8189/Documents/workspace/MyRetail/target/embeddedCassandra/hints
01:01:45.331 [pool-2-thread-1] INFO org.apache.cassandra.cql3.QueryProcessor - Initialized prepared statement caches with 14 MB (native) and 14 MB (Thrift)
01:01:45.976 [pool-2-thread-1] DEBUG org.cassandraunit.shaded.io.netty.util.internal.logging.InternalLoggerFactory - Using SLF4J as the default logging framework
01:01:45.982 [pool-2-thread-1] DEBUG org.cassandraunit.shaded.io.netty.util.Recycler - -Dio.netty.recycler.maxCapacity.default: 32768
01:01:45.983 [pool-2-thread-1] DEBUG org.cassandraunit.shaded.io.netty.util.Recycler - -Dio.netty.recycler.maxSharedCapacityFactor: 2
01:01:45.983 [pool-2-thread-1] DEBUG org.cassandraunit.shaded.io.netty.util.Recycler - -Dio.netty.recycler.linkCapacity: 16
01:01:45.983 [pool-2-thread-1] DEBUG org.cassandraunit.shaded.io.netty.util.Recycler - -Dio.netty.recycler.ratio: 8
01:01:46.192 [pool-2-thread-1] DEBUG org.apache.cassandra.config.Schema - Adding org.apache.cassandra.config.CFMetaData@72308b56[cfId=abac5682-dea6-31c5-b535-b3d6cffd0fb6,ksName=system_schema,cfName=keyspaces,flags=[COMPOUND],params=TableParams{comment=keyspace definitions, read_repair_chance=0.0, dclocal_read_repair_chance=0.0, bloom_filter_fp_chance=0.01, crc_check_chance=1.0, gc_grace_seconds=604800, default_time_to_live=0, memtable_flush_period_in_ms=3600000, min_index_interval=128, max_index_interval=2048, speculative_retry=99PERCENTILE, caching={'keys' : 'ALL', 'rows_per_partition' : 'NONE'}, compaction=CompactionParams{class=org.apache.cassandra.db.compaction.SizeTieredCompactionStrategy, options={min_threshold=4, max_threshold=32}}, compression=org.apache.cassandra.schema.CompressionParams@ad345910, extensions={}, cdc=false},comparator=comparator(),partitionColumns=[[] | [durable_writes replication]],partitionKeyColumns=[keyspace_name],clusteringColumns=[],keyValidator=org.apache.cassandra.db.marshal.UTF8Type,columnMetadata=[durable_writes, replication, keyspace_name],droppedColumns={},triggers=[],indexes=[]] to cfIdMap
01:01:46.218 [pool-2-thread-1] DEBUG org.apache.cassandra.config.Schema - Adding org.apache.cassandra.config.CFMetaData@5e52b50a[cfId=afddfb9d-bc1e-3068-8056-eed6c302ba09,ksName=system_schema,cfName=tables,flags=[COMPOUND],params=TableParams{comment=table definitions, read_repair_chance=0.0, dclocal_read_repair_chance=0.0, bloom_filter_fp_chance=0.01, crc_check_chance=1.0, gc_grace_seconds=604800, default_time_to_live=0, memtable_flush_period_in_ms=3600000, min_index_interval=128, max_index_interval=2048, speculative_retry=99PERCENTILE, caching={'keys' : 'ALL', 'rows_per_partition' : 'NONE'}, compaction=CompactionParams{class=org.apache.cassandra.db.compaction.SizeTieredCompactionStrategy, options={min_threshold=4, max_threshold=32}}, compression=org.apache.cassandra.schema.CompressionParams@ad345910, extensions={}, cdc=false},comparator=comparator(org.apache.cassandra.db.marshal.UTF8Type),partitionColumns=[[] | [bloom_filter_fp_chance caching cdc comment compaction compression crc_check_chance dclocal_read_repair_chance default_time_to_live extensions flags gc_grace_seconds id max_index_interval memtable_flush_period_in_ms min_index_interval read_repair_chance speculative_retry]],partitionKeyColumns=[keyspace_name],clusteringColumns=[table_name],keyValidator=org.apache.cassandra.db.marshal.UTF8Type,columnMetadata=[cdc, dclocal_read_repair_chance, gc_grace_seconds, speculative_retry, id, memtable_flush_period_in_ms, default_time_to_live, min_index_interval, bloom_filter_fp_chance, compression, caching, crc_check_chance, compaction, comment, keyspace_name, read_repair_chance, table_name, extensions, max_index_interval, flags],droppedColumns={},triggers=[],indexes=[]] to cfIdMap
01:01:46.219 [pool-2-thread-1] DEBUG org.apache.cassandra.config.Schema - Adding org.apache.cassandra.config.CFMetaData@36224a05[cfId=24101c25-a2ae-3af7-87c1-b40ee1aca33f,ksName=system_schema,cfName=columns,flags=[COMPOUND],params=TableParams{comment=column definitions, read_repair_chance=0.0, dclocal_read_repair_chance=0.0, bloom_filter_fp_chance=0.01, crc_check_chance=1.0, gc_grace_seconds=604800, default_time_to_live=0, memtable_flush_period_in_ms=3600000, min_index_interval=128, max_index_interval=2048, speculative_retry=99PERCENTILE, caching={'keys' : 'ALL', 'rows_per_partition' : 'NONE'}, compaction=CompactionParams{class=org.apache.cassandra.db.compaction.SizeTieredCompactionStrategy, options={min_threshold=4, max_threshold=32}}, compression=org.apache.cassandra.schema.CompressionParams@ad345910, extensions={}, cdc=false},comparator=comparator(org.apache.cassandra.db.marshal.UTF8Type, org.apache.cassandra.db.marshal.UTF8Type),partitionColumns=[[] | [clustering_order column_name_bytes kind position type]],partitionKeyColumns=[keyspace_name],clusteringColumns=[table_name, column_name],keyValidator=org.apache.cassandra.db.marshal.UTF8Type,columnMetadata=[kind, clustering_order, column_name_bytes, position, keyspace_name, table_name, type, column_name],droppedColumns={},triggers=[],indexes=[]] to cfIdMap
01:01:46.219 [pool-2-thread-1] DEBUG org.apache.cassandra.config.Schema - Adding org.apache.cassandra.config.CFMetaData@cd65efa[cfId=4df70b66-6b05-3251-95a1-32b54005fd48,ksName=system_schema,cfName=triggers,flags=[COMPOUND],params=TableParams{comment=trigger definitions, read_repair_chance=0.0, dclocal_read_repair_chance=0.0, bloom_filter_fp_chance=0.01, crc_check_chance=1.0, gc_grace_seconds=604800, default_time_to_live=0, memtable_flush_period_in_ms=3600000, min_index_interval=128, max_index_interval=2048, speculative_retry=99PERCENTILE, caching={'keys' : 'ALL', 'rows_per_partition' : 'NONE'}, compaction=CompactionParams{class=org.apache.cassandra.db.compaction.SizeTieredCompactionStrategy, options={min_threshold=4, max_threshold=32}}, compression=org.apache.cassandra.schema.CompressionParams@ad345910, extensions={}, cdc=false},comparator=comparator(org.apache.cassandra.db.marshal.UTF8Type, org.apache.cassandra.db.marshal.UTF8Type),partitionColumns=[[] | [options]],partitionKeyColumns=[keyspace_name],clusteringColumns=[table_name, trigger_name],keyValidator=org.apache.cassandra.db.marshal.UTF8Type,columnMetadata=[table_name, options, keyspace_name, trigger_name],droppedColumns={},triggers=[],indexes=[]] to cfIdMap
01:01:46.220 [pool-2-thread-1] DEBUG org.apache.cassandra.config.Schema - Adding org.apache.cassandra.config.CFMetaData@1aa72594[cfId=5e7583b5-f3f4-3af1-9a39-b7e1d6f5f11f,ksName=system_schema,cfName=dropped_columns,flags=[COMPOUND],params=TableParams{comment=dropped column registry, read_repair_chance=0.0, dclocal_read_repair_chance=0.0, bloom_filter_fp_chance=0.01, crc_check_chance=1.0, gc_grace_seconds=604800, default_time_to_live=0, memtable_flush_period_in_ms=3600000, min_index_interval=128, max_index_interval=2048, speculative_retry=99PERCENTILE, caching={'keys' : 'ALL', 'rows_per_partition' : 'NONE'}, compaction=CompactionParams{class=org.apache.cassandra.db.compaction.SizeTieredCompactionStrategy, options={min_threshold=4, max_threshold=32}}, compression=org.apache.cassandra.schema.CompressionParams@ad345910, extensions={}, cdc=false},comparator=comparator(org.apache.cassandra.db.marshal.UTF8Type, org.apache.cassandra.db.marshal.UTF8Type),partitionColumns=[[] | [dropped_time type]],partitionKeyColumns=[keyspace_name],clusteringColumns=[table_name, column_name],keyValidator=org.apache.cassandra.db.marshal.UTF8Type,columnMetadata=[table_name, type, keyspace_name, column_name, dropped_time],droppedColumns={},triggers=[],indexes=[]] to cfIdMap
01:01:46.220 [pool-2-thread-1] DEBUG org.apache.cassandra.config.Schema - Adding org.apache.cassandra.config.CFMetaData@433b69a2[cfId=9786ac1c-dd58-3201-a7cd-ad556410c985,ksName=system_schema,cfName=views,flags=[COMPOUND],params=TableParams{comment=view definitions, read_repair_chance=0.0, dclocal_read_repair_chance=0.0, bloom_filter_fp_chance=0.01, crc_check_chance=1.0, gc_grace_seconds=604800, default_time_to_live=0, memtable_flush_period_in_ms=3600000, min_index_interval=128, max_index_interval=2048, speculative_retry=99PERCENTILE, caching={'keys' : 'ALL', 'rows_per_partition' : 'NONE'}, compaction=CompactionParams{class=org.apache.cassandra.db.compaction.SizeTieredCompactionStrategy, options={min_threshold=4, max_threshold=32}}, compression=org.apache.cassandra.schema.CompressionParams@ad345910, extensions={}, cdc=false},comparator=comparator(org.apache.cassandra.db.marshal.UTF8Type),partitionColumns=[[] | [base_table_id base_table_name bloom_filter_fp_chance caching cdc comment compaction compression crc_check_chance dclocal_read_repair_chance default_time_to_live extensions gc_grace_seconds id include_all_columns max_index_interval memtable_flush_period_in_ms min_index_interval read_repair_chance speculative_retry where_clause]],partitionKeyColumns=[keyspace_name],clusteringColumns=[view_name],keyValidator=org.apache.cassandra.db.marshal.UTF8Type,columnMetadata=[cdc, dclocal_read_repair_chance, gc_grace_seconds, speculative_retry, base_table_name, id, memtable_flush_period_in_ms, default_time_to_live, where_clause, min_index_interval, view_name, bloom_filter_fp_chance, compression, caching, crc_check_chance, compaction, base_table_id, comment, keyspace_name, read_repair_chance, include_all_columns, extensions, max_index_interval],droppedColumns={},triggers=[],indexes=[]] to cfIdMap
01:01:46.221 [pool-2-thread-1] DEBUG org.apache.cassandra.config.Schema - Adding org.apache.cassandra.config.CFMetaData@7387c53e[cfId=5a8b1ca8-6602-3f77-a045-9273d308917a,ksName=system_schema,cfName=types,flags=[COMPOUND],params=TableParams{comment=user defined type definitions, read_repair_chance=0.0, dclocal_read_repair_chance=0.0, bloom_filter_fp_chance=0.01, crc_check_chance=1.0, gc_grace_seconds=604800, default_time_to_live=0, memtable_flush_period_in_ms=3600000, min_index_interval=128, max_index_interval=2048, speculative_retry=99PERCENTILE, caching={'keys' : 'ALL', 'rows_per_partition' : 'NONE'}, compaction=CompactionParams{class=org.apache.cassandra.db.compaction.SizeTieredCompactionStrategy, options={min_threshold=4, max_threshold=32}}, compression=org.apache.cassandra.schema.CompressionParams@ad345910, extensions={}, cdc=false},comparator=comparator(org.apache.cassandra.db.marshal.UTF8Type),partitionColumns=[[] | [field_names field_types]],partitionKeyColumns=[keyspace_name],clusteringColumns=[type_name],keyValidator=org.apache.cassandra.db.marshal.UTF8Type,columnMetadata=[field_names, type_name, field_types, keyspace_name],droppedColumns={},triggers=[],indexes=[]] to cfIdMap
01:01:46.222 [pool-2-thread-1] DEBUG org.apache.cassandra.config.Schema - Adding org.apache.cassandra.config.CFMetaData@fa9c684[cfId=96489b79-80be-3e14-a701-66a0b9159450,ksName=system_schema,cfName=functions,flags=[COMPOUND],params=TableParams{comment=user defined function definitions, read_repair_chance=0.0, dclocal_read_repair_chance=0.0, bloom_filter_fp_chance=0.01, crc_check_chance=1.0, gc_grace_seconds=604800, default_time_to_live=0, memtable_flush_period_in_ms=3600000, min_index_interval=128, max_index_interval=2048, speculative_retry=99PERCENTILE, caching={'keys' : 'ALL', 'rows_per_partition' : 'NONE'}, compaction=CompactionParams{class=org.apache.cassandra.db.compaction.SizeTieredCompactionStrategy, options={min_threshold=4, max_threshold=32}}, compression=org.apache.cassandra.schema.CompressionParams@ad345910, extensions={}, cdc=false},comparator=comparator(org.apache.cassandra.db.marshal.UTF8Type, org.apache.cassandra.db.marshal.FrozenType(org.apache.cassandra.db.marshal.ListType(org.apache.cassandra.db.marshal.UTF8Type))),partitionColumns=[[] | [argument_names body called_on_null_input language return_type]],partitionKeyColumns=[keyspace_name],clusteringColumns=[function_name, argument_types],keyValidator=org.apache.cassandra.db.marshal.UTF8Type,columnMetadata=[function_name, keyspace_name, argument_names, return_type, body, argument_types, called_on_null_input, language],droppedColumns={},triggers=[],indexes=[]] to cfIdMap
01:01:46.225 [pool-2-thread-1] DEBUG org.apache.cassandra.config.Schema - Adding org.apache.cassandra.config.CFMetaData@2135cc92[cfId=924c5587-2e3a-345b-b10c-12f37c1ba895,ksName=system_schema,cfName=aggregates,flags=[COMPOUND],params=TableParams{comment=user defined aggregate definitions, read_repair_chance=0.0, dclocal_read_repair_chance=0.0, bloom_filter_fp_chance=0.01, crc_check_chance=1.0, gc_grace_seconds=604800, default_time_to_live=0, memtable_flush_period_in_ms=3600000, min_index_interval=128, max_index_interval=2048, speculative_retry=99PERCENTILE, caching={'keys' : 'ALL', 'rows_per_partition' : 'NONE'}, compaction=CompactionParams{class=org.apache.cassandra.db.compaction.SizeTieredCompactionStrategy, options={min_threshold=4, max_threshold=32}}, compression=org.apache.cassandra.schema.CompressionParams@ad345910, extensions={}, cdc=false},comparator=comparator(org.apache.cassandra.db.marshal.UTF8Type, org.apache.cassandra.db.marshal.FrozenType(org.apache.cassandra.db.marshal.ListType(org.apache.cassandra.db.marshal.UTF8Type))),partitionColumns=[[] | [final_func initcond return_type state_func state_type]],partitionKeyColumns=[keyspace_name],clusteringColumns=[aggregate_name, argument_types],keyValidator=org.apache.cassandra.db.marshal.UTF8Type,columnMetadata=[final_func, aggregate_name, initcond, state_func, keyspace_name, return_type, state_type, argument_types],droppedColumns={},triggers=[],indexes=[]] to cfIdMap
01:01:46.226 [pool-2-thread-1] DEBUG org.apache.cassandra.config.Schema - Adding org.apache.cassandra.config.CFMetaData@70575eb0[cfId=0feb57ac-311f-382f-ba6d-9024d305702f,ksName=system_schema,cfName=indexes,flags=[COMPOUND],params=TableParams{comment=secondary index definitions, read_repair_chance=0.0, dclocal_read_repair_chance=0.0, bloom_filter_fp_chance=0.01, crc_check_chance=1.0, gc_grace_seconds=604800, default_time_to_live=0, memtable_flush_period_in_ms=3600000, min_index_interval=128, max_index_interval=2048, speculative_retry=99PERCENTILE, caching={'keys' : 'ALL', 'rows_per_partition' : 'NONE'}, compaction=CompactionParams{class=org.apache.cassandra.db.compaction.SizeTieredCompactionStrategy, options={min_threshold=4, max_threshold=32}}, compression=org.apache.cassandra.schema.CompressionParams@ad345910, extensions={}, cdc=false},comparator=comparator(org.apache.cassandra.db.marshal.UTF8Type, org.apache.cassandra.db.marshal.UTF8Type),partitionColumns=[[] | [kind options]],partitionKeyColumns=[keyspace_name],clusteringColumns=[table_name, index_name],keyValidator=org.apache.cassandra.db.marshal.UTF8Type,columnMetadata=[kind, table_name, options, keyspace_name, index_name],droppedColumns={},triggers=[],indexes=[]] to cfIdMap
01:01:46.407 [pool-2-thread-1] DEBUG org.apache.cassandra.config.Schema - Adding org.apache.cassandra.config.CFMetaData@65154c52[cfId=9f5c6374-d485-3229-9a0a-5094af9ad1e3,ksName=system,cfName=IndexInfo,flags=[DENSE],params=TableParams{comment=built column indexes, read_repair_chance=0.0, dclocal_read_repair_chance=0.0, bloom_filter_fp_chance=0.01, crc_check_chance=1.0, gc_grace_seconds=0, default_time_to_live=0, memtable_flush_period_in_ms=3600000, min_index_interval=128, max_index_interval=2048, speculative_retry=99PERCENTILE, caching={'keys' : 'ALL', 'rows_per_partition' : 'NONE'}, compaction=CompactionParams{class=org.apache.cassandra.db.compaction.SizeTieredCompactionStrategy, options={min_threshold=4, max_threshold=32}}, compression=org.apache.cassandra.schema.CompressionParams@ad345910, extensions={}, cdc=false},comparator=comparator(org.apache.cassandra.db.marshal.UTF8Type),partitionColumns=[[] | [value]],partitionKeyColumns=[table_name],clusteringColumns=[index_name],keyValidator=org.apache.cassandra.db.marshal.UTF8Type,columnMetadata=[table_name, value, index_name],droppedColumns={},triggers=[],indexes=[]] to cfIdMap
01:01:46.407 [pool-2-thread-1] DEBUG org.apache.cassandra.config.Schema - Adding org.apache.cassandra.config.CFMetaData@16791914[cfId=919a4bc5-7a33-3573-b03e-13fc3f68b465,ksName=system,cfName=batches,flags=[COMPOUND],params=TableParams{comment=batches awaiting replay, read_repair_chance=0.0, dclocal_read_repair_chance=0.0, bloom_filter_fp_chance=0.01, crc_check_chance=1.0, gc_grace_seconds=0, default_time_to_live=0, memtable_flush_period_in_ms=3600000, min_index_interval=128, max_index_interval=2048, speculative_retry=99PERCENTILE, caching={'keys' : 'ALL', 'rows_per_partition' : 'NONE'}, compaction=CompactionParams{class=org.apache.cassandra.db.compaction.SizeTieredCompactionStrategy, options={min_threshold=2, max_threshold=32}}, compression=org.apache.cassandra.schema.CompressionParams@ad345910, extensions={}, cdc=false},comparator=comparator(),partitionColumns=[[] | [version mutations]],partitionKeyColumns=[id],clusteringColumns=[],keyValidator=org.apache.cassandra.db.marshal.TimeUUIDType,columnMetadata=[mutations, version, id],droppedColumns={},triggers=[],indexes=[]] to cfIdMap
01:01:46.408 [pool-2-thread-1] DEBUG org.apache.cassandra.config.Schema - Adding org.apache.cassandra.config.CFMetaData@18cbd543[cfId=b7b7f0c2-fd0a-3410-8c05-3ef614bb7c2d,ksName=system,cfName=paxos,flags=[COMPOUND],params=TableParams{comment=in-progress paxos proposals, read_repair_chance=0.0, dclocal_read_repair_chance=0.0, bloom_filter_fp_chance=0.01, crc_check_chance=1.0, gc_grace_seconds=0, default_time_to_live=0, memtable_flush_period_in_ms=3600000, min_index_interval=128, max_index_interval=2048, speculative_retry=99PERCENTILE, caching={'keys' : 'ALL', 'rows_per_partition' : 'NONE'}, compaction=CompactionParams{class=org.apache.cassandra.db.compaction.LeveledCompactionStrategy, options={}}, compression=org.apache.cassandra.schema.CompressionParams@ad345910, extensions={}, cdc=false},comparator=comparator(org.apache.cassandra.db.marshal.UUIDType),partitionColumns=[[] | [in_progress_ballot most_recent_commit most_recent_commit_at most_recent_commit_version proposal proposal_ballot proposal_version]],partitionKeyColumns=[row_key],clusteringColumns=[cf_id],keyValidator=org.apache.cassandra.db.marshal.BytesType,columnMetadata=[cf_id, most_recent_commit_version, proposal, row_key, proposal_ballot, most_recent_commit_at, proposal_version, in_progress_ballot, most_recent_commit],droppedColumns={},triggers=[],indexes=[]] to cfIdMap
01:01:46.408 [pool-2-thread-1] DEBUG org.apache.cassandra.config.Schema - Adding org.apache.cassandra.config.CFMetaData@524ac834[cfId=7ad54392-bcdd-35a6-8417-4e047860b377,ksName=system,cfName=local,flags=[COMPOUND],params=TableParams{comment=information about the local node, read_repair_chance=0.0, dclocal_read_repair_chance=0.0, bloom_filter_fp_chance=0.01, crc_check_chance=1.0, gc_grace_seconds=0, default_time_to_live=0, memtable_flush_period_in_ms=3600000, min_index_interval=128, max_index_interval=2048, speculative_retry=99PERCENTILE, caching={'keys' : 'ALL', 'rows_per_partition' : 'NONE'}, compaction=CompactionParams{class=org.apache.cassandra.db.compaction.SizeTieredCompactionStrategy, options={min_threshold=4, max_threshold=32}}, compression=org.apache.cassandra.schema.CompressionParams@ad345910, extensions={}, cdc=false},comparator=comparator(),partitionColumns=[[] | [bootstrapped broadcast_address cluster_name cql_version data_center gossip_generation host_id listen_address native_protocol_version partitioner rack release_version rpc_address schema_version thrift_version tokens truncated_at]],partitionKeyColumns=[key],clusteringColumns=[],keyValidator=org.apache.cassandra.db.marshal.UTF8Type,columnMetadata=[cql_version, tokens, bootstrapped, broadcast_address, listen_address, rack, release_version, cluster_name, native_protocol_version, thrift_version, rpc_address, truncated_at, schema_version, key, gossip_generation, data_center, partitioner, host_id],droppedColumns={},triggers=[],indexes=[]] to cfIdMap
01:01:46.409 [pool-2-thread-1] DEBUG org.apache.cassandra.config.Schema - Adding org.apache.cassandra.config.CFMetaData@74589942[cfId=37f71aca-7dc2-383b-a706-72528af04d4f,ksName=system,cfName=peers,flags=[COMPOUND],params=TableParams{comment=information about known peers in the cluster, read_repair_chance=0.0, dclocal_read_repair_chance=0.0, bloom_filter_fp_chance=0.01, crc_check_chance=1.0, gc_grace_seconds=0, default_time_to_live=0, memtable_flush_period_in_ms=3600000, min_index_interval=128, max_index_interval=2048, speculative_retry=99PERCENTILE, caching={'keys' : 'ALL', 'rows_per_partition' : 'NONE'}, compaction=CompactionParams{class=org.apache.cassandra.db.compaction.SizeTieredCompactionStrategy, options={min_threshold=4, max_threshold=32}}, compression=org.apache.cassandra.schema.CompressionParams@ad345910, extensions={}, cdc=false},comparator=comparator(),partitionColumns=[[] | [data_center host_id preferred_ip rack release_version rpc_address schema_version tokens]],partitionKeyColumns=[peer],clusteringColumns=[],keyValidator=org.apache.cassandra.db.marshal.InetAddressType,columnMetadata=[rpc_address, schema_version, preferred_ip, tokens, rack, release_version, peer, data_center, host_id],droppedColumns={},triggers=[],indexes=[]] to cfIdMap
01:01:46.409 [pool-2-thread-1] DEBUG org.apache.cassandra.config.Schema - Adding org.apache.cassandra.config.CFMetaData@28073365[cfId=59dfeaea-8db2-3341-91ef-109974d81484,ksName=system,cfName=peer_events,flags=[COMPOUND],params=TableParams{comment=events related to peers, read_repair_chance=0.0, dclocal_read_repair_chance=0.0, bloom_filter_fp_chance=0.01, crc_check_chance=1.0, gc_grace_seconds=0, default_time_to_live=0, memtable_flush_period_in_ms=3600000, min_index_interval=128, max_index_interval=2048, speculative_retry=99PERCENTILE, caching={'keys' : 'ALL', 'rows_per_partition' : 'NONE'}, compaction=CompactionParams{class=org.apache.cassandra.db.compaction.SizeTieredCompactionStrategy, options={min_threshold=4, max_threshold=32}}, compression=org.apache.cassandra.schema.CompressionParams@ad345910, extensions={}, cdc=false},comparator=comparator(),partitionColumns=[[] | [hints_dropped]],partitionKeyColumns=[peer],clusteringColumns=[],keyValidator=org.apache.cassandra.db.marshal.InetAddressType,columnMetadata=[peer, hints_dropped],droppedColumns={},triggers=[],indexes=[]] to cfIdMap
01:01:46.410 [pool-2-thread-1] DEBUG org.apache.cassandra.config.Schema - Adding org.apache.cassandra.config.CFMetaData@4f20699f[cfId=55d76438-4e55-3f8b-9f6e-676d4af3976d,ksName=system,cfName=range_xfers,flags=[COMPOUND],params=TableParams{comment=ranges requested for transfer, read_repair_chance=0.0, dclocal_read_repair_chance=0.0, bloom_filter_fp_chance=0.01, crc_check_chance=1.0, gc_grace_seconds=0, default_time_to_live=0, memtable_flush_period_in_ms=3600000, min_index_interval=128, max_index_interval=2048, speculative_retry=99PERCENTILE, caching={'keys' : 'ALL', 'rows_per_partition' : 'NONE'}, compaction=CompactionParams{class=org.apache.cassandra.db.compaction.SizeTieredCompactionStrategy, options={min_threshold=4, max_threshold=32}}, compression=org.apache.cassandra.schema.CompressionParams@ad345910, extensions={}, cdc=false},comparator=comparator(),partitionColumns=[[] | [requested_at]],partitionKeyColumns=[token_bytes],clusteringColumns=[],keyValidator=org.apache.cassandra.db.marshal.BytesType,columnMetadata=[token_bytes, requested_at],droppedColumns={},triggers=[],indexes=[]] to cfIdMap
01:01:46.411 [pool-2-thread-1] DEBUG org.apache.cassandra.config.Schema - Adding org.apache.cassandra.config.CFMetaData@47b0432b[cfId=b4dbb7b4-dc49-3fb5-b3bf-ce6e434832ca,ksName=system,cfName=compaction_history,flags=[COMPOUND],params=TableParams{comment=week-long compaction history, read_repair_chance=0.0, dclocal_read_repair_chance=0.0, bloom_filter_fp_chance=0.01, crc_check_chance=1.0, gc_grace_seconds=0, default_time_to_live=604800, memtable_flush_period_in_ms=3600000, min_index_interval=128, max_index_interval=2048, speculative_retry=99PERCENTILE, caching={'keys' : 'ALL', 'rows_per_partition' : 'NONE'}, compaction=CompactionParams{class=org.apache.cassandra.db.compaction.SizeTieredCompactionStrategy, options={min_threshold=4, max_threshold=32}}, compression=org.apache.cassandra.schema.CompressionParams@ad345910, extensions={}, cdc=false},comparator=comparator(),partitionColumns=[[] | [bytes_in bytes_out columnfamily_name compacted_at keyspace_name rows_merged]],partitionKeyColumns=[id],clusteringColumns=[],keyValidator=org.apache.cassandra.db.marshal.UUIDType,columnMetadata=[bytes_out, id, keyspace_name, rows_merged, compacted_at, bytes_in, columnfamily_name],droppedColumns={},triggers=[],indexes=[]] to cfIdMap
01:01:46.411 [pool-2-thread-1] DEBUG org.apache.cassandra.config.Schema - Adding org.apache.cassandra.config.CFMetaData@76bcc4cd[cfId=5a1ff267-ace0-3f12-8563-cfae6103c65e,ksName=system,cfName=sstable_activity,flags=[COMPOUND],params=TableParams{comment=historic sstable read rates, read_repair_chance=0.0, dclocal_read_repair_chance=0.0, bloom_filter_fp_chance=0.01, crc_check_chance=1.0, gc_grace_seconds=0, default_time_to_live=0, memtable_flush_period_in_ms=3600000, min_index_interval=128, max_index_interval=2048, speculative_retry=99PERCENTILE, caching={'keys' : 'ALL', 'rows_per_partition' : 'NONE'}, compaction=CompactionParams{class=org.apache.cassandra.db.compaction.SizeTieredCompactionStrategy, options={min_threshold=4, max_threshold=32}}, compression=org.apache.cassandra.schema.CompressionParams@ad345910, extensions={}, cdc=false},comparator=comparator(),partitionColumns=[[] | [rate_120m rate_15m]],partitionKeyColumns=[keyspace_name, columnfamily_name, generation],clusteringColumns=[],keyValidator=org.apache.cassandra.db.marshal.CompositeType(org.apache.cassandra.db.marshal.UTF8Type,org.apache.cassandra.db.marshal.UTF8Type,org.apache.cassandra.db.marshal.Int32Type),columnMetadata=[generation, rate_120m, rate_15m, keyspace_name, columnfamily_name],droppedColumns={},triggers=[],indexes=[]] to cfIdMap
01:01:46.412 [pool-2-thread-1] DEBUG org.apache.cassandra.config.Schema - Adding org.apache.cassandra.config.CFMetaData@3df866ad[cfId=618f817b-005f-3678-b8a4-53f3930b8e86,ksName=system,cfName=size_estimates,flags=[COMPOUND],params=TableParams{comment=per-table primary range size estimates, read_repair_chance=0.0, dclocal_read_repair_chance=0.0, bloom_filter_fp_chance=0.01, crc_check_chance=1.0, gc_grace_seconds=0, default_time_to_live=0, memtable_flush_period_in_ms=3600000, min_index_interval=128, max_index_interval=2048, speculative_retry=99PERCENTILE, caching={'keys' : 'ALL', 'rows_per_partition' : 'NONE'}, compaction=CompactionParams{class=org.apache.cassandra.db.compaction.SizeTieredCompactionStrategy, options={min_threshold=4, max_threshold=32}}, compression=org.apache.cassandra.schema.CompressionParams@ad345910, extensions={}, cdc=false},comparator=comparator(org.apache.cassandra.db.marshal.UTF8Type, org.apache.cassandra.db.marshal.UTF8Type, org.apache.cassandra.db.marshal.UTF8Type),partitionColumns=[[] | [mean_partition_size partitions_count]],partitionKeyColumns=[keyspace_name],clusteringColumns=[table_name, range_start, range_end],keyValidator=org.apache.cassandra.db.marshal.UTF8Type,columnMetadata=[mean_partition_size, keyspace_name, partitions_count, range_start, table_name, range_end],droppedColumns={},triggers=[],indexes=[]] to cfIdMap
01:01:46.413 [pool-2-thread-1] DEBUG org.apache.cassandra.config.Schema - Adding org.apache.cassandra.config.CFMetaData@1b7ebbc1[cfId=c539fcab-d65a-31d1-8133-d25605643ee3,ksName=system,cfName=available_ranges,flags=[COMPOUND],params=TableParams{comment=available keyspace/ranges during bootstrap/replace that are ready to be served, read_repair_chance=0.0, dclocal_read_repair_chance=0.0, bloom_filter_fp_chance=0.01, crc_check_chance=1.0, gc_grace_seconds=0, default_time_to_live=0, memtable_flush_period_in_ms=3600000, min_index_interval=128, max_index_interval=2048, speculative_retry=99PERCENTILE, caching={'keys' : 'ALL', 'rows_per_partition' : 'NONE'}, compaction=CompactionParams{class=org.apache.cassandra.db.compaction.SizeTieredCompactionStrategy, options={min_threshold=4, max_threshold=32}}, compression=org.apache.cassandra.schema.CompressionParams@ad345910, extensions={}, cdc=false},comparator=comparator(),partitionColumns=[[] | [ranges]],partitionKeyColumns=[keyspace_name],clusteringColumns=[],keyValidator=org.apache.cassandra.db.marshal.UTF8Type,columnMetadata=[ranges, keyspace_name],droppedColumns={},triggers=[],indexes=[]] to cfIdMap
01:01:46.413 [pool-2-thread-1] DEBUG org.apache.cassandra.config.Schema - Adding org.apache.cassandra.config.CFMetaData@240e1231[cfId=6cad20f7-d4f5-3af2-b6e2-0da33c6c1f83,ksName=system,cfName=transferred_ranges,flags=[COMPOUND],params=TableParams{comment=record of transferred ranges for streaming operation, read_repair_chance=0.0, dclocal_read_repair_chance=0.0, bloom_filter_fp_chance=0.01, crc_check_chance=1.0, gc_grace_seconds=0, default_time_to_live=0, memtable_flush_period_in_ms=3600000, min_index_interval=128, max_index_interval=2048, speculative_retry=99PERCENTILE, caching={'keys' : 'ALL', 'rows_per_partition' : 'NONE'}, compaction=CompactionParams{class=org.apache.cassandra.db.compaction.SizeTieredCompactionStrategy, options={min_threshold=4, max_threshold=32}}, compression=org.apache.cassandra.schema.CompressionParams@ad345910, extensions={}, cdc=false},comparator=comparator(org.apache.cassandra.db.marshal.InetAddressType),partitionColumns=[[] | [ranges]],partitionKeyColumns=[operation, keyspace_name],clusteringColumns=[peer],keyValidator=org.apache.cassandra.db.marshal.CompositeType(org.apache.cassandra.db.marshal.UTF8Type,org.apache.cassandra.db.marshal.UTF8Type),columnMetadata=[ranges, peer, operation, keyspace_name],droppedColumns={},triggers=[],indexes=[]] to cfIdMap
01:01:46.414 [pool-2-thread-1] DEBUG org.apache.cassandra.config.Schema - Adding org.apache.cassandra.config.CFMetaData@44db9a94[cfId=b7f2c108-78cd-3c80-9cd5-d609b2bd149c,ksName=system,cfName=views_builds_in_progress,flags=[COMPOUND],params=TableParams{comment=views builds current progress, read_repair_chance=0.0, dclocal_read_repair_chance=0.0, bloom_filter_fp_chance=0.01, crc_check_chance=1.0, gc_grace_seconds=0, default_time_to_live=0, memtable_flush_period_in_ms=3600000, min_index_interval=128, max_index_interval=2048, speculative_retry=99PERCENTILE, caching={'keys' : 'ALL', 'rows_per_partition' : 'NONE'}, compaction=CompactionParams{class=org.apache.cassandra.db.compaction.SizeTieredCompactionStrategy, options={min_threshold=4, max_threshold=32}}, compression=org.apache.cassandra.schema.CompressionParams@ad345910, extensions={}, cdc=false},comparator=comparator(org.apache.cassandra.db.marshal.UTF8Type),partitionColumns=[[] | [generation_number last_token]],partitionKeyColumns=[keyspace_name],clusteringColumns=[view_name],keyValidator=org.apache.cassandra.db.marshal.UTF8Type,columnMetadata=[view_name, generation_number, keyspace_name, last_token],droppedColumns={},triggers=[],indexes=[]] to cfIdMap
01:01:46.415 [pool-2-thread-1] DEBUG org.apache.cassandra.config.Schema - Adding org.apache.cassandra.config.CFMetaData@1ee809a8[cfId=4b3c50a9-ea87-3d76-9101-6dbc9c38494a,ksName=system,cfName=built_views,flags=[COMPOUND],params=TableParams{comment=built views, read_repair_chance=0.0, dclocal_read_repair_chance=0.0, bloom_filter_fp_chance=0.01, crc_check_chance=1.0, gc_grace_seconds=0, default_time_to_live=0, memtable_flush_period_in_ms=3600000, min_index_interval=128, max_index_interval=2048, speculative_retry=99PERCENTILE, caching={'keys' : 'ALL', 'rows_per_partition' : 'NONE'}, compaction=CompactionParams{class=org.apache.cassandra.db.compaction.SizeTieredCompactionStrategy, options={min_threshold=4, max_threshold=32}}, compression=org.apache.cassandra.schema.CompressionParams@ad345910, extensions={}, cdc=false},comparator=comparator(org.apache.cassandra.db.marshal.UTF8Type),partitionColumns=[[] | [status_replicated]],partitionKeyColumns=[keyspace_name],clusteringColumns=[view_name],keyValidator=org.apache.cassandra.db.marshal.UTF8Type,columnMetadata=[view_name, status_replicated, keyspace_name],droppedColumns={},triggers=[],indexes=[]] to cfIdMap
01:01:46.416 [pool-2-thread-1] DEBUG org.apache.cassandra.config.Schema - Adding org.apache.cassandra.config.CFMetaData@4c5bce85[cfId=2666e205-73ef-38b3-90fe-fecf96e8f0c7,ksName=system,cfName=hints,flags=[DENSE, COMPOUND],params=TableParams{comment=*DEPRECATED* hints awaiting delivery, read_repair_chance=0.0, dclocal_read_repair_chance=0.0, bloom_filter_fp_chance=0.01, crc_check_chance=1.0, gc_grace_seconds=0, default_time_to_live=0, memtable_flush_period_in_ms=3600000, min_index_interval=128, max_index_interval=2048, speculative_retry=99PERCENTILE, caching={'keys' : 'ALL', 'rows_per_partition' : 'NONE'}, compaction=CompactionParams{class=org.apache.cassandra.db.compaction.SizeTieredCompactionStrategy, options={min_threshold=4, max_threshold=32, enabled=false}}, compression=org.apache.cassandra.schema.CompressionParams@ad345910, extensions={}, cdc=false},comparator=comparator(org.apache.cassandra.db.marshal.TimeUUIDType, org.apache.cassandra.db.marshal.Int32Type),partitionColumns=[[] | [mutation]],partitionKeyColumns=[target_id],clusteringColumns=[hint_id, message_version],keyValidator=org.apache.cassandra.db.marshal.UUIDType,columnMetadata=[target_id, hint_id, mutation, message_version],droppedColumns={},triggers=[],indexes=[]] to cfIdMap
01:01:46.416 [pool-2-thread-1] DEBUG org.apache.cassandra.config.Schema - Adding org.apache.cassandra.config.CFMetaData@407b9c45[cfId=0290003c-977e-397c-ac3e-fdfdc01d626b,ksName=system,cfName=batchlog,flags=[COMPOUND],params=TableParams{comment=*DEPRECATED* batchlog entries, read_repair_chance=0.0, dclocal_read_repair_chance=0.0, bloom_filter_fp_chance=0.01, crc_check_chance=1.0, gc_grace_seconds=0, default_time_to_live=0, memtable_flush_period_in_ms=3600000, min_index_interval=128, max_index_interval=2048, speculative_retry=99PERCENTILE, caching={'keys' : 'ALL', 'rows_per_partition' : 'NONE'}, compaction=CompactionParams{class=org.apache.cassandra.db.compaction.SizeTieredCompactionStrategy, options={min_threshold=2, max_threshold=32}}, compression=org.apache.cassandra.schema.CompressionParams@ad345910, extensions={}, cdc=false},comparator=comparator(),partitionColumns=[[] | [data version written_at]],partitionKeyColumns=[id],clusteringColumns=[],keyValidator=org.apache.cassandra.db.marshal.UUIDType,columnMetadata=[version, data, id, written_at],droppedColumns={},triggers=[],indexes=[]] to cfIdMap
01:01:46.417 [pool-2-thread-1] DEBUG org.apache.cassandra.config.Schema - Adding org.apache.cassandra.config.CFMetaData@61b4f30b[cfId=18a9c257-6a0c-3841-ba71-8cd529849fef,ksName=system,cfName=prepared_statements,flags=[COMPOUND],params=TableParams{comment=prepared statements, read_repair_chance=0.0, dclocal_read_repair_chance=0.0, bloom_filter_fp_chance=0.01, crc_check_chance=1.0, gc_grace_seconds=0, default_time_to_live=0, memtable_flush_period_in_ms=3600000, min_index_interval=128, max_index_interval=2048, speculative_retry=99PERCENTILE, caching={'keys' : 'ALL', 'rows_per_partition' : 'NONE'}, compaction=CompactionParams{class=org.apache.cassandra.db.compaction.SizeTieredCompactionStrategy, options={min_threshold=4, max_threshold=32}}, compression=org.apache.cassandra.schema.CompressionParams@ad345910, extensions={}, cdc=false},comparator=comparator(),partitionColumns=[[] | [logged_keyspace query_string]],partitionKeyColumns=[prepared_id],clusteringColumns=[],keyValidator=org.apache.cassandra.db.marshal.BytesType,columnMetadata=[logged_keyspace, query_string, prepared_id],droppedColumns={},triggers=[],indexes=[]] to cfIdMap
01:01:46.417 [pool-2-thread-1] DEBUG org.apache.cassandra.config.Schema - Adding org.apache.cassandra.config.CFMetaData@5aa4cc8e[cfId=b0f22357-4458-3cdb-9631-c43e59ce3676,ksName=system,cfName=schema_keyspaces,flags=[],params=TableParams{comment=*DEPRECATED* keyspace definitions, read_repair_chance=0.0, dclocal_read_repair_chance=0.0, bloom_filter_fp_chance=0.01, crc_check_chance=1.0, gc_grace_seconds=0, default_time_to_live=0, memtable_flush_period_in_ms=3600000, min_index_interval=128, max_index_interval=2048, speculative_retry=99PERCENTILE, caching={'keys' : 'ALL', 'rows_per_partition' : 'NONE'}, compaction=CompactionParams{class=org.apache.cassandra.db.compaction.SizeTieredCompactionStrategy, options={min_threshold=4, max_threshold=32}}, compression=org.apache.cassandra.schema.CompressionParams@ad345910, extensions={}, cdc=false},comparator=comparator(org.apache.cassandra.db.marshal.UTF8Type),partitionColumns=[[durable_writes strategy_class strategy_options] | [value]],partitionKeyColumns=[keyspace_name],clusteringColumns=[column1],keyValidator=org.apache.cassandra.db.marshal.UTF8Type,columnMetadata=[column1, keyspace_name, value, durable_writes, strategy_options, strategy_class],droppedColumns={},triggers=[],indexes=[]] to cfIdMap
01:01:46.418 [pool-2-thread-1] DEBUG org.apache.cassandra.config.Schema - Adding org.apache.cassandra.config.CFMetaData@29ed513b[cfId=45f5b360-24bc-3f83-a363-1034ea4fa697,ksName=system,cfName=schema_columnfamilies,flags=[COMPOUND],params=TableParams{comment=*DEPRECATED* table definitions, read_repair_chance=0.0, dclocal_read_repair_chance=0.0, bloom_filter_fp_chance=0.01, crc_check_chance=1.0, gc_grace_seconds=0, default_time_to_live=0, memtable_flush_period_in_ms=3600000, min_index_interval=128, max_index_interval=2048, speculative_retry=99PERCENTILE, caching={'keys' : 'ALL', 'rows_per_partition' : 'NONE'}, compaction=CompactionParams{class=org.apache.cassandra.db.compaction.SizeTieredCompactionStrategy, options={min_threshold=4, max_threshold=32}}, compression=org.apache.cassandra.schema.CompressionParams@ad345910, extensions={}, cdc=false},comparator=comparator(org.apache.cassandra.db.marshal.UTF8Type),partitionColumns=[[] | [bloom_filter_fp_chance caching cf_id comment compaction_strategy_class compaction_strategy_options comparator compression_parameters default_time_to_live default_validator gc_grace_seconds is_dense key_validator local_read_repair_chance max_compaction_threshold max_index_interval memtable_flush_period_in_ms min_compaction_threshold min_index_interval read_repair_chance speculative_retry subcomparator type dropped_columns]],partitionKeyColumns=[keyspace_name],clusteringColumns=[columnfamily_name],keyValidator=org.apache.cassandra.db.marshal.UTF8Type,columnMetadata=[memtable_flush_period_in_ms, min_compaction_threshold, default_time_to_live, min_index_interval, key_validator, is_dense, compaction_strategy_options, compaction_strategy_class, max_compaction_threshold, comment, compression_parameters, dropped_columns, max_index_interval, gc_grace_seconds, speculative_retry, local_read_repair_chance, bloom_filter_fp_chance, caching, default_validator, cf_id, keyspace_name, comparator, subcomparator, read_repair_chance, type, columnfamily_name],droppedColumns={},triggers=[],indexes=[]] to cfIdMap
01:01:46.419 [pool-2-thread-1] DEBUG org.apache.cassandra.config.Schema - Adding org.apache.cassandra.config.CFMetaData@3bf2ff74[cfId=296e9c04-9bec-3085-827d-c17d3df2122a,ksName=system,cfName=schema_columns,flags=[COMPOUND],params=TableParams{comment=*DEPRECATED* column definitions, read_repair_chance=0.0, dclocal_read_repair_chance=0.0, bloom_filter_fp_chance=0.01, crc_check_chance=1.0, gc_grace_seconds=0, default_time_to_live=0, memtable_flush_period_in_ms=3600000, min_index_interval=128, max_index_interval=2048, speculative_retry=99PERCENTILE, caching={'keys' : 'ALL', 'rows_per_partition' : 'NONE'}, compaction=CompactionParams{class=org.apache.cassandra.db.compaction.SizeTieredCompactionStrategy, options={min_threshold=4, max_threshold=32}}, compression=org.apache.cassandra.schema.CompressionParams@ad345910, extensions={}, cdc=false},comparator=comparator(org.apache.cassandra.db.marshal.UTF8Type, org.apache.cassandra.db.marshal.UTF8Type),partitionColumns=[[] | [component_index index_name index_options index_type type validator]],partitionKeyColumns=[keyspace_name],clusteringColumns=[columnfamily_name, column_name],keyValidator=org.apache.cassandra.db.marshal.UTF8Type,columnMetadata=[validator, component_index, keyspace_name, index_options, type, index_type, index_name, columnfamily_name, column_name],droppedColumns={},triggers=[],indexes=[]] to cfIdMap
01:01:46.419 [pool-2-thread-1] DEBUG org.apache.cassandra.config.Schema - Adding org.apache.cassandra.config.CFMetaData@187896b0[cfId=0359bc71-7123-3ee1-9a4a-b9dfb11fc125,ksName=system,cfName=schema_triggers,flags=[COMPOUND],params=TableParams{comment=*DEPRECATED* trigger definitions, read_repair_chance=0.0, dclocal_read_repair_chance=0.0, bloom_filter_fp_chance=0.01, crc_check_chance=1.0, gc_grace_seconds=0, default_time_to_live=0, memtable_flush_period_in_ms=3600000, min_index_interval=128, max_index_interval=2048, speculative_retry=99PERCENTILE, caching={'keys' : 'ALL', 'rows_per_partition' : 'NONE'}, compaction=CompactionParams{class=org.apache.cassandra.db.compaction.SizeTieredCompactionStrategy, options={min_threshold=4, max_threshold=32}}, compression=org.apache.cassandra.schema.CompressionParams@ad345910, extensions={}, cdc=false},comparator=comparator(org.apache.cassandra.db.marshal.UTF8Type, org.apache.cassandra.db.marshal.UTF8Type),partitionColumns=[[] | [trigger_options]],partitionKeyColumns=[keyspace_name],clusteringColumns=[columnfamily_name, trigger_name],keyValidator=org.apache.cassandra.db.marshal.UTF8Type,columnMetadata=[trigger_options, keyspace_name, columnfamily_name, trigger_name],droppedColumns={},triggers=[],indexes=[]] to cfIdMap
01:01:46.420 [pool-2-thread-1] DEBUG org.apache.cassandra.config.Schema - Adding org.apache.cassandra.config.CFMetaData@48ec6033[cfId=3aa75225-4f82-350b-8d5c-430fa221fa0a,ksName=system,cfName=schema_usertypes,flags=[COMPOUND],params=TableParams{comment=*DEPRECATED* user defined type definitions, read_repair_chance=0.0, dclocal_read_repair_chance=0.0, bloom_filter_fp_chance=0.01, crc_check_chance=1.0, gc_grace_seconds=0, default_time_to_live=0, memtable_flush_period_in_ms=3600000, min_index_interval=128, max_index_interval=2048, speculative_retry=99PERCENTILE, caching={'keys' : 'ALL', 'rows_per_partition' : 'NONE'}, compaction=CompactionParams{class=org.apache.cassandra.db.compaction.SizeTieredCompactionStrategy, options={min_threshold=4, max_threshold=32}}, compression=org.apache.cassandra.schema.CompressionParams@ad345910, extensions={}, cdc=false},comparator=comparator(org.apache.cassandra.db.marshal.UTF8Type),partitionColumns=[[] | [field_names field_types]],partitionKeyColumns=[keyspace_name],clusteringColumns=[type_name],keyValidator=org.apache.cassandra.db.marshal.UTF8Type,columnMetadata=[field_names, type_name, field_types, keyspace_name],droppedColumns={},triggers=[],indexes=[]] to cfIdMap
01:01:46.420 [pool-2-thread-1] DEBUG org.apache.cassandra.config.Schema - Adding org.apache.cassandra.config.CFMetaData@4ee682e0[cfId=d1b675fe-2b50-3ca4-8e49-c0f81989dcad,ksName=system,cfName=schema_functions,flags=[COMPOUND],params=TableParams{comment=*DEPRECATED* user defined function definitions, read_repair_chance=0.0, dclocal_read_repair_chance=0.0, bloom_filter_fp_chance=0.01, crc_check_chance=1.0, gc_grace_seconds=0, default_time_to_live=0, memtable_flush_period_in_ms=3600000, min_index_interval=128, max_index_interval=2048, speculative_retry=99PERCENTILE, caching={'keys' : 'ALL', 'rows_per_partition' : 'NONE'}, compaction=CompactionParams{class=org.apache.cassandra.db.compaction.SizeTieredCompactionStrategy, options={min_threshold=4, max_threshold=32}}, compression=org.apache.cassandra.schema.CompressionParams@ad345910, extensions={}, cdc=false},comparator=comparator(org.apache.cassandra.db.marshal.UTF8Type, org.apache.cassandra.db.marshal.FrozenType(org.apache.cassandra.db.marshal.ListType(org.apache.cassandra.db.marshal.UTF8Type))),partitionColumns=[[] | [body called_on_null_input language return_type argument_names argument_types]],partitionKeyColumns=[keyspace_name],clusteringColumns=[function_name, signature],keyValidator=org.apache.cassandra.db.marshal.UTF8Type,columnMetadata=[function_name, signature, keyspace_name, return_type, argument_names, body, argument_types, called_on_null_input, language],droppedColumns={},triggers=[],indexes=[]] to cfIdMap
01:01:46.420 [pool-2-thread-1] DEBUG org.apache.cassandra.config.Schema - Adding org.apache.cassandra.config.CFMetaData@2c7eca2d[cfId=a5fc57fc-9d6c-3bfd-a3fc-01ad54686fea,ksName=system,cfName=schema_aggregates,flags=[COMPOUND],params=TableParams{comment=*DEPRECATED* user defined aggregate definitions, read_repair_chance=0.0, dclocal_read_repair_chance=0.0, bloom_filter_fp_chance=0.01, crc_check_chance=1.0, gc_grace_seconds=0, default_time_to_live=0, memtable_flush_period_in_ms=3600000, min_index_interval=128, max_index_interval=2048, speculative_retry=99PERCENTILE, caching={'keys' : 'ALL', 'rows_per_partition' : 'NONE'}, compaction=CompactionParams{class=org.apache.cassandra.db.compaction.SizeTieredCompactionStrategy, options={min_threshold=4, max_threshold=32}}, compression=org.apache.cassandra.schema.CompressionParams@ad345910, extensions={}, cdc=false},comparator=comparator(org.apache.cassandra.db.marshal.UTF8Type, org.apache.cassandra.db.marshal.FrozenType(org.apache.cassandra.db.marshal.ListType(org.apache.cassandra.db.marshal.UTF8Type))),partitionColumns=[[] | [final_func initcond return_type state_func state_type argument_types]],partitionKeyColumns=[keyspace_name],clusteringColumns=[aggregate_name, signature],keyValidator=org.apache.cassandra.db.marshal.UTF8Type,columnMetadata=[final_func, aggregate_name, signature, initcond, state_func, keyspace_name, return_type, state_type, argument_types],droppedColumns={},triggers=[],indexes=[]] to cfIdMap
01:01:46.628 [pool-2-thread-1] INFO org.apache.cassandra.db.ColumnFamilyStore - Initializing system.IndexInfo
01:01:47.365 [pool-2-thread-1] INFO org.apache.cassandra.db.ColumnFamilyStore - Initializing system.batches
01:01:47.371 [pool-2-thread-1] INFO org.apache.cassandra.db.ColumnFamilyStore - Initializing system.paxos
01:01:47.387 [pool-2-thread-1] INFO org.apache.cassandra.db.ColumnFamilyStore - Initializing system.local
01:01:47.394 [pool-2-thread-1] INFO org.apache.cassandra.db.ColumnFamilyStore - Initializing system.peers
01:01:47.399 [pool-2-thread-1] INFO org.apache.cassandra.db.ColumnFamilyStore - Initializing system.peer_events
01:01:47.409 [pool-2-thread-1] INFO org.apache.cassandra.db.ColumnFamilyStore - Initializing system.range_xfers
01:01:47.415 [pool-2-thread-1] INFO org.apache.cassandra.db.ColumnFamilyStore - Initializing system.compaction_history
01:01:47.421 [pool-2-thread-1] INFO org.apache.cassandra.db.ColumnFamilyStore - Initializing system.sstable_activity
01:01:47.428 [pool-2-thread-1] INFO org.apache.cassandra.db.ColumnFamilyStore - Initializing system.size_estimates
01:01:47.438 [pool-2-thread-1] INFO org.apache.cassandra.db.ColumnFamilyStore - Initializing system.available_ranges
01:01:47.444 [pool-2-thread-1] INFO org.apache.cassandra.db.ColumnFamilyStore - Initializing system.transferred_ranges
01:01:47.451 [pool-2-thread-1] INFO org.apache.cassandra.db.ColumnFamilyStore - Initializing system.views_builds_in_progress
01:01:47.457 [pool-2-thread-1] INFO org.apache.cassandra.db.ColumnFamilyStore - Initializing system.built_views
01:01:47.462 [pool-2-thread-1] INFO org.apache.cassandra.db.ColumnFamilyStore - Initializing system.hints
01:01:47.468 [pool-2-thread-1] INFO org.apache.cassandra.db.ColumnFamilyStore - Initializing system.batchlog
01:01:47.477 [pool-2-thread-1] INFO org.apache.cassandra.db.ColumnFamilyStore - Initializing system.prepared_statements
01:01:47.489 [pool-2-thread-1] INFO org.apache.cassandra.db.ColumnFamilyStore - Initializing system.schema_keyspaces
01:01:47.497 [pool-2-thread-1] INFO org.apache.cassandra.db.ColumnFamilyStore - Initializing system.schema_columnfamilies
01:01:47.504 [pool-2-thread-1] INFO org.apache.cassandra.db.ColumnFamilyStore - Initializing system.schema_columns
01:01:47.512 [pool-2-thread-1] INFO org.apache.cassandra.db.ColumnFamilyStore - Initializing system.schema_triggers
01:01:47.519 [pool-2-thread-1] INFO org.apache.cassandra.db.ColumnFamilyStore - Initializing system.schema_usertypes
01:01:47.526 [pool-2-thread-1] INFO org.apache.cassandra.db.ColumnFamilyStore - Initializing system.schema_functions
01:01:47.536 [pool-2-thread-1] INFO org.apache.cassandra.db.ColumnFamilyStore - Initializing system.schema_aggregates
01:01:47.538 [pool-2-thread-1] INFO org.apache.cassandra.db.view.ViewManager - Not submitting build tasks for views in keyspace system as storage service is not initialized
01:01:47.802 [pool-2-thread-1] INFO org.apache.cassandra.db.monitoring.ApproximateTime - Scheduling approximate time-check task with a precision of 10 milliseconds
01:01:48.001 [COMMIT-LOG-ALLOCATOR] DEBUG org.apache.cassandra.db.commitlog.AbstractCommitLogSegmentManager - No segments in reserve; creating a fresh one
01:01:48.143 [pool-2-thread-1] INFO org.apache.cassandra.service.CacheService - Initializing key cache with capacity of 12 MBs.
01:01:48.172 [pool-2-thread-1] INFO org.apache.cassandra.service.CacheService - Initializing row cache with capacity of 0 MBs
01:01:48.176 [pool-2-thread-1] INFO org.apache.cassandra.service.CacheService - Initializing counter cache with capacity of 6 MBs
01:01:48.178 [pool-2-thread-1] INFO org.apache.cassandra.service.CacheService - Scheduling counter cache save to every 7200 seconds (going to save all keys).
01:01:48.203 [pool-2-thread-1] INFO org.apache.cassandra.service.StorageService - Populating token metadata from system tables
01:01:48.220 [pool-2-thread-1] DEBUG org.apache.cassandra.config.YamlConfigurationLoader - Loading settings from file:/Users/ntj8189/Documents/workspace/MyRetail/target/embeddedCassandra/cu-cassandra.yaml
01:01:48.242 [pool-2-thread-1] INFO org.apache.cassandra.service.StorageService - Token metadata: 
01:01:48.257 [pool-2-thread-1] INFO org.apache.cassandra.db.ColumnFamilyStore - Initializing system_schema.keyspaces
01:01:48.260 [pool-2-thread-1] INFO org.apache.cassandra.db.ColumnFamilyStore - Initializing system_schema.tables
01:01:48.263 [pool-2-thread-1] INFO org.apache.cassandra.db.ColumnFamilyStore - Initializing system_schema.columns
01:01:48.267 [pool-2-thread-1] INFO org.apache.cassandra.db.ColumnFamilyStore - Initializing system_schema.triggers
01:01:48.270 [pool-2-thread-1] INFO org.apache.cassandra.db.ColumnFamilyStore - Initializing system_schema.dropped_columns
01:01:48.273 [pool-2-thread-1] INFO org.apache.cassandra.db.ColumnFamilyStore - Initializing system_schema.views
01:01:48.276 [pool-2-thread-1] INFO org.apache.cassandra.db.ColumnFamilyStore - Initializing system_schema.types
01:01:48.281 [pool-2-thread-1] INFO org.apache.cassandra.db.ColumnFamilyStore - Initializing system_schema.functions
01:01:48.288 [pool-2-thread-1] INFO org.apache.cassandra.db.ColumnFamilyStore - Initializing system_schema.aggregates
01:01:48.295 [pool-2-thread-1] INFO org.apache.cassandra.db.ColumnFamilyStore - Initializing system_schema.indexes
01:01:48.298 [pool-2-thread-1] INFO org.apache.cassandra.db.view.ViewManager - Not submitting build tasks for views in keyspace system_schema as storage service is not initialized
01:01:48.317 [pool-2-thread-1] DEBUG org.apache.cassandra.service.CassandraDaemon - opening keyspace system
01:01:48.318 [pool-2-thread-1] DEBUG org.apache.cassandra.service.CassandraDaemon - opening keyspace system_schema
01:01:48.394 [pool-2-thread-1] INFO org.apache.cassandra.db.commitlog.CommitLog - No commitlog files found; skipping replay
01:01:48.394 [pool-2-thread-1] INFO org.apache.cassandra.service.StorageService - Populating token metadata from system tables
01:01:48.395 [pool-2-thread-1] DEBUG org.apache.cassandra.config.YamlConfigurationLoader - Loading settings from file:/Users/ntj8189/Documents/workspace/MyRetail/target/embeddedCassandra/cu-cassandra.yaml
01:01:48.403 [pool-2-thread-1] INFO org.apache.cassandra.service.StorageService - Token metadata: 
01:01:48.545 [pool-2-thread-1] INFO org.apache.cassandra.cql3.QueryProcessor - Preloaded 0 prepared statements
01:01:48.547 [pool-2-thread-1] INFO org.apache.cassandra.service.StorageService - Cassandra version: 3.11.0
01:01:48.547 [pool-2-thread-1] INFO org.apache.cassandra.service.StorageService - Thrift API version: 20.1.0
01:01:48.547 [pool-2-thread-1] INFO org.apache.cassandra.service.StorageService - CQL supported versions: 3.4.4 (default: 3.4.4)
01:01:48.548 [pool-2-thread-1] INFO org.apache.cassandra.service.StorageService - Native protocol supported versions: 3/v3, 4/v4, 5/v5-beta (default: 4/v4)
01:01:48.642 [pool-2-thread-1] INFO org.apache.cassandra.io.sstable.IndexSummaryManager - Initializing index summary manager with a memory pool size of 12 MB and a resize interval of 60 minutes
01:01:48.660 [pool-2-thread-1] INFO org.apache.cassandra.net.MessagingService - Starting Messaging Service on /127.0.0.1:7010 (lo0)
01:01:48.669 [pool-2-thread-1] WARN org.apache.cassandra.db.SystemKeyspace - No host ID found, created 41533d8b-8cd1-4626-b85b-5ee5b3487e3b (Note: This should happen exactly once per node).
01:01:48.670 [pool-2-thread-1] DEBUG org.apache.cassandra.service.StorageService - Starting shadow gossip round to check for endpoint collision
01:01:48.679 [pool-2-thread-1] DEBUG org.apache.cassandra.config.YamlConfigurationLoader - Loading settings from file:/Users/ntj8189/Documents/workspace/MyRetail/target/embeddedCassandra/cu-cassandra.yaml
01:01:48.692 [pool-2-thread-1] DEBUG org.apache.cassandra.config.YamlConfigurationLoader - Loading settings from file:/Users/ntj8189/Documents/workspace/MyRetail/target/embeddedCassandra/cu-cassandra.yaml
01:01:48.701 [pool-2-thread-1] DEBUG org.apache.cassandra.config.YamlConfigurationLoader - Loading settings from file:/Users/ntj8189/Documents/workspace/MyRetail/target/embeddedCassandra/cu-cassandra.yaml
01:01:48.719 [pool-2-thread-1] INFO org.apache.cassandra.service.StorageService - Loading persisted ring state
01:01:48.720 [pool-2-thread-1] INFO org.apache.cassandra.service.StorageService - Starting up server gossip
01:01:48.723 [pool-2-thread-1] DEBUG org.apache.cassandra.config.YamlConfigurationLoader - Loading settings from file:/Users/ntj8189/Documents/workspace/MyRetail/target/embeddedCassandra/cu-cassandra.yaml
01:01:48.748 [pool-2-thread-1] DEBUG org.apache.cassandra.service.MigrationManager - Gossiping my schema version 59adb24e-f3cd-3e02-97f0-5b395827453f
01:01:48.759 [pool-2-thread-1] DEBUG org.apache.cassandra.config.YamlConfigurationLoader - Loading settings from file:/Users/ntj8189/Documents/workspace/MyRetail/target/embeddedCassandra/cu-cassandra.yaml
01:01:48.766 [pool-2-thread-1] DEBUG org.apache.cassandra.service.StorageService - Bootstrap variables: true false false true
01:01:48.767 [pool-2-thread-1] DEBUG org.apache.cassandra.config.YamlConfigurationLoader - Loading settings from file:/Users/ntj8189/Documents/workspace/MyRetail/target/embeddedCassandra/cu-cassandra.yaml
01:01:48.774 [pool-2-thread-1] INFO org.apache.cassandra.service.StorageService - This node will not auto bootstrap because it is configured to be a seed node.
01:01:48.776 [pool-2-thread-1] DEBUG org.apache.cassandra.config.YamlConfigurationLoader - Loading settings from file:/Users/ntj8189/Documents/workspace/MyRetail/target/embeddedCassandra/cu-cassandra.yaml
01:01:48.795 [pool-2-thread-1] WARN org.apache.cassandra.service.StorageService - Generated random token [9043347465386197504]. Random tokens will result in an unbalanced ring; see http://wiki.apache.org/cassandra/Operations
01:01:48.803 [pool-2-thread-1] INFO org.apache.cassandra.service.MigrationManager - Create new Keyspace: KeyspaceMetadata{name=system_traces, params=KeyspaceParams{durable_writes=true, replication=ReplicationParams{class=org.apache.cassandra.locator.SimpleStrategy, replication_factor=2}}, tables=[org.apache.cassandra.config.CFMetaData@76506568[cfId=c5e99f16-8677-3914-b17e-960613512345,ksName=system_traces,cfName=sessions,flags=[COMPOUND],params=TableParams{comment=tracing sessions, read_repair_chance=0.0, dclocal_read_repair_chance=0.0, bloom_filter_fp_chance=0.01, crc_check_chance=1.0, gc_grace_seconds=0, default_time_to_live=0, memtable_flush_period_in_ms=3600000, min_index_interval=128, max_index_interval=2048, speculative_retry=99PERCENTILE, caching={'keys' : 'ALL', 'rows_per_partition' : 'NONE'}, compaction=CompactionParams{class=org.apache.cassandra.db.compaction.SizeTieredCompactionStrategy, options={min_threshold=4, max_threshold=32}}, compression=org.apache.cassandra.schema.CompressionParams@ad345910, extensions={}, cdc=false},comparator=comparator(),partitionColumns=[[] | [client command coordinator duration request started_at parameters]],partitionKeyColumns=[session_id],clusteringColumns=[],keyValidator=org.apache.cassandra.db.marshal.UUIDType,columnMetadata=[client, command, session_id, coordinator, request, started_at, duration, parameters],droppedColumns={},triggers=[],indexes=[]], org.apache.cassandra.config.CFMetaData@18da1d4d[cfId=8826e8e9-e16a-3728-8753-3bc1fc713c25,ksName=system_traces,cfName=events,flags=[COMPOUND],params=TableParams{comment=tracing events, read_repair_chance=0.0, dclocal_read_repair_chance=0.0, bloom_filter_fp_chance=0.01, crc_check_chance=1.0, gc_grace_seconds=0, default_time_to_live=0, memtable_flush_period_in_ms=3600000, min_index_interval=128, max_index_interval=2048, speculative_retry=99PERCENTILE, caching={'keys' : 'ALL', 'rows_per_partition' : 'NONE'}, compaction=CompactionParams{class=org.apache.cassandra.db.compaction.SizeTieredCompactionStrategy, options={min_threshold=4, max_threshold=32}}, compression=org.apache.cassandra.schema.CompressionParams@ad345910, extensions={}, cdc=false},comparator=comparator(org.apache.cassandra.db.marshal.TimeUUIDType),partitionColumns=[[] | [activity source source_elapsed thread]],partitionKeyColumns=[session_id],clusteringColumns=[event_id],keyValidator=org.apache.cassandra.db.marshal.UUIDType,columnMetadata=[activity, session_id, thread, event_id, source, source_elapsed],droppedColumns={},triggers=[],indexes=[]]], views=[], functions=[], types=[]}
01:01:48.901 [MigrationStage:1] INFO org.apache.cassandra.db.view.ViewManager - Not submitting build tasks for views in keyspace system_traces as storage service is not initialized
01:01:48.908 [MigrationStage:1] INFO org.apache.cassandra.db.ColumnFamilyStore - Initializing system_traces.events
01:01:48.912 [MigrationStage:1] DEBUG org.apache.cassandra.config.Schema - Adding org.apache.cassandra.config.CFMetaData@a66e4d9[cfId=8826e8e9-e16a-3728-8753-3bc1fc713c25,ksName=system_traces,cfName=events,flags=[COMPOUND],params=TableParams{comment=tracing events, read_repair_chance=0.0, dclocal_read_repair_chance=0.0, bloom_filter_fp_chance=0.01, crc_check_chance=1.0, gc_grace_seconds=0, default_time_to_live=0, memtable_flush_period_in_ms=3600000, min_index_interval=128, max_index_interval=2048, speculative_retry=99PERCENTILE, caching={'keys' : 'ALL', 'rows_per_partition' : 'NONE'}, compaction=CompactionParams{class=org.apache.cassandra.db.compaction.SizeTieredCompactionStrategy, options={max_threshold=32, min_threshold=4}}, compression=org.apache.cassandra.schema.CompressionParams@ad345910, extensions={}, cdc=false},comparator=comparator(org.apache.cassandra.db.marshal.TimeUUIDType),partitionColumns=[[] | [activity source source_elapsed thread]],partitionKeyColumns=[session_id],clusteringColumns=[event_id],keyValidator=org.apache.cassandra.db.marshal.UUIDType,columnMetadata=[activity, session_id, thread, event_id, source, source_elapsed],droppedColumns={},triggers=[],indexes=[]] to cfIdMap
01:01:48.918 [MigrationStage:1] INFO org.apache.cassandra.db.ColumnFamilyStore - Initializing system_traces.sessions
01:01:48.919 [MigrationStage:1] DEBUG org.apache.cassandra.config.Schema - Adding org.apache.cassandra.config.CFMetaData@44a6a4bb[cfId=c5e99f16-8677-3914-b17e-960613512345,ksName=system_traces,cfName=sessions,flags=[COMPOUND],params=TableParams{comment=tracing sessions, read_repair_chance=0.0, dclocal_read_repair_chance=0.0, bloom_filter_fp_chance=0.01, crc_check_chance=1.0, gc_grace_seconds=0, default_time_to_live=0, memtable_flush_period_in_ms=3600000, min_index_interval=128, max_index_interval=2048, speculative_retry=99PERCENTILE, caching={'keys' : 'ALL', 'rows_per_partition' : 'NONE'}, compaction=CompactionParams{class=org.apache.cassandra.db.compaction.SizeTieredCompactionStrategy, options={max_threshold=32, min_threshold=4}}, compression=org.apache.cassandra.schema.CompressionParams@ad345910, extensions={}, cdc=false},comparator=comparator(),partitionColumns=[[] | [client command coordinator duration request started_at parameters]],partitionKeyColumns=[session_id],clusteringColumns=[],keyValidator=org.apache.cassandra.db.marshal.UUIDType,columnMetadata=[client, command, session_id, coordinator, request, started_at, duration, parameters],droppedColumns={},triggers=[],indexes=[]] to cfIdMap
01:01:48.937 [MigrationStage:1] DEBUG org.apache.cassandra.service.MigrationManager - Gossiping my schema version 07bf4391-edab-3c2c-bc9a-e6c6d0b3ce47
01:01:48.945 [pool-2-thread-1] INFO org.apache.cassandra.service.MigrationManager - Create new Keyspace: KeyspaceMetadata{name=system_distributed, params=KeyspaceParams{durable_writes=true, replication=ReplicationParams{class=org.apache.cassandra.locator.SimpleStrategy, replication_factor=3}}, tables=[org.apache.cassandra.config.CFMetaData@78b044d6[cfId=759fffad-624b-3181-80ee-fa9a52d1f627,ksName=system_distributed,cfName=repair_history,flags=[COMPOUND],params=TableParams{comment=Repair history, read_repair_chance=0.0, dclocal_read_repair_chance=0.0, bloom_filter_fp_chance=0.01, crc_check_chance=1.0, gc_grace_seconds=864000, default_time_to_live=0, memtable_flush_period_in_ms=3600000, min_index_interval=128, max_index_interval=2048, speculative_retry=99PERCENTILE, caching={'keys' : 'ALL', 'rows_per_partition' : 'NONE'}, compaction=CompactionParams{class=org.apache.cassandra.db.compaction.SizeTieredCompactionStrategy, options={min_threshold=4, max_threshold=32}}, compression=org.apache.cassandra.schema.CompressionParams@ad345910, extensions={}, cdc=false},comparator=comparator(org.apache.cassandra.db.marshal.TimeUUIDType),partitionColumns=[[] | [coordinator exception_message exception_stacktrace finished_at parent_id range_begin range_end started_at status participants]],partitionKeyColumns=[keyspace_name, columnfamily_name],clusteringColumns=[id],keyValidator=org.apache.cassandra.db.marshal.CompositeType(org.apache.cassandra.db.marshal.UTF8Type,org.apache.cassandra.db.marshal.UTF8Type),columnMetadata=[status, id, coordinator, finished_at, participants, exception_stacktrace, parent_id, range_end, range_begin, exception_message, keyspace_name, started_at, columnfamily_name],droppedColumns={},triggers=[],indexes=[]], org.apache.cassandra.config.CFMetaData@6c926969[cfId=deabd734-b99d-3b9c-92e5-fd92eb5abf14,ksName=system_distributed,cfName=parent_repair_history,flags=[COMPOUND],params=TableParams{comment=Repair history, read_repair_chance=0.0, dclocal_read_repair_chance=0.0, bloom_filter_fp_chance=0.01, crc_check_chance=1.0, gc_grace_seconds=864000, default_time_to_live=0, memtable_flush_period_in_ms=3600000, min_index_interval=128, max_index_interval=2048, speculative_retry=99PERCENTILE, caching={'keys' : 'ALL', 'rows_per_partition' : 'NONE'}, compaction=CompactionParams{class=org.apache.cassandra.db.compaction.SizeTieredCompactionStrategy, options={min_threshold=4, max_threshold=32}}, compression=org.apache.cassandra.schema.CompressionParams@ad345910, extensions={}, cdc=false},comparator=comparator(),partitionColumns=[[] | [exception_message exception_stacktrace finished_at keyspace_name started_at columnfamily_names options requested_ranges successful_ranges]],partitionKeyColumns=[parent_id],clusteringColumns=[],keyValidator=org.apache.cassandra.db.marshal.TimeUUIDType,columnMetadata=[requested_ranges, exception_message, keyspace_name, successful_ranges, started_at, finished_at, options, exception_stacktrace, parent_id, columnfamily_names],droppedColumns={},triggers=[],indexes=[]], org.apache.cassandra.config.CFMetaData@5a07a7a[cfId=5582b59f-8e4e-35e1-b913-3acada51eb04,ksName=system_distributed,cfName=view_build_status,flags=[COMPOUND],params=TableParams{comment=Materialized View build status, read_repair_chance=0.0, dclocal_read_repair_chance=0.0, bloom_filter_fp_chance=0.01, crc_check_chance=1.0, gc_grace_seconds=864000, default_time_to_live=0, memtable_flush_period_in_ms=3600000, min_index_interval=128, max_index_interval=2048, speculative_retry=99PERCENTILE, caching={'keys' : 'ALL', 'rows_per_partition' : 'NONE'}, compaction=CompactionParams{class=org.apache.cassandra.db.compaction.SizeTieredCompactionStrategy, options={min_threshold=4, max_threshold=32}}, compression=org.apache.cassandra.schema.CompressionParams@ad345910, extensions={}, cdc=false},comparator=comparator(org.apache.cassandra.db.marshal.UUIDType),partitionColumns=[[] | [status]],partitionKeyColumns=[keyspace_name, view_name],clusteringColumns=[host_id],keyValidator=org.apache.cassandra.db.marshal.CompositeType(org.apache.cassandra.db.marshal.UTF8Type,org.apache.cassandra.db.marshal.UTF8Type),columnMetadata=[view_name, status, keyspace_name, host_id],droppedColumns={},triggers=[],indexes=[]]], views=[], functions=[], types=[]}
01:01:48.967 [MigrationStage:1] INFO org.apache.cassandra.db.view.ViewManager - Not submitting build tasks for views in keyspace system_distributed as storage service is not initialized
01:01:48.972 [MigrationStage:1] INFO org.apache.cassandra.db.ColumnFamilyStore - Initializing system_distributed.parent_repair_history
01:01:48.973 [MigrationStage:1] DEBUG org.apache.cassandra.config.Schema - Adding org.apache.cassandra.config.CFMetaData@5281c2a4[cfId=deabd734-b99d-3b9c-92e5-fd92eb5abf14,ksName=system_distributed,cfName=parent_repair_history,flags=[COMPOUND],params=TableParams{comment=Repair history, read_repair_chance=0.0, dclocal_read_repair_chance=0.0, bloom_filter_fp_chance=0.01, crc_check_chance=1.0, gc_grace_seconds=864000, default_time_to_live=0, memtable_flush_period_in_ms=3600000, min_index_interval=128, max_index_interval=2048, speculative_retry=99PERCENTILE, caching={'keys' : 'ALL', 'rows_per_partition' : 'NONE'}, compaction=CompactionParams{class=org.apache.cassandra.db.compaction.SizeTieredCompactionStrategy, options={max_threshold=32, min_threshold=4}}, compression=org.apache.cassandra.schema.CompressionParams@ad345910, extensions={}, cdc=false},comparator=comparator(),partitionColumns=[[] | [exception_message exception_stacktrace finished_at keyspace_name started_at columnfamily_names options requested_ranges successful_ranges]],partitionKeyColumns=[parent_id],clusteringColumns=[],keyValidator=org.apache.cassandra.db.marshal.TimeUUIDType,columnMetadata=[requested_ranges, exception_message, keyspace_name, successful_ranges, started_at, finished_at, options, exception_stacktrace, parent_id, columnfamily_names],droppedColumns={},triggers=[],indexes=[]] to cfIdMap
01:01:48.982 [MigrationStage:1] INFO org.apache.cassandra.db.ColumnFamilyStore - Initializing system_distributed.repair_history
01:01:48.987 [MigrationStage:1] DEBUG org.apache.cassandra.config.Schema - Adding org.apache.cassandra.config.CFMetaData@5f737c97[cfId=759fffad-624b-3181-80ee-fa9a52d1f627,ksName=system_distributed,cfName=repair_history,flags=[COMPOUND],params=TableParams{comment=Repair history, read_repair_chance=0.0, dclocal_read_repair_chance=0.0, bloom_filter_fp_chance=0.01, crc_check_chance=1.0, gc_grace_seconds=864000, default_time_to_live=0, memtable_flush_period_in_ms=3600000, min_index_interval=128, max_index_interval=2048, speculative_retry=99PERCENTILE, caching={'keys' : 'ALL', 'rows_per_partition' : 'NONE'}, compaction=CompactionParams{class=org.apache.cassandra.db.compaction.SizeTieredCompactionStrategy, options={max_threshold=32, min_threshold=4}}, compression=org.apache.cassandra.schema.CompressionParams@ad345910, extensions={}, cdc=false},comparator=comparator(org.apache.cassandra.db.marshal.TimeUUIDType),partitionColumns=[[] | [coordinator exception_message exception_stacktrace finished_at parent_id range_begin range_end started_at status participants]],partitionKeyColumns=[keyspace_name, columnfamily_name],clusteringColumns=[id],keyValidator=org.apache.cassandra.db.marshal.CompositeType(org.apache.cassandra.db.marshal.UTF8Type,org.apache.cassandra.db.marshal.UTF8Type),columnMetadata=[status, id, coordinator, finished_at, participants, exception_stacktrace, parent_id, range_end, range_begin, exception_message, keyspace_name, started_at, columnfamily_name],droppedColumns={},triggers=[],indexes=[]] to cfIdMap
01:01:48.992 [MigrationStage:1] INFO org.apache.cassandra.db.ColumnFamilyStore - Initializing system_distributed.view_build_status
01:01:48.993 [MigrationStage:1] DEBUG org.apache.cassandra.config.Schema - Adding org.apache.cassandra.config.CFMetaData@71d696cd[cfId=5582b59f-8e4e-35e1-b913-3acada51eb04,ksName=system_distributed,cfName=view_build_status,flags=[COMPOUND],params=TableParams{comment=Materialized View build status, read_repair_chance=0.0, dclocal_read_repair_chance=0.0, bloom_filter_fp_chance=0.01, crc_check_chance=1.0, gc_grace_seconds=864000, default_time_to_live=0, memtable_flush_period_in_ms=3600000, min_index_interval=128, max_index_interval=2048, speculative_retry=99PERCENTILE, caching={'keys' : 'ALL', 'rows_per_partition' : 'NONE'}, compaction=CompactionParams{class=org.apache.cassandra.db.compaction.SizeTieredCompactionStrategy, options={max_threshold=32, min_threshold=4}}, compression=org.apache.cassandra.schema.CompressionParams@ad345910, extensions={}, cdc=false},comparator=comparator(org.apache.cassandra.db.marshal.UUIDType),partitionColumns=[[] | [status]],partitionKeyColumns=[keyspace_name, view_name],clusteringColumns=[host_id],keyValidator=org.apache.cassandra.db.marshal.CompositeType(org.apache.cassandra.db.marshal.UTF8Type,org.apache.cassandra.db.marshal.UTF8Type),columnMetadata=[view_name, status, keyspace_name, host_id],droppedColumns={},triggers=[],indexes=[]] to cfIdMap
01:01:49.000 [MigrationStage:1] DEBUG org.apache.cassandra.service.MigrationManager - Gossiping my schema version 08893979-e349-379e-bf65-9da68db0f84b
01:01:49.001 [pool-2-thread-1] INFO org.apache.cassandra.service.StorageService - JOINING: Finish joining ring
01:01:49.005 [pool-2-thread-1] DEBUG org.apache.cassandra.service.StorageService - Setting tokens to [9043347465386197504]
01:01:49.015 [pool-2-thread-1] DEBUG org.apache.cassandra.service.StorageService - Node /127.0.0.1 state NORMAL, token [9043347465386197504]
01:01:49.017 [pool-2-thread-1] DEBUG org.apache.cassandra.service.StorageService - New node /127.0.0.1 at token 9043347465386197504
01:01:49.037 [pool-2-thread-1] DEBUG org.apache.cassandra.service.StorageService - NORMAL
01:01:49.040 [pool-2-thread-1] INFO org.apache.cassandra.service.MigrationManager - Create new Keyspace: KeyspaceMetadata{name=system_auth, params=KeyspaceParams{durable_writes=true, replication=ReplicationParams{class=org.apache.cassandra.locator.SimpleStrategy, replication_factor=1}}, tables=[org.apache.cassandra.config.CFMetaData@5fd5d7ac[cfId=5bc52802-de25-35ed-aeab-188eecebb090,ksName=system_auth,cfName=roles,flags=[COMPOUND],params=TableParams{comment=role definitions, read_repair_chance=0.0, dclocal_read_repair_chance=0.0, bloom_filter_fp_chance=0.01, crc_check_chance=1.0, gc_grace_seconds=7776000, default_time_to_live=0, memtable_flush_period_in_ms=3600000, min_index_interval=128, max_index_interval=2048, speculative_retry=99PERCENTILE, caching={'keys' : 'ALL', 'rows_per_partition' : 'NONE'}, compaction=CompactionParams{class=org.apache.cassandra.db.compaction.SizeTieredCompactionStrategy, options={min_threshold=4, max_threshold=32}}, compression=org.apache.cassandra.schema.CompressionParams@ad345910, extensions={}, cdc=false},comparator=comparator(),partitionColumns=[[] | [can_login is_superuser salted_hash member_of]],partitionKeyColumns=[role],clusteringColumns=[],keyValidator=org.apache.cassandra.db.marshal.UTF8Type,columnMetadata=[salted_hash, member_of, role, can_login, is_superuser],droppedColumns={},triggers=[],indexes=[]], org.apache.cassandra.config.CFMetaData@1c74711e[cfId=0ecdaa87-f8fb-3e60-88d1-74fb36fe5c0d,ksName=system_auth,cfName=role_members,flags=[COMPOUND],params=TableParams{comment=role memberships lookup table, read_repair_chance=0.0, dclocal_read_repair_chance=0.0, bloom_filter_fp_chance=0.01, crc_check_chance=1.0, gc_grace_seconds=7776000, default_time_to_live=0, memtable_flush_period_in_ms=3600000, min_index_interval=128, max_index_interval=2048, speculative_retry=99PERCENTILE, caching={'keys' : 'ALL', 'rows_per_partition' : 'NONE'}, compaction=CompactionParams{class=org.apache.cassandra.db.compaction.SizeTieredCompactionStrategy, options={min_threshold=4, max_threshold=32}}, compression=org.apache.cassandra.schema.CompressionParams@ad345910, extensions={}, cdc=false},comparator=comparator(org.apache.cassandra.db.marshal.UTF8Type),partitionColumns=[[] | []],partitionKeyColumns=[role],clusteringColumns=[member],keyValidator=org.apache.cassandra.db.marshal.UTF8Type,columnMetadata=[role, member],droppedColumns={},triggers=[],indexes=[]], org.apache.cassandra.config.CFMetaData@279797e1[cfId=3afbe79f-2194-31a7-add7-f5ab90d8ec9c,ksName=system_auth,cfName=role_permissions,flags=[COMPOUND],params=TableParams{comment=permissions granted to db roles, read_repair_chance=0.0, dclocal_read_repair_chance=0.0, bloom_filter_fp_chance=0.01, crc_check_chance=1.0, gc_grace_seconds=7776000, default_time_to_live=0, memtable_flush_period_in_ms=3600000, min_index_interval=128, max_index_interval=2048, speculative_retry=99PERCENTILE, caching={'keys' : 'ALL', 'rows_per_partition' : 'NONE'}, compaction=CompactionParams{class=org.apache.cassandra.db.compaction.SizeTieredCompactionStrategy, options={min_threshold=4, max_threshold=32}}, compression=org.apache.cassandra.schema.CompressionParams@ad345910, extensions={}, cdc=false},comparator=comparator(org.apache.cassandra.db.marshal.UTF8Type),partitionColumns=[[] | [permissions]],partitionKeyColumns=[role],clusteringColumns=[resource],keyValidator=org.apache.cassandra.db.marshal.UTF8Type,columnMetadata=[resource, permissions, role],droppedColumns={},triggers=[],indexes=[]], org.apache.cassandra.config.CFMetaData@54e52f0f[cfId=5f2fbdad-91f1-3946-bd25-d5da3a5c35ec,ksName=system_auth,cfName=resource_role_permissons_index,flags=[COMPOUND],params=TableParams{comment=index of db roles with permissions granted on a resource, read_repair_chance=0.0, dclocal_read_repair_chance=0.0, bloom_filter_fp_chance=0.01, crc_check_chance=1.0, gc_grace_seconds=7776000, default_time_to_live=0, memtable_flush_period_in_ms=3600000, min_index_interval=128, max_index_interval=2048, speculative_retry=99PERCENTILE, caching={'keys' : 'ALL', 'rows_per_partition' : 'NONE'}, compaction=CompactionParams{class=org.apache.cassandra.db.compaction.SizeTieredCompactionStrategy, options={min_threshold=4, max_threshold=32}}, compression=org.apache.cassandra.schema.CompressionParams@ad345910, extensions={}, cdc=false},comparator=comparator(org.apache.cassandra.db.marshal.UTF8Type),partitionColumns=[[] | []],partitionKeyColumns=[resource],clusteringColumns=[role],keyValidator=org.apache.cassandra.db.marshal.UTF8Type,columnMetadata=[resource, role],droppedColumns={},triggers=[],indexes=[]]], views=[], functions=[], types=[]}
01:01:49.059 [MigrationStage:1] INFO org.apache.cassandra.db.view.ViewManager - Not submitting build tasks for views in keyspace system_auth as storage service is not initialized
01:01:49.063 [MigrationStage:1] INFO org.apache.cassandra.db.ColumnFamilyStore - Initializing system_auth.resource_role_permissons_index
01:01:49.064 [MigrationStage:1] DEBUG org.apache.cassandra.config.Schema - Adding org.apache.cassandra.config.CFMetaData@4a5ce26d[cfId=5f2fbdad-91f1-3946-bd25-d5da3a5c35ec,ksName=system_auth,cfName=resource_role_permissons_index,flags=[COMPOUND],params=TableParams{comment=index of db roles with permissions granted on a resource, read_repair_chance=0.0, dclocal_read_repair_chance=0.0, bloom_filter_fp_chance=0.01, crc_check_chance=1.0, gc_grace_seconds=7776000, default_time_to_live=0, memtable_flush_period_in_ms=3600000, min_index_interval=128, max_index_interval=2048, speculative_retry=99PERCENTILE, caching={'keys' : 'ALL', 'rows_per_partition' : 'NONE'}, compaction=CompactionParams{class=org.apache.cassandra.db.compaction.SizeTieredCompactionStrategy, options={max_threshold=32, min_threshold=4}}, compression=org.apache.cassandra.schema.CompressionParams@ad345910, extensions={}, cdc=false},comparator=comparator(org.apache.cassandra.db.marshal.UTF8Type),partitionColumns=[[] | []],partitionKeyColumns=[resource],clusteringColumns=[role],keyValidator=org.apache.cassandra.db.marshal.UTF8Type,columnMetadata=[resource, role],droppedColumns={},triggers=[],indexes=[]] to cfIdMap
01:01:49.068 [MigrationStage:1] INFO org.apache.cassandra.db.ColumnFamilyStore - Initializing system_auth.role_members
01:01:49.069 [MigrationStage:1] DEBUG org.apache.cassandra.config.Schema - Adding org.apache.cassandra.config.CFMetaData@7ff852fc[cfId=0ecdaa87-f8fb-3e60-88d1-74fb36fe5c0d,ksName=system_auth,cfName=role_members,flags=[COMPOUND],params=TableParams{comment=role memberships lookup table, read_repair_chance=0.0, dclocal_read_repair_chance=0.0, bloom_filter_fp_chance=0.01, crc_check_chance=1.0, gc_grace_seconds=7776000, default_time_to_live=0, memtable_flush_period_in_ms=3600000, min_index_interval=128, max_index_interval=2048, speculative_retry=99PERCENTILE, caching={'keys' : 'ALL', 'rows_per_partition' : 'NONE'}, compaction=CompactionParams{class=org.apache.cassandra.db.compaction.SizeTieredCompactionStrategy, options={max_threshold=32, min_threshold=4}}, compression=org.apache.cassandra.schema.CompressionParams@ad345910, extensions={}, cdc=false},comparator=comparator(org.apache.cassandra.db.marshal.UTF8Type),partitionColumns=[[] | []],partitionKeyColumns=[role],clusteringColumns=[member],keyValidator=org.apache.cassandra.db.marshal.UTF8Type,columnMetadata=[role, member],droppedColumns={},triggers=[],indexes=[]] to cfIdMap
01:01:49.073 [MigrationStage:1] INFO org.apache.cassandra.db.ColumnFamilyStore - Initializing system_auth.role_permissions
01:01:49.074 [MigrationStage:1] DEBUG org.apache.cassandra.config.Schema - Adding org.apache.cassandra.config.CFMetaData@4e9a0743[cfId=3afbe79f-2194-31a7-add7-f5ab90d8ec9c,ksName=system_auth,cfName=role_permissions,flags=[COMPOUND],params=TableParams{comment=permissions granted to db roles, read_repair_chance=0.0, dclocal_read_repair_chance=0.0, bloom_filter_fp_chance=0.01, crc_check_chance=1.0, gc_grace_seconds=7776000, default_time_to_live=0, memtable_flush_period_in_ms=3600000, min_index_interval=128, max_index_interval=2048, speculative_retry=99PERCENTILE, caching={'keys' : 'ALL', 'rows_per_partition' : 'NONE'}, compaction=CompactionParams{class=org.apache.cassandra.db.compaction.SizeTieredCompactionStrategy, options={max_threshold=32, min_threshold=4}}, compression=org.apache.cassandra.schema.CompressionParams@ad345910, extensions={}, cdc=false},comparator=comparator(org.apache.cassandra.db.marshal.UTF8Type),partitionColumns=[[] | [permissions]],partitionKeyColumns=[role],clusteringColumns=[resource],keyValidator=org.apache.cassandra.db.marshal.UTF8Type,columnMetadata=[resource, permissions, role],droppedColumns={},triggers=[],indexes=[]] to cfIdMap
01:01:49.078 [MigrationStage:1] INFO org.apache.cassandra.db.ColumnFamilyStore - Initializing system_auth.roles
01:01:49.079 [MigrationStage:1] DEBUG org.apache.cassandra.config.Schema - Adding org.apache.cassandra.config.CFMetaData@21a905f3[cfId=5bc52802-de25-35ed-aeab-188eecebb090,ksName=system_auth,cfName=roles,flags=[COMPOUND],params=TableParams{comment=role definitions, read_repair_chance=0.0, dclocal_read_repair_chance=0.0, bloom_filter_fp_chance=0.01, crc_check_chance=1.0, gc_grace_seconds=7776000, default_time_to_live=0, memtable_flush_period_in_ms=3600000, min_index_interval=128, max_index_interval=2048, speculative_retry=99PERCENTILE, caching={'keys' : 'ALL', 'rows_per_partition' : 'NONE'}, compaction=CompactionParams{class=org.apache.cassandra.db.compaction.SizeTieredCompactionStrategy, options={max_threshold=32, min_threshold=4}}, compression=org.apache.cassandra.schema.CompressionParams@ad345910, extensions={}, cdc=false},comparator=comparator(),partitionColumns=[[] | [can_login is_superuser salted_hash member_of]],partitionKeyColumns=[role],clusteringColumns=[],keyValidator=org.apache.cassandra.db.marshal.UTF8Type,columnMetadata=[salted_hash, member_of, role, can_login, is_superuser],droppedColumns={},triggers=[],indexes=[]] to cfIdMap
01:01:49.091 [MigrationStage:1] DEBUG org.apache.cassandra.service.MigrationManager - Gossiping my schema version ea63e099-37c5-3d7b-9ace-32f4c833653d
01:01:49.145 [pool-2-thread-1] DEBUG org.cassandraunit.shaded.io.netty.channel.MultithreadEventLoopGroup - -Dio.netty.eventLoopThreads: 16
01:01:49.235 [pool-2-thread-1] DEBUG org.cassandraunit.shaded.io.netty.util.internal.PlatformDependent - -Dio.netty.noUnsafe: false
01:01:49.242 [pool-2-thread-1] DEBUG org.cassandraunit.shaded.io.netty.util.internal.PlatformDependent0 - java.nio.Buffer.address: available
01:01:49.244 [pool-2-thread-1] DEBUG org.cassandraunit.shaded.io.netty.util.internal.PlatformDependent0 - sun.misc.Unsafe.theUnsafe: available
01:01:49.247 [pool-2-thread-1] DEBUG org.cassandraunit.shaded.io.netty.util.internal.PlatformDependent0 - sun.misc.Unsafe.copyMemory: available
01:01:49.255 [pool-2-thread-1] DEBUG org.cassandraunit.shaded.io.netty.util.internal.PlatformDependent0 - direct buffer constructor: available
01:01:49.260 [pool-2-thread-1] DEBUG org.cassandraunit.shaded.io.netty.util.internal.PlatformDependent0 - java.nio.Bits.unaligned: available, true
01:01:49.260 [pool-2-thread-1] DEBUG org.cassandraunit.shaded.io.netty.util.internal.PlatformDependent0 - java.nio.DirectByteBuffer.<init>(long, int): available
01:01:49.262 [pool-2-thread-1] DEBUG org.cassandraunit.shaded.io.netty.util.internal.Cleaner0 - java.nio.ByteBuffer.cleaner(): available
01:01:49.266 [pool-2-thread-1] DEBUG org.cassandraunit.shaded.io.netty.util.internal.PlatformDependent - Java version: 8
01:01:49.266 [pool-2-thread-1] DEBUG org.cassandraunit.shaded.io.netty.util.internal.PlatformDependent - sun.misc.Unsafe: available
01:01:49.266 [pool-2-thread-1] DEBUG org.cassandraunit.shaded.io.netty.util.internal.PlatformDependent - -Dio.netty.noJavassist: false
01:01:49.503 [pool-2-thread-1] DEBUG org.cassandraunit.shaded.io.netty.util.internal.PlatformDependent - Javassist: available
01:01:49.503 [pool-2-thread-1] DEBUG org.cassandraunit.shaded.io.netty.util.internal.PlatformDependent - -Dio.netty.tmpdir: /var/folders/kj/mb0sytdn1zxgldzrbwt53ml80000gn/T (java.io.tmpdir)
01:01:49.503 [pool-2-thread-1] DEBUG org.cassandraunit.shaded.io.netty.util.internal.PlatformDependent - -Dio.netty.bitMode: 64 (sun.arch.data.model)
01:01:49.503 [pool-2-thread-1] DEBUG org.cassandraunit.shaded.io.netty.util.internal.PlatformDependent - -Dio.netty.noPreferDirect: false
01:01:49.503 [pool-2-thread-1] DEBUG org.cassandraunit.shaded.io.netty.util.internal.PlatformDependent - org.cassandraunit.shaded.io.netty.maxDirectMemory: 3817865216 bytes
01:01:49.574 [pool-2-thread-1] DEBUG org.cassandraunit.shaded.io.netty.channel.nio.NioEventLoop - -Dio.netty.noKeySetOptimization: false
01:01:49.574 [pool-2-thread-1] DEBUG org.cassandraunit.shaded.io.netty.channel.nio.NioEventLoop - -Dio.netty.selectorAutoRebuildThreshold: 512
01:01:49.596 [pool-2-thread-1] DEBUG org.cassandraunit.shaded.io.netty.util.internal.PlatformDependent - org.jctools-core.MpscChunkedArrayQueue: available
01:01:49.626 [pool-2-thread-1] INFO org.apache.cassandra.service.NativeTransportService - Netty using Java NIO event loop
01:01:49.713 [pool-2-thread-1] DEBUG org.cassandraunit.shaded.io.netty.buffer.PooledByteBufAllocator - -Dio.netty.allocator.numHeapArenas: 16
01:01:49.713 [pool-2-thread-1] DEBUG org.cassandraunit.shaded.io.netty.buffer.PooledByteBufAllocator - -Dio.netty.allocator.numDirectArenas: 16
01:01:49.713 [pool-2-thread-1] DEBUG org.cassandraunit.shaded.io.netty.buffer.PooledByteBufAllocator - -Dio.netty.allocator.pageSize: 8192
01:01:49.714 [pool-2-thread-1] DEBUG org.cassandraunit.shaded.io.netty.buffer.PooledByteBufAllocator - -Dio.netty.allocator.maxOrder: 11
01:01:49.714 [pool-2-thread-1] DEBUG org.cassandraunit.shaded.io.netty.buffer.PooledByteBufAllocator - -Dio.netty.allocator.chunkSize: 16777216
01:01:49.714 [pool-2-thread-1] DEBUG org.cassandraunit.shaded.io.netty.buffer.PooledByteBufAllocator - -Dio.netty.allocator.tinyCacheSize: 512
01:01:49.714 [pool-2-thread-1] DEBUG org.cassandraunit.shaded.io.netty.buffer.PooledByteBufAllocator - -Dio.netty.allocator.smallCacheSize: 256
01:01:49.714 [pool-2-thread-1] DEBUG org.cassandraunit.shaded.io.netty.buffer.PooledByteBufAllocator - -Dio.netty.allocator.normalCacheSize: 64
01:01:49.714 [pool-2-thread-1] DEBUG org.cassandraunit.shaded.io.netty.buffer.PooledByteBufAllocator - -Dio.netty.allocator.maxCachedBufferCapacity: 32768
01:01:49.714 [pool-2-thread-1] DEBUG org.cassandraunit.shaded.io.netty.buffer.PooledByteBufAllocator - -Dio.netty.allocator.cacheTrimInterval: 8192
01:01:49.714 [pool-2-thread-1] DEBUG org.cassandraunit.shaded.io.netty.buffer.PooledByteBufAllocator - -Dio.netty.allocator.useCacheForAllThreads: true
01:01:49.767 [pool-2-thread-1] DEBUG org.cassandraunit.shaded.io.netty.util.internal.JavassistTypeParameterMatcherGenerator - Generated: org.cassandraunit.shaded.io.netty.util.internal.__matchers__.org.apache.cassandra.transport.FrameMatcher
01:01:49.777 [pool-2-thread-1] DEBUG org.cassandraunit.shaded.io.netty.util.internal.JavassistTypeParameterMatcherGenerator - Generated: org.cassandraunit.shaded.io.netty.util.internal.__matchers__.org.apache.cassandra.transport.MessageMatcher
01:01:49.792 [pool-2-thread-1] DEBUG org.cassandraunit.shaded.io.netty.util.internal.JavassistTypeParameterMatcherGenerator - Generated: org.cassandraunit.shaded.io.netty.util.internal.__matchers__.org.apache.cassandra.transport.Message$RequestMatcher
01:01:49.803 [pool-2-thread-1] INFO org.apache.cassandra.transport.Server - Using Netty Version: [netty-buffer=netty-buffer-4.1.23.Final.8c549ba, netty-codec=netty-codec-4.1.23.Final.8c549ba, netty-common=netty-common-4.1.23.Final.8c549ba, netty-handler=netty-handler-4.1.23.Final.8c549ba, netty-resolver=netty-resolver-4.1.23.Final.8c549ba, netty-transport=netty-transport-4.1.23.Final.8c549ba]
01:01:49.804 [pool-2-thread-1] INFO org.apache.cassandra.transport.Server - Starting listening for CQL clients on localhost/127.0.0.1:9142 (unencrypted)...
01:01:49.830 [pool-2-thread-1] DEBUG org.cassandraunit.shaded.io.netty.util.internal.ThreadLocalRandom - -Dio.netty.initialSeedUniquifier: 0xa4def3e6494e45f7 (took 2 ms)
01:01:49.898 [pool-2-thread-1] DEBUG org.cassandraunit.shaded.io.netty.buffer.ByteBufUtil - -Dio.netty.allocator.type: unpooled
01:01:49.899 [pool-2-thread-1] DEBUG org.cassandraunit.shaded.io.netty.buffer.ByteBufUtil - -Dio.netty.threadLocalDirectBufferSize: 65536
01:01:49.899 [pool-2-thread-1] DEBUG org.cassandraunit.shaded.io.netty.buffer.ByteBufUtil - -Dio.netty.maxThreadLocalCharBufferSize: 16384
01:01:49.905 [pool-2-thread-1] DEBUG org.cassandraunit.shaded.io.netty.util.NetUtil - Loopback interface: lo0 (lo0, 0:0:0:0:0:0:0:1%lo0)
01:01:49.907 [pool-2-thread-1] DEBUG org.cassandraunit.shaded.io.netty.util.NetUtil - /proc/sys/net/core/somaxconn: 128 (non-existent)
01:01:50.039 [pool-2-thread-1] INFO org.cassandraunit.shaded.org.apache.cassandra.thrift.ThriftServer - Binding thrift service to localhost/127.0.0.1:9171
01:01:50.064 [Thread-4] INFO org.cassandraunit.shaded.org.apache.cassandra.thrift.ThriftServer - Listening for thrift clients...
01:01:50.097 [Test worker] INFO com.datastax.driver.core.GuavaCompatibility - Detected Guava >= 19 in the classpath, using modern compatibility layer
01:01:50.098 [Test worker] DEBUG com.datastax.driver.core.SystemProperties - com.datastax.driver.NEW_NODE_DELAY_SECONDS is undefined, using default value 1
01:01:50.105 [Test worker] DEBUG com.datastax.driver.core.SystemProperties - com.datastax.driver.NOTIF_LOCK_TIMEOUT_SECONDS is undefined, using default value 60
01:01:50.153 [Test worker] DEBUG com.datastax.driver.core.SystemProperties - com.datastax.driver.USE_NATIVE_CLOCK is undefined, using default value true
01:01:50.629 [Test worker] INFO com.datastax.driver.core.ClockFactory - Using native clock to generate timestamps.
01:01:50.673 [Test worker] DEBUG com.datastax.driver.core.SystemProperties - com.datastax.driver.NON_BLOCKING_EXECUTOR_SIZE is undefined, using default value 8
01:01:50.859 [Test worker] DEBUG com.datastax.driver.core.Cluster - Starting new cluster with contact points [localhost/127.0.0.1:9142, localhost/0:0:0:0:0:0:0:1:9142]
01:01:50.913 [Test worker] DEBUG io.netty.util.internal.logging.InternalLoggerFactory - Using SLF4J as the default logging framework
01:01:51.003 [Test worker] DEBUG io.netty.util.internal.PlatformDependent - Platform: MacOS
01:01:51.006 [Test worker] DEBUG io.netty.util.internal.PlatformDependent0 - -Dio.netty.noUnsafe: false
01:01:51.006 [Test worker] DEBUG io.netty.util.internal.PlatformDependent0 - Java version: 8
01:01:51.008 [Test worker] DEBUG io.netty.util.internal.PlatformDependent0 - sun.misc.Unsafe.theUnsafe: available
01:01:51.009 [Test worker] DEBUG io.netty.util.internal.PlatformDependent0 - sun.misc.Unsafe.copyMemory: available
01:01:51.010 [Test worker] DEBUG io.netty.util.internal.PlatformDependent0 - java.nio.Buffer.address: available
01:01:51.012 [Test worker] DEBUG io.netty.util.internal.PlatformDependent0 - direct buffer constructor: available
01:01:51.014 [Test worker] DEBUG io.netty.util.internal.PlatformDependent0 - java.nio.Bits.unaligned: available, true
01:01:51.014 [Test worker] DEBUG io.netty.util.internal.PlatformDependent0 - jdk.internal.misc.Unsafe.allocateUninitializedArray(int): unavailable prior to Java9
01:01:51.014 [Test worker] DEBUG io.netty.util.internal.PlatformDependent0 - java.nio.DirectByteBuffer.<init>(long, int): available
01:01:51.014 [Test worker] DEBUG io.netty.util.internal.PlatformDependent - sun.misc.Unsafe: available
01:01:51.014 [Test worker] DEBUG io.netty.util.internal.PlatformDependent - -Dio.netty.tmpdir: /var/folders/kj/mb0sytdn1zxgldzrbwt53ml80000gn/T (java.io.tmpdir)
01:01:51.014 [Test worker] DEBUG io.netty.util.internal.PlatformDependent - -Dio.netty.bitMode: 64 (sun.arch.data.model)
01:01:51.016 [Test worker] DEBUG io.netty.util.internal.PlatformDependent - -Dio.netty.noPreferDirect: false
01:01:51.017 [Test worker] DEBUG io.netty.util.internal.PlatformDependent - -Dio.netty.maxDirectMemory: 3817865216 bytes
01:01:51.017 [Test worker] DEBUG io.netty.util.internal.PlatformDependent - -Dio.netty.uninitializedArrayAllocationThreshold: -1
01:01:51.018 [Test worker] DEBUG io.netty.util.internal.CleanerJava6 - java.nio.ByteBuffer.cleaner(): available
01:01:51.024 [Test worker] DEBUG com.datastax.driver.core.SystemProperties - com.datastax.driver.FORCE_NIO is undefined, using default value false
01:01:51.026 [Test worker] INFO com.datastax.driver.core.NettyUtil - Did not find Netty's native epoll transport in the classpath, defaulting to NIO.
01:01:51.041 [Test worker] DEBUG io.netty.channel.MultithreadEventLoopGroup - -Dio.netty.eventLoopThreads: 16
01:01:51.063 [Test worker] DEBUG io.netty.channel.nio.NioEventLoop - -Dio.netty.noKeySetOptimization: false
01:01:51.063 [Test worker] DEBUG io.netty.channel.nio.NioEventLoop - -Dio.netty.selectorAutoRebuildThreshold: 512
01:01:51.105 [Test worker] DEBUG io.netty.util.internal.PlatformDependent - org.jctools-core.MpscChunkedArrayQueue: available
01:01:51.144 [Test worker] DEBUG io.netty.util.ResourceLeakDetector - -Dio.netty.leakDetection.level: simple
01:01:51.144 [Test worker] DEBUG io.netty.util.ResourceLeakDetector - -Dio.netty.leakDetection.targetRecords: 4
01:01:51.148 [Test worker] DEBUG io.netty.util.ResourceLeakDetectorFactory - Loaded default ResourceLeakDetector: io.netty.util.ResourceLeakDetector@5461161f
01:01:51.160 [Test worker] DEBUG com.datastax.driver.core.SystemProperties - com.datastax.driver.EXTENDED_PEER_CHECK is undefined, using default value true
01:01:51.249 [Test worker] DEBUG com.datastax.driver.core.Host.STATES - [localhost/0:0:0:0:0:0:0:1:9142] preparing to open 1 new connections, total = 1
01:01:51.256 [Test worker] DEBUG com.datastax.driver.core.SystemProperties - com.datastax.driver.DISABLE_COALESCING is undefined, using default value false
01:01:51.256 [Test worker] DEBUG com.datastax.driver.core.SystemProperties - com.datastax.driver.FLUSHER_SCHEDULE_PERIOD_NS is undefined, using default value 10000
01:01:51.256 [Test worker] DEBUG com.datastax.driver.core.SystemProperties - com.datastax.driver.FLUSHER_RUN_WITHOUT_WORK_TIMES is undefined, using default value 5
01:01:51.271 [Test worker] DEBUG io.netty.util.internal.InternalThreadLocalMap - -Dio.netty.threadLocalMap.stringBuilder.initialSize: 1024
01:01:51.271 [Test worker] DEBUG io.netty.util.internal.InternalThreadLocalMap - -Dio.netty.threadLocalMap.stringBuilder.maxSize: 4096
01:01:51.341 [Test worker] DEBUG io.netty.buffer.PooledByteBufAllocator - -Dio.netty.allocator.numHeapArenas: 16
01:01:51.341 [Test worker] DEBUG io.netty.buffer.PooledByteBufAllocator - -Dio.netty.allocator.numDirectArenas: 16
01:01:51.342 [Test worker] DEBUG io.netty.buffer.PooledByteBufAllocator - -Dio.netty.allocator.pageSize: 8192
01:01:51.342 [Test worker] DEBUG io.netty.buffer.PooledByteBufAllocator - -Dio.netty.allocator.maxOrder: 11
01:01:51.342 [Test worker] DEBUG io.netty.buffer.PooledByteBufAllocator - -Dio.netty.allocator.chunkSize: 16777216
01:01:51.342 [Test worker] DEBUG io.netty.buffer.PooledByteBufAllocator - -Dio.netty.allocator.tinyCacheSize: 512
01:01:51.342 [Test worker] DEBUG io.netty.buffer.PooledByteBufAllocator - -Dio.netty.allocator.smallCacheSize: 256
01:01:51.342 [Test worker] DEBUG io.netty.buffer.PooledByteBufAllocator - -Dio.netty.allocator.normalCacheSize: 64
01:01:51.342 [Test worker] DEBUG io.netty.buffer.PooledByteBufAllocator - -Dio.netty.allocator.maxCachedBufferCapacity: 32768
01:01:51.342 [Test worker] DEBUG io.netty.buffer.PooledByteBufAllocator - -Dio.netty.allocator.cacheTrimInterval: 8192
01:01:51.342 [Test worker] DEBUG io.netty.buffer.PooledByteBufAllocator - -Dio.netty.allocator.useCacheForAllThreads: true
01:01:51.416 [Test worker] DEBUG io.netty.channel.DefaultChannelId - -Dio.netty.processId: 10639 (auto-detected)
01:01:51.420 [Test worker] DEBUG io.netty.util.NetUtil - -Djava.net.preferIPv4Stack: false
01:01:51.420 [Test worker] DEBUG io.netty.util.NetUtil - -Djava.net.preferIPv6Addresses: false
01:01:51.424 [Test worker] DEBUG io.netty.util.NetUtil - Loopback interface: lo0 (lo0, 0:0:0:0:0:0:0:1%lo0)
01:01:51.425 [Test worker] DEBUG io.netty.util.NetUtil - Failed to get SOMAXCONN from sysctl and file /proc/sys/net/core/somaxconn. Default: 128
01:01:51.427 [Test worker] DEBUG io.netty.channel.DefaultChannelId - -Dio.netty.machineId: 8c:85:90:ff:fe:7b:cb:74 (auto-detected)
01:01:51.499 [Test worker] DEBUG io.netty.buffer.ByteBufUtil - -Dio.netty.allocator.type: pooled
01:01:51.499 [Test worker] DEBUG io.netty.buffer.ByteBufUtil - -Dio.netty.threadLocalDirectBufferSize: 0
01:01:51.499 [Test worker] DEBUG io.netty.buffer.ByteBufUtil - -Dio.netty.maxThreadLocalCharBufferSize: 16384
01:01:51.620 [cluster1-nio-worker-0] DEBUG com.datastax.driver.core.Connection - Connection[localhost/0:0:0:0:0:0:0:1:9142-1, inFlight=0, closed=false] Error connecting to localhost/0:0:0:0:0:0:0:1:9142 (Connection refused: localhost/0:0:0:0:0:0:0:1:9142)
01:01:51.627 [cluster1-nio-worker-0] DEBUG com.datastax.driver.core.Host.STATES - Defuncting Connection[localhost/0:0:0:0:0:0:0:1:9142-1, inFlight=0, closed=false] because: [localhost/0:0:0:0:0:0:0:1:9142] Cannot connect
01:01:51.628 [cluster1-nio-worker-0] DEBUG com.datastax.driver.core.Host.STATES - [localhost/0:0:0:0:0:0:0:1:9142] preventing new connections for the next 1000 ms
01:01:51.628 [cluster1-nio-worker-0] DEBUG com.datastax.driver.core.Host.STATES - [localhost/0:0:0:0:0:0:0:1:9142] Connection[localhost/0:0:0:0:0:0:0:1:9142-1, inFlight=0, closed=false] failed, remaining = 0
01:01:51.630 [cluster1-nio-worker-0] DEBUG com.datastax.driver.core.Connection - Connection[localhost/0:0:0:0:0:0:0:1:9142-1, inFlight=0, closed=true] closing connection
01:01:51.641 [Test worker] DEBUG com.datastax.driver.core.ControlConnection - [Control connection] error on localhost/0:0:0:0:0:0:0:1:9142 connection, trying next host
com.datastax.driver.core.exceptions.TransportException: [localhost/0:0:0:0:0:0:0:1:9142] Cannot connect
	at com.datastax.driver.core.Connection$1.operationComplete(Connection.java:167)
	at com.datastax.driver.core.Connection$1.operationComplete(Connection.java:150)
	at io.netty.util.concurrent.DefaultPromise.notifyListener0(DefaultPromise.java:511)
	at io.netty.util.concurrent.DefaultPromise.notifyListeners0(DefaultPromise.java:504)
	at io.netty.util.concurrent.DefaultPromise.notifyListenersNow(DefaultPromise.java:483)
	at io.netty.util.concurrent.DefaultPromise.notifyListeners(DefaultPromise.java:424)
	at io.netty.util.concurrent.DefaultPromise.tryFailure(DefaultPromise.java:121)
	at io.netty.channel.nio.AbstractNioChannel$AbstractNioUnsafe.fulfillConnectPromise(AbstractNioChannel.java:327)
	at io.netty.channel.nio.AbstractNioChannel$AbstractNioUnsafe.finishConnect(AbstractNioChannel.java:343)
	at io.netty.channel.nio.NioEventLoop.processSelectedKey(NioEventLoop.java:633)
	at io.netty.channel.nio.NioEventLoop.processSelectedKeysOptimized(NioEventLoop.java:580)
	at io.netty.channel.nio.NioEventLoop.processSelectedKeys(NioEventLoop.java:497)
	at io.netty.channel.nio.NioEventLoop.run(NioEventLoop.java:459)
	at io.netty.util.concurrent.SingleThreadEventExecutor$5.run(SingleThreadEventExecutor.java:886)
	at io.netty.util.concurrent.FastThreadLocalRunnable.run(FastThreadLocalRunnable.java:30)
	at java.lang.Thread.run(Thread.java:748)
Caused by: io.netty.channel.AbstractChannel$AnnotatedConnectException: Connection refused: localhost/0:0:0:0:0:0:0:1:9142
	at sun.nio.ch.SocketChannelImpl.checkConnect(Native Method)
	at sun.nio.ch.SocketChannelImpl.finishConnect(SocketChannelImpl.java:717)
	at io.netty.channel.socket.nio.NioSocketChannel.doFinishConnect(NioSocketChannel.java:325)
	at io.netty.channel.nio.AbstractNioChannel$AbstractNioUnsafe.finishConnect(AbstractNioChannel.java:340)
	... 7 common frames omitted
Caused by: java.net.ConnectException: Connection refused
	... 11 common frames omitted
01:01:51.641 [Test worker] DEBUG com.datastax.driver.core.Host.STATES - [localhost/127.0.0.1:9142] preparing to open 1 new connections, total = 1
01:01:51.644 [cluster1-nio-worker-1] DEBUG com.datastax.driver.core.Connection - Connection[localhost/127.0.0.1:9142-1, inFlight=0, closed=false] Connection established, initializing transport
01:01:51.744 [cluster1-nio-worker-1] DEBUG io.netty.util.Recycler - -Dio.netty.recycler.maxCapacityPerThread: 4096
01:01:51.744 [cluster1-nio-worker-1] DEBUG io.netty.util.Recycler - -Dio.netty.recycler.maxSharedCapacityFactor: 2
01:01:51.744 [cluster1-nio-worker-1] DEBUG io.netty.util.Recycler - -Dio.netty.recycler.linkCapacity: 16
01:01:51.744 [cluster1-nio-worker-1] DEBUG io.netty.util.Recycler - -Dio.netty.recycler.ratio: 8
01:01:51.761 [cluster1-nio-worker-1] DEBUG io.netty.buffer.AbstractByteBuf - -Dio.netty.buffer.bytebuf.checkAccessible: true
01:01:51.761 [cluster1-nio-worker-1] DEBUG io.netty.util.ResourceLeakDetectorFactory - Loaded default ResourceLeakDetector: io.netty.util.ResourceLeakDetector@6a66972a
01:01:51.813 [nioEventLoopGroup-2-2] DEBUG org.cassandraunit.shaded.io.netty.buffer.AbstractByteBuf - -Dorg.cassandraunit.shaded.io.netty.buffer.bytebuf.checkAccessible: true
01:01:51.822 [nioEventLoopGroup-2-2] DEBUG org.cassandraunit.shaded.io.netty.util.ResourceLeakDetector - -Dorg.cassandraunit.shaded.io.netty.leakDetection.level: simple
01:01:51.822 [nioEventLoopGroup-2-2] DEBUG org.cassandraunit.shaded.io.netty.util.ResourceLeakDetector - -Dorg.cassandraunit.shaded.io.netty.leakDetection.maxRecords: 4
01:01:51.822 [nioEventLoopGroup-2-2] DEBUG org.cassandraunit.shaded.io.netty.util.ResourceLeakDetectorFactory - Loaded default ResourceLeakDetector: org.cassandraunit.shaded.io.netty.util.ResourceLeakDetector@10ea3702
01:01:51.875 [cluster1-nio-worker-1] DEBUG com.datastax.driver.core.SystemProperties - com.datastax.driver.NATIVE_TRANSPORT_MAX_FRAME_SIZE_IN_MB is undefined, using default value 256
01:01:51.880 [cluster1-nio-worker-1] DEBUG com.datastax.driver.core.Host.STATES - [localhost/127.0.0.1:9142] Connection[localhost/127.0.0.1:9142-1, inFlight=0, closed=false] Transport initialized, connection ready
01:01:51.881 [Test worker] DEBUG com.datastax.driver.core.ControlConnection - [Control connection] Refreshing node list and token map
01:01:52.045 [Test worker] WARN com.datastax.driver.core.Cluster - You listed localhost/0:0:0:0:0:0:0:1:9142 in your contact points, but it wasn't found in the control host's system.peers at startup
01:01:52.049 [Test worker] DEBUG com.datastax.driver.core.ControlConnection - [Control connection] Refreshing schema
01:01:52.259 [Test worker] DEBUG com.datastax.driver.core.Host.STATES - [Control connection] established to localhost/127.0.0.1:9142
01:01:52.259 [Test worker] INFO com.datastax.driver.core.policies.DCAwareRoundRobinPolicy - Using data-center name 'datacenter1' for DCAwareRoundRobinPolicy (if this is incorrect, please provide the correct datacenter name with DCAwareRoundRobinPolicy constructor)
01:01:52.261 [Test worker] INFO com.datastax.driver.core.Cluster - New Cassandra host localhost/127.0.0.1:9142 added
01:01:52.275 [Test worker] DEBUG com.datastax.driver.core.SystemProperties - com.datastax.driver.CHECK_IO_DEADLOCKS is undefined, using default value true
01:01:52.289 [Test worker] DEBUG com.datastax.driver.core.Host.STATES - [localhost/127.0.0.1:9142] preparing to open 1 new connections, total = 2
01:01:52.292 [cluster1-nio-worker-2] DEBUG com.datastax.driver.core.Connection - Connection[localhost/127.0.0.1:9142-2, inFlight=0, closed=false] Connection established, initializing transport
01:01:52.304 [cluster1-nio-worker-2] DEBUG com.datastax.driver.core.Host.STATES - [localhost/127.0.0.1:9142] Connection[localhost/127.0.0.1:9142-2, inFlight=0, closed=false] Transport initialized, connection ready
01:01:52.320 [Test worker] DEBUG com.datastax.driver.core.HostConnectionPool - Created connection pool to host localhost/127.0.0.1:9142 (1 connections needed, 1 successfully opened)
01:01:52.323 [Test worker] DEBUG com.datastax.driver.core.Session - Added connection pool for localhost/127.0.0.1:9142
01:01:52.328 [Test worker] DEBUG com.datastax.driver.core.SystemProperties - com.datastax.driver.USE_NATIVE_CLOCK is undefined, using default value true
01:01:52.328 [Test worker] INFO com.datastax.driver.core.ClockFactory - Using native clock to generate timestamps.
01:01:52.328 [Test worker] DEBUG com.datastax.driver.core.Cluster - Starting new cluster with contact points [/127.0.0.1:9142]
01:01:52.331 [Test worker] DEBUG com.datastax.driver.core.Host.STATES - [/127.0.0.1:9142] preparing to open 1 new connections, total = 1
01:01:52.339 [cluster2-nio-worker-0] DEBUG com.datastax.driver.core.Connection - Connection[/127.0.0.1:9142-1, inFlight=0, closed=false] Connection established, initializing transport
01:01:52.343 [cluster2-nio-worker-0] DEBUG com.datastax.driver.core.Host.STATES - [/127.0.0.1:9142] Connection[/127.0.0.1:9142-1, inFlight=0, closed=false] Transport initialized, connection ready
01:01:52.343 [Test worker] DEBUG com.datastax.driver.core.ControlConnection - [Control connection] Refreshing node list and token map
01:01:52.353 [Test worker] DEBUG com.datastax.driver.core.ControlConnection - [Control connection] Refreshing schema
01:01:52.416 [Test worker] DEBUG com.datastax.driver.core.Host.STATES - [Control connection] established to /127.0.0.1:9142
01:01:52.417 [Test worker] INFO com.datastax.driver.core.policies.DCAwareRoundRobinPolicy - Using data-center name 'datacenter1' for DCAwareRoundRobinPolicy (if this is incorrect, please provide the correct datacenter name with DCAwareRoundRobinPolicy constructor)
01:01:52.417 [Test worker] INFO com.datastax.driver.core.Cluster - New Cassandra host /127.0.0.1:9142 added
01:01:52.418 [Test worker] DEBUG com.datastax.driver.core.Host.STATES - [/127.0.0.1:9142] preparing to open 1 new connections, total = 2
01:01:52.420 [cluster2-nio-worker-1] DEBUG com.datastax.driver.core.Connection - Connection[/127.0.0.1:9142-2, inFlight=0, closed=false] Connection established, initializing transport
01:01:52.428 [cluster2-nio-worker-1] DEBUG com.datastax.driver.core.Host.STATES - [/127.0.0.1:9142] Connection[/127.0.0.1:9142-2, inFlight=0, closed=false] Transport initialized, connection ready
01:01:52.428 [cluster2-nio-worker-1] DEBUG com.datastax.driver.core.HostConnectionPool - Created connection pool to host /127.0.0.1:9142 (1 connections needed, 1 successfully opened)
01:01:52.428 [cluster2-nio-worker-1] DEBUG com.datastax.driver.core.Session - Added connection pool for /127.0.0.1:9142
01:01:52.461 [Native-Transport-Requests-1] INFO org.apache.cassandra.service.MigrationManager - Create new Keyspace: KeyspaceMetadata{name=testkeyspace, params=KeyspaceParams{durable_writes=true, replication=ReplicationParams{class=org.apache.cassandra.locator.SimpleStrategy, replication_factor=3}}, tables=[], views=[], functions=[], types=[]}
01:01:52.483 [MigrationStage:1] DEBUG org.apache.cassandra.service.MigrationManager - Gossiping my schema version b3936c5d-7222-341e-afd6-615d0e98c30e
01:01:52.493 [cluster2-nio-worker-0] DEBUG com.datastax.driver.core.Cluster - Received event EVENT CREATED KEYSPACE testkeyspace, scheduling delivery
01:01:52.493 [cluster1-nio-worker-1] DEBUG com.datastax.driver.core.Cluster - Received event EVENT CREATED KEYSPACE testkeyspace, scheduling delivery
01:01:52.496 [cluster2-nio-worker-1] DEBUG com.datastax.driver.core.Cluster - Refreshing schema for testkeyspace
01:01:52.511 [cluster1-worker-0] DEBUG com.datastax.driver.core.ControlConnection - [Control connection] Refreshing schema for testkeyspace
01:01:52.512 [cluster2-worker-0] DEBUG com.datastax.driver.core.ControlConnection - Checking for schema agreement: versions are [b3936c5d-7222-341e-afd6-615d0e98c30e]
01:01:52.513 [cluster2-worker-1] DEBUG com.datastax.driver.core.ControlConnection - [Control connection] Refreshing schema for testkeyspace
01:01:57.527 [Test worker] DEBUG org.springframework.test.annotation.ProfileValueUtils - Retrieved @ProfileValueSourceConfiguration [null] for test class [myretail.controller.ProductControllerTest]
01:01:57.527 [Test worker] DEBUG org.springframework.test.annotation.ProfileValueUtils - Retrieved ProfileValueSource type [class org.springframework.test.annotation.SystemProfileValueSource] for class [myretail.controller.ProductControllerTest]
01:01:58.229 [Test worker] DEBUG wiremock.org.eclipse.jetty.util.log - Logging to Logger[wiremock.org.eclipse.jetty.util.log] via wiremock.org.eclipse.jetty.util.log.Slf4jLog
01:01:58.236 [Test worker] INFO wiremock.org.eclipse.jetty.util.log - Logging initialized @17861ms
01:01:58.255 [Test worker] DEBUG wiremock.org.eclipse.jetty.util.component.ContainerLifeCycle - wiremock.org.eclipse.jetty.server.Server@347a710c added {qtp1342779485{STOPPED,8<=0<=10,i=0,q=0},AUTO}
01:01:58.287 [Test worker] DEBUG wiremock.org.eclipse.jetty.util.component.ContainerLifeCycle - HttpConnectionFactory@4c28e4d9{HTTP/1.1} added {HttpConfiguration@2dc5291b{32768/8192,8192/8192,https://:0,[]},POJO}
01:01:58.307 [Test worker] DEBUG wiremock.org.eclipse.jetty.util.component.ContainerLifeCycle - NetworkTrafficServerConnector@7de64a42{null}{0.0.0.0:0} added {wiremock.org.eclipse.jetty.server.Server@347a710c,UNMANAGED}
01:01:58.307 [Test worker] DEBUG wiremock.org.eclipse.jetty.util.component.ContainerLifeCycle - NetworkTrafficServerConnector@7de64a42{null}{0.0.0.0:0} added {qtp1342779485{STOPPED,8<=0<=10,i=0,q=0},AUTO}
01:01:58.307 [Test worker] DEBUG wiremock.org.eclipse.jetty.util.component.ContainerLifeCycle - NetworkTrafficServerConnector@7de64a42{null}{0.0.0.0:0} added {wiremock.org.eclipse.jetty.util.thread.ScheduledExecutorScheduler@ebaad43,AUTO}
01:01:58.307 [Test worker] DEBUG wiremock.org.eclipse.jetty.util.component.ContainerLifeCycle - NetworkTrafficServerConnector@7de64a42{null}{0.0.0.0:0} added {wiremock.org.eclipse.jetty.io.ArrayByteBufferPool@78ffc57e,POJO}
01:01:58.307 [Test worker] DEBUG wiremock.org.eclipse.jetty.util.component.ContainerLifeCycle - NetworkTrafficServerConnector@7de64a42{null}{0.0.0.0:0} added {HttpConnectionFactory@4c28e4d9{HTTP/1.1},AUTO}
01:01:58.309 [Test worker] DEBUG wiremock.org.eclipse.jetty.util.component.ContainerLifeCycle - NetworkTrafficServerConnector@7de64a42{HTTP/1.1}{0.0.0.0:0} added {wiremock.org.eclipse.jetty.server.ServerConnector$ServerConnectorManager@3742b704,MANAGED}
01:01:58.310 [Test worker] DEBUG wiremock.org.eclipse.jetty.util.component.ContainerLifeCycle - wiremock.org.eclipse.jetty.server.Server@347a710c added {NetworkTrafficServerConnector@7de64a42{HTTP/1.1}{0.0.0.0:0},AUTO}
01:01:58.343 [Test worker] DEBUG wiremock.org.eclipse.jetty.util.component.ContainerLifeCycle - wiremock.org.eclipse.jetty.server.Server@347a710c added {w.o.e.j.s.ServletContextHandler@11267c22{/__admin,null,null},AUTO}
01:01:58.357 [Test worker] DEBUG wiremock.org.eclipse.jetty.util.component.ContainerLifeCycle - w.o.e.j.s.ServletContextHandler@11267c22{/__admin,null,null} added {wiremock.org.eclipse.jetty.servlet.ServletHandler@2b0dd26e,AUTO}
01:01:58.373 [Test worker] DEBUG wiremock.org.eclipse.jetty.util.component.ContainerLifeCycle - wiremock.org.eclipse.jetty.servlet.ServletHandler@2b0dd26e added {wiremock.org.eclipse.jetty.servlet.DefaultServlet-5e800d18@446aeba3==wiremock.org.eclipse.jetty.servlet.DefaultServlet,-1,false,AUTO}
01:01:58.374 [Test worker] DEBUG wiremock.org.eclipse.jetty.util.component.ContainerLifeCycle - wiremock.org.eclipse.jetty.servlet.ServletHandler@2b0dd26e added {[/swagger-ui/*]=>wiremock.org.eclipse.jetty.servlet.DefaultServlet-5e800d18,POJO}
01:01:58.374 [Test worker] DEBUG wiremock.org.eclipse.jetty.util.component.ContainerLifeCycle - wiremock.org.eclipse.jetty.servlet.ServletHandler@2b0dd26e added {wiremock.org.eclipse.jetty.servlet.DefaultServlet-4a4165e8@22d96dc==wiremock.org.eclipse.jetty.servlet.DefaultServlet,-1,false,AUTO}
01:01:58.374 [Test worker] DEBUG wiremock.org.eclipse.jetty.util.component.ContainerLifeCycle - wiremock.org.eclipse.jetty.servlet.ServletHandler@2b0dd26e added {[/recorder/*]=>wiremock.org.eclipse.jetty.servlet.DefaultServlet-4a4165e8,POJO}
01:01:58.376 [Test worker] DEBUG wiremock.org.eclipse.jetty.util.component.ContainerLifeCycle - wiremock.org.eclipse.jetty.servlet.ServletHandler@2b0dd26e added {com.github.tomakehurst.wiremock.servlet.WireMockHandlerDispatchingServlet-4fb07d86@35dc82d9==com.github.tomakehurst.wiremock.servlet.WireMockHandlerDispatchingServlet,-1,false,AUTO}
01:01:58.376 [Test worker] DEBUG wiremock.org.eclipse.jetty.util.component.ContainerLifeCycle - wiremock.org.eclipse.jetty.servlet.ServletHandler@2b0dd26e added {[/]=>com.github.tomakehurst.wiremock.servlet.WireMockHandlerDispatchingServlet-4fb07d86,POJO}
01:01:58.384 [Test worker] DEBUG wiremock.org.eclipse.jetty.util.component.ContainerLifeCycle - wiremock.org.eclipse.jetty.servlet.ServletHandler@2b0dd26e added {wiremock.org.eclipse.jetty.servlets.CrossOriginFilter-22e7d8fb,AUTO}
01:01:58.390 [Test worker] DEBUG wiremock.org.eclipse.jetty.util.component.ContainerLifeCycle - wiremock.org.eclipse.jetty.servlet.ServletHandler@2b0dd26e added {[/*]/[]==1=>wiremock.org.eclipse.jetty.servlets.CrossOriginFilter-22e7d8fb,POJO}
01:01:58.391 [Test worker] DEBUG wiremock.org.eclipse.jetty.util.component.ContainerLifeCycle - wiremock.org.eclipse.jetty.server.Server@347a710c added {w.o.e.j.s.ServletContextHandler@46cf0f66{/,null,null},AUTO}
01:01:58.392 [Test worker] DEBUG wiremock.org.eclipse.jetty.util.component.ContainerLifeCycle - w.o.e.j.s.ServletContextHandler@46cf0f66{/,null,null} added {wiremock.org.eclipse.jetty.servlet.ServletHandler@178e63ac,AUTO}
01:01:58.392 [Test worker] DEBUG wiremock.org.eclipse.jetty.util.component.ContainerLifeCycle - wiremock.org.eclipse.jetty.servlet.ServletHandler@178e63ac added {wiremock.org.eclipse.jetty.servlet.DefaultServlet-19a975a5@d3cc11f2==wiremock.org.eclipse.jetty.servlet.DefaultServlet,-1,false,AUTO}
01:01:58.392 [Test worker] DEBUG wiremock.org.eclipse.jetty.util.component.ContainerLifeCycle - wiremock.org.eclipse.jetty.servlet.ServletHandler@178e63ac added {[/__files/*]=>wiremock.org.eclipse.jetty.servlet.DefaultServlet-19a975a5,POJO}
01:01:58.395 [Test worker] DEBUG wiremock.org.eclipse.jetty.util.component.ContainerLifeCycle - wiremock.org.eclipse.jetty.servlet.ServletHandler@178e63ac added {com.github.tomakehurst.wiremock.servlet.WireMockHandlerDispatchingServlet-12392f6f@efbdc2f9==com.github.tomakehurst.wiremock.servlet.WireMockHandlerDispatchingServlet,-1,false,AUTO}
01:01:58.395 [Test worker] DEBUG wiremock.org.eclipse.jetty.util.component.ContainerLifeCycle - wiremock.org.eclipse.jetty.servlet.ServletHandler@178e63ac added {[/]=>com.github.tomakehurst.wiremock.servlet.WireMockHandlerDispatchingServlet-12392f6f,POJO}
01:01:58.546 [Test worker] DEBUG wiremock.org.eclipse.jetty.util.component.ContainerLifeCycle - w.o.e.j.s.ServletContextHandler@46cf0f66{/,null,null} added {com.github.tomakehurst.wiremock.jetty9.NotFoundHandler@69d0fb0f,AUTO}
01:01:58.550 [Test worker] DEBUG wiremock.org.eclipse.jetty.util.component.ContainerLifeCycle - wiremock.org.eclipse.jetty.servlet.ServletHandler@178e63ac added {wiremock.org.eclipse.jetty.servlets.GzipFilter-6ad26c30,AUTO}
01:01:58.550 [Test worker] DEBUG wiremock.org.eclipse.jetty.util.component.ContainerLifeCycle - wiremock.org.eclipse.jetty.servlet.ServletHandler@178e63ac added {[/*]/[]==3=>wiremock.org.eclipse.jetty.servlets.GzipFilter-6ad26c30,POJO}
01:01:58.554 [Test worker] DEBUG wiremock.org.eclipse.jetty.util.component.ContainerLifeCycle - wiremock.org.eclipse.jetty.servlet.ServletHandler@178e63ac added {com.github.tomakehurst.wiremock.servlet.ContentTypeSettingFilter-3ffde798,AUTO}
01:01:58.554 [Test worker] DEBUG wiremock.org.eclipse.jetty.util.component.ContainerLifeCycle - wiremock.org.eclipse.jetty.servlet.ServletHandler@178e63ac added {[/__files/*]/[]==2=>com.github.tomakehurst.wiremock.servlet.ContentTypeSettingFilter-3ffde798,POJO}
01:01:58.555 [Test worker] DEBUG wiremock.org.eclipse.jetty.util.component.ContainerLifeCycle - wiremock.org.eclipse.jetty.servlet.ServletHandler@178e63ac added {com.github.tomakehurst.wiremock.servlet.TrailingSlashFilter-b1b20dc,AUTO}
01:01:58.556 [Test worker] DEBUG wiremock.org.eclipse.jetty.util.component.ContainerLifeCycle - wiremock.org.eclipse.jetty.servlet.ServletHandler@178e63ac added {[/__files/*]/[]==31=>com.github.tomakehurst.wiremock.servlet.TrailingSlashFilter-b1b20dc,POJO}
01:01:58.564 [Test worker] DEBUG wiremock.org.eclipse.jetty.util.component.ContainerLifeCycle - wiremock.org.eclipse.jetty.server.handler.HandlerCollection@64809af1[w.o.e.j.s.ServletContextHandler@11267c22{/__admin,null,null}, w.o.e.j.s.ServletContextHandler@46cf0f66{/,null,null}] added {w.o.e.j.s.ServletContextHandler@11267c22{/__admin,null,null},AUTO}
01:01:58.564 [Test worker] DEBUG wiremock.org.eclipse.jetty.util.component.ContainerLifeCycle - wiremock.org.eclipse.jetty.server.handler.HandlerCollection@64809af1[w.o.e.j.s.ServletContextHandler@11267c22{/__admin,null,null}, w.o.e.j.s.ServletContextHandler@46cf0f66{/,null,null}] added {w.o.e.j.s.ServletContextHandler@46cf0f66{/,null,null},AUTO}
01:01:58.564 [Test worker] DEBUG wiremock.org.eclipse.jetty.util.component.ContainerLifeCycle - wiremock.org.eclipse.jetty.server.Server@347a710c added {wiremock.org.eclipse.jetty.server.handler.HandlerCollection@64809af1[w.o.e.j.s.ServletContextHandler@11267c22{/__admin,null,null}, w.o.e.j.s.ServletContextHandler@46cf0f66{/,null,null}],AUTO}
01:01:58.603 [Test worker] DEBUG org.springframework.test.context.support.DependencyInjectionTestExecutionListener - Performing dependency injection for test context [[DefaultTestContext@7e2004ac testClass = ProductControllerTest, testInstance = myretail.controller.ProductControllerTest@68785f86, testMethod = [null], testException = [null], mergedContextConfiguration = [WebMergedContextConfiguration@12c4c0c0 testClass = ProductControllerTest, locations = '{}', classes = '{class myretail.MyRetailApplication}', contextInitializerClasses = '[]', activeProfiles = '{unittest}', propertySourceLocations = '{}', propertySourceProperties = '{org.springframework.boot.test.context.SpringBootTestContextBootstrapper=true, server.port=0}', contextCustomizers = set[org.springframework.boot.test.autoconfigure.properties.PropertyMappingContextCustomizer@e7e8512, org.springframework.boot.test.autoconfigure.web.servlet.WebDriverContextCustomizerFactory$Customizer@18d70e19, [ImportsContextCustomizer@c0d7a9f key = [org.springframework.boot.test.autoconfigure.web.servlet.MockMvcAutoConfiguration, org.springframework.boot.test.autoconfigure.web.servlet.MockMvcSecurityAutoConfiguration, org.springframework.boot.test.autoconfigure.web.servlet.MockMvcWebClientAutoConfiguration, org.springframework.boot.test.autoconfigure.web.servlet.MockMvcWebDriverAutoConfiguration]], org.springframework.boot.test.context.filter.ExcludeFilterContextCustomizer@1e3132cc, org.springframework.boot.test.json.DuplicateJsonObjectContextCustomizerFactory$DuplicateJsonObjectContextCustomizer@85fd5bc, org.springframework.boot.test.mock.mockito.MockitoContextCustomizer@0, org.springframework.boot.test.web.client.TestRestTemplateContextCustomizer@6dfcb2d4], resourceBasePath = 'src/main/webapp', contextLoader = 'org.springframework.boot.test.context.SpringBootContextLoader', parent = [null]], attributes = map['org.springframework.test.context.web.ServletTestExecutionListener.activateListener' -> false]]].
01:01:58.664 [Test worker] DEBUG org.springframework.core.env.StandardEnvironment - Adding PropertySource 'systemProperties' with lowest search precedence
01:01:58.664 [Test worker] DEBUG org.springframework.core.env.StandardEnvironment - Adding PropertySource 'systemEnvironment' with lowest search precedence
01:01:58.664 [Test worker] DEBUG org.springframework.core.env.StandardEnvironment - Initialized StandardEnvironment with PropertySources [MapPropertySource@1424446341 {name='systemProperties', properties={jna.platform.library.path=/usr/lib:/usr/lib, java.runtime.name=Java(TM) SE Runtime Environment, sun.boot.library.path=/Library/Java/JavaVirtualMachines/jdk1.8.0_161.jdk/Contents/Home/jre/lib, java.vm.version=25.161-b12, gopherProxySet=false, java.vm.vendor=Oracle Corporation, java.vendor.url=http://java.oracle.com/, java.rmi.server.randomIDs=true, path.separator=:, jna.loaded=true, java.vm.name=Java HotSpot(TM) 64-Bit Server VM, file.encoding.pkg=sun.io, sun.java.launcher=SUN_STANDARD, user.country=US, sun.os.patch.level=unknown, java.vm.specification.name=Java Virtual Machine Specification, user.dir=/Users/ntj8189/Documents/workspace/MyRetail, java.runtime.version=1.8.0_161-b12, java.awt.graphicsenv=sun.awt.CGraphicsEnvironment, java.endorsed.dirs=/Library/Java/JavaVirtualMachines/jdk1.8.0_161.jdk/Contents/Home/jre/lib/endorsed, os.arch=x86_64, java.io.tmpdir=/var/folders/kj/mb0sytdn1zxgldzrbwt53ml80000gn/T/, line.separator=
, cassandra.native.epoll.enabled=false, java.vm.specification.vendor=Oracle Corporation, user.variant=, os.name=Mac OS X, log4j.configuration=file:target/embeddedCassandra/log4j-embedded-cassandra.properties, sun.jnu.encoding=UTF-8, jnidispatch.path=/var/folders/kj/mb0sytdn1zxgldzrbwt53ml80000gn/T/jna--2033218274/jna3326811634165900292.tmp, java.library.path=/Users/ntj8189/Library/Java/Extensions:/Library/Java/Extensions:/Network/Library/Java/Extensions:/System/Library/Java/Extensions:/usr/lib/java:., sun.nio.ch.bugLevel=, java.specification.name=Java Platform API Specification, java.class.version=52.0, org.gradle.native=false, sun.management.compiler=HotSpot 64-Bit Tiered Compilers, os.version=10.13.4, user.home=/Users/ntj8189, user.timezone=America/New_York, java.awt.printerjob=sun.lwawt.macosx.CPrinterJob, file.encoding=UTF-8, java.specification.version=1.8, java.class.path=/Users/ntj8189/Documents/workspace/MyRetail/build/classes/java/test:/Users/ntj8189/Documents/workspace/MyRetail/build/resources/test:/Users/ntj8189/Documents/workspace/MyRetail/build/classes/java/main:/Users/ntj8189/Documents/workspace/MyRetail/build/resources/main:/Users/ntj8189/.gradle/caches/modules-2/files-2.1/org.springframework.boot/spring-boot-starter-web/2.0.1.RELEASE/88751ed76791d12425ce5a80476baf1749a44cf4/spring-boot-starter-web-2.0.1.RELEASE.jar:/Users/ntj8189/.gradle/caches/modules-2/files-2.1/org.springframework.boot/spring-boot-configuration-processor/2.0.1.RELEASE/69b5a81d8209464a3189328e5942398002cbc173/spring-boot-configuration-processor-2.0.1.RELEASE.jar:/Users/ntj8189/.gradle/caches/modules-2/files-2.1/io.springfox/springfox-swagger2/2.8.0/27fbca30912258ce0e31cd56361f732f6c27d5ff/springfox-swagger2-2.8.0.jar:/Users/ntj8189/.gradle/caches/modules-2/files-2.1/io.springfox/springfox-swagger-ui/2.8.0/2b895560df9cd70a2e93119188981b004b4e2ad5/springfox-swagger-ui-2.8.0.jar:/Users/ntj8189/.gradle/caches/modules-2/files-2.1/org.cassandraunit/cassandra-unit-shaded/3.3.0.2/43bff856bafb08d75f2d13f17dff53b57af4b74e/cassandra-unit-shaded-3.3.0.2.jar:/Users/ntj8189/.gradle/caches/modules-2/files-2.1/org.hectorclient/hector-core/2.0-0/e16369b86de734ba6500992c682f6bc71565ba7/hector-core-2.0-0.jar:/Users/ntj8189/.gradle/caches/modules-2/files-2.1/org.apache.cassandra/cassandra-thrift/2.0.4/aaa4237df8fab86e2b235ae1f5e9a1a4f6074421/cassandra-thrift-2.0.4.jar:/Users/ntj8189/.gradle/caches/modules-2/files-2.1/org.apache.commons/commons-lang3/3.7/557edd918fd41f9260963583ebf5a61a43a6b423/commons-lang3-3.7.jar:/Users/ntj8189/.gradle/caches/modules-2/files-2.1/org.springframework.boot/spring-boot-starter-data-cassandra/2.0.1.RELEASE/d98a81524eec7c64bbd2659013f6d6965daf7dbe/spring-boot-starter-data-cassandra-2.0.1.RELEASE.jar:/Users/ntj8189/.gradle/caches/modules-2/files-2.1/org.springframework.cloud/spring-cloud-contract-wiremock/1.2.4.RELEASE/c187c7e74565cc84b431f129cbcf91a2f689aaf8/spring-cloud-contract-wiremock-1.2.4.RELEASE.jar:/Users/ntj8189/.gradle/caches/modules-2/files-2.1/org.powermock/powermock-module-junit4/1.7.3/f25cd17a4d7acba1a591beaecd99fad844875cc6/powermock-module-junit4-1.7.3.jar:/Users/ntj8189/.gradle/caches/modules-2/files-2.1/org.springframework.boot/spring-boot-starter-test/2.0.1.RELEASE/d6204ede44fa7e1df01d25509837bfa4b767fa28/spring-boot-starter-test-2.0.1.RELEASE.jar:/Users/ntj8189/.gradle/caches/modules-2/files-2.1/org.powermock/powermock-module-junit4-common/1.7.3/7287dd56b2b907a15aa2b6a0f1ddb2dd52cf388f/powermock-module-junit4-common-1.7.3.jar:/Users/ntj8189/.gradle/caches/modules-2/files-2.1/com.googlecode.json-simple/json-simple/1.1.1/c9ad4a0850ab676c5c64461a05ca524cdfff59f1/json-simple-1.1.1.jar:/Users/ntj8189/.gradle/caches/modules-2/files-2.1/com.thinkaurelius.thrift/thrift-server/0.3.7/e8182774da1b1dde3704f450837c79997b5d7025/thrift-server-0.3.7.jar:/Users/ntj8189/.gradle/caches/modules-2/files-2.1/junit/junit/4.12/2973d150c0dc1fefe998f834810d68f278ea58ec/junit-4.12.jar:/Users/ntj8189/.gradle/caches/modules-2/files-2.1/org.powermock/powermock-core/1.7.3/73cd1fff8c9685be1ff2f369b561546e7549e003/powermock-core-1.7.3.jar:/Users/ntj8189/.gradle/caches/modules-2/files-2.1/org.mockito/mockito-core/2.18.0/d3e839acfc4b862bbcfe9165c316f1567db24cb6/mockito-core-2.18.0.jar:/Users/ntj8189/.gradle/caches/modules-2/files-2.1/org.cassandraunit/cassandra-unit-spring/3.3.0.2/9739d1888371d3dd85ee2a97bdf611c080fcaea2/cassandra-unit-spring-3.3.0.2.jar:/Users/ntj8189/.gradle/caches/modules-2/files-2.1/org.springframework.boot/spring-boot-starter-json/2.0.1.RELEASE/f2e1aeeb1ac02bfa1b4f7254633484af1866fc65/spring-boot-starter-json-2.0.1.RELEASE.jar:/Users/ntj8189/.gradle/caches/modules-2/files-2.1/org.springframework.boot/spring-boot-starter/2.0.1.RELEASE/33abc1286b0aabea4f08ff4285d09e587835a716/spring-boot-starter-2.0.1.RELEASE.jar:/Users/ntj8189/.gradle/caches/modules-2/files-2.1/org.springframework.boot/spring-boot-starter-tomcat/2.0.1.RELEASE/4b46f4aaff6c8a5a1c8184996d5e9e8a9354db8d/spring-boot-starter-tomcat-2.0.1.RELEASE.jar:/Users/ntj8189/.gradle/caches/modules-2/files-2.1/org.hibernate.validator/hibernate-validator/6.0.9.Final/b149e4cce82379f11f6129eb3187ca8ae5404005/hibernate-validator-6.0.9.Final.jar:/Users/ntj8189/.gradle/caches/modules-2/files-2.1/org.springframework/spring-webmvc/5.0.5.RELEASE/a7fd53c7ad06b0fa7dd4ff347de1b2dc508739e/spring-webmvc-5.0.5.RELEASE.jar:/Users/ntj8189/.gradle/caches/modules-2/files-2.1/org.springframework/spring-web/5.0.5.RELEASE/d51dbb5cabe72ae02e400577bac48f7fc94088de/spring-web-5.0.5.RELEASE.jar:/Users/ntj8189/.gradle/caches/modules-2/files-2.1/io.springfox/springfox-swagger-common/2.8.0/e0fc6a0096eb8d40fac7cc8206ddbb2fe73051d2/springfox-swagger-common-2.8.0.jar:/Users/ntj8189/.gradle/caches/modules-2/files-2.1/io.swagger/swagger-models/1.5.14/581d784b65e82cee5bf3e91d193d3f9c0c702453/swagger-models-1.5.14.jar:/Users/ntj8189/.gradle/caches/modules-2/files-2.1/io.swagger/swagger-annotations/1.5.14/989c19cd0a90768885532318ca5fd7ea16290cc8/swagger-annotations-1.5.14.jar:/Users/ntj8189/.gradle/caches/modules-2/files-2.1/io.springfox/springfox-schema/2.8.0/70ed8275e2277bffe269c8dbd688f54464bf1222/springfox-schema-2.8.0.jar:/Users/ntj8189/.gradle/caches/modules-2/files-2.1/io.springfox/springfox-spring-web/2.8.0/cb2ce464b07919158dde1ad40f72cca9c364559b/springfox-spring-web-2.8.0.jar:/Users/ntj8189/.gradle/caches/modules-2/files-2.1/io.springfox/springfox-spi/2.8.0/efe49b45357dd9f6c27799a5f7f5ba1ce6bdc05f/springfox-spi-2.8.0.jar:/Users/ntj8189/.gradle/caches/modules-2/files-2.1/org.springframework.data/spring-data-cassandra/2.0.6.RELEASE/ec0f25fe0157a1bbc014549514eb88fcdb9f2f54/spring-data-cassandra-2.0.6.RELEASE.jar:/Users/ntj8189/.gradle/caches/modules-2/files-2.1/org.caffinitas.ohc/ohc-core/0.4.4/437cd3ae562daf1d2d47b126ba5ba520c8f156bb/ohc-core-0.4.4.jar:/Users/ntj8189/.gradle/caches/modules-2/files-2.1/io.springfox/springfox-core/2.8.0/5f0fbaa34cc01dfca7089000c4943629d7e1c9dc/springfox-core-2.8.0.jar:/Users/ntj8189/.gradle/caches/modules-2/files-2.1/org.reflections/reflections/0.9.11/23bba0ff497ec61fbca967d9b641c7681a71edb3/reflections-0.9.11.jar:/Users/ntj8189/.gradle/caches/modules-2/files-2.1/com.google.guava/guava/20.0/89507701249388e1ed5ddcf8c41f4ce1be7831ef/guava-20.0.jar:/Users/ntj8189/.gradle/caches/modules-2/files-2.1/com.fasterxml/classmate/1.3.4/3d5f48f10bbe4eb7bd862f10c0583be2e0053c6/classmate-1.3.4.jar:/Users/ntj8189/.gradle/caches/modules-2/files-2.1/org.springframework.plugin/spring-plugin-metadata/1.2.0.RELEASE/97223fc496b6cab31602eedbd4202aa4fff0d44f/spring-plugin-metadata-1.2.0.RELEASE.jar:/Users/ntj8189/.gradle/caches/modules-2/files-2.1/org.springframework.plugin/spring-plugin-core/1.2.0.RELEASE/f380e7760032e7d929184f8ad8a33716b75c0657/spring-plugin-core-1.2.0.RELEASE.jar:/Users/ntj8189/.gradle/caches/modules-2/files-2.1/com.ecyrd.speed4j/speed4j/0.9/69f55ac5c3d4731a4d54af3c12ec51be7060c2a9/speed4j-0.9.jar:/Users/ntj8189/.gradle/caches/modules-2/files-2.1/com.yammer.metrics/metrics-core/2.2.0/f82c035cfa786d3cbec362c38c22a5f5b1bc8724/metrics-core-2.2.0.jar:/Users/ntj8189/.gradle/caches/modules-2/files-2.1/com.jayway.jsonpath/json-path/2.4.0/765a4401ceb2dc8d40553c2075eb80a8fa35c2ae/json-path-2.4.0.jar:/Users/ntj8189/.gradle/caches/modules-2/files-2.1/org.slf4j/jcl-over-slf4j/1.7.25/f8c32b13ff142a513eeb5b6330b1588dcb2c0461/jcl-over-slf4j-1.7.25.jar:/Users/ntj8189/.gradle/caches/modules-2/files-2.1/io.dropwizard.metrics/metrics-jvm/3.2.6/a7a475393fe47dfee2042415430da3f01d4fe94e/metrics-jvm-3.2.6.jar:/Users/ntj8189/.gradle/caches/modules-2/files-2.1/com.datastax.cassandra/cassandra-driver-core/3.4.0/14cca584732ead9e9274716963032bfff570f787/cassandra-driver-core-3.4.0.jar:/Users/ntj8189/.gradle/caches/modules-2/files-2.1/io.dropwizard.metrics/metrics-core/3.2.6/62fe170cffeded1cef60e9e3402a93b45ce14327/metrics-core-3.2.6.jar:/Users/ntj8189/.gradle/caches/modules-2/files-2.1/org.springframework.boot/spring-boot-starter-logging/2.0.1.RELEASE/10681a28c95e9f9c0159327a1ed0c860517c7ad7/spring-boot-starter-logging-2.0.1.RELEASE.jar:/Users/ntj8189/.gradle/caches/modules-2/files-2.1/ch.qos.logback/logback-classic/1.2.3/7c4f3c474fb2c041d8028740440937705ebb473a/logback-classic-1.2.3.jar:/Users/ntj8189/.gradle/caches/modules-2/files-2.1/org.springframework.data/spring-data-commons/2.0.6.RELEASE/4d65fdcbe258961e866f4f85c87c13193bbfd18c/spring-data-commons-2.0.6.RELEASE.jar:/Users/ntj8189/.gradle/caches/modules-2/files-2.1/org.apache.logging.log4j/log4j-to-slf4j/2.10.0/f7e631ccf49cfc0aefa4a2a728da7d374c05bd3c/log4j-to-slf4j-2.10.0.jar:/Users/ntj8189/.gradle/caches/modules-2/files-2.1/org.slf4j/jul-to-slf4j/1.7.25/af5364cd6679bfffb114f0dec8a157aaa283b76/jul-to-slf4j-1.7.25.jar:/Users/ntj8189/.gradle/caches/modules-2/files-2.1/org.apache.thrift/libthrift/0.9.2/9b067e2e2c5291e9f0d8b3561b1654286e6d81ee/libthrift-0.9.2.jar:/Users/ntj8189/.gradle/caches/modules-2/files-2.1/org.slf4j/slf4j-api/1.7.25/da76ca59f6a57ee3102f8f9bd9cee742973efa8a/slf4j-api-1.7.25.jar:/Users/ntj8189/.gradle/caches/modules-2/files-2.1/org.mapstruct/mapstruct/1.2.0.Final/8609d6eb044e9f6c73cb24c8f2f4ed5c72a249c7/mapstruct-1.2.0.Final.jar:/Users/ntj8189/.gradle/caches/modules-2/files-2.1/org.springframework/spring-tx/5.0.5.RELEASE/b772fbba533da282adc89f33e2619ee8a8bba601/spring-tx-5.0.5.RELEASE.jar:/Users/ntj8189/.gradle/caches/modules-2/files-2.1/commons-lang/commons-lang/2.4/16313e02a793435009f1e458fa4af5d879f6fb11/commons-lang-2.4.jar:/Users/ntj8189/.gradle/caches/modules-2/files-2.1/commons-pool/commons-pool/1.6/4572d589699f09d866a226a14b7f4323c6d8f040/commons-pool-1.6.jar:/Users/ntj8189/.gradle/caches/modules-2/files-2.1/com.github.stephenc.eaio-uuid/uuid/3.2.0/925720c5d40c4ebf8601e06025e1402251ef71d2/uuid-3.2.0.jar:/Users/ntj8189/.gradle/caches/modules-2/files-2.1/com.github.tomakehurst/wiremock-standalone/2.15.0/b400cbe16c30d100acb29e15070a836704ccf5f7/wiremock-standalone-2.15.0.jar:/Users/ntj8189/.gradle/caches/modules-2/files-2.1/org.apache.httpcomponents/httpclient/4.5.5/1603dfd56ebcd583ccdf337b6c3984ac55d89e58/httpclient-4.5.5.jar:/Users/ntj8189/.gradle/caches/modules-2/files-2.1/org.assertj/assertj-core/3.9.1/c5ce126b15f28d56cd8f960c1a6a058b9c9aea87/assertj-core-3.9.1.jar:/Users/ntj8189/.gradle/caches/modules-2/files-2.1/org.hamcrest/hamcrest-library/1.3/4785a3c21320980282f9f33d0d1264a69040538f/hamcrest-library-1.3.jar:/Users/ntj8189/.gradle/caches/modules-2/files-2.1/org.hamcrest/hamcrest-core/1.3/42a25dc3219429f0e5d060061f71acb49bf010a0/hamcrest-core-1.3.jar:/Users/ntj8189/.gradle/caches/modules-2/files-2.1/net.bytebuddy/byte-buddy/1.7.11/f02857a4e2c66ccbe7aaad6100a0a6c461bce9b3/byte-buddy-1.7.11.jar:/Users/ntj8189/.gradle/caches/modules-2/files-2.1/net.bytebuddy/byte-buddy-agent/1.7.11/b425a8933ca07edd03c6dbc8bc3b595fba9780de/byte-buddy-agent-1.7.11.jar:/Users/ntj8189/.gradle/caches/modules-2/files-2.1/org.powermock/powermock-reflect/1.7.3/f3d3c696a9977094c796dc8ffd174f828f3410e8/powermock-reflect-1.7.3.jar:/Users/ntj8189/.gradle/caches/modules-2/files-2.1/org.objenesis/objenesis/2.6/639033469776fd37c08358c6b92a4761feb2af4b/objenesis-2.6.jar:/Users/ntj8189/.gradle/caches/modules-2/files-2.1/org.springframework.boot/spring-boot-test-autoconfigure/2.0.1.RELEASE/c7a68c07f2a04323a67740f91d20818ec2e783b3/spring-boot-test-autoconfigure-2.0.1.RELEASE.jar:/Users/ntj8189/.gradle/caches/modules-2/files-2.1/org.springframework.boot/spring-boot-test/2.0.1.RELEASE/77cede07b0e9da6c87d0dabcfe3e53ac56747d73/spring-boot-test-2.0.1.RELEASE.jar:/Users/ntj8189/.gradle/caches/modules-2/files-2.1/org.skyscreamer/jsonassert/1.5.0/6c9d5fe2f59da598d9aefc1cfc6528ff3cf32df3/jsonassert-1.5.0.jar:/Users/ntj8189/.gradle/caches/modules-2/files-2.1/org.springframework/spring-test/5.0.5.RELEASE/f7e3b83447e54056a91de1294ae6888343648dff/spring-test-5.0.5.RELEASE.jar:/Users/ntj8189/.gradle/caches/modules-2/files-2.1/org.springframework.boot/spring-boot-autoconfigure/2.0.1.RELEASE/b0bf9d34ed70c6987a86cd58a009065e5fa02545/spring-boot-autoconfigure-2.0.1.RELEASE.jar:/Users/ntj8189/.gradle/caches/modules-2/files-2.1/org.springframework.boot/spring-boot/2.0.1.RELEASE/b8c5b14cbb0e52fdded8f98a8c1493cc74c7cf59/spring-boot-2.0.1.RELEASE.jar:/Users/ntj8189/.gradle/caches/modules-2/files-2.1/org.springframework/spring-context/5.0.5.RELEASE/9cca4bf5acb693249a01c218f471c677b951d6e2/spring-context-5.0.5.RELEASE.jar:/Users/ntj8189/.gradle/caches/modules-2/files-2.1/org.springframework/spring-aop/5.0.5.RELEASE/b11b61b94d7fb752a1c9bf3461d655c3084fae47/spring-aop-5.0.5.RELEASE.jar:/Users/ntj8189/.gradle/caches/modules-2/files-2.1/org.springframework/spring-beans/5.0.5.RELEASE/984445863c0bbdaaf860615762d998b471a6bf92/spring-beans-5.0.5.RELEASE.jar:/Users/ntj8189/.gradle/caches/modules-2/files-2.1/org.springframework/spring-expression/5.0.5.RELEASE/fc6c7a95aeb7d00f4c65c338b08d97767eb0dd99/spring-expression-5.0.5.RELEASE.jar:/Users/ntj8189/.gradle/caches/modules-2/files-2.1/org.springframework/spring-core/5.0.5.RELEASE/1bd9feb1d9dac6accd27f5244b6c47cfcb55045c/spring-core-5.0.5.RELEASE.jar:/Users/ntj8189/.gradle/caches/modules-2/files-2.1/org.xmlunit/xmlunit-core/2.5.1/4ffdb346572a7356f7521cd3119ce5287d2e339d/xmlunit-core-2.5.1.jar:/Users/ntj8189/.gradle/caches/modules-2/files-2.1/org.xerial.snappy/snappy-java/1.1.1.7/33b6965e9364145972035c30a45a996aad2bf789/snappy-java-1.1.1.7.jar:/Users/ntj8189/.gradle/caches/modules-2/files-2.1/net.jpountz.lz4/lz4/1.3.0/c708bb2590c0652a642236ef45d9f99ff842a2ce/lz4-1.3.0.jar:/Users/ntj8189/.gradle/caches/modules-2/files-2.1/com.ning/compress-lzf/0.8.4/994da6bddb79a40c368d3040f2aa06b94faf6b1f/compress-lzf-0.8.4.jar:/Users/ntj8189/.gradle/caches/modules-2/files-2.1/commons-cli/commons-cli/1.1/11c98b99ad538f2f67633afd4d7f4d98ecfbb408/commons-cli-1.1.jar:/Users/ntj8189/.gradle/caches/modules-2/files-2.1/commons-codec/commons-codec/1.11/3acb4705652e16236558f0f4f2192cc33c3bd189/commons-codec-1.11.jar:/Users/ntj8189/.gradle/caches/modules-2/files-2.1/org.apache.commons/commons-math3/3.2/ec2544ab27e110d2d431bdad7d538ed509b21e62/commons-math3-3.2.jar:/Users/ntj8189/.gradle/caches/modules-2/files-2.1/com.googlecode.concurrentlinkedhashmap/concurrentlinkedhashmap-lru/1.4/d4b42ed76a166a81dbac613339eed3343be6bd2d/concurrentlinkedhashmap-lru-1.4.jar:/Users/ntj8189/.gradle/caches/modules-2/files-2.1/com.boundary/high-scale-lib/1.0.6/7b44147cb2729e1724d2d46d7b932c56b65087f0/high-scale-lib-1.0.6.jar:/Users/ntj8189/.gradle/caches/modules-2/files-2.1/org.yaml/snakeyaml/1.19/2d998d3d674b172a588e54ab619854d073f555b5/snakeyaml-1.19.jar:/Users/ntj8189/.gradle/caches/modules-2/files-2.1/org.mindrot/jbcrypt/0.3m/fe2d9c5f23767d681a7e38fc8986b812400ec583/jbcrypt-0.3m.jar:/Users/ntj8189/.gradle/caches/modules-2/files-2.1/com.lmax/disruptor/3.0.1/d68c363b12827c644bd60469827b862cad7dc0a2/disruptor-3.0.1.jar:/Users/ntj8189/.gradle/caches/modules-2/files-2.1/com.clearspring.analytics/stream/2.5.2/8ec983689f4cc5463d012f415129b0c9fe296b7a/stream-2.5.2.jar:/Users/ntj8189/.gradle/caches/modules-2/files-2.1/it.unimi.dsi/fastutil/6.5.7/dec71174d0c8a20f355e5af8b59f25eb424c49d3/fastutil-6.5.7.jar:/Users/ntj8189/.gradle/caches/modules-2/files-2.1/ch.qos.logback/logback-core/1.2.3/864344400c3d4d92dfeb0a305dc87d953677c03c/logback-core-1.2.3.jar:/Users/ntj8189/.gradle/caches/modules-2/files-2.1/com.carrotsearch/hppc/0.5.4/21b0c8e70f4285dd10eaeb517cacb16d5bb2dd63/hppc-0.5.4.jar:/Users/ntj8189/.gradle/caches/modules-2/files-2.1/de.jflex/jflex/1.6.0/9d3b308283617fe047b437839e45dc4fe48a4f2a/jflex-1.6.0.jar:/Users/ntj8189/.gradle/caches/modules-2/files-2.1/org.apache.ant/ant/1.7.0/9746af1a485e50cf18dcb232489032a847067066/ant-1.7.0.jar:/Users/ntj8189/.gradle/caches/modules-2/files-2.1/org.apache.ant/ant-launcher/1.7.0/e7e30789211e074aa70ef3eaea59bd5b22a7fa7a/ant-launcher-1.7.0.jar:/Users/ntj8189/.gradle/caches/modules-2/files-2.1/com.github.rholder/snowball-stemmer/1.3.0.581.1/35a89d519949c33c6f28e8f37b3df7893b776ca4/snowball-stemmer-1.3.0.581.1.jar:/Users/ntj8189/.gradle/caches/modules-2/files-2.1/com.googlecode.concurrent-trees/concurrent-trees/2.4.0/2e505b78f9216abebbbdf1c3254bf9f4c565ae43/concurrent-trees-2.4.0.jar:/Users/ntj8189/.gradle/caches/modules-2/files-2.1/com.github.jbellis/jamm/0.3.0/a08af6071e57d4eb5d13db780c7810f73b549f1a/jamm-0.3.0.jar:/Users/ntj8189/.gradle/caches/modules-2/files-2.1/joda-time/joda-time/2.9.9/f7b520c458572890807d143670c9b24f4de90897/joda-time-2.9.9.jar:/Users/ntj8189/.gradle/caches/modules-2/files-2.1/org.fusesource/sigar/1.6.4/e91a355d337a0b1991f54181627d63c9973624c3/sigar-1.6.4.jar:/Users/ntj8189/.gradle/caches/modules-2/files-2.1/org.eclipse.jdt.core.compiler/ecj/4.4.2/71d67f5bab9465ec844596ef844f40902ae25392/ecj-4.4.2.jar:/Users/ntj8189/.gradle/caches/modules-2/files-2.1/com.github.ben-manes.caffeine/caffeine/2.6.2/c8fd8817f9d2b2ced82f8968e0dd943aab557de0/caffeine-2.6.2.jar:/Users/ntj8189/.gradle/caches/modules-2/files-2.1/org.jctools/jctools-core/1.2.1/ed2af5a88cdfc52df8dcb00f0c03a42d70605930/jctools-core-1.2.1.jar:/Users/ntj8189/.gradle/caches/modules-2/files-2.1/commons-logging/commons-logging/1.2/4bfc12adfe4842bf07b657f0369c4cb522955686/commons-logging-1.2.jar:/Users/ntj8189/.gradle/caches/modules-2/files-2.1/org.apache.httpcomponents/httpcore/4.4.9/a86ce739e5a7175b4b234c290a00a5fdb80957a0/httpcore-4.4.9.jar:/Users/ntj8189/.gradle/caches/modules-2/files-2.1/net.java.dev.jna/jna/4.5.1/65bd0cacc9c79a21c6ed8e9f588577cd3c2f85b9/jna-4.5.1.jar:/Users/ntj8189/.gradle/caches/modules-2/files-2.1/javax.annotation/javax.annotation-api/1.3.2/934c04d3cfef185a8008e7bf34331b79730a9d43/javax.annotation-api-1.3.2.jar:/Users/ntj8189/.gradle/caches/modules-2/files-2.1/com.fasterxml.jackson.datatype/jackson-datatype-jdk8/2.9.5/23e37f085279ba316c0df923513b81609e1d1f6/jackson-datatype-jdk8-2.9.5.jar:/Users/ntj8189/.gradle/caches/modules-2/files-2.1/com.fasterxml.jackson.datatype/jackson-datatype-jsr310/2.9.5/d1f0d11e816bc04e222a261106ca138801841c2d/jackson-datatype-jsr310-2.9.5.jar:/Users/ntj8189/.gradle/caches/modules-2/files-2.1/com.fasterxml.jackson.module/jackson-module-parameter-names/2.9.5/f824c60751ffb7bfc3a0d30dfe0e42317d8e67f5/jackson-module-parameter-names-2.9.5.jar:/Users/ntj8189/.gradle/caches/modules-2/files-2.1/com.fasterxml.jackson.core/jackson-databind/2.9.5/3490508379d065fe3fcb80042b62f630f7588606/jackson-databind-2.9.5.jar:/Users/ntj8189/.gradle/caches/modules-2/files-2.1/org.apache.tomcat.embed/tomcat-embed-websocket/8.5.29/37786f4ca8a1597a91a0f437e659a76d1fcc5bf1/tomcat-embed-websocket-8.5.29.jar:/Users/ntj8189/.gradle/caches/modules-2/files-2.1/org.apache.tomcat.embed/tomcat-embed-core/8.5.29/51eac5adde4bc019261b787cb99e5548206908e6/tomcat-embed-core-8.5.29.jar:/Users/ntj8189/.gradle/caches/modules-2/files-2.1/org.apache.tomcat.embed/tomcat-embed-el/8.5.29/893fb2c87ec1aa248a7911d76c0c06b3fca6bc9b/tomcat-embed-el-8.5.29.jar:/Users/ntj8189/.gradle/caches/modules-2/files-2.1/javax.validation/validation-api/2.0.1.Final/cb855558e6271b1b32e716d24cb85c7f583ce09e/validation-api-2.0.1.Final.jar:/Users/ntj8189/.gradle/caches/modules-2/files-2.1/org.jboss.logging/jboss-logging/3.3.2.Final/3789d00e859632e6c6206adc0c71625559e6e3b0/jboss-logging-3.3.2.Final.jar:/Users/ntj8189/.gradle/caches/modules-2/files-2.1/com.fasterxml.jackson.core/jackson-annotations/2.9.0/7c10d545325e3a6e72e06381afe469fd40eb701/jackson-annotations-2.9.0.jar:/Users/ntj8189/.gradle/caches/modules-2/files-2.1/net.minidev/json-smart/2.3/7396407491352ce4fa30de92efb158adb76b5b/json-smart-2.3.jar:/Users/ntj8189/.gradle/caches/modules-2/files-2.1/com.vaadin.external.google/android-json/0.0.20131108.vaadin1/fa26d351fe62a6a17f5cda1287c1c6110dec413f/android-json-0.0.20131108.vaadin1.jar:/Users/ntj8189/.gradle/caches/modules-2/files-2.1/org.springframework/spring-jcl/5.0.5.RELEASE/f4a2854b9d865e8b86717595aec16f877f8c6489/spring-jcl-5.0.5.RELEASE.jar:/Users/ntj8189/.gradle/caches/modules-2/files-2.1/com.fasterxml.jackson.core/jackson-core/2.9.5/a22ac51016944b06fd9ffbc9541c6e7ce5eea117/jackson-core-2.9.5.jar:/Users/ntj8189/.gradle/caches/modules-2/files-2.1/org.javassist/javassist/3.21.0-GA/598244f595db5c5fb713731eddbb1c91a58d959b/javassist-3.21.0-GA.jar:/Users/ntj8189/.gradle/caches/modules-2/files-2.1/io.netty/netty-handler/4.1.23.Final/a6314d244dd11db14249dc2d492e8dd3eec4cdb1/netty-handler-4.1.23.Final.jar:/Users/ntj8189/.gradle/caches/modules-2/files-2.1/com.github.jnr/jnr-posix/3.0.27/f7441d13187d93d59656ac8f800cba3043935b59/jnr-posix-3.0.27.jar:/Users/ntj8189/.gradle/caches/modules-2/files-2.1/com.github.jnr/jnr-ffi/2.0.7/f0968c5bb5a283ebda2df3604c2c1129d45196e3/jnr-ffi-2.0.7.jar:/Users/ntj8189/.gradle/caches/modules-2/files-2.1/net.minidev/accessors-smart/1.2/c592b500269bfde36096641b01238a8350f8aa31/accessors-smart-1.2.jar:/Users/ntj8189/.gradle/caches/modules-2/files-2.1/org.apache.logging.log4j/log4j-api/2.10.0/fec5797a55b786184a537abd39c3fa1449d752d6/log4j-api-2.10.0.jar:/Users/ntj8189/.gradle/caches/modules-2/files-2.1/io.netty/netty-codec/4.1.23.Final/d6599803bfefbe9a3e226702faade5df0cb678d1/netty-codec-4.1.23.Final.jar:/Users/ntj8189/.gradle/caches/modules-2/files-2.1/io.netty/netty-transport/4.1.23.Final/80dfcc723083e23058878ddbc33f5fb0ce9ec9e9/netty-transport-4.1.23.Final.jar:/Users/ntj8189/.gradle/caches/modules-2/files-2.1/io.netty/netty-buffer/4.1.23.Final/c6c0705bbd5d68aebc2d5fdd48e9dda8a8ad6d3/netty-buffer-4.1.23.Final.jar:/Users/ntj8189/.gradle/caches/modules-2/files-2.1/com.github.jnr/jffi/1.2.10/d58fdb2283456bc3f049bfbef40b592fa1aaa975/jffi-1.2.10.jar:/Users/ntj8189/.gradle/caches/modules-2/files-2.1/com.github.jnr/jffi/1.2.10/7de1bb566847c2ed71d91ca063a8af604f250ade/jffi-1.2.10-native.jar:/Users/ntj8189/.gradle/caches/modules-2/files-2.1/org.ow2.asm/asm-commons/5.0.3/a7111830132c7f87d08fe48cb0ca07630f8cb91c/asm-commons-5.0.3.jar:/Users/ntj8189/.gradle/caches/modules-2/files-2.1/org.ow2.asm/asm-analysis/5.0.3/c7126aded0e8e13fed5f913559a0dd7b770a10f3/asm-analysis-5.0.3.jar:/Users/ntj8189/.gradle/caches/modules-2/files-2.1/org.ow2.asm/asm-util/5.0.3/1512e5571325854b05fb1efce1db75fcced54389/asm-util-5.0.3.jar:/Users/ntj8189/.gradle/caches/modules-2/files-2.1/org.ow2.asm/asm-tree/5.0.3/287749b48ba7162fb67c93a026d690b29f410bed/asm-tree-5.0.3.jar:/Users/ntj8189/.gradle/caches/modules-2/files-2.1/org.ow2.asm/asm/5.0.4/da08b8cce7bbf903602a25a3a163ae252435795/asm-5.0.4.jar:/Users/ntj8189/.gradle/caches/modules-2/files-2.1/com.github.jnr/jnr-x86asm/1.0.2/6936bbd6c5b235665d87bd450f5e13b52d4b48/jnr-x86asm-1.0.2.jar:/Users/ntj8189/.gradle/caches/modules-2/files-2.1/com.github.jnr/jnr-constants/0.9.0/6894684e17a84cd500836e82b5e6c674b4d4dda6/jnr-constants-0.9.0.jar:/Users/ntj8189/.gradle/caches/modules-2/files-2.1/io.netty/netty-resolver/4.1.23.Final/19adaf9ad6833da7506cdccc7c6d16952f366fa5/netty-resolver-4.1.23.Final.jar:/Users/ntj8189/.gradle/caches/modules-2/files-2.1/io.netty/netty-common/4.1.23.Final/387b1b9d0441646a5cf84eace2b3e15dd07aca47/netty-common-4.1.23.Final.jar, user.name=ntj8189, java.vm.specification.version=1.8, sun.java.command=worker.org.gradle.process.internal.worker.GradleWorkerMain 'Gradle Test Executor 3', java.home=/Library/Java/JavaVirtualMachines/jdk1.8.0_161.jdk/Contents/Home/jre, sun.arch.data.model=64, user.language=en, java.specification.vendor=Oracle Corporation, awt.toolkit=sun.lwawt.macosx.LWCToolkit, java.vm.info=mixed mode, cassandra.unsafesystem=true, java.version=1.8.0_161, java.ext.dirs=/Users/ntj8189/Library/Java/Extensions:/Library/Java/JavaVirtualMachines/jdk1.8.0_161.jdk/Contents/Home/jre/lib/ext:/Library/Java/Extensions:/Network/Library/Java/Extensions:/System/Library/Java/Extensions:/usr/lib/java, property=value, sun.boot.class.path=/Library/Java/JavaVirtualMachines/jdk1.8.0_161.jdk/Contents/Home/jre/lib/resources.jar:/Library/Java/JavaVirtualMachines/jdk1.8.0_161.jdk/Contents/Home/jre/lib/rt.jar:/Library/Java/JavaVirtualMachines/jdk1.8.0_161.jdk/Contents/Home/jre/lib/sunrsasign.jar:/Library/Java/JavaVirtualMachines/jdk1.8.0_161.jdk/Contents/Home/jre/lib/jsse.jar:/Library/Java/JavaVirtualMachines/jdk1.8.0_161.jdk/Contents/Home/jre/lib/jce.jar:/Library/Java/JavaVirtualMachines/jdk1.8.0_161.jdk/Contents/Home/jre/lib/charsets.jar:/Library/Java/JavaVirtualMachines/jdk1.8.0_161.jdk/Contents/Home/jre/lib/jfr.jar:/Library/Java/JavaVirtualMachines/jdk1.8.0_161.jdk/Contents/Home/jre/classes, java.vendor=Oracle Corporation, org.gradle.test.worker=3, file.separator=/, java.vendor.url.bug=http://bugreport.sun.com/bugreport/, sun.io.unicode.encoding=UnicodeBig, sun.cpu.endian=little, cassandra-foreground=true, cassandra.config=file:/Users/ntj8189/Documents/workspace/MyRetail/target/embeddedCassandra/cu-cassandra.yaml, sun.cpu.isalist=}}, SystemEnvironmentPropertySource@1650763640 {name='systemEnvironment', properties={PATH=/usr/local/bin:/usr/bin:/bin:/usr/sbin:/sbin, SHELL=/bin/bash, VERSIONER_PYTHON_PREFER_32_BIT=no, USER=ntj8189, JAVA_MAIN_CLASS_10639=worker.org.gradle.process.internal.worker.GradleWorkerMain, TMPDIR=/var/folders/kj/mb0sytdn1zxgldzrbwt53ml80000gn/T/, SSH_AUTH_SOCK=/private/tmp/com.apple.launchd.UHeKaGFxbS/Listeners, XPC_FLAGS=0x0, VERSIONER_PYTHON_VERSION=2.7, __CF_USER_TEXT_ENCODING=0x1F5:0x0:0x0, Apple_PubSub_Socket_Render=/private/tmp/com.apple.launchd.bVo6SwJ7wT/Render, LOGNAME=ntj8189, LC_CTYPE=en_US.UTF-8, XPC_SERVICE_NAME=com.jetbrains.intellij.7204, HOME=/Users/ntj8189}}]
01:01:58.670 [Test worker] DEBUG org.springframework.core.env.StandardEnvironment - Adding PropertySource 'test' with highest search precedence
01:01:58.676 [Test worker] DEBUG org.springframework.core.env.StandardEnvironment - Adding PropertySource 'configurationProperties' with highest search precedence
01:01:58.677 [Test worker] DEBUG org.springframework.test.context.support.TestPropertySourceUtils - Adding inlined properties to environment: {spring.jmx.enabled=false, org.springframework.boot.test.context.SpringBootTestContextBootstrapper=true, server.port=0}
01:01:58.677 [Test worker] DEBUG org.springframework.core.env.StandardEnvironment - Adding PropertySource 'Inlined Test Properties' with highest search precedence

  .   ____          _            __ _ _
 /\\ / ___'_ __ _ _(_)_ __  __ _ \ \ \ \
( ( )\___ | '_ | '_| | '_ \/ _` | \ \ \ \
 \\/  ___)| |_)| | | | | || (_| |  ) ) ) )
  '  |____| .__|_| |_|_| |_\__, | / / / /
 =========|_|==============|___/=/_/_/_/
 :: Spring Boot ::        (v2.0.1.RELEASE)

2018-04-10 01:01:59.229  WARN 10639 --- [OptionalTasks:1] org.apache.cassandra.utils.FBUtilities   : Trigger directory doesn't exist, please create it and try again.
2018-04-10 01:01:59.244  INFO 10639 --- [OptionalTasks:1] o.a.cassandra.auth.CassandraRoleManager  : Created default superuser role 'cassandra'
2018-04-10 01:01:59.455  INFO 10639 --- [    Test worker] m.controller.ProductControllerTest       : Starting ProductControllerTest on C02VT45DHTD5MBP with PID 10639 (started by ntj8189 in /Users/ntj8189/Documents/workspace/MyRetail)
2018-04-10 01:01:59.455  INFO 10639 --- [    Test worker] m.controller.ProductControllerTest       : The following profiles are active: unittest
2018-04-10 01:01:59.521  INFO 10639 --- [    Test worker] ConfigServletWebServerApplicationContext : Refreshing org.springframework.boot.web.servlet.context.AnnotationConfigServletWebServerApplicationContext@2665b534: startup date [Tue Apr 10 01:01:59 EDT 2018]; root of context hierarchy
2018-04-10 01:02:01.142  INFO 10639 --- [    Test worker] o.s.b.f.s.DefaultListableBeanFactory     : Overriding bean definition for bean 'myRetailProperties' with a different definition: replacing [Generic bean: class [myretail.dto.MyRetailProperties]; scope=singleton; abstract=false; lazyInit=false; autowireMode=0; dependencyCheck=0; autowireCandidate=true; primary=false; factoryBeanName=null; factoryMethodName=null; initMethodName=null; destroyMethodName=null; defined in file [/Users/ntj8189/Documents/workspace/MyRetail/build/classes/java/main/myretail/dto/MyRetailProperties.class]] with [Root bean: class [null]; scope=; abstract=false; lazyInit=false; autowireMode=3; dependencyCheck=0; autowireCandidate=true; primary=false; factoryBeanName=testConfig; factoryMethodName=myRetailProperties; initMethodName=null; destroyMethodName=(inferred); defined in class path resource [myretail/TestConfig.class]]
2018-04-10 01:02:01.652  INFO 10639 --- [    Test worker] o.s.b.f.s.DefaultListableBeanFactory     : Overriding bean definition for bean 'cassandraTemplate' with a different definition: replacing [Root bean: class [null]; scope=; abstract=false; lazyInit=false; autowireMode=3; dependencyCheck=0; autowireCandidate=true; primary=false; factoryBeanName=testConfig; factoryMethodName=cassandraTemplate; initMethodName=null; destroyMethodName=(inferred); defined in class path resource [myretail/TestConfig.class]] with [Root bean: class [null]; scope=; abstract=false; lazyInit=false; autowireMode=3; dependencyCheck=0; autowireCandidate=true; primary=false; factoryBeanName=org.springframework.boot.autoconfigure.data.cassandra.CassandraDataAutoConfiguration; factoryMethodName=cassandraTemplate; initMethodName=null; destroyMethodName=(inferred); defined in class path resource [org/springframework/boot/autoconfigure/data/cassandra/CassandraDataAutoConfiguration.class]]
2018-04-10 01:02:03.238  INFO 10639 --- [    Test worker] o.s.b.w.embedded.tomcat.TomcatWebServer  : Tomcat initialized with port(s): 0 (http)
2018-04-10 01:02:03.324  INFO 10639 --- [    Test worker] o.apache.catalina.core.StandardService   : Starting service [Tomcat]
2018-04-10 01:02:03.325  INFO 10639 --- [    Test worker] org.apache.catalina.core.StandardEngine  : Starting Servlet Engine: Apache Tomcat/8.5.29
2018-04-10 01:02:03.361  INFO 10639 --- [ost-startStop-1] o.a.catalina.core.AprLifecycleListener   : The APR based Apache Tomcat Native library which allows optimal performance in production environments was not found on the java.library.path: [/Users/ntj8189/Library/Java/Extensions:/Library/Java/Extensions:/Network/Library/Java/Extensions:/System/Library/Java/Extensions:/usr/lib/java:.]
2018-04-10 01:02:03.680  INFO 10639 --- [ost-startStop-1] o.a.c.c.C.[Tomcat].[localhost].[/]       : Initializing Spring embedded WebApplicationContext
2018-04-10 01:02:03.680  INFO 10639 --- [ost-startStop-1] o.s.web.context.ContextLoader            : Root WebApplicationContext: initialization completed in 4166 ms
2018-04-10 01:02:03.945  INFO 10639 --- [ost-startStop-1] o.s.b.w.servlet.ServletRegistrationBean  : Servlet dispatcherServlet mapped to [/]
2018-04-10 01:02:03.960  INFO 10639 --- [ost-startStop-1] o.s.b.w.servlet.FilterRegistrationBean   : Mapping filter: 'characterEncodingFilter' to: [/*]
2018-04-10 01:02:03.961  INFO 10639 --- [ost-startStop-1] o.s.b.w.servlet.FilterRegistrationBean   : Mapping filter: 'hiddenHttpMethodFilter' to: [/*]
2018-04-10 01:02:03.961  INFO 10639 --- [ost-startStop-1] o.s.b.w.servlet.FilterRegistrationBean   : Mapping filter: 'httpPutFormContentFilter' to: [/*]
2018-04-10 01:02:03.961  INFO 10639 --- [ost-startStop-1] o.s.b.w.servlet.FilterRegistrationBean   : Mapping filter: 'requestContextFilter' to: [/*]
2018-04-10 01:02:04.313  INFO 10639 --- [    Test worker] com.datastax.driver.core.ClockFactory    : Using native clock to generate timestamps.
2018-04-10 01:02:04.692  INFO 10639 --- [    Test worker] c.d.d.c.p.DCAwareRoundRobinPolicy        : Using data-center name 'datacenter1' for DCAwareRoundRobinPolicy (if this is incorrect, please provide the correct datacenter name with DCAwareRoundRobinPolicy constructor)
2018-04-10 01:02:04.693  INFO 10639 --- [    Test worker] com.datastax.driver.core.Cluster         : New Cassandra host /127.0.0.1:9142 added
2018-04-10 01:02:06.040  INFO 10639 --- [    Test worker] s.w.s.m.m.a.RequestMappingHandlerMapping : Mapped "{[/MyRetail/v1/products/{id}],methods=[PUT],produces=[application/json]}" onto public myretail.dto.Product myretail.controller.ProductController.updateProductPrice(java.lang.Integer,myretail.dto.Product)
2018-04-10 01:02:06.042  INFO 10639 --- [    Test worker] s.w.s.m.m.a.RequestMappingHandlerMapping : Mapped "{[/MyRetail/v1/products/{id}],methods=[GET],produces=[application/json]}" onto public myretail.dto.Product myretail.controller.ProductController.getProductData(java.lang.Integer)
2018-04-10 01:02:06.045  INFO 10639 --- [    Test worker] s.w.s.m.m.a.RequestMappingHandlerMapping : Mapped "{[/swagger-resources/configuration/security]}" onto public org.springframework.http.ResponseEntity<springfox.documentation.swagger.web.SecurityConfiguration> springfox.documentation.swagger.web.ApiResourceController.securityConfiguration()
2018-04-10 01:02:06.045  INFO 10639 --- [    Test worker] s.w.s.m.m.a.RequestMappingHandlerMapping : Mapped "{[/swagger-resources/configuration/ui]}" onto public org.springframework.http.ResponseEntity<springfox.documentation.swagger.web.UiConfiguration> springfox.documentation.swagger.web.ApiResourceController.uiConfiguration()
2018-04-10 01:02:06.047  INFO 10639 --- [    Test worker] s.w.s.m.m.a.RequestMappingHandlerMapping : Mapped "{[/swagger-resources]}" onto public org.springframework.http.ResponseEntity<java.util.List<springfox.documentation.swagger.web.SwaggerResource>> springfox.documentation.swagger.web.ApiResourceController.swaggerResources()
2018-04-10 01:02:06.051  INFO 10639 --- [    Test worker] s.w.s.m.m.a.RequestMappingHandlerMapping : Mapped "{[/error]}" onto public org.springframework.http.ResponseEntity<java.util.Map<java.lang.String, java.lang.Object>> org.springframework.boot.autoconfigure.web.servlet.error.BasicErrorController.error(javax.servlet.http.HttpServletRequest)
2018-04-10 01:02:06.052  INFO 10639 --- [    Test worker] s.w.s.m.m.a.RequestMappingHandlerMapping : Mapped "{[/error],produces=[text/html]}" onto public org.springframework.web.servlet.ModelAndView org.springframework.boot.autoconfigure.web.servlet.error.BasicErrorController.errorHtml(javax.servlet.http.HttpServletRequest,javax.servlet.http.HttpServletResponse)
2018-04-10 01:02:06.397  INFO 10639 --- [    Test worker] pertySourcedRequestMappingHandlerMapping : Mapped URL path [/v2/api-docs] onto method [public org.springframework.http.ResponseEntity<springfox.documentation.spring.web.json.Json> springfox.documentation.swagger2.web.Swagger2Controller.getDocumentation(java.lang.String,javax.servlet.http.HttpServletRequest)]
2018-04-10 01:02:06.592  INFO 10639 --- [    Test worker] o.s.w.s.handler.SimpleUrlHandlerMapping  : Mapped URL path [/**/favicon.ico] onto handler of type [class org.springframework.web.servlet.resource.ResourceHttpRequestHandler]
2018-04-10 01:02:07.042  INFO 10639 --- [    Test worker] s.w.s.m.m.a.RequestMappingHandlerAdapter : Looking for @ControllerAdvice: org.springframework.boot.web.servlet.context.AnnotationConfigServletWebServerApplicationContext@2665b534: startup date [Tue Apr 10 01:01:59 EDT 2018]; root of context hierarchy
2018-04-10 01:02:07.210  INFO 10639 --- [    Test worker] o.s.w.s.handler.SimpleUrlHandlerMapping  : Mapped URL path [/webjars/**] onto handler of type [class org.springframework.web.servlet.resource.ResourceHttpRequestHandler]
2018-04-10 01:02:07.211  INFO 10639 --- [    Test worker] o.s.w.s.handler.SimpleUrlHandlerMapping  : Mapped URL path [/**] onto handler of type [class org.springframework.web.servlet.resource.ResourceHttpRequestHandler]
2018-04-10 01:02:07.576  INFO 10639 --- [    Test worker] o.a.c.c.C.[Tomcat].[localhost].[/]       : Initializing Spring FrameworkServlet ''
2018-04-10 01:02:07.576  INFO 10639 --- [    Test worker] o.s.t.web.servlet.TestDispatcherServlet  : FrameworkServlet '': initialization started
2018-04-10 01:02:07.624  INFO 10639 --- [    Test worker] o.s.t.web.servlet.TestDispatcherServlet  : FrameworkServlet '': initialization completed in 48 ms
2018-04-10 01:02:07.991  INFO 10639 --- [    Test worker] o.s.c.support.DefaultLifecycleProcessor  : Starting beans in phase 2147483647
2018-04-10 01:02:07.991  INFO 10639 --- [    Test worker] d.s.w.p.DocumentationPluginsBootstrapper : Context refreshed
2018-04-10 01:02:08.097  INFO 10639 --- [    Test worker] d.s.w.p.DocumentationPluginsBootstrapper : Found 1 custom documentation plugin(s)
2018-04-10 01:02:08.196  INFO 10639 --- [    Test worker] s.d.s.w.s.ApiListingReferenceScanner     : Scanning for api listing references
2018-04-10 01:02:08.654  INFO 10639 --- [    Test worker] o.s.b.w.embedded.tomcat.TomcatWebServer  : Tomcat started on port(s): 52516 (http) with context path ''
2018-04-10 01:02:08.658  INFO 10639 --- [    Test worker] m.controller.ProductControllerTest       : Started ProductControllerTest in 9.977 seconds (JVM running for 28.283)
2018-04-10 01:02:08.696 ERROR 10639 --- [    Test worker] o.s.test.context.TestContextManager      : Caught exception while allowing TestExecutionListener [org.springframework.boot.test.autoconfigure.SpringBootDependencyInjectionTestExecutionListener@1f828c72] to prepare test instance [myretail.controller.ProductControllerTest@68785f86]

org.springframework.beans.factory.UnsatisfiedDependencyException: Error creating bean with name 'myretail.controller.ProductControllerTest': Unsatisfied dependency expressed through field 'adminOperations'; nested exception is org.springframework.beans.factory.NoSuchBeanDefinitionException: No qualifying bean of type 'org.springframework.data.cassandra.core.CassandraAdminOperations' available: expected at least 1 bean which qualifies as autowire candidate. Dependency annotations: {@org.springframework.beans.factory.annotation.Autowired(required=true)}
	at org.springframework.beans.factory.annotation.AutowiredAnnotationBeanPostProcessor$AutowiredFieldElement.inject(AutowiredAnnotationBeanPostProcessor.java:587) ~[spring-beans-5.0.5.RELEASE.jar:5.0.5.RELEASE]
	at org.springframework.beans.factory.annotation.InjectionMetadata.inject(InjectionMetadata.java:91) ~[spring-beans-5.0.5.RELEASE.jar:5.0.5.RELEASE]
	at org.springframework.beans.factory.annotation.AutowiredAnnotationBeanPostProcessor.postProcessPropertyValues(AutowiredAnnotationBeanPostProcessor.java:373) ~[spring-beans-5.0.5.RELEASE.jar:5.0.5.RELEASE]
	at org.springframework.beans.factory.support.AbstractAutowireCapableBeanFactory.populateBean(AbstractAutowireCapableBeanFactory.java:1344) ~[spring-beans-5.0.5.RELEASE.jar:5.0.5.RELEASE]
	at org.springframework.beans.factory.support.AbstractAutowireCapableBeanFactory.autowireBeanProperties(AbstractAutowireCapableBeanFactory.java:399) ~[spring-beans-5.0.5.RELEASE.jar:5.0.5.RELEASE]
	at org.springframework.test.context.support.DependencyInjectionTestExecutionListener.injectDependencies(DependencyInjectionTestExecutionListener.java:118) ~[spring-test-5.0.5.RELEASE.jar:5.0.5.RELEASE]
	at org.springframework.test.context.support.DependencyInjectionTestExecutionListener.prepareTestInstance(DependencyInjectionTestExecutionListener.java:83) ~[spring-test-5.0.5.RELEASE.jar:5.0.5.RELEASE]
	at org.springframework.boot.test.autoconfigure.SpringBootDependencyInjectionTestExecutionListener.prepareTestInstance(SpringBootDependencyInjectionTestExecutionListener.java:44) ~[spring-boot-test-autoconfigure-2.0.1.RELEASE.jar:2.0.1.RELEASE]
	at org.springframework.test.context.TestContextManager.prepareTestInstance(TestContextManager.java:246) ~[spring-test-5.0.5.RELEASE.jar:5.0.5.RELEASE]
	at org.springframework.test.context.junit4.SpringJUnit4ClassRunner.createTest(SpringJUnit4ClassRunner.java:227) [spring-test-5.0.5.RELEASE.jar:5.0.5.RELEASE]
	at org.springframework.test.context.junit4.SpringJUnit4ClassRunner$1.runReflectiveCall(SpringJUnit4ClassRunner.java:289) [spring-test-5.0.5.RELEASE.jar:5.0.5.RELEASE]
	at org.junit.internal.runners.model.ReflectiveCallable.run(ReflectiveCallable.java:12) [junit-4.12.jar:4.12]
	at org.springframework.test.context.junit4.SpringJUnit4ClassRunner.methodBlock(SpringJUnit4ClassRunner.java:291) [spring-test-5.0.5.RELEASE.jar:5.0.5.RELEASE]
	at org.springframework.test.context.junit4.SpringJUnit4ClassRunner.runChild(SpringJUnit4ClassRunner.java:246) [spring-test-5.0.5.RELEASE.jar:5.0.5.RELEASE]
	at org.springframework.test.context.junit4.SpringJUnit4ClassRunner.runChild(SpringJUnit4ClassRunner.java:97) [spring-test-5.0.5.RELEASE.jar:5.0.5.RELEASE]
	at org.junit.runners.ParentRunner$3.run(ParentRunner.java:290) [junit-4.12.jar:4.12]
	at org.junit.runners.ParentRunner$1.schedule(ParentRunner.java:71) [junit-4.12.jar:4.12]
	at org.junit.runners.ParentRunner.runChildren(ParentRunner.java:288) [junit-4.12.jar:4.12]
	at org.junit.runners.ParentRunner.access$000(ParentRunner.java:58) [junit-4.12.jar:4.12]
	at org.junit.runners.ParentRunner$2.evaluate(ParentRunner.java:268) [junit-4.12.jar:4.12]
	at org.junit.internal.runners.statements.RunBefores.evaluate(RunBefores.java:26) [junit-4.12.jar:4.12]
	at org.springframework.test.context.junit4.statements.RunBeforeTestClassCallbacks.evaluate(RunBeforeTestClassCallbacks.java:61) [spring-test-5.0.5.RELEASE.jar:5.0.5.RELEASE]
	at org.junit.internal.runners.statements.RunAfters.evaluate(RunAfters.java:27) [junit-4.12.jar:4.12]
	at org.springframework.test.context.junit4.statements.RunAfterTestClassCallbacks.evaluate(RunAfterTestClassCallbacks.java:70) [spring-test-5.0.5.RELEASE.jar:5.0.5.RELEASE]
	at org.junit.runners.ParentRunner.run(ParentRunner.java:363) [junit-4.12.jar:4.12]
	at org.springframework.test.context.junit4.SpringJUnit4ClassRunner.run(SpringJUnit4ClassRunner.java:190) [spring-test-5.0.5.RELEASE.jar:5.0.5.RELEASE]
	at org.gradle.api.internal.tasks.testing.junit.JUnitTestClassExecuter.runTestClass(JUnitTestClassExecuter.java:114) [gradle-testing-jvm-4.3.jar:4.3]
	at org.gradle.api.internal.tasks.testing.junit.JUnitTestClassExecuter.execute(JUnitTestClassExecuter.java:57) [gradle-testing-jvm-4.3.jar:4.3]
	at org.gradle.api.internal.tasks.testing.junit.JUnitTestClassProcessor.processTestClass(JUnitTestClassProcessor.java:66) [gradle-testing-jvm-4.3.jar:4.3]
	at org.gradle.api.internal.tasks.testing.SuiteTestClassProcessor.processTestClass(SuiteTestClassProcessor.java:51) [gradle-testing-base-4.3.jar:4.3]
	at sun.reflect.NativeMethodAccessorImpl.invoke0(Native Method) ~[na:1.8.0_161]
	at sun.reflect.NativeMethodAccessorImpl.invoke(NativeMethodAccessorImpl.java:62) ~[na:1.8.0_161]
	at sun.reflect.DelegatingMethodAccessorImpl.invoke(DelegatingMethodAccessorImpl.java:43) ~[na:1.8.0_161]
	at java.lang.reflect.Method.invoke(Method.java:498) ~[na:1.8.0_161]
	at org.gradle.internal.dispatch.ReflectionDispatch.dispatch(ReflectionDispatch.java:35) [gradle-messaging-4.3.jar:4.3]
	at org.gradle.internal.dispatch.ReflectionDispatch.dispatch(ReflectionDispatch.java:24) [gradle-messaging-4.3.jar:4.3]
	at org.gradle.internal.dispatch.ContextClassLoaderDispatch.dispatch(ContextClassLoaderDispatch.java:32) [gradle-messaging-4.3.jar:4.3]
	at org.gradle.internal.dispatch.ProxyDispatchAdapter$DispatchingInvocationHandler.invoke(ProxyDispatchAdapter.java:93) [gradle-messaging-4.3.jar:4.3]
	at com.sun.proxy.$Proxy1.processTestClass(Unknown Source) [na:na]
	at org.gradle.api.internal.tasks.testing.worker.TestWorker.processTestClass(TestWorker.java:108) [gradle-testing-base-4.3.jar:4.3]
	at sun.reflect.NativeMethodAccessorImpl.invoke0(Native Method) ~[na:1.8.0_161]
	at sun.reflect.NativeMethodAccessorImpl.invoke(NativeMethodAccessorImpl.java:62) ~[na:1.8.0_161]
	at sun.reflect.DelegatingMethodAccessorImpl.invoke(DelegatingMethodAccessorImpl.java:43) ~[na:1.8.0_161]
	at java.lang.reflect.Method.invoke(Method.java:498) ~[na:1.8.0_161]
	at org.gradle.internal.dispatch.ReflectionDispatch.dispatch(ReflectionDispatch.java:35) [gradle-messaging-4.3.jar:4.3]
	at org.gradle.internal.dispatch.ReflectionDispatch.dispatch(ReflectionDispatch.java:24) [gradle-messaging-4.3.jar:4.3]
	at org.gradle.internal.remote.internal.hub.MessageHubBackedObjectConnection$DispatchWrapper.dispatch(MessageHubBackedObjectConnection.java:146) [gradle-messaging-4.3.jar:4.3]
	at org.gradle.internal.remote.internal.hub.MessageHubBackedObjectConnection$DispatchWrapper.dispatch(MessageHubBackedObjectConnection.java:128) [gradle-messaging-4.3.jar:4.3]
	at org.gradle.internal.remote.internal.hub.MessageHub$Handler.run(MessageHub.java:404) [gradle-messaging-4.3.jar:4.3]
	at org.gradle.internal.concurrent.ExecutorPolicy$CatchAndRecordFailures.onExecute(ExecutorPolicy.java:63) [gradle-base-services-4.3.jar:4.3]
	at org.gradle.internal.concurrent.ManagedExecutorImpl$1.run(ManagedExecutorImpl.java:46) [gradle-base-services-4.3.jar:4.3]
	at java.util.concurrent.ThreadPoolExecutor.runWorker(ThreadPoolExecutor.java:1149) [na:1.8.0_161]
	at java.util.concurrent.ThreadPoolExecutor$Worker.run(ThreadPoolExecutor.java:624) [na:1.8.0_161]
	at org.gradle.internal.concurrent.ThreadFactoryImpl$ManagedThreadRunnable.run(ThreadFactoryImpl.java:55) [gradle-base-services-4.3.jar:4.3]
	at java.lang.Thread.run(Thread.java:748) [na:1.8.0_161]
Caused by: org.springframework.beans.factory.NoSuchBeanDefinitionException: No qualifying bean of type 'org.springframework.data.cassandra.core.CassandraAdminOperations' available: expected at least 1 bean which qualifies as autowire candidate. Dependency annotations: {@org.springframework.beans.factory.annotation.Autowired(required=true)}
	at org.springframework.beans.factory.support.DefaultListableBeanFactory.raiseNoMatchingBeanFound(DefaultListableBeanFactory.java:1509) ~[spring-beans-5.0.5.RELEASE.jar:5.0.5.RELEASE]
	at org.springframework.beans.factory.support.DefaultListableBeanFactory.doResolveDependency(DefaultListableBeanFactory.java:1104) ~[spring-beans-5.0.5.RELEASE.jar:5.0.5.RELEASE]
	at org.springframework.beans.factory.support.DefaultListableBeanFactory.resolveDependency(DefaultListableBeanFactory.java:1065) ~[spring-beans-5.0.5.RELEASE.jar:5.0.5.RELEASE]
	at org.springframework.beans.factory.annotation.AutowiredAnnotationBeanPostProcessor$AutowiredFieldElement.inject(AutowiredAnnotationBeanPostProcessor.java:584) ~[spring-beans-5.0.5.RELEASE.jar:5.0.5.RELEASE]
	... 54 common frames omitted

2018-04-10 01:02:08.721 ERROR 10639 --- [    Test worker] o.s.test.context.TestContextManager      : Caught exception while allowing TestExecutionListener [org.springframework.boot.test.autoconfigure.SpringBootDependencyInjectionTestExecutionListener@1f828c72] to prepare test instance [myretail.controller.ProductControllerTest@765fd83]

org.springframework.beans.factory.UnsatisfiedDependencyException: Error creating bean with name 'myretail.controller.ProductControllerTest': Unsatisfied dependency expressed through field 'adminOperations'; nested exception is org.springframework.beans.factory.NoSuchBeanDefinitionException: No qualifying bean of type 'org.springframework.data.cassandra.core.CassandraAdminOperations' available: expected at least 1 bean which qualifies as autowire candidate. Dependency annotations: {@org.springframework.beans.factory.annotation.Autowired(required=true)}
	at org.springframework.beans.factory.annotation.AutowiredAnnotationBeanPostProcessor$AutowiredFieldElement.inject(AutowiredAnnotationBeanPostProcessor.java:587) ~[spring-beans-5.0.5.RELEASE.jar:5.0.5.RELEASE]
	at org.springframework.beans.factory.annotation.InjectionMetadata.inject(InjectionMetadata.java:91) ~[spring-beans-5.0.5.RELEASE.jar:5.0.5.RELEASE]
	at org.springframework.beans.factory.annotation.AutowiredAnnotationBeanPostProcessor.postProcessPropertyValues(AutowiredAnnotationBeanPostProcessor.java:373) ~[spring-beans-5.0.5.RELEASE.jar:5.0.5.RELEASE]
	at org.springframework.beans.factory.support.AbstractAutowireCapableBeanFactory.populateBean(AbstractAutowireCapableBeanFactory.java:1344) ~[spring-beans-5.0.5.RELEASE.jar:5.0.5.RELEASE]
	at org.springframework.beans.factory.support.AbstractAutowireCapableBeanFactory.autowireBeanProperties(AbstractAutowireCapableBeanFactory.java:399) ~[spring-beans-5.0.5.RELEASE.jar:5.0.5.RELEASE]
	at org.springframework.test.context.support.DependencyInjectionTestExecutionListener.injectDependencies(DependencyInjectionTestExecutionListener.java:118) ~[spring-test-5.0.5.RELEASE.jar:5.0.5.RELEASE]
	at org.springframework.test.context.support.DependencyInjectionTestExecutionListener.prepareTestInstance(DependencyInjectionTestExecutionListener.java:83) ~[spring-test-5.0.5.RELEASE.jar:5.0.5.RELEASE]
	at org.springframework.boot.test.autoconfigure.SpringBootDependencyInjectionTestExecutionListener.prepareTestInstance(SpringBootDependencyInjectionTestExecutionListener.java:44) ~[spring-boot-test-autoconfigure-2.0.1.RELEASE.jar:2.0.1.RELEASE]
	at org.springframework.test.context.TestContextManager.prepareTestInstance(TestContextManager.java:246) ~[spring-test-5.0.5.RELEASE.jar:5.0.5.RELEASE]
	at org.springframework.test.context.junit4.SpringJUnit4ClassRunner.createTest(SpringJUnit4ClassRunner.java:227) [spring-test-5.0.5.RELEASE.jar:5.0.5.RELEASE]
	at org.springframework.test.context.junit4.SpringJUnit4ClassRunner$1.runReflectiveCall(SpringJUnit4ClassRunner.java:289) [spring-test-5.0.5.RELEASE.jar:5.0.5.RELEASE]
	at org.junit.internal.runners.model.ReflectiveCallable.run(ReflectiveCallable.java:12) [junit-4.12.jar:4.12]
	at org.springframework.test.context.junit4.SpringJUnit4ClassRunner.methodBlock(SpringJUnit4ClassRunner.java:291) [spring-test-5.0.5.RELEASE.jar:5.0.5.RELEASE]
	at org.springframework.test.context.junit4.SpringJUnit4ClassRunner.runChild(SpringJUnit4ClassRunner.java:246) [spring-test-5.0.5.RELEASE.jar:5.0.5.RELEASE]
	at org.springframework.test.context.junit4.SpringJUnit4ClassRunner.runChild(SpringJUnit4ClassRunner.java:97) [spring-test-5.0.5.RELEASE.jar:5.0.5.RELEASE]
	at org.junit.runners.ParentRunner$3.run(ParentRunner.java:290) [junit-4.12.jar:4.12]
	at org.junit.runners.ParentRunner$1.schedule(ParentRunner.java:71) [junit-4.12.jar:4.12]
	at org.junit.runners.ParentRunner.runChildren(ParentRunner.java:288) [junit-4.12.jar:4.12]
	at org.junit.runners.ParentRunner.access$000(ParentRunner.java:58) [junit-4.12.jar:4.12]
	at org.junit.runners.ParentRunner$2.evaluate(ParentRunner.java:268) [junit-4.12.jar:4.12]
	at org.junit.internal.runners.statements.RunBefores.evaluate(RunBefores.java:26) [junit-4.12.jar:4.12]
	at org.springframework.test.context.junit4.statements.RunBeforeTestClassCallbacks.evaluate(RunBeforeTestClassCallbacks.java:61) [spring-test-5.0.5.RELEASE.jar:5.0.5.RELEASE]
	at org.junit.internal.runners.statements.RunAfters.evaluate(RunAfters.java:27) [junit-4.12.jar:4.12]
	at org.springframework.test.context.junit4.statements.RunAfterTestClassCallbacks.evaluate(RunAfterTestClassCallbacks.java:70) [spring-test-5.0.5.RELEASE.jar:5.0.5.RELEASE]
	at org.junit.runners.ParentRunner.run(ParentRunner.java:363) [junit-4.12.jar:4.12]
	at org.springframework.test.context.junit4.SpringJUnit4ClassRunner.run(SpringJUnit4ClassRunner.java:190) [spring-test-5.0.5.RELEASE.jar:5.0.5.RELEASE]
	at org.gradle.api.internal.tasks.testing.junit.JUnitTestClassExecuter.runTestClass(JUnitTestClassExecuter.java:114) [gradle-testing-jvm-4.3.jar:4.3]
	at org.gradle.api.internal.tasks.testing.junit.JUnitTestClassExecuter.execute(JUnitTestClassExecuter.java:57) [gradle-testing-jvm-4.3.jar:4.3]
	at org.gradle.api.internal.tasks.testing.junit.JUnitTestClassProcessor.processTestClass(JUnitTestClassProcessor.java:66) [gradle-testing-jvm-4.3.jar:4.3]
	at org.gradle.api.internal.tasks.testing.SuiteTestClassProcessor.processTestClass(SuiteTestClassProcessor.java:51) [gradle-testing-base-4.3.jar:4.3]
	at sun.reflect.NativeMethodAccessorImpl.invoke0(Native Method) ~[na:1.8.0_161]
	at sun.reflect.NativeMethodAccessorImpl.invoke(NativeMethodAccessorImpl.java:62) ~[na:1.8.0_161]
	at sun.reflect.DelegatingMethodAccessorImpl.invoke(DelegatingMethodAccessorImpl.java:43) ~[na:1.8.0_161]
	at java.lang.reflect.Method.invoke(Method.java:498) ~[na:1.8.0_161]
	at org.gradle.internal.dispatch.ReflectionDispatch.dispatch(ReflectionDispatch.java:35) [gradle-messaging-4.3.jar:4.3]
	at org.gradle.internal.dispatch.ReflectionDispatch.dispatch(ReflectionDispatch.java:24) [gradle-messaging-4.3.jar:4.3]
	at org.gradle.internal.dispatch.ContextClassLoaderDispatch.dispatch(ContextClassLoaderDispatch.java:32) [gradle-messaging-4.3.jar:4.3]
	at org.gradle.internal.dispatch.ProxyDispatchAdapter$DispatchingInvocationHandler.invoke(ProxyDispatchAdapter.java:93) [gradle-messaging-4.3.jar:4.3]
	at com.sun.proxy.$Proxy1.processTestClass(Unknown Source) [na:na]
	at org.gradle.api.internal.tasks.testing.worker.TestWorker.processTestClass(TestWorker.java:108) [gradle-testing-base-4.3.jar:4.3]
	at sun.reflect.NativeMethodAccessorImpl.invoke0(Native Method) ~[na:1.8.0_161]
	at sun.reflect.NativeMethodAccessorImpl.invoke(NativeMethodAccessorImpl.java:62) ~[na:1.8.0_161]
	at sun.reflect.DelegatingMethodAccessorImpl.invoke(DelegatingMethodAccessorImpl.java:43) ~[na:1.8.0_161]
	at java.lang.reflect.Method.invoke(Method.java:498) ~[na:1.8.0_161]
	at org.gradle.internal.dispatch.ReflectionDispatch.dispatch(ReflectionDispatch.java:35) [gradle-messaging-4.3.jar:4.3]
	at org.gradle.internal.dispatch.ReflectionDispatch.dispatch(ReflectionDispatch.java:24) [gradle-messaging-4.3.jar:4.3]
	at org.gradle.internal.remote.internal.hub.MessageHubBackedObjectConnection$DispatchWrapper.dispatch(MessageHubBackedObjectConnection.java:146) [gradle-messaging-4.3.jar:4.3]
	at org.gradle.internal.remote.internal.hub.MessageHubBackedObjectConnection$DispatchWrapper.dispatch(MessageHubBackedObjectConnection.java:128) [gradle-messaging-4.3.jar:4.3]
	at org.gradle.internal.remote.internal.hub.MessageHub$Handler.run(MessageHub.java:404) [gradle-messaging-4.3.jar:4.3]
	at org.gradle.internal.concurrent.ExecutorPolicy$CatchAndRecordFailures.onExecute(ExecutorPolicy.java:63) [gradle-base-services-4.3.jar:4.3]
	at org.gradle.internal.concurrent.ManagedExecutorImpl$1.run(ManagedExecutorImpl.java:46) [gradle-base-services-4.3.jar:4.3]
	at java.util.concurrent.ThreadPoolExecutor.runWorker(ThreadPoolExecutor.java:1149) [na:1.8.0_161]
	at java.util.concurrent.ThreadPoolExecutor$Worker.run(ThreadPoolExecutor.java:624) [na:1.8.0_161]
	at org.gradle.internal.concurrent.ThreadFactoryImpl$ManagedThreadRunnable.run(ThreadFactoryImpl.java:55) [gradle-base-services-4.3.jar:4.3]
	at java.lang.Thread.run(Thread.java:748) [na:1.8.0_161]
Caused by: org.springframework.beans.factory.NoSuchBeanDefinitionException: No qualifying bean of type 'org.springframework.data.cassandra.core.CassandraAdminOperations' available: expected at least 1 bean which qualifies as autowire candidate. Dependency annotations: {@org.springframework.beans.factory.annotation.Autowired(required=true)}
	at org.springframework.beans.factory.support.DefaultListableBeanFactory.raiseNoMatchingBeanFound(DefaultListableBeanFactory.java:1509) ~[spring-beans-5.0.5.RELEASE.jar:5.0.5.RELEASE]
	at org.springframework.beans.factory.support.DefaultListableBeanFactory.doResolveDependency(DefaultListableBeanFactory.java:1104) ~[spring-beans-5.0.5.RELEASE.jar:5.0.5.RELEASE]
	at org.springframework.beans.factory.support.DefaultListableBeanFactory.resolveDependency(DefaultListableBeanFactory.java:1065) ~[spring-beans-5.0.5.RELEASE.jar:5.0.5.RELEASE]
	at org.springframework.beans.factory.annotation.AutowiredAnnotationBeanPostProcessor$AutowiredFieldElement.inject(AutowiredAnnotationBeanPostProcessor.java:584) ~[spring-beans-5.0.5.RELEASE.jar:5.0.5.RELEASE]
	... 54 common frames omitted

2018-04-10 01:02:08.726  INFO 10639 --- [port-Requests-1] o.a.cassandra.service.MigrationManager   : Drop Keyspace 'testkeyspace'
2018-04-10 01:02:09.581  INFO 10639 --- [igrationStage:1] o.a.cassandra.utils.memory.BufferPool    : Global buffer pool is enabled, when pool is exhausted (max is 512.000MiB) it will allocate on heap
]]></system-out>
  <system-err><![CDATA[no libsigar-universal64-macosx.dylib in java.library.path
org.hyperic.sigar.SigarException: no libsigar-universal64-macosx.dylib in java.library.path
	at org.hyperic.sigar.Sigar.loadLibrary(Sigar.java:172)
	at org.hyperic.sigar.Sigar.<clinit>(Sigar.java:100)
	at org.apache.cassandra.utils.SigarLibrary.<init>(SigarLibrary.java:47)
	at org.apache.cassandra.utils.SigarLibrary.<clinit>(SigarLibrary.java:28)
	at org.apache.cassandra.service.StartupChecks$7.execute(StartupChecks.java:220)
	at org.apache.cassandra.service.StartupChecks.verify(StartupChecks.java:116)
	at org.apache.cassandra.service.CassandraDaemon.setup(CassandraDaemon.java:200)
	at org.apache.cassandra.service.CassandraDaemon.activate(CassandraDaemon.java:600)
	at org.cassandraunit.utils.EmbeddedCassandraServerHelper.lambda$startEmbeddedCassandra$1(EmbeddedCassandraServerHelper.java:144)
	at java.util.concurrent.ThreadPoolExecutor.runWorker(ThreadPoolExecutor.java:1149)
	at java.util.concurrent.ThreadPoolExecutor$Worker.run(ThreadPoolExecutor.java:624)
	at java.lang.Thread.run(Thread.java:748)



============================
CONDITIONS EVALUATION REPORT
============================


Positive matches:
-----------------

   CassandraAutoConfiguration matched:
      - @ConditionalOnClass found required class 'com.datastax.driver.core.Cluster'; @ConditionalOnMissingClass did not find unwanted class (OnClassCondition)

   CassandraDataAutoConfiguration matched:
      - @ConditionalOnClass found required classes 'com.datastax.driver.core.Cluster', 'org.springframework.data.cassandra.core.CassandraAdminOperations'; @ConditionalOnMissingClass did not find unwanted class (OnClassCondition)

   CassandraDataAutoConfiguration#cassandraCustomConversions matched:
      - @ConditionalOnMissingBean (types: org.springframework.data.cassandra.core.convert.CassandraCustomConversions; SearchStrategy: all) did not find any beans (OnBeanCondition)

   CassandraDataAutoConfiguration#cassandraTemplate matched:
      - @ConditionalOnMissingBean (types: org.springframework.data.cassandra.core.CassandraTemplate; SearchStrategy: all) did not find any beans (OnBeanCondition)

   CassandraReactiveRepositoriesAutoConfiguration matched:
      - @ConditionalOnClass found required classes 'org.springframework.data.cassandra.ReactiveSession', 'org.springframework.data.cassandra.repository.ReactiveCassandraRepository'; @ConditionalOnMissingClass did not find unwanted class (OnClassCondition)
      - @ConditionalOnRepositoryType configured type of 'AUTO' matched required type (OnRepositoryTypeCondition)
      - @ConditionalOnMissingBean (types: org.springframework.data.cassandra.repository.support.ReactiveCassandraRepositoryFactoryBean; SearchStrategy: all) did not find any beans (OnBeanCondition)

   CodecsAutoConfiguration matched:
      - @ConditionalOnClass found required class 'org.springframework.http.codec.CodecConfigurer'; @ConditionalOnMissingClass did not find unwanted class (OnClassCondition)

   CodecsAutoConfiguration.JacksonCodecConfiguration matched:
      - @ConditionalOnClass found required class 'com.fasterxml.jackson.databind.ObjectMapper'; @ConditionalOnMissingClass did not find unwanted class (OnClassCondition)

   CodecsAutoConfiguration.JacksonCodecConfiguration#jacksonCodecCustomizer matched:
      - @ConditionalOnBean (types: com.fasterxml.jackson.databind.ObjectMapper; SearchStrategy: all) found bean 'jacksonObjectMapper' (OnBeanCondition)

   DispatcherServletAutoConfiguration matched:
      - @ConditionalOnClass found required class 'org.springframework.web.servlet.DispatcherServlet'; @ConditionalOnMissingClass did not find unwanted class (OnClassCondition)
      - found WebApplicationContext (OnWebApplicationCondition)

   DispatcherServletAutoConfiguration.DispatcherServletConfiguration matched:
      - @ConditionalOnClass found required class 'javax.servlet.ServletRegistration'; @ConditionalOnMissingClass did not find unwanted class (OnClassCondition)
      - Default DispatcherServlet did not find dispatcher servlet beans (DispatcherServletAutoConfiguration.DefaultDispatcherServletCondition)

   DispatcherServletAutoConfiguration.DispatcherServletRegistrationConfiguration matched:
      - @ConditionalOnClass found required class 'javax.servlet.ServletRegistration'; @ConditionalOnMissingClass did not find unwanted class (OnClassCondition)
      - DispatcherServlet Registration did not find servlet registration bean (DispatcherServletAutoConfiguration.DispatcherServletRegistrationCondition)

   DispatcherServletAutoConfiguration.DispatcherServletRegistrationConfiguration#dispatcherServletRegistration matched:
      - @ConditionalOnBean (names: dispatcherServlet; types: org.springframework.web.servlet.DispatcherServlet; SearchStrategy: all) found bean 'dispatcherServlet' (OnBeanCondition)

   EmbeddedWebServerFactoryCustomizerAutoConfiguration.TomcatWebServerFactoryCustomizerConfiguration matched:
      - @ConditionalOnClass found required classes 'org.apache.catalina.startup.Tomcat', 'org.apache.coyote.UpgradeProtocol'; @ConditionalOnMissingClass did not find unwanted class (OnClassCondition)

   ErrorMvcAutoConfiguration matched:
      - @ConditionalOnClass found required classes 'javax.servlet.Servlet', 'org.springframework.web.servlet.DispatcherServlet'; @ConditionalOnMissingClass did not find unwanted class (OnClassCondition)
      - found WebApplicationContext (OnWebApplicationCondition)

   ErrorMvcAutoConfiguration#basicErrorController matched:
      - @ConditionalOnMissingBean (types: org.springframework.boot.web.servlet.error.ErrorController; SearchStrategy: current) did not find any beans (OnBeanCondition)

   ErrorMvcAutoConfiguration#errorAttributes matched:
      - @ConditionalOnMissingBean (types: org.springframework.boot.web.servlet.error.ErrorAttributes; SearchStrategy: current) did not find any beans (OnBeanCondition)

   ErrorMvcAutoConfiguration.DefaultErrorViewResolverConfiguration#conventionErrorViewResolver matched:
      - @ConditionalOnBean (types: org.springframework.web.servlet.DispatcherServlet; SearchStrategy: all) found bean 'dispatcherServlet'; @ConditionalOnMissingBean (types: org.springframework.boot.autoconfigure.web.servlet.error.DefaultErrorViewResolver; SearchStrategy: all) did not find any beans (OnBeanCondition)

   ErrorMvcAutoConfiguration.WhitelabelErrorViewConfiguration matched:
      - @ConditionalOnProperty (server.error.whitelabel.enabled) matched (OnPropertyCondition)
      - ErrorTemplate Missing did not find error template view (ErrorMvcAutoConfiguration.ErrorTemplateMissingCondition)

   ErrorMvcAutoConfiguration.WhitelabelErrorViewConfiguration#beanNameViewResolver matched:
      - @ConditionalOnMissingBean (types: org.springframework.web.servlet.view.BeanNameViewResolver; SearchStrategy: all) did not find any beans (OnBeanCondition)

   ErrorMvcAutoConfiguration.WhitelabelErrorViewConfiguration#defaultErrorView matched:
      - @ConditionalOnMissingBean (names: error; SearchStrategy: all) did not find any beans (OnBeanCondition)

   GenericCacheConfiguration matched:
      - Cache org.springframework.boot.autoconfigure.cache.GenericCacheConfiguration automatic cache type (CacheCondition)

   HttpEncodingAutoConfiguration matched:
      - @ConditionalOnClass found required class 'org.springframework.web.filter.CharacterEncodingFilter'; @ConditionalOnMissingClass did not find unwanted class (OnClassCondition)
      - found WebApplicationContext (OnWebApplicationCondition)
      - @ConditionalOnProperty (spring.http.encoding.enabled) matched (OnPropertyCondition)

   HttpEncodingAutoConfiguration#characterEncodingFilter matched:
      - @ConditionalOnMissingBean (types: org.springframework.web.filter.CharacterEncodingFilter; SearchStrategy: all) did not find any beans (OnBeanCondition)

   HttpMessageConvertersAutoConfiguration matched:
      - @ConditionalOnClass found required class 'org.springframework.http.converter.HttpMessageConverter'; @ConditionalOnMissingClass did not find unwanted class (OnClassCondition)

   HttpMessageConvertersAutoConfiguration#messageConverters matched:
      - @ConditionalOnMissingBean (types: org.springframework.boot.autoconfigure.http.HttpMessageConverters; SearchStrategy: all) did not find any beans (OnBeanCondition)

   HttpMessageConvertersAutoConfiguration.StringHttpMessageConverterConfiguration matched:
      - @ConditionalOnClass found required class 'org.springframework.http.converter.StringHttpMessageConverter'; @ConditionalOnMissingClass did not find unwanted class (OnClassCondition)

   HttpMessageConvertersAutoConfiguration.StringHttpMessageConverterConfiguration#stringHttpMessageConverter matched:
      - @ConditionalOnMissingBean (types: org.springframework.http.converter.StringHttpMessageConverter; SearchStrategy: all) did not find any beans (OnBeanCondition)

   JacksonAutoConfiguration matched:
      - @ConditionalOnClass found required class 'com.fasterxml.jackson.databind.ObjectMapper'; @ConditionalOnMissingClass did not find unwanted class (OnClassCondition)

   JacksonAutoConfiguration.Jackson2ObjectMapperBuilderCustomizerConfiguration matched:
      - @ConditionalOnClass found required class 'org.springframework.http.converter.json.Jackson2ObjectMapperBuilder'; @ConditionalOnMissingClass did not find unwanted class (OnClassCondition)

   JacksonAutoConfiguration.JacksonObjectMapperBuilderConfiguration matched:
      - @ConditionalOnClass found required class 'org.springframework.http.converter.json.Jackson2ObjectMapperBuilder'; @ConditionalOnMissingClass did not find unwanted class (OnClassCondition)

   JacksonAutoConfiguration.JacksonObjectMapperBuilderConfiguration#jacksonObjectMapperBuilder matched:
      - @ConditionalOnMissingBean (types: org.springframework.http.converter.json.Jackson2ObjectMapperBuilder; SearchStrategy: all) did not find any beans (OnBeanCondition)

   JacksonAutoConfiguration.JacksonObjectMapperConfiguration matched:
      - @ConditionalOnClass found required class 'org.springframework.http.converter.json.Jackson2ObjectMapperBuilder'; @ConditionalOnMissingClass did not find unwanted class (OnClassCondition)

   JacksonAutoConfiguration.JacksonObjectMapperConfiguration#jacksonObjectMapper matched:
      - @ConditionalOnMissingBean (types: com.fasterxml.jackson.databind.ObjectMapper; SearchStrategy: all) did not find any beans (OnBeanCondition)

   JacksonAutoConfiguration.ParameterNamesModuleConfiguration matched:
      - @ConditionalOnClass found required class 'com.fasterxml.jackson.module.paramnames.ParameterNamesModule'; @ConditionalOnMissingClass did not find unwanted class (OnClassCondition)

   JacksonAutoConfiguration.ParameterNamesModuleConfiguration#parameterNamesModule matched:
      - @ConditionalOnMissingBean (types: com.fasterxml.jackson.module.paramnames.ParameterNamesModule; SearchStrategy: all) did not find any beans (OnBeanCondition)

   JacksonHttpMessageConvertersConfiguration.MappingJackson2HttpMessageConverterConfiguration matched:
      - @ConditionalOnClass found required class 'com.fasterxml.jackson.databind.ObjectMapper'; @ConditionalOnMissingClass did not find unwanted class (OnClassCondition)
      - @ConditionalOnProperty (spring.http.converters.preferred-json-mapper=jackson) matched (OnPropertyCondition)
      - @ConditionalOnBean (types: com.fasterxml.jackson.databind.ObjectMapper; SearchStrategy: all) found bean 'jacksonObjectMapper' (OnBeanCondition)

   JacksonHttpMessageConvertersConfiguration.MappingJackson2HttpMessageConverterConfiguration#mappingJackson2HttpMessageConverter matched:
      - @ConditionalOnMissingBean (types: org.springframework.http.converter.json.MappingJackson2HttpMessageConverter; SearchStrategy: all) did not find any beans (OnBeanCondition)

   MockMvcAutoConfiguration matched:
      - found WebApplicationContext (OnWebApplicationCondition)

   MockMvcAutoConfiguration#mockMvc matched:
      - @ConditionalOnMissingBean (types: org.springframework.test.web.servlet.MockMvc; SearchStrategy: all) did not find any beans (OnBeanCondition)

   MockMvcAutoConfiguration#mockMvcBuilder matched:
      - @ConditionalOnMissingBean (types: org.springframework.test.web.servlet.MockMvcBuilder; SearchStrategy: all) did not find any beans (OnBeanCondition)

   MockMvcSecurityAutoConfiguration matched:
      - @ConditionalOnProperty (spring.test.mockmvc.secure=true) matched (OnPropertyCondition)

   MultipartAutoConfiguration matched:
      - @ConditionalOnClass found required classes 'javax.servlet.Servlet', 'org.springframework.web.multipart.support.StandardServletMultipartResolver', 'javax.servlet.MultipartConfigElement'; @ConditionalOnMissingClass did not find unwanted class (OnClassCondition)
      - found WebApplicationContext (OnWebApplicationCondition)
      - @ConditionalOnProperty (spring.servlet.multipart.enabled) matched (OnPropertyCondition)

   MultipartAutoConfiguration#multipartConfigElement matched:
      - @ConditionalOnMissingBean (types: javax.servlet.MultipartConfigElement; SearchStrategy: all) did not find any beans (OnBeanCondition)

   MultipartAutoConfiguration#multipartResolver matched:
      - @ConditionalOnMissingBean (types: org.springframework.web.multipart.MultipartResolver; SearchStrategy: all) did not find any beans (OnBeanCondition)

   NoOpCacheConfiguration matched:
      - Cache org.springframework.boot.autoconfigure.cache.NoOpCacheConfiguration automatic cache type (CacheCondition)

   PersistenceExceptionTranslationAutoConfiguration matched:
      - @ConditionalOnClass found required class 'org.springframework.dao.annotation.PersistenceExceptionTranslationPostProcessor'; @ConditionalOnMissingClass did not find unwanted class (OnClassCondition)

   PersistenceExceptionTranslationAutoConfiguration#persistenceExceptionTranslationPostProcessor matched:
      - @ConditionalOnProperty (spring.dao.exceptiontranslation.enabled) matched (OnPropertyCondition)
      - @ConditionalOnMissingBean (types: org.springframework.dao.annotation.PersistenceExceptionTranslationPostProcessor; SearchStrategy: all) did not find any beans (OnBeanCondition)

   PropertyPlaceholderAutoConfiguration#propertySourcesPlaceholderConfigurer matched:
      - @ConditionalOnMissingBean (types: org.springframework.context.support.PropertySourcesPlaceholderConfigurer; SearchStrategy: current) did not find any beans (OnBeanCondition)

   RedisCacheConfiguration matched:
      - Cache org.springframework.boot.autoconfigure.cache.RedisCacheConfiguration automatic cache type (CacheCondition)

   RestTemplateAutoConfiguration matched:
      - @ConditionalOnClass found required class 'org.springframework.web.client.RestTemplate'; @ConditionalOnMissingClass did not find unwanted class (OnClassCondition)

   RestTemplateAutoConfiguration#restTemplateBuilder matched:
      - @ConditionalOnMissingBean (types: org.springframework.boot.web.client.RestTemplateBuilder; SearchStrategy: all) did not find any beans (OnBeanCondition)

   ServletWebServerFactoryAutoConfiguration matched:
      - @ConditionalOnClass found required class 'javax.servlet.ServletRequest'; @ConditionalOnMissingClass did not find unwanted class (OnClassCondition)
      - found WebApplicationContext (OnWebApplicationCondition)

   ServletWebServerFactoryAutoConfiguration#tomcatServletWebServerFactoryCustomizer matched:
      - @ConditionalOnClass found required class 'org.apache.catalina.startup.Tomcat'; @ConditionalOnMissingClass did not find unwanted class (OnClassCondition)

   ServletWebServerFactoryConfiguration.EmbeddedTomcat matched:
      - @ConditionalOnClass found required classes 'javax.servlet.Servlet', 'org.apache.catalina.startup.Tomcat', 'org.apache.coyote.UpgradeProtocol'; @ConditionalOnMissingClass did not find unwanted class (OnClassCondition)
      - @ConditionalOnMissingBean (types: org.springframework.boot.web.servlet.server.ServletWebServerFactory; SearchStrategy: current) did not find any beans (OnBeanCondition)

   SimpleCacheConfiguration matched:
      - Cache org.springframework.boot.autoconfigure.cache.SimpleCacheConfiguration automatic cache type (CacheCondition)

   SpringDataWebAutoConfiguration matched:
      - @ConditionalOnClass found required classes 'org.springframework.data.web.PageableHandlerMethodArgumentResolver', 'org.springframework.web.servlet.config.annotation.WebMvcConfigurer'; @ConditionalOnMissingClass did not find unwanted class (OnClassCondition)
      - found WebApplicationContext (OnWebApplicationCondition)
      - @ConditionalOnMissingBean (types: org.springframework.data.web.PageableHandlerMethodArgumentResolver; SearchStrategy: all) did not find any beans (OnBeanCondition)

   SpringDataWebAutoConfiguration#pageableCustomizer matched:
      - @ConditionalOnMissingBean (types: org.springframework.data.web.config.PageableHandlerMethodArgumentResolverCustomizer; SearchStrategy: all) did not find any beans (OnBeanCondition)

   SpringDataWebAutoConfiguration#sortCustomizer matched:
      - @ConditionalOnMissingBean (types: org.springframework.data.web.config.SortHandlerMethodArgumentResolverCustomizer; SearchStrategy: all) did not find any beans (OnBeanCondition)

   TransactionAutoConfiguration matched:
      - @ConditionalOnClass found required class 'org.springframework.transaction.PlatformTransactionManager'; @ConditionalOnMissingClass did not find unwanted class (OnClassCondition)

   TransactionAutoConfiguration#platformTransactionManagerCustomizers matched:
      - @ConditionalOnMissingBean (types: org.springframework.boot.autoconfigure.transaction.TransactionManagerCustomizers; SearchStrategy: all) did not find any beans (OnBeanCondition)

   ValidationAutoConfiguration matched:
      - @ConditionalOnClass found required class 'javax.validation.executable.ExecutableValidator'; @ConditionalOnMissingClass did not find unwanted class (OnClassCondition)
      - @ConditionalOnResource found location classpath:META-INF/services/javax.validation.spi.ValidationProvider (OnResourceCondition)

   ValidationAutoConfiguration#defaultValidator matched:
      - @ConditionalOnMissingBean (types: javax.validation.Validator; SearchStrategy: all) did not find any beans (OnBeanCondition)

   ValidationAutoConfiguration#methodValidationPostProcessor matched:
      - @ConditionalOnMissingBean (types: org.springframework.validation.beanvalidation.MethodValidationPostProcessor; SearchStrategy: all) did not find any beans (OnBeanCondition)

   WebMvcAutoConfiguration matched:
      - @ConditionalOnClass found required classes 'javax.servlet.Servlet', 'org.springframework.web.servlet.DispatcherServlet', 'org.springframework.web.servlet.config.annotation.WebMvcConfigurer'; @ConditionalOnMissingClass did not find unwanted class (OnClassCondition)
      - found WebApplicationContext (OnWebApplicationCondition)
      - @ConditionalOnMissingBean (types: org.springframework.web.servlet.config.annotation.WebMvcConfigurationSupport; SearchStrategy: all) did not find any beans (OnBeanCondition)

   WebMvcAutoConfiguration#hiddenHttpMethodFilter matched:
      - @ConditionalOnMissingBean (types: org.springframework.web.filter.HiddenHttpMethodFilter; SearchStrategy: all) did not find any beans (OnBeanCondition)

   WebMvcAutoConfiguration#httpPutFormContentFilter matched:
      - @ConditionalOnProperty (spring.mvc.formcontent.putfilter.enabled) matched (OnPropertyCondition)
      - @ConditionalOnMissingBean (types: org.springframework.web.filter.HttpPutFormContentFilter; SearchStrategy: all) did not find any beans (OnBeanCondition)

   WebMvcAutoConfiguration.WebMvcAutoConfigurationAdapter#defaultViewResolver matched:
      - @ConditionalOnMissingBean (types: org.springframework.web.servlet.view.InternalResourceViewResolver; SearchStrategy: all) did not find any beans (OnBeanCondition)

   WebMvcAutoConfiguration.WebMvcAutoConfigurationAdapter#requestContextFilter matched:
      - @ConditionalOnMissingBean (types: org.springframework.web.context.request.RequestContextListener,org.springframework.web.filter.RequestContextFilter; SearchStrategy: all) did not find any beans (OnBeanCondition)

   WebMvcAutoConfiguration.WebMvcAutoConfigurationAdapter#viewResolver matched:
      - @ConditionalOnBean (types: org.springframework.web.servlet.ViewResolver; SearchStrategy: all) found beans 'defaultViewResolver', 'beanNameViewResolver', 'mvcViewResolver'; @ConditionalOnMissingBean (names: viewResolver; types: org.springframework.web.servlet.view.ContentNegotiatingViewResolver; SearchStrategy: all) did not find any beans (OnBeanCondition)

   WebMvcAutoConfiguration.WebMvcAutoConfigurationAdapter.FaviconConfiguration matched:
      - @ConditionalOnProperty (spring.mvc.favicon.enabled) matched (OnPropertyCondition)

   WebSocketServletAutoConfiguration matched:
      - @ConditionalOnClass found required classes 'javax.servlet.Servlet', 'javax.websocket.server.ServerContainer'; @ConditionalOnMissingClass did not find unwanted class (OnClassCondition)
      - found WebApplicationContext (OnWebApplicationCondition)

   WebSocketServletAutoConfiguration.TomcatWebSocketConfiguration matched:
      - @ConditionalOnClass found required classes 'org.apache.catalina.startup.Tomcat', 'org.apache.tomcat.websocket.server.WsSci'; @ConditionalOnMissingClass did not find unwanted class (OnClassCondition)

   WebSocketServletAutoConfiguration.TomcatWebSocketConfiguration#websocketContainerCustomizer matched:
      - @ConditionalOnMissingBean (names: websocketServletWebServerCustomizer; SearchStrategy: all) did not find any beans (OnBeanCondition)


Negative matches:
-----------------

   ActiveMQAutoConfiguration:
      Did not match:
         - @ConditionalOnClass did not find required classes 'javax.jms.ConnectionFactory', 'org.apache.activemq.ActiveMQConnectionFactory' (OnClassCondition)

   AopAutoConfiguration:
      Did not match:
         - @ConditionalOnClass did not find required classes 'org.aspectj.lang.annotation.Aspect', 'org.aspectj.lang.reflect.Advice', 'org.aspectj.weaver.AnnotatedElement' (OnClassCondition)

   ArtemisAutoConfiguration:
      Did not match:
         - @ConditionalOnClass did not find required classes 'javax.jms.ConnectionFactory', 'org.apache.activemq.artemis.jms.client.ActiveMQConnectionFactory' (OnClassCondition)

   BatchAutoConfiguration:
      Did not match:
         - @ConditionalOnClass did not find required classes 'org.springframework.batch.core.launch.JobLauncher', 'org.springframework.jdbc.core.JdbcOperations' (OnClassCondition)

   CacheAutoConfiguration:
      Did not match:
         - @ConditionalOnBean (types: org.springframework.cache.interceptor.CacheAspectSupport; SearchStrategy: all) did not find any beans of type org.springframework.cache.interceptor.CacheAspectSupport (OnBeanCondition)
      Matched:
         - @ConditionalOnClass found required class 'org.springframework.cache.CacheManager'; @ConditionalOnMissingClass did not find unwanted class (OnClassCondition)

   CacheAutoConfiguration.CacheManagerJpaDependencyConfiguration:
      Did not match:
         - @ConditionalOnClass did not find required class 'org.springframework.orm.jpa.LocalContainerEntityManagerFactoryBean' (OnClassCondition)
         - Ancestor org.springframework.boot.autoconfigure.cache.CacheAutoConfiguration did not match (ConditionEvaluationReport.AncestorsMatchedCondition)

   CaffeineCacheConfiguration:
      Did not match:
         - @ConditionalOnClass did not find required class 'org.springframework.cache.caffeine.CaffeineCacheManager' (OnClassCondition)

   CassandraAutoConfiguration#cassandraCluster:
      Did not match:
         - @ConditionalOnMissingBean (types: com.datastax.driver.core.Cluster; SearchStrategy: all) found beans of type 'com.datastax.driver.core.Cluster' cluster (OnBeanCondition)

   CassandraDataAutoConfiguration#cassandraConverter:
      Did not match:
         - @ConditionalOnMissingBean (types: org.springframework.data.cassandra.core.convert.CassandraConverter; SearchStrategy: all) found beans of type 'org.springframework.data.cassandra.core.convert.CassandraConverter' cassandraConverter (OnBeanCondition)

   CassandraDataAutoConfiguration#cassandraMapping:
      Did not match:
         - @ConditionalOnMissingBean (types: org.springframework.data.cassandra.core.mapping.CassandraMappingContext; SearchStrategy: all) found beans of type 'org.springframework.data.cassandra.core.mapping.CassandraMappingContext' cassandraMapping (OnBeanCondition)

   CassandraDataAutoConfiguration#cassandraSession:
      Did not match:
         - @ConditionalOnMissingBean (types: com.datastax.driver.core.Session; SearchStrategy: all) found beans of type 'com.datastax.driver.core.Session' session (OnBeanCondition)

   CassandraReactiveDataAutoConfiguration:
      Did not match:
         - @ConditionalOnClass did not find required class 'reactor.core.publisher.Flux' (OnClassCondition)

   CassandraRepositoriesAutoConfiguration:
      Did not match:
         - @ConditionalOnMissingBean (types: org.springframework.data.cassandra.repository.support.CassandraRepositoryFactoryBean; SearchStrategy: all) found beans of type 'org.springframework.data.cassandra.repository.support.CassandraRepositoryFactoryBean' &productRepository (OnBeanCondition)
      Matched:
         - @ConditionalOnClass found required classes 'com.datastax.driver.core.Session', 'org.springframework.data.cassandra.repository.CassandraRepository'; @ConditionalOnMissingClass did not find unwanted class (OnClassCondition)
         - @ConditionalOnRepositoryType configured type of 'AUTO' matched required type (OnRepositoryTypeCondition)

   CloudAutoConfiguration:
      Did not match:
         - @ConditionalOnClass did not find required class 'org.springframework.cloud.config.java.CloudScanConfiguration' (OnClassCondition)

   CouchbaseAutoConfiguration:
      Did not match:
         - @ConditionalOnClass did not find required classes 'com.couchbase.client.java.CouchbaseBucket', 'com.couchbase.client.java.Cluster' (OnClassCondition)

   CouchbaseCacheConfiguration:
      Did not match:
         - @ConditionalOnClass did not find required classes 'com.couchbase.client.java.Bucket', 'com.couchbase.client.spring.cache.CouchbaseCacheManager' (OnClassCondition)

   CouchbaseDataAutoConfiguration:
      Did not match:
         - @ConditionalOnClass did not find required classes 'com.couchbase.client.java.Bucket', 'org.springframework.data.couchbase.repository.CouchbaseRepository' (OnClassCondition)

   CouchbaseReactiveDataAutoConfiguration:
      Did not match:
         - @ConditionalOnClass did not find required classes 'com.couchbase.client.java.Bucket', 'org.springframework.data.couchbase.repository.ReactiveCouchbaseRepository', 'reactor.core.publisher.Flux' (OnClassCondition)

   CouchbaseReactiveRepositoriesAutoConfiguration:
      Did not match:
         - @ConditionalOnClass did not find required classes 'com.couchbase.client.java.Bucket', 'org.springframework.data.couchbase.repository.ReactiveCouchbaseRepository', 'reactor.core.publisher.Flux' (OnClassCondition)

   CouchbaseRepositoriesAutoConfiguration:
      Did not match:
         - @ConditionalOnClass did not find required classes 'com.couchbase.client.java.Bucket', 'org.springframework.data.couchbase.repository.CouchbaseRepository' (OnClassCondition)

   DataSourceAutoConfiguration:
      Did not match:
         - @ConditionalOnClass did not find required class 'org.springframework.jdbc.datasource.embedded.EmbeddedDatabaseType' (OnClassCondition)

   DataSourceTransactionManagerAutoConfiguration:
      Did not match:
         - @ConditionalOnClass did not find required class 'org.springframework.jdbc.core.JdbcTemplate' (OnClassCondition)

   DispatcherServletAutoConfiguration.DispatcherServletConfiguration#multipartResolver:
      Did not match:
         - @ConditionalOnBean (types: org.springframework.web.multipart.MultipartResolver; SearchStrategy: all) did not find any beans of type org.springframework.web.multipart.MultipartResolver (OnBeanCondition)

   EhCacheCacheConfiguration:
      Did not match:
         - @ConditionalOnClass did not find required classes 'net.sf.ehcache.Cache', 'org.springframework.cache.ehcache.EhCacheCacheManager' (OnClassCondition)

   ElasticsearchAutoConfiguration:
      Did not match:
         - @ConditionalOnClass did not find required classes 'org.elasticsearch.client.Client', 'org.springframework.data.elasticsearch.client.TransportClientFactoryBean' (OnClassCondition)

   ElasticsearchDataAutoConfiguration:
      Did not match:
         - @ConditionalOnClass did not find required classes 'org.elasticsearch.client.Client', 'org.springframework.data.elasticsearch.core.ElasticsearchTemplate' (OnClassCondition)

   ElasticsearchRepositoriesAutoConfiguration:
      Did not match:
         - @ConditionalOnClass did not find required classes 'org.elasticsearch.client.Client', 'org.springframework.data.elasticsearch.repository.ElasticsearchRepository' (OnClassCondition)

   EmbeddedLdapAutoConfiguration:
      Did not match:
         - @ConditionalOnClass did not find required class 'com.unboundid.ldap.listener.InMemoryDirectoryServer' (OnClassCondition)

   EmbeddedMongoAutoConfiguration:
      Did not match:
         - @ConditionalOnClass did not find required classes 'com.mongodb.MongoClient', 'de.flapdoodle.embed.mongo.MongodStarter' (OnClassCondition)

   EmbeddedWebServerFactoryCustomizerAutoConfiguration.JettyWebServerFactoryCustomizerConfiguration:
      Did not match:
         - @ConditionalOnClass did not find required classes 'org.eclipse.jetty.server.Server', 'org.eclipse.jetty.util.Loader', 'org.eclipse.jetty.webapp.WebAppContext' (OnClassCondition)

   EmbeddedWebServerFactoryCustomizerAutoConfiguration.UndertowWebServerFactoryCustomizerConfiguration:
      Did not match:
         - @ConditionalOnClass did not find required classes 'io.undertow.Undertow', 'org.xnio.SslClientAuthMode' (OnClassCondition)

   ErrorWebFluxAutoConfiguration:
      Did not match:
         - @ConditionalOnClass did not find required class 'org.springframework.web.reactive.config.WebFluxConfigurer' (OnClassCondition)

   FlywayAutoConfiguration:
      Did not match:
         - @ConditionalOnClass did not find required class 'org.flywaydb.core.Flyway' (OnClassCondition)

   FreeMarkerAutoConfiguration:
      Did not match:
         - @ConditionalOnClass did not find required classes 'freemarker.template.Configuration', 'org.springframework.ui.freemarker.FreeMarkerConfigurationFactory' (OnClassCondition)

   GroovyTemplateAutoConfiguration:
      Did not match:
         - @ConditionalOnClass did not find required class 'groovy.text.markup.MarkupTemplateEngine' (OnClassCondition)

   GsonAutoConfiguration:
      Did not match:
         - @ConditionalOnClass did not find required class 'com.google.gson.Gson' (OnClassCondition)

   GsonHttpMessageConvertersConfiguration:
      Did not match:
         - @ConditionalOnClass did not find required class 'com.google.gson.Gson' (OnClassCondition)

   H2ConsoleAutoConfiguration:
      Did not match:
         - @ConditionalOnClass did not find required class 'org.h2.server.web.WebServlet' (OnClassCondition)

   HazelcastAutoConfiguration:
      Did not match:
         - @ConditionalOnClass did not find required class 'com.hazelcast.core.HazelcastInstance' (OnClassCondition)

   HazelcastCacheConfiguration:
      Did not match:
         - @ConditionalOnClass did not find required classes 'com.hazelcast.core.HazelcastInstance', 'com.hazelcast.spring.cache.HazelcastCacheManager' (OnClassCondition)

   HazelcastJpaDependencyAutoConfiguration:
      Did not match:
         - @ConditionalOnClass did not find required classes 'com.hazelcast.core.HazelcastInstance', 'org.springframework.orm.jpa.LocalContainerEntityManagerFactoryBean' (OnClassCondition)

   HibernateJpaAutoConfiguration:
      Did not match:
         - @ConditionalOnClass did not find required classes 'org.springframework.orm.jpa.LocalContainerEntityManagerFactoryBean', 'javax.persistence.EntityManager' (OnClassCondition)

   HttpHandlerAutoConfiguration:
      Did not match:
         - @ConditionalOnClass did not find required class 'org.springframework.web.reactive.DispatcherHandler' (OnClassCondition)

   HypermediaAutoConfiguration:
      Did not match:
         - @ConditionalOnClass did not find required class 'org.springframework.hateoas.Resource' (OnClassCondition)

   InfinispanCacheConfiguration:
      Did not match:
         - @ConditionalOnClass did not find required class 'org.infinispan.spring.provider.SpringEmbeddedCacheManager' (OnClassCondition)

   InfluxDbAutoConfiguration:
      Did not match:
         - @ConditionalOnClass did not find required class 'org.influxdb.InfluxDB' (OnClassCondition)

   IntegrationAutoConfiguration:
      Did not match:
         - @ConditionalOnClass did not find required class 'org.springframework.integration.config.EnableIntegration' (OnClassCondition)

   JCacheCacheConfiguration:
      Did not match:
         - @ConditionalOnClass did not find required classes 'javax.cache.Caching', 'org.springframework.cache.jcache.JCacheCacheManager' (OnClassCondition)

   JacksonAutoConfiguration.JodaDateTimeJacksonConfiguration:
      Did not match:
         - @ConditionalOnClass did not find required classes 'com.fasterxml.jackson.datatype.joda.ser.DateTimeSerializer', 'com.fasterxml.jackson.datatype.joda.cfg.JacksonJodaDateFormat' (OnClassCondition)

   JacksonHttpMessageConvertersConfiguration.MappingJackson2XmlHttpMessageConverterConfiguration:
      Did not match:
         - @ConditionalOnClass did not find required class 'com.fasterxml.jackson.dataformat.xml.XmlMapper' (OnClassCondition)

   JdbcTemplateAutoConfiguration:
      Did not match:
         - @ConditionalOnClass did not find required class 'org.springframework.jdbc.core.JdbcTemplate' (OnClassCondition)

   JerseyAutoConfiguration:
      Did not match:
         - @ConditionalOnClass did not find required class 'org.glassfish.jersey.server.spring.SpringComponentProvider' (OnClassCondition)

   JestAutoConfiguration:
      Did not match:
         - @ConditionalOnClass did not find required class 'io.searchbox.client.JestClient' (OnClassCondition)

   JmsAutoConfiguration:
      Did not match:
         - @ConditionalOnClass did not find required classes 'javax.jms.Message', 'org.springframework.jms.core.JmsTemplate' (OnClassCondition)

   JmxAutoConfiguration:
      Did not match:
         - @ConditionalOnProperty (spring.jmx.enabled=true) found different value in property 'enabled' (OnPropertyCondition)
      Matched:
         - @ConditionalOnClass found required class 'org.springframework.jmx.export.MBeanExporter'; @ConditionalOnMissingClass did not find unwanted class (OnClassCondition)

   JndiConnectionFactoryAutoConfiguration:
      Did not match:
         - @ConditionalOnClass did not find required class 'org.springframework.jms.core.JmsTemplate' (OnClassCondition)

   JndiDataSourceAutoConfiguration:
      Did not match:
         - @ConditionalOnClass did not find required class 'org.springframework.jdbc.datasource.embedded.EmbeddedDatabaseType' (OnClassCondition)

   JooqAutoConfiguration:
      Did not match:
         - @ConditionalOnClass did not find required class 'org.jooq.DSLContext' (OnClassCondition)

   JpaRepositoriesAutoConfiguration:
      Did not match:
         - @ConditionalOnClass did not find required class 'org.springframework.data.jpa.repository.JpaRepository' (OnClassCondition)

   JsonbAutoConfiguration:
      Did not match:
         - @ConditionalOnClass did not find required class 'javax.json.bind.Jsonb' (OnClassCondition)

   JsonbHttpMessageConvertersConfiguration:
      Did not match:
         - @ConditionalOnClass did not find required class 'javax.json.bind.Jsonb' (OnClassCondition)

   JtaAutoConfiguration:
      Did not match:
         - @ConditionalOnClass did not find required class 'javax.transaction.Transaction' (OnClassCondition)

   KafkaAutoConfiguration:
      Did not match:
         - @ConditionalOnClass did not find required class 'org.springframework.kafka.core.KafkaTemplate' (OnClassCondition)

   LdapAutoConfiguration:
      Did not match:
         - @ConditionalOnClass did not find required class 'org.springframework.ldap.core.ContextSource' (OnClassCondition)

   LdapDataAutoConfiguration:
      Did not match:
         - @ConditionalOnClass did not find required class 'org.springframework.data.ldap.repository.LdapRepository' (OnClassCondition)

   LdapRepositoriesAutoConfiguration:
      Did not match:
         - @ConditionalOnClass did not find required class 'org.springframework.data.ldap.repository.LdapRepository' (OnClassCondition)

   LiquibaseAutoConfiguration:
      Did not match:
         - @ConditionalOnClass did not find required classes 'liquibase.integration.spring.SpringLiquibase', 'liquibase.change.DatabaseChange' (OnClassCondition)

   MailSenderAutoConfiguration:
      Did not match:
         - @ConditionalOnClass did not find required class 'javax.mail.internet.MimeMessage' (OnClassCondition)

   MailSenderValidatorAutoConfiguration:
      Did not match:
         - @ConditionalOnProperty (spring.mail.test-connection) did not find property 'test-connection' (OnPropertyCondition)

   MessageSourceAutoConfiguration:
      Did not match:
         - ResourceBundle did not find bundle with basename messages (MessageSourceAutoConfiguration.ResourceBundleCondition)

   MockMvcSecurityConfiguration:
      Did not match:
         - @ConditionalOnClass did not find required class 'org.springframework.security.test.web.servlet.request.SecurityMockMvcRequestPostProcessors' (OnClassCondition)

   MockMvcWebClientAutoConfiguration:
      Did not match:
         - @ConditionalOnClass did not find required class 'com.gargoylesoftware.htmlunit.WebClient' (OnClassCondition)

   MockMvcWebDriverAutoConfiguration:
      Did not match:
         - @ConditionalOnClass did not find required class 'org.openqa.selenium.htmlunit.HtmlUnitDriver' (OnClassCondition)

   MongoAutoConfiguration:
      Did not match:
         - @ConditionalOnClass did not find required class 'com.mongodb.MongoClient' (OnClassCondition)

   MongoDataAutoConfiguration:
      Did not match:
         - @ConditionalOnClass did not find required classes 'com.mongodb.MongoClient', 'org.springframework.data.mongodb.core.MongoTemplate' (OnClassCondition)

   MongoReactiveAutoConfiguration:
      Did not match:
         - @ConditionalOnClass did not find required class 'com.mongodb.reactivestreams.client.MongoClient' (OnClassCondition)

   MongoReactiveDataAutoConfiguration:
      Did not match:
         - @ConditionalOnClass did not find required classes 'com.mongodb.reactivestreams.client.MongoClient', 'org.springframework.data.mongodb.core.ReactiveMongoTemplate' (OnClassCondition)

   MongoReactiveRepositoriesAutoConfiguration:
      Did not match:
         - @ConditionalOnClass did not find required classes 'com.mongodb.reactivestreams.client.MongoClient', 'org.springframework.data.mongodb.repository.ReactiveMongoRepository' (OnClassCondition)

   MongoRepositoriesAutoConfiguration:
      Did not match:
         - @ConditionalOnClass did not find required classes 'com.mongodb.MongoClient', 'org.springframework.data.mongodb.repository.MongoRepository' (OnClassCondition)

   MustacheAutoConfiguration:
      Did not match:
         - @ConditionalOnClass did not find required class 'com.samskivert.mustache.Mustache' (OnClassCondition)

   Neo4jDataAutoConfiguration:
      Did not match:
         - @ConditionalOnClass did not find required classes 'org.neo4j.ogm.session.SessionFactory', 'org.springframework.data.neo4j.transaction.Neo4jTransactionManager' (OnClassCondition)

   Neo4jRepositoriesAutoConfiguration:
      Did not match:
         - @ConditionalOnClass did not find required classes 'org.neo4j.ogm.session.Neo4jSession', 'org.springframework.data.neo4j.repository.Neo4jRepository' (OnClassCondition)

   OAuth2ClientAutoConfiguration:
      Did not match:
         - @ConditionalOnClass did not find required classes 'org.springframework.security.config.annotation.web.configuration.EnableWebSecurity', 'org.springframework.security.oauth2.client.registration.ClientRegistration' (OnClassCondition)

   ProjectInfoAutoConfiguration#buildProperties:
      Did not match:
         - @ConditionalOnResource did not find resource '${spring.info.build.location:classpath:META-INF/build-info.properties}' (OnResourceCondition)

   ProjectInfoAutoConfiguration#gitProperties:
      Did not match:
         - GitResource did not find git info at classpath:git.properties (ProjectInfoAutoConfiguration.GitResourceAvailableCondition)

   QuartzAutoConfiguration:
      Did not match:
         - @ConditionalOnClass did not find required classes 'org.quartz.Scheduler', 'org.springframework.scheduling.quartz.SchedulerFactoryBean' (OnClassCondition)

   RabbitAutoConfiguration:
      Did not match:
         - @ConditionalOnClass did not find required classes 'org.springframework.amqp.rabbit.core.RabbitTemplate', 'com.rabbitmq.client.Channel' (OnClassCondition)

   ReactiveUserDetailsServiceAutoConfiguration:
      Did not match:
         - @ConditionalOnClass did not find required class 'org.springframework.security.authentication.ReactiveAuthenticationManager' (OnClassCondition)

   ReactiveWebServerFactoryAutoConfiguration:
      Did not match:
         - not a reactive web application (OnWebApplicationCondition)
      Matched:
         - @ConditionalOnClass found required class 'org.springframework.http.ReactiveHttpInputMessage'; @ConditionalOnMissingClass did not find unwanted class (OnClassCondition)

   ReactorCoreAutoConfiguration:
      Did not match:
         - @ConditionalOnClass did not find required classes 'reactor.core.publisher.Mono', 'reactor.core.publisher.Flux' (OnClassCondition)

   RedisAutoConfiguration:
      Did not match:
         - @ConditionalOnClass did not find required class 'org.springframework.data.redis.core.RedisOperations' (OnClassCondition)

   RedisReactiveAutoConfiguration:
      Did not match:
         - @ConditionalOnClass did not find required classes 'org.springframework.data.redis.connection.ReactiveRedisConnectionFactory', 'org.springframework.data.redis.core.ReactiveRedisTemplate', 'reactor.core.publisher.Flux' (OnClassCondition)

   RedisRepositoriesAutoConfiguration:
      Did not match:
         - @ConditionalOnClass did not find required class 'org.springframework.data.redis.repository.configuration.EnableRedisRepositories' (OnClassCondition)

   RepositoryRestMvcAutoConfiguration:
      Did not match:
         - @ConditionalOnClass did not find required class 'org.springframework.data.rest.webmvc.config.RepositoryRestMvcConfiguration' (OnClassCondition)

   SecurityAutoConfiguration:
      Did not match:
         - @ConditionalOnClass did not find required class 'org.springframework.security.authentication.DefaultAuthenticationEventPublisher' (OnClassCondition)

   SecurityFilterAutoConfiguration:
      Did not match:
         - @ConditionalOnClass did not find required classes 'org.springframework.security.web.context.AbstractSecurityWebApplicationInitializer', 'org.springframework.security.config.http.SessionCreationPolicy' (OnClassCondition)

   SendGridAutoConfiguration:
      Did not match:
         - @ConditionalOnClass did not find required class 'com.sendgrid.SendGrid' (OnClassCondition)

   ServletWebServerFactoryConfiguration.EmbeddedJetty:
      Did not match:
         - @ConditionalOnClass did not find required classes 'org.eclipse.jetty.server.Server', 'org.eclipse.jetty.util.Loader', 'org.eclipse.jetty.webapp.WebAppContext' (OnClassCondition)

   ServletWebServerFactoryConfiguration.EmbeddedUndertow:
      Did not match:
         - @ConditionalOnClass did not find required classes 'io.undertow.Undertow', 'org.xnio.SslClientAuthMode' (OnClassCondition)

   SessionAutoConfiguration:
      Did not match:
         - @ConditionalOnClass did not find required class 'org.springframework.session.Session' (OnClassCondition)

   SolrAutoConfiguration:
      Did not match:
         - @ConditionalOnClass did not find required classes 'org.apache.solr.client.solrj.impl.HttpSolrClient', 'org.apache.solr.client.solrj.impl.CloudSolrClient' (OnClassCondition)

   SolrRepositoriesAutoConfiguration:
      Did not match:
         - @ConditionalOnClass did not find required classes 'org.apache.solr.client.solrj.SolrClient', 'org.springframework.data.solr.repository.SolrRepository' (OnClassCondition)

   SpringApplicationAdminJmxAutoConfiguration:
      Did not match:
         - @ConditionalOnProperty (spring.application.admin.enabled=true) did not find property 'enabled' (OnPropertyCondition)

   ThymeleafAutoConfiguration:
      Did not match:
         - @ConditionalOnClass did not find required class 'org.thymeleaf.templatemode.TemplateMode' (OnClassCondition)

   TransactionAutoConfiguration.EnableTransactionManagementConfiguration:
      Did not match:
         - @ConditionalOnBean (types: org.springframework.transaction.PlatformTransactionManager; SearchStrategy: all) did not find any beans of type org.springframework.transaction.PlatformTransactionManager (OnBeanCondition)

   TransactionAutoConfiguration.EnableTransactionManagementConfiguration.CglibAutoProxyConfiguration:
      Did not match:
         - Ancestor org.springframework.boot.autoconfigure.transaction.TransactionAutoConfiguration$EnableTransactionManagementConfiguration did not match (ConditionEvaluationReport.AncestorsMatchedCondition)
      Matched:
         - @ConditionalOnProperty (spring.aop.proxy-target-class=true) matched (OnPropertyCondition)

   TransactionAutoConfiguration.EnableTransactionManagementConfiguration.JdkDynamicAutoProxyConfiguration:
      Did not match:
         - @ConditionalOnProperty (spring.aop.proxy-target-class=false) did not find property 'proxy-target-class' (OnPropertyCondition)
         - Ancestor org.springframework.boot.autoconfigure.transaction.TransactionAutoConfiguration$EnableTransactionManagementConfiguration did not match (ConditionEvaluationReport.AncestorsMatchedCondition)

   TransactionAutoConfiguration.TransactionTemplateConfiguration:
      Did not match:
         - @ConditionalOnSingleCandidate (types: org.springframework.transaction.PlatformTransactionManager; SearchStrategy: all) did not find any beans (OnBeanCondition)

   UserDetailsServiceAutoConfiguration:
      Did not match:
         - @ConditionalOnClass did not find required class 'org.springframework.security.authentication.AuthenticationManager' (OnClassCondition)

   WebClientAutoConfiguration:
      Did not match:
         - @ConditionalOnClass did not find required class 'org.springframework.web.reactive.function.client.WebClient' (OnClassCondition)

   WebFluxAutoConfiguration:
      Did not match:
         - @ConditionalOnClass did not find required class 'org.springframework.web.reactive.config.WebFluxConfigurer' (OnClassCondition)

   WebFluxSecurityConfiguration:
      Did not match:
         - @ConditionalOnClass did not find required classes 'org.springframework.security.config.annotation.web.reactive.EnableWebFluxSecurity', 'org.springframework.security.web.server.WebFilterChainProxy' (OnClassCondition)

   WebMvcAutoConfiguration.ResourceChainCustomizerConfiguration:
      Did not match:
         - @ConditionalOnEnabledResourceChain did not find class org.webjars.WebJarAssetLocator (OnEnabledResourceChainCondition)

   WebMvcAutoConfiguration.WebMvcAutoConfigurationAdapter#beanNameViewResolver:
      Did not match:
         - @ConditionalOnMissingBean (types: org.springframework.web.servlet.view.BeanNameViewResolver; SearchStrategy: all) found beans of type 'org.springframework.web.servlet.view.BeanNameViewResolver' beanNameViewResolver (OnBeanCondition)

   WebMvcAutoConfiguration.WebMvcAutoConfigurationAdapter#localeResolver:
      Did not match:
         - @ConditionalOnProperty (spring.mvc.locale) did not find property 'locale' (OnPropertyCondition)

   WebServicesAutoConfiguration:
      Did not match:
         - @ConditionalOnClass did not find required class 'org.springframework.ws.transport.http.MessageDispatcherServlet' (OnClassCondition)

   WebSocketMessagingAutoConfiguration:
      Did not match:
         - @ConditionalOnClass did not find required class 'org.springframework.web.socket.config.annotation.WebSocketMessageBrokerConfigurer' (OnClassCondition)

   WebSocketReactiveAutoConfiguration:
      Did not match:
         - not a reactive web application (OnWebApplicationCondition)
      Matched:
         - @ConditionalOnClass found required classes 'javax.servlet.Servlet', 'javax.websocket.server.ServerContainer'; @ConditionalOnMissingClass did not find unwanted class (OnClassCondition)

   WebSocketServletAutoConfiguration.JettyWebSocketConfiguration:
      Did not match:
         - @ConditionalOnClass did not find required class 'org.eclipse.jetty.websocket.jsr356.server.deploy.WebSocketServerContainerInitializer' (OnClassCondition)

   WebSocketServletAutoConfiguration.UndertowWebSocketConfiguration:
      Did not match:
         - @ConditionalOnClass did not find required class 'io.undertow.websockets.jsr.Bootstrap' (OnClassCondition)

   XADataSourceAutoConfiguration:
      Did not match:
         - @ConditionalOnClass did not find required classes 'javax.transaction.TransactionManager', 'org.springframework.jdbc.datasource.embedded.EmbeddedDatabaseType' (OnClassCondition)


Exclusions:
-----------

    None


Unconditional classes:
----------------------

    org.springframework.boot.autoconfigure.context.PropertyPlaceholderAutoConfiguration

    org.springframework.boot.autoconfigure.web.embedded.EmbeddedWebServerFactoryCustomizerAutoConfiguration

    org.springframework.boot.autoconfigure.security.reactive.ReactiveSecurityAutoConfiguration

    org.springframework.boot.autoconfigure.context.ConfigurationPropertiesAutoConfiguration

    org.springframework.boot.autoconfigure.info.ProjectInfoAutoConfiguration






============================
CONDITIONS EVALUATION REPORT
============================


Positive matches:
-----------------

   CassandraAutoConfiguration matched:
      - @ConditionalOnClass found required class 'com.datastax.driver.core.Cluster'; @ConditionalOnMissingClass did not find unwanted class (OnClassCondition)

   CassandraDataAutoConfiguration matched:
      - @ConditionalOnClass found required classes 'com.datastax.driver.core.Cluster', 'org.springframework.data.cassandra.core.CassandraAdminOperations'; @ConditionalOnMissingClass did not find unwanted class (OnClassCondition)

   CassandraDataAutoConfiguration#cassandraCustomConversions matched:
      - @ConditionalOnMissingBean (types: org.springframework.data.cassandra.core.convert.CassandraCustomConversions; SearchStrategy: all) did not find any beans (OnBeanCondition)

   CassandraDataAutoConfiguration#cassandraTemplate matched:
      - @ConditionalOnMissingBean (types: org.springframework.data.cassandra.core.CassandraTemplate; SearchStrategy: all) did not find any beans (OnBeanCondition)

   CassandraReactiveRepositoriesAutoConfiguration matched:
      - @ConditionalOnClass found required classes 'org.springframework.data.cassandra.ReactiveSession', 'org.springframework.data.cassandra.repository.ReactiveCassandraRepository'; @ConditionalOnMissingClass did not find unwanted class (OnClassCondition)
      - @ConditionalOnRepositoryType configured type of 'AUTO' matched required type (OnRepositoryTypeCondition)
      - @ConditionalOnMissingBean (types: org.springframework.data.cassandra.repository.support.ReactiveCassandraRepositoryFactoryBean; SearchStrategy: all) did not find any beans (OnBeanCondition)

   CodecsAutoConfiguration matched:
      - @ConditionalOnClass found required class 'org.springframework.http.codec.CodecConfigurer'; @ConditionalOnMissingClass did not find unwanted class (OnClassCondition)

   CodecsAutoConfiguration.JacksonCodecConfiguration matched:
      - @ConditionalOnClass found required class 'com.fasterxml.jackson.databind.ObjectMapper'; @ConditionalOnMissingClass did not find unwanted class (OnClassCondition)

   CodecsAutoConfiguration.JacksonCodecConfiguration#jacksonCodecCustomizer matched:
      - @ConditionalOnBean (types: com.fasterxml.jackson.databind.ObjectMapper; SearchStrategy: all) found bean 'jacksonObjectMapper' (OnBeanCondition)

   DispatcherServletAutoConfiguration matched:
      - @ConditionalOnClass found required class 'org.springframework.web.servlet.DispatcherServlet'; @ConditionalOnMissingClass did not find unwanted class (OnClassCondition)
      - found WebApplicationContext (OnWebApplicationCondition)

   DispatcherServletAutoConfiguration.DispatcherServletConfiguration matched:
      - @ConditionalOnClass found required class 'javax.servlet.ServletRegistration'; @ConditionalOnMissingClass did not find unwanted class (OnClassCondition)
      - Default DispatcherServlet did not find dispatcher servlet beans (DispatcherServletAutoConfiguration.DefaultDispatcherServletCondition)

   DispatcherServletAutoConfiguration.DispatcherServletRegistrationConfiguration matched:
      - @ConditionalOnClass found required class 'javax.servlet.ServletRegistration'; @ConditionalOnMissingClass did not find unwanted class (OnClassCondition)
      - DispatcherServlet Registration did not find servlet registration bean (DispatcherServletAutoConfiguration.DispatcherServletRegistrationCondition)

   DispatcherServletAutoConfiguration.DispatcherServletRegistrationConfiguration#dispatcherServletRegistration matched:
      - @ConditionalOnBean (names: dispatcherServlet; types: org.springframework.web.servlet.DispatcherServlet; SearchStrategy: all) found bean 'dispatcherServlet' (OnBeanCondition)

   EmbeddedWebServerFactoryCustomizerAutoConfiguration.TomcatWebServerFactoryCustomizerConfiguration matched:
      - @ConditionalOnClass found required classes 'org.apache.catalina.startup.Tomcat', 'org.apache.coyote.UpgradeProtocol'; @ConditionalOnMissingClass did not find unwanted class (OnClassCondition)

   ErrorMvcAutoConfiguration matched:
      - @ConditionalOnClass found required classes 'javax.servlet.Servlet', 'org.springframework.web.servlet.DispatcherServlet'; @ConditionalOnMissingClass did not find unwanted class (OnClassCondition)
      - found WebApplicationContext (OnWebApplicationCondition)

   ErrorMvcAutoConfiguration#basicErrorController matched:
      - @ConditionalOnMissingBean (types: org.springframework.boot.web.servlet.error.ErrorController; SearchStrategy: current) did not find any beans (OnBeanCondition)

   ErrorMvcAutoConfiguration#errorAttributes matched:
      - @ConditionalOnMissingBean (types: org.springframework.boot.web.servlet.error.ErrorAttributes; SearchStrategy: current) did not find any beans (OnBeanCondition)

   ErrorMvcAutoConfiguration.DefaultErrorViewResolverConfiguration#conventionErrorViewResolver matched:
      - @ConditionalOnBean (types: org.springframework.web.servlet.DispatcherServlet; SearchStrategy: all) found bean 'dispatcherServlet'; @ConditionalOnMissingBean (types: org.springframework.boot.autoconfigure.web.servlet.error.DefaultErrorViewResolver; SearchStrategy: all) did not find any beans (OnBeanCondition)

   ErrorMvcAutoConfiguration.WhitelabelErrorViewConfiguration matched:
      - @ConditionalOnProperty (server.error.whitelabel.enabled) matched (OnPropertyCondition)
      - ErrorTemplate Missing did not find error template view (ErrorMvcAutoConfiguration.ErrorTemplateMissingCondition)

   ErrorMvcAutoConfiguration.WhitelabelErrorViewConfiguration#beanNameViewResolver matched:
      - @ConditionalOnMissingBean (types: org.springframework.web.servlet.view.BeanNameViewResolver; SearchStrategy: all) did not find any beans (OnBeanCondition)

   ErrorMvcAutoConfiguration.WhitelabelErrorViewConfiguration#defaultErrorView matched:
      - @ConditionalOnMissingBean (names: error; SearchStrategy: all) did not find any beans (OnBeanCondition)

   GenericCacheConfiguration matched:
      - Cache org.springframework.boot.autoconfigure.cache.GenericCacheConfiguration automatic cache type (CacheCondition)

   HttpEncodingAutoConfiguration matched:
      - @ConditionalOnClass found required class 'org.springframework.web.filter.CharacterEncodingFilter'; @ConditionalOnMissingClass did not find unwanted class (OnClassCondition)
      - found WebApplicationContext (OnWebApplicationCondition)
      - @ConditionalOnProperty (spring.http.encoding.enabled) matched (OnPropertyCondition)

   HttpEncodingAutoConfiguration#characterEncodingFilter matched:
      - @ConditionalOnMissingBean (types: org.springframework.web.filter.CharacterEncodingFilter; SearchStrategy: all) did not find any beans (OnBeanCondition)

   HttpMessageConvertersAutoConfiguration matched:
      - @ConditionalOnClass found required class 'org.springframework.http.converter.HttpMessageConverter'; @ConditionalOnMissingClass did not find unwanted class (OnClassCondition)

   HttpMessageConvertersAutoConfiguration#messageConverters matched:
      - @ConditionalOnMissingBean (types: org.springframework.boot.autoconfigure.http.HttpMessageConverters; SearchStrategy: all) did not find any beans (OnBeanCondition)

   HttpMessageConvertersAutoConfiguration.StringHttpMessageConverterConfiguration matched:
      - @ConditionalOnClass found required class 'org.springframework.http.converter.StringHttpMessageConverter'; @ConditionalOnMissingClass did not find unwanted class (OnClassCondition)

   HttpMessageConvertersAutoConfiguration.StringHttpMessageConverterConfiguration#stringHttpMessageConverter matched:
      - @ConditionalOnMissingBean (types: org.springframework.http.converter.StringHttpMessageConverter; SearchStrategy: all) did not find any beans (OnBeanCondition)

   JacksonAutoConfiguration matched:
      - @ConditionalOnClass found required class 'com.fasterxml.jackson.databind.ObjectMapper'; @ConditionalOnMissingClass did not find unwanted class (OnClassCondition)

   JacksonAutoConfiguration.Jackson2ObjectMapperBuilderCustomizerConfiguration matched:
      - @ConditionalOnClass found required class 'org.springframework.http.converter.json.Jackson2ObjectMapperBuilder'; @ConditionalOnMissingClass did not find unwanted class (OnClassCondition)

   JacksonAutoConfiguration.JacksonObjectMapperBuilderConfiguration matched:
      - @ConditionalOnClass found required class 'org.springframework.http.converter.json.Jackson2ObjectMapperBuilder'; @ConditionalOnMissingClass did not find unwanted class (OnClassCondition)

   JacksonAutoConfiguration.JacksonObjectMapperBuilderConfiguration#jacksonObjectMapperBuilder matched:
      - @ConditionalOnMissingBean (types: org.springframework.http.converter.json.Jackson2ObjectMapperBuilder; SearchStrategy: all) did not find any beans (OnBeanCondition)

   JacksonAutoConfiguration.JacksonObjectMapperConfiguration matched:
      - @ConditionalOnClass found required class 'org.springframework.http.converter.json.Jackson2ObjectMapperBuilder'; @ConditionalOnMissingClass did not find unwanted class (OnClassCondition)

   JacksonAutoConfiguration.JacksonObjectMapperConfiguration#jacksonObjectMapper matched:
      - @ConditionalOnMissingBean (types: com.fasterxml.jackson.databind.ObjectMapper; SearchStrategy: all) did not find any beans (OnBeanCondition)

   JacksonAutoConfiguration.ParameterNamesModuleConfiguration matched:
      - @ConditionalOnClass found required class 'com.fasterxml.jackson.module.paramnames.ParameterNamesModule'; @ConditionalOnMissingClass did not find unwanted class (OnClassCondition)

   JacksonAutoConfiguration.ParameterNamesModuleConfiguration#parameterNamesModule matched:
      - @ConditionalOnMissingBean (types: com.fasterxml.jackson.module.paramnames.ParameterNamesModule; SearchStrategy: all) did not find any beans (OnBeanCondition)

   JacksonHttpMessageConvertersConfiguration.MappingJackson2HttpMessageConverterConfiguration matched:
      - @ConditionalOnClass found required class 'com.fasterxml.jackson.databind.ObjectMapper'; @ConditionalOnMissingClass did not find unwanted class (OnClassCondition)
      - @ConditionalOnProperty (spring.http.converters.preferred-json-mapper=jackson) matched (OnPropertyCondition)
      - @ConditionalOnBean (types: com.fasterxml.jackson.databind.ObjectMapper; SearchStrategy: all) found bean 'jacksonObjectMapper' (OnBeanCondition)

   JacksonHttpMessageConvertersConfiguration.MappingJackson2HttpMessageConverterConfiguration#mappingJackson2HttpMessageConverter matched:
      - @ConditionalOnMissingBean (types: org.springframework.http.converter.json.MappingJackson2HttpMessageConverter; SearchStrategy: all) did not find any beans (OnBeanCondition)

   MockMvcAutoConfiguration matched:
      - found WebApplicationContext (OnWebApplicationCondition)

   MockMvcAutoConfiguration#mockMvc matched:
      - @ConditionalOnMissingBean (types: org.springframework.test.web.servlet.MockMvc; SearchStrategy: all) did not find any beans (OnBeanCondition)

   MockMvcAutoConfiguration#mockMvcBuilder matched:
      - @ConditionalOnMissingBean (types: org.springframework.test.web.servlet.MockMvcBuilder; SearchStrategy: all) did not find any beans (OnBeanCondition)

   MockMvcSecurityAutoConfiguration matched:
      - @ConditionalOnProperty (spring.test.mockmvc.secure=true) matched (OnPropertyCondition)

   MultipartAutoConfiguration matched:
      - @ConditionalOnClass found required classes 'javax.servlet.Servlet', 'org.springframework.web.multipart.support.StandardServletMultipartResolver', 'javax.servlet.MultipartConfigElement'; @ConditionalOnMissingClass did not find unwanted class (OnClassCondition)
      - found WebApplicationContext (OnWebApplicationCondition)
      - @ConditionalOnProperty (spring.servlet.multipart.enabled) matched (OnPropertyCondition)

   MultipartAutoConfiguration#multipartConfigElement matched:
      - @ConditionalOnMissingBean (types: javax.servlet.MultipartConfigElement; SearchStrategy: all) did not find any beans (OnBeanCondition)

   MultipartAutoConfiguration#multipartResolver matched:
      - @ConditionalOnMissingBean (types: org.springframework.web.multipart.MultipartResolver; SearchStrategy: all) did not find any beans (OnBeanCondition)

   NoOpCacheConfiguration matched:
      - Cache org.springframework.boot.autoconfigure.cache.NoOpCacheConfiguration automatic cache type (CacheCondition)

   PersistenceExceptionTranslationAutoConfiguration matched:
      - @ConditionalOnClass found required class 'org.springframework.dao.annotation.PersistenceExceptionTranslationPostProcessor'; @ConditionalOnMissingClass did not find unwanted class (OnClassCondition)

   PersistenceExceptionTranslationAutoConfiguration#persistenceExceptionTranslationPostProcessor matched:
      - @ConditionalOnProperty (spring.dao.exceptiontranslation.enabled) matched (OnPropertyCondition)
      - @ConditionalOnMissingBean (types: org.springframework.dao.annotation.PersistenceExceptionTranslationPostProcessor; SearchStrategy: all) did not find any beans (OnBeanCondition)

   PropertyPlaceholderAutoConfiguration#propertySourcesPlaceholderConfigurer matched:
      - @ConditionalOnMissingBean (types: org.springframework.context.support.PropertySourcesPlaceholderConfigurer; SearchStrategy: current) did not find any beans (OnBeanCondition)

   RedisCacheConfiguration matched:
      - Cache org.springframework.boot.autoconfigure.cache.RedisCacheConfiguration automatic cache type (CacheCondition)

   RestTemplateAutoConfiguration matched:
      - @ConditionalOnClass found required class 'org.springframework.web.client.RestTemplate'; @ConditionalOnMissingClass did not find unwanted class (OnClassCondition)

   RestTemplateAutoConfiguration#restTemplateBuilder matched:
      - @ConditionalOnMissingBean (types: org.springframework.boot.web.client.RestTemplateBuilder; SearchStrategy: all) did not find any beans (OnBeanCondition)

   ServletWebServerFactoryAutoConfiguration matched:
      - @ConditionalOnClass found required class 'javax.servlet.ServletRequest'; @ConditionalOnMissingClass did not find unwanted class (OnClassCondition)
      - found WebApplicationContext (OnWebApplicationCondition)

   ServletWebServerFactoryAutoConfiguration#tomcatServletWebServerFactoryCustomizer matched:
      - @ConditionalOnClass found required class 'org.apache.catalina.startup.Tomcat'; @ConditionalOnMissingClass did not find unwanted class (OnClassCondition)

   ServletWebServerFactoryConfiguration.EmbeddedTomcat matched:
      - @ConditionalOnClass found required classes 'javax.servlet.Servlet', 'org.apache.catalina.startup.Tomcat', 'org.apache.coyote.UpgradeProtocol'; @ConditionalOnMissingClass did not find unwanted class (OnClassCondition)
      - @ConditionalOnMissingBean (types: org.springframework.boot.web.servlet.server.ServletWebServerFactory; SearchStrategy: current) did not find any beans (OnBeanCondition)

   SimpleCacheConfiguration matched:
      - Cache org.springframework.boot.autoconfigure.cache.SimpleCacheConfiguration automatic cache type (CacheCondition)

   SpringDataWebAutoConfiguration matched:
      - @ConditionalOnClass found required classes 'org.springframework.data.web.PageableHandlerMethodArgumentResolver', 'org.springframework.web.servlet.config.annotation.WebMvcConfigurer'; @ConditionalOnMissingClass did not find unwanted class (OnClassCondition)
      - found WebApplicationContext (OnWebApplicationCondition)
      - @ConditionalOnMissingBean (types: org.springframework.data.web.PageableHandlerMethodArgumentResolver; SearchStrategy: all) did not find any beans (OnBeanCondition)

   SpringDataWebAutoConfiguration#pageableCustomizer matched:
      - @ConditionalOnMissingBean (types: org.springframework.data.web.config.PageableHandlerMethodArgumentResolverCustomizer; SearchStrategy: all) did not find any beans (OnBeanCondition)

   SpringDataWebAutoConfiguration#sortCustomizer matched:
      - @ConditionalOnMissingBean (types: org.springframework.data.web.config.SortHandlerMethodArgumentResolverCustomizer; SearchStrategy: all) did not find any beans (OnBeanCondition)

   TransactionAutoConfiguration matched:
      - @ConditionalOnClass found required class 'org.springframework.transaction.PlatformTransactionManager'; @ConditionalOnMissingClass did not find unwanted class (OnClassCondition)

   TransactionAutoConfiguration#platformTransactionManagerCustomizers matched:
      - @ConditionalOnMissingBean (types: org.springframework.boot.autoconfigure.transaction.TransactionManagerCustomizers; SearchStrategy: all) did not find any beans (OnBeanCondition)

   ValidationAutoConfiguration matched:
      - @ConditionalOnClass found required class 'javax.validation.executable.ExecutableValidator'; @ConditionalOnMissingClass did not find unwanted class (OnClassCondition)
      - @ConditionalOnResource found location classpath:META-INF/services/javax.validation.spi.ValidationProvider (OnResourceCondition)

   ValidationAutoConfiguration#defaultValidator matched:
      - @ConditionalOnMissingBean (types: javax.validation.Validator; SearchStrategy: all) did not find any beans (OnBeanCondition)

   ValidationAutoConfiguration#methodValidationPostProcessor matched:
      - @ConditionalOnMissingBean (types: org.springframework.validation.beanvalidation.MethodValidationPostProcessor; SearchStrategy: all) did not find any beans (OnBeanCondition)

   WebMvcAutoConfiguration matched:
      - @ConditionalOnClass found required classes 'javax.servlet.Servlet', 'org.springframework.web.servlet.DispatcherServlet', 'org.springframework.web.servlet.config.annotation.WebMvcConfigurer'; @ConditionalOnMissingClass did not find unwanted class (OnClassCondition)
      - found WebApplicationContext (OnWebApplicationCondition)
      - @ConditionalOnMissingBean (types: org.springframework.web.servlet.config.annotation.WebMvcConfigurationSupport; SearchStrategy: all) did not find any beans (OnBeanCondition)

   WebMvcAutoConfiguration#hiddenHttpMethodFilter matched:
      - @ConditionalOnMissingBean (types: org.springframework.web.filter.HiddenHttpMethodFilter; SearchStrategy: all) did not find any beans (OnBeanCondition)

   WebMvcAutoConfiguration#httpPutFormContentFilter matched:
      - @ConditionalOnProperty (spring.mvc.formcontent.putfilter.enabled) matched (OnPropertyCondition)
      - @ConditionalOnMissingBean (types: org.springframework.web.filter.HttpPutFormContentFilter; SearchStrategy: all) did not find any beans (OnBeanCondition)

   WebMvcAutoConfiguration.WebMvcAutoConfigurationAdapter#defaultViewResolver matched:
      - @ConditionalOnMissingBean (types: org.springframework.web.servlet.view.InternalResourceViewResolver; SearchStrategy: all) did not find any beans (OnBeanCondition)

   WebMvcAutoConfiguration.WebMvcAutoConfigurationAdapter#requestContextFilter matched:
      - @ConditionalOnMissingBean (types: org.springframework.web.context.request.RequestContextListener,org.springframework.web.filter.RequestContextFilter; SearchStrategy: all) did not find any beans (OnBeanCondition)

   WebMvcAutoConfiguration.WebMvcAutoConfigurationAdapter#viewResolver matched:
      - @ConditionalOnBean (types: org.springframework.web.servlet.ViewResolver; SearchStrategy: all) found beans 'defaultViewResolver', 'beanNameViewResolver', 'mvcViewResolver'; @ConditionalOnMissingBean (names: viewResolver; types: org.springframework.web.servlet.view.ContentNegotiatingViewResolver; SearchStrategy: all) did not find any beans (OnBeanCondition)

   WebMvcAutoConfiguration.WebMvcAutoConfigurationAdapter.FaviconConfiguration matched:
      - @ConditionalOnProperty (spring.mvc.favicon.enabled) matched (OnPropertyCondition)

   WebSocketServletAutoConfiguration matched:
      - @ConditionalOnClass found required classes 'javax.servlet.Servlet', 'javax.websocket.server.ServerContainer'; @ConditionalOnMissingClass did not find unwanted class (OnClassCondition)
      - found WebApplicationContext (OnWebApplicationCondition)

   WebSocketServletAutoConfiguration.TomcatWebSocketConfiguration matched:
      - @ConditionalOnClass found required classes 'org.apache.catalina.startup.Tomcat', 'org.apache.tomcat.websocket.server.WsSci'; @ConditionalOnMissingClass did not find unwanted class (OnClassCondition)

   WebSocketServletAutoConfiguration.TomcatWebSocketConfiguration#websocketContainerCustomizer matched:
      - @ConditionalOnMissingBean (names: websocketServletWebServerCustomizer; SearchStrategy: all) did not find any beans (OnBeanCondition)


Negative matches:
-----------------

   ActiveMQAutoConfiguration:
      Did not match:
         - @ConditionalOnClass did not find required classes 'javax.jms.ConnectionFactory', 'org.apache.activemq.ActiveMQConnectionFactory' (OnClassCondition)

   AopAutoConfiguration:
      Did not match:
         - @ConditionalOnClass did not find required classes 'org.aspectj.lang.annotation.Aspect', 'org.aspectj.lang.reflect.Advice', 'org.aspectj.weaver.AnnotatedElement' (OnClassCondition)

   ArtemisAutoConfiguration:
      Did not match:
         - @ConditionalOnClass did not find required classes 'javax.jms.ConnectionFactory', 'org.apache.activemq.artemis.jms.client.ActiveMQConnectionFactory' (OnClassCondition)

   BatchAutoConfiguration:
      Did not match:
         - @ConditionalOnClass did not find required classes 'org.springframework.batch.core.launch.JobLauncher', 'org.springframework.jdbc.core.JdbcOperations' (OnClassCondition)

   CacheAutoConfiguration:
      Did not match:
         - @ConditionalOnBean (types: org.springframework.cache.interceptor.CacheAspectSupport; SearchStrategy: all) did not find any beans of type org.springframework.cache.interceptor.CacheAspectSupport (OnBeanCondition)
      Matched:
         - @ConditionalOnClass found required class 'org.springframework.cache.CacheManager'; @ConditionalOnMissingClass did not find unwanted class (OnClassCondition)

   CacheAutoConfiguration.CacheManagerJpaDependencyConfiguration:
      Did not match:
         - @ConditionalOnClass did not find required class 'org.springframework.orm.jpa.LocalContainerEntityManagerFactoryBean' (OnClassCondition)
         - Ancestor org.springframework.boot.autoconfigure.cache.CacheAutoConfiguration did not match (ConditionEvaluationReport.AncestorsMatchedCondition)

   CaffeineCacheConfiguration:
      Did not match:
         - @ConditionalOnClass did not find required class 'org.springframework.cache.caffeine.CaffeineCacheManager' (OnClassCondition)

   CassandraAutoConfiguration#cassandraCluster:
      Did not match:
         - @ConditionalOnMissingBean (types: com.datastax.driver.core.Cluster; SearchStrategy: all) found beans of type 'com.datastax.driver.core.Cluster' cluster (OnBeanCondition)

   CassandraDataAutoConfiguration#cassandraConverter:
      Did not match:
         - @ConditionalOnMissingBean (types: org.springframework.data.cassandra.core.convert.CassandraConverter; SearchStrategy: all) found beans of type 'org.springframework.data.cassandra.core.convert.CassandraConverter' cassandraConverter (OnBeanCondition)

   CassandraDataAutoConfiguration#cassandraMapping:
      Did not match:
         - @ConditionalOnMissingBean (types: org.springframework.data.cassandra.core.mapping.CassandraMappingContext; SearchStrategy: all) found beans of type 'org.springframework.data.cassandra.core.mapping.CassandraMappingContext' cassandraMapping (OnBeanCondition)

   CassandraDataAutoConfiguration#cassandraSession:
      Did not match:
         - @ConditionalOnMissingBean (types: com.datastax.driver.core.Session; SearchStrategy: all) found beans of type 'com.datastax.driver.core.Session' session (OnBeanCondition)

   CassandraReactiveDataAutoConfiguration:
      Did not match:
         - @ConditionalOnClass did not find required class 'reactor.core.publisher.Flux' (OnClassCondition)

   CassandraRepositoriesAutoConfiguration:
      Did not match:
         - @ConditionalOnMissingBean (types: org.springframework.data.cassandra.repository.support.CassandraRepositoryFactoryBean; SearchStrategy: all) found beans of type 'org.springframework.data.cassandra.repository.support.CassandraRepositoryFactoryBean' &productRepository (OnBeanCondition)
      Matched:
         - @ConditionalOnClass found required classes 'com.datastax.driver.core.Session', 'org.springframework.data.cassandra.repository.CassandraRepository'; @ConditionalOnMissingClass did not find unwanted class (OnClassCondition)
         - @ConditionalOnRepositoryType configured type of 'AUTO' matched required type (OnRepositoryTypeCondition)

   CloudAutoConfiguration:
      Did not match:
         - @ConditionalOnClass did not find required class 'org.springframework.cloud.config.java.CloudScanConfiguration' (OnClassCondition)

   CouchbaseAutoConfiguration:
      Did not match:
         - @ConditionalOnClass did not find required classes 'com.couchbase.client.java.CouchbaseBucket', 'com.couchbase.client.java.Cluster' (OnClassCondition)

   CouchbaseCacheConfiguration:
      Did not match:
         - @ConditionalOnClass did not find required classes 'com.couchbase.client.java.Bucket', 'com.couchbase.client.spring.cache.CouchbaseCacheManager' (OnClassCondition)

   CouchbaseDataAutoConfiguration:
      Did not match:
         - @ConditionalOnClass did not find required classes 'com.couchbase.client.java.Bucket', 'org.springframework.data.couchbase.repository.CouchbaseRepository' (OnClassCondition)

   CouchbaseReactiveDataAutoConfiguration:
      Did not match:
         - @ConditionalOnClass did not find required classes 'com.couchbase.client.java.Bucket', 'org.springframework.data.couchbase.repository.ReactiveCouchbaseRepository', 'reactor.core.publisher.Flux' (OnClassCondition)

   CouchbaseReactiveRepositoriesAutoConfiguration:
      Did not match:
         - @ConditionalOnClass did not find required classes 'com.couchbase.client.java.Bucket', 'org.springframework.data.couchbase.repository.ReactiveCouchbaseRepository', 'reactor.core.publisher.Flux' (OnClassCondition)

   CouchbaseRepositoriesAutoConfiguration:
      Did not match:
         - @ConditionalOnClass did not find required classes 'com.couchbase.client.java.Bucket', 'org.springframework.data.couchbase.repository.CouchbaseRepository' (OnClassCondition)

   DataSourceAutoConfiguration:
      Did not match:
         - @ConditionalOnClass did not find required class 'org.springframework.jdbc.datasource.embedded.EmbeddedDatabaseType' (OnClassCondition)

   DataSourceTransactionManagerAutoConfiguration:
      Did not match:
         - @ConditionalOnClass did not find required class 'org.springframework.jdbc.core.JdbcTemplate' (OnClassCondition)

   DispatcherServletAutoConfiguration.DispatcherServletConfiguration#multipartResolver:
      Did not match:
         - @ConditionalOnBean (types: org.springframework.web.multipart.MultipartResolver; SearchStrategy: all) did not find any beans of type org.springframework.web.multipart.MultipartResolver (OnBeanCondition)

   EhCacheCacheConfiguration:
      Did not match:
         - @ConditionalOnClass did not find required classes 'net.sf.ehcache.Cache', 'org.springframework.cache.ehcache.EhCacheCacheManager' (OnClassCondition)

   ElasticsearchAutoConfiguration:
      Did not match:
         - @ConditionalOnClass did not find required classes 'org.elasticsearch.client.Client', 'org.springframework.data.elasticsearch.client.TransportClientFactoryBean' (OnClassCondition)

   ElasticsearchDataAutoConfiguration:
      Did not match:
         - @ConditionalOnClass did not find required classes 'org.elasticsearch.client.Client', 'org.springframework.data.elasticsearch.core.ElasticsearchTemplate' (OnClassCondition)

   ElasticsearchRepositoriesAutoConfiguration:
      Did not match:
         - @ConditionalOnClass did not find required classes 'org.elasticsearch.client.Client', 'org.springframework.data.elasticsearch.repository.ElasticsearchRepository' (OnClassCondition)

   EmbeddedLdapAutoConfiguration:
      Did not match:
         - @ConditionalOnClass did not find required class 'com.unboundid.ldap.listener.InMemoryDirectoryServer' (OnClassCondition)

   EmbeddedMongoAutoConfiguration:
      Did not match:
         - @ConditionalOnClass did not find required classes 'com.mongodb.MongoClient', 'de.flapdoodle.embed.mongo.MongodStarter' (OnClassCondition)

   EmbeddedWebServerFactoryCustomizerAutoConfiguration.JettyWebServerFactoryCustomizerConfiguration:
      Did not match:
         - @ConditionalOnClass did not find required classes 'org.eclipse.jetty.server.Server', 'org.eclipse.jetty.util.Loader', 'org.eclipse.jetty.webapp.WebAppContext' (OnClassCondition)

   EmbeddedWebServerFactoryCustomizerAutoConfiguration.UndertowWebServerFactoryCustomizerConfiguration:
      Did not match:
         - @ConditionalOnClass did not find required classes 'io.undertow.Undertow', 'org.xnio.SslClientAuthMode' (OnClassCondition)

   ErrorWebFluxAutoConfiguration:
      Did not match:
         - @ConditionalOnClass did not find required class 'org.springframework.web.reactive.config.WebFluxConfigurer' (OnClassCondition)

   FlywayAutoConfiguration:
      Did not match:
         - @ConditionalOnClass did not find required class 'org.flywaydb.core.Flyway' (OnClassCondition)

   FreeMarkerAutoConfiguration:
      Did not match:
         - @ConditionalOnClass did not find required classes 'freemarker.template.Configuration', 'org.springframework.ui.freemarker.FreeMarkerConfigurationFactory' (OnClassCondition)

   GroovyTemplateAutoConfiguration:
      Did not match:
         - @ConditionalOnClass did not find required class 'groovy.text.markup.MarkupTemplateEngine' (OnClassCondition)

   GsonAutoConfiguration:
      Did not match:
         - @ConditionalOnClass did not find required class 'com.google.gson.Gson' (OnClassCondition)

   GsonHttpMessageConvertersConfiguration:
      Did not match:
         - @ConditionalOnClass did not find required class 'com.google.gson.Gson' (OnClassCondition)

   H2ConsoleAutoConfiguration:
      Did not match:
         - @ConditionalOnClass did not find required class 'org.h2.server.web.WebServlet' (OnClassCondition)

   HazelcastAutoConfiguration:
      Did not match:
         - @ConditionalOnClass did not find required class 'com.hazelcast.core.HazelcastInstance' (OnClassCondition)

   HazelcastCacheConfiguration:
      Did not match:
         - @ConditionalOnClass did not find required classes 'com.hazelcast.core.HazelcastInstance', 'com.hazelcast.spring.cache.HazelcastCacheManager' (OnClassCondition)

   HazelcastJpaDependencyAutoConfiguration:
      Did not match:
         - @ConditionalOnClass did not find required classes 'com.hazelcast.core.HazelcastInstance', 'org.springframework.orm.jpa.LocalContainerEntityManagerFactoryBean' (OnClassCondition)

   HibernateJpaAutoConfiguration:
      Did not match:
         - @ConditionalOnClass did not find required classes 'org.springframework.orm.jpa.LocalContainerEntityManagerFactoryBean', 'javax.persistence.EntityManager' (OnClassCondition)

   HttpHandlerAutoConfiguration:
      Did not match:
         - @ConditionalOnClass did not find required class 'org.springframework.web.reactive.DispatcherHandler' (OnClassCondition)

   HypermediaAutoConfiguration:
      Did not match:
         - @ConditionalOnClass did not find required class 'org.springframework.hateoas.Resource' (OnClassCondition)

   InfinispanCacheConfiguration:
      Did not match:
         - @ConditionalOnClass did not find required class 'org.infinispan.spring.provider.SpringEmbeddedCacheManager' (OnClassCondition)

   InfluxDbAutoConfiguration:
      Did not match:
         - @ConditionalOnClass did not find required class 'org.influxdb.InfluxDB' (OnClassCondition)

   IntegrationAutoConfiguration:
      Did not match:
         - @ConditionalOnClass did not find required class 'org.springframework.integration.config.EnableIntegration' (OnClassCondition)

   JCacheCacheConfiguration:
      Did not match:
         - @ConditionalOnClass did not find required classes 'javax.cache.Caching', 'org.springframework.cache.jcache.JCacheCacheManager' (OnClassCondition)

   JacksonAutoConfiguration.JodaDateTimeJacksonConfiguration:
      Did not match:
         - @ConditionalOnClass did not find required classes 'com.fasterxml.jackson.datatype.joda.ser.DateTimeSerializer', 'com.fasterxml.jackson.datatype.joda.cfg.JacksonJodaDateFormat' (OnClassCondition)

   JacksonHttpMessageConvertersConfiguration.MappingJackson2XmlHttpMessageConverterConfiguration:
      Did not match:
         - @ConditionalOnClass did not find required class 'com.fasterxml.jackson.dataformat.xml.XmlMapper' (OnClassCondition)

   JdbcTemplateAutoConfiguration:
      Did not match:
         - @ConditionalOnClass did not find required class 'org.springframework.jdbc.core.JdbcTemplate' (OnClassCondition)

   JerseyAutoConfiguration:
      Did not match:
         - @ConditionalOnClass did not find required class 'org.glassfish.jersey.server.spring.SpringComponentProvider' (OnClassCondition)

   JestAutoConfiguration:
      Did not match:
         - @ConditionalOnClass did not find required class 'io.searchbox.client.JestClient' (OnClassCondition)

   JmsAutoConfiguration:
      Did not match:
         - @ConditionalOnClass did not find required classes 'javax.jms.Message', 'org.springframework.jms.core.JmsTemplate' (OnClassCondition)

   JmxAutoConfiguration:
      Did not match:
         - @ConditionalOnProperty (spring.jmx.enabled=true) found different value in property 'enabled' (OnPropertyCondition)
      Matched:
         - @ConditionalOnClass found required class 'org.springframework.jmx.export.MBeanExporter'; @ConditionalOnMissingClass did not find unwanted class (OnClassCondition)

   JndiConnectionFactoryAutoConfiguration:
      Did not match:
         - @ConditionalOnClass did not find required class 'org.springframework.jms.core.JmsTemplate' (OnClassCondition)

   JndiDataSourceAutoConfiguration:
      Did not match:
         - @ConditionalOnClass did not find required class 'org.springframework.jdbc.datasource.embedded.EmbeddedDatabaseType' (OnClassCondition)

   JooqAutoConfiguration:
      Did not match:
         - @ConditionalOnClass did not find required class 'org.jooq.DSLContext' (OnClassCondition)

   JpaRepositoriesAutoConfiguration:
      Did not match:
         - @ConditionalOnClass did not find required class 'org.springframework.data.jpa.repository.JpaRepository' (OnClassCondition)

   JsonbAutoConfiguration:
      Did not match:
         - @ConditionalOnClass did not find required class 'javax.json.bind.Jsonb' (OnClassCondition)

   JsonbHttpMessageConvertersConfiguration:
      Did not match:
         - @ConditionalOnClass did not find required class 'javax.json.bind.Jsonb' (OnClassCondition)

   JtaAutoConfiguration:
      Did not match:
         - @ConditionalOnClass did not find required class 'javax.transaction.Transaction' (OnClassCondition)

   KafkaAutoConfiguration:
      Did not match:
         - @ConditionalOnClass did not find required class 'org.springframework.kafka.core.KafkaTemplate' (OnClassCondition)

   LdapAutoConfiguration:
      Did not match:
         - @ConditionalOnClass did not find required class 'org.springframework.ldap.core.ContextSource' (OnClassCondition)

   LdapDataAutoConfiguration:
      Did not match:
         - @ConditionalOnClass did not find required class 'org.springframework.data.ldap.repository.LdapRepository' (OnClassCondition)

   LdapRepositoriesAutoConfiguration:
      Did not match:
         - @ConditionalOnClass did not find required class 'org.springframework.data.ldap.repository.LdapRepository' (OnClassCondition)

   LiquibaseAutoConfiguration:
      Did not match:
         - @ConditionalOnClass did not find required classes 'liquibase.integration.spring.SpringLiquibase', 'liquibase.change.DatabaseChange' (OnClassCondition)

   MailSenderAutoConfiguration:
      Did not match:
         - @ConditionalOnClass did not find required class 'javax.mail.internet.MimeMessage' (OnClassCondition)

   MailSenderValidatorAutoConfiguration:
      Did not match:
         - @ConditionalOnProperty (spring.mail.test-connection) did not find property 'test-connection' (OnPropertyCondition)

   MessageSourceAutoConfiguration:
      Did not match:
         - ResourceBundle did not find bundle with basename messages (MessageSourceAutoConfiguration.ResourceBundleCondition)

   MockMvcSecurityConfiguration:
      Did not match:
         - @ConditionalOnClass did not find required class 'org.springframework.security.test.web.servlet.request.SecurityMockMvcRequestPostProcessors' (OnClassCondition)

   MockMvcWebClientAutoConfiguration:
      Did not match:
         - @ConditionalOnClass did not find required class 'com.gargoylesoftware.htmlunit.WebClient' (OnClassCondition)

   MockMvcWebDriverAutoConfiguration:
      Did not match:
         - @ConditionalOnClass did not find required class 'org.openqa.selenium.htmlunit.HtmlUnitDriver' (OnClassCondition)

   MongoAutoConfiguration:
      Did not match:
         - @ConditionalOnClass did not find required class 'com.mongodb.MongoClient' (OnClassCondition)

   MongoDataAutoConfiguration:
      Did not match:
         - @ConditionalOnClass did not find required classes 'com.mongodb.MongoClient', 'org.springframework.data.mongodb.core.MongoTemplate' (OnClassCondition)

   MongoReactiveAutoConfiguration:
      Did not match:
         - @ConditionalOnClass did not find required class 'com.mongodb.reactivestreams.client.MongoClient' (OnClassCondition)

   MongoReactiveDataAutoConfiguration:
      Did not match:
         - @ConditionalOnClass did not find required classes 'com.mongodb.reactivestreams.client.MongoClient', 'org.springframework.data.mongodb.core.ReactiveMongoTemplate' (OnClassCondition)

   MongoReactiveRepositoriesAutoConfiguration:
      Did not match:
         - @ConditionalOnClass did not find required classes 'com.mongodb.reactivestreams.client.MongoClient', 'org.springframework.data.mongodb.repository.ReactiveMongoRepository' (OnClassCondition)

   MongoRepositoriesAutoConfiguration:
      Did not match:
         - @ConditionalOnClass did not find required classes 'com.mongodb.MongoClient', 'org.springframework.data.mongodb.repository.MongoRepository' (OnClassCondition)

   MustacheAutoConfiguration:
      Did not match:
         - @ConditionalOnClass did not find required class 'com.samskivert.mustache.Mustache' (OnClassCondition)

   Neo4jDataAutoConfiguration:
      Did not match:
         - @ConditionalOnClass did not find required classes 'org.neo4j.ogm.session.SessionFactory', 'org.springframework.data.neo4j.transaction.Neo4jTransactionManager' (OnClassCondition)

   Neo4jRepositoriesAutoConfiguration:
      Did not match:
         - @ConditionalOnClass did not find required classes 'org.neo4j.ogm.session.Neo4jSession', 'org.springframework.data.neo4j.repository.Neo4jRepository' (OnClassCondition)

   OAuth2ClientAutoConfiguration:
      Did not match:
         - @ConditionalOnClass did not find required classes 'org.springframework.security.config.annotation.web.configuration.EnableWebSecurity', 'org.springframework.security.oauth2.client.registration.ClientRegistration' (OnClassCondition)

   ProjectInfoAutoConfiguration#buildProperties:
      Did not match:
         - @ConditionalOnResource did not find resource '${spring.info.build.location:classpath:META-INF/build-info.properties}' (OnResourceCondition)

   ProjectInfoAutoConfiguration#gitProperties:
      Did not match:
         - GitResource did not find git info at classpath:git.properties (ProjectInfoAutoConfiguration.GitResourceAvailableCondition)

   QuartzAutoConfiguration:
      Did not match:
         - @ConditionalOnClass did not find required classes 'org.quartz.Scheduler', 'org.springframework.scheduling.quartz.SchedulerFactoryBean' (OnClassCondition)

   RabbitAutoConfiguration:
      Did not match:
         - @ConditionalOnClass did not find required classes 'org.springframework.amqp.rabbit.core.RabbitTemplate', 'com.rabbitmq.client.Channel' (OnClassCondition)

   ReactiveUserDetailsServiceAutoConfiguration:
      Did not match:
         - @ConditionalOnClass did not find required class 'org.springframework.security.authentication.ReactiveAuthenticationManager' (OnClassCondition)

   ReactiveWebServerFactoryAutoConfiguration:
      Did not match:
         - not a reactive web application (OnWebApplicationCondition)
      Matched:
         - @ConditionalOnClass found required class 'org.springframework.http.ReactiveHttpInputMessage'; @ConditionalOnMissingClass did not find unwanted class (OnClassCondition)

   ReactorCoreAutoConfiguration:
      Did not match:
         - @ConditionalOnClass did not find required classes 'reactor.core.publisher.Mono', 'reactor.core.publisher.Flux' (OnClassCondition)

   RedisAutoConfiguration:
      Did not match:
         - @ConditionalOnClass did not find required class 'org.springframework.data.redis.core.RedisOperations' (OnClassCondition)

   RedisReactiveAutoConfiguration:
      Did not match:
         - @ConditionalOnClass did not find required classes 'org.springframework.data.redis.connection.ReactiveRedisConnectionFactory', 'org.springframework.data.redis.core.ReactiveRedisTemplate', 'reactor.core.publisher.Flux' (OnClassCondition)

   RedisRepositoriesAutoConfiguration:
      Did not match:
         - @ConditionalOnClass did not find required class 'org.springframework.data.redis.repository.configuration.EnableRedisRepositories' (OnClassCondition)

   RepositoryRestMvcAutoConfiguration:
      Did not match:
         - @ConditionalOnClass did not find required class 'org.springframework.data.rest.webmvc.config.RepositoryRestMvcConfiguration' (OnClassCondition)

   SecurityAutoConfiguration:
      Did not match:
         - @ConditionalOnClass did not find required class 'org.springframework.security.authentication.DefaultAuthenticationEventPublisher' (OnClassCondition)

   SecurityFilterAutoConfiguration:
      Did not match:
         - @ConditionalOnClass did not find required classes 'org.springframework.security.web.context.AbstractSecurityWebApplicationInitializer', 'org.springframework.security.config.http.SessionCreationPolicy' (OnClassCondition)

   SendGridAutoConfiguration:
      Did not match:
         - @ConditionalOnClass did not find required class 'com.sendgrid.SendGrid' (OnClassCondition)

   ServletWebServerFactoryConfiguration.EmbeddedJetty:
      Did not match:
         - @ConditionalOnClass did not find required classes 'org.eclipse.jetty.server.Server', 'org.eclipse.jetty.util.Loader', 'org.eclipse.jetty.webapp.WebAppContext' (OnClassCondition)

   ServletWebServerFactoryConfiguration.EmbeddedUndertow:
      Did not match:
         - @ConditionalOnClass did not find required classes 'io.undertow.Undertow', 'org.xnio.SslClientAuthMode' (OnClassCondition)

   SessionAutoConfiguration:
      Did not match:
         - @ConditionalOnClass did not find required class 'org.springframework.session.Session' (OnClassCondition)

   SolrAutoConfiguration:
      Did not match:
         - @ConditionalOnClass did not find required classes 'org.apache.solr.client.solrj.impl.HttpSolrClient', 'org.apache.solr.client.solrj.impl.CloudSolrClient' (OnClassCondition)

   SolrRepositoriesAutoConfiguration:
      Did not match:
         - @ConditionalOnClass did not find required classes 'org.apache.solr.client.solrj.SolrClient', 'org.springframework.data.solr.repository.SolrRepository' (OnClassCondition)

   SpringApplicationAdminJmxAutoConfiguration:
      Did not match:
         - @ConditionalOnProperty (spring.application.admin.enabled=true) did not find property 'enabled' (OnPropertyCondition)

   ThymeleafAutoConfiguration:
      Did not match:
         - @ConditionalOnClass did not find required class 'org.thymeleaf.templatemode.TemplateMode' (OnClassCondition)

   TransactionAutoConfiguration.EnableTransactionManagementConfiguration:
      Did not match:
         - @ConditionalOnBean (types: org.springframework.transaction.PlatformTransactionManager; SearchStrategy: all) did not find any beans of type org.springframework.transaction.PlatformTransactionManager (OnBeanCondition)

   TransactionAutoConfiguration.EnableTransactionManagementConfiguration.CglibAutoProxyConfiguration:
      Did not match:
         - Ancestor org.springframework.boot.autoconfigure.transaction.TransactionAutoConfiguration$EnableTransactionManagementConfiguration did not match (ConditionEvaluationReport.AncestorsMatchedCondition)
      Matched:
         - @ConditionalOnProperty (spring.aop.proxy-target-class=true) matched (OnPropertyCondition)

   TransactionAutoConfiguration.EnableTransactionManagementConfiguration.JdkDynamicAutoProxyConfiguration:
      Did not match:
         - @ConditionalOnProperty (spring.aop.proxy-target-class=false) did not find property 'proxy-target-class' (OnPropertyCondition)
         - Ancestor org.springframework.boot.autoconfigure.transaction.TransactionAutoConfiguration$EnableTransactionManagementConfiguration did not match (ConditionEvaluationReport.AncestorsMatchedCondition)

   TransactionAutoConfiguration.TransactionTemplateConfiguration:
      Did not match:
         - @ConditionalOnSingleCandidate (types: org.springframework.transaction.PlatformTransactionManager; SearchStrategy: all) did not find any beans (OnBeanCondition)

   UserDetailsServiceAutoConfiguration:
      Did not match:
         - @ConditionalOnClass did not find required class 'org.springframework.security.authentication.AuthenticationManager' (OnClassCondition)

   WebClientAutoConfiguration:
      Did not match:
         - @ConditionalOnClass did not find required class 'org.springframework.web.reactive.function.client.WebClient' (OnClassCondition)

   WebFluxAutoConfiguration:
      Did not match:
         - @ConditionalOnClass did not find required class 'org.springframework.web.reactive.config.WebFluxConfigurer' (OnClassCondition)

   WebFluxSecurityConfiguration:
      Did not match:
         - @ConditionalOnClass did not find required classes 'org.springframework.security.config.annotation.web.reactive.EnableWebFluxSecurity', 'org.springframework.security.web.server.WebFilterChainProxy' (OnClassCondition)

   WebMvcAutoConfiguration.ResourceChainCustomizerConfiguration:
      Did not match:
         - @ConditionalOnEnabledResourceChain did not find class org.webjars.WebJarAssetLocator (OnEnabledResourceChainCondition)

   WebMvcAutoConfiguration.WebMvcAutoConfigurationAdapter#beanNameViewResolver:
      Did not match:
         - @ConditionalOnMissingBean (types: org.springframework.web.servlet.view.BeanNameViewResolver; SearchStrategy: all) found beans of type 'org.springframework.web.servlet.view.BeanNameViewResolver' beanNameViewResolver (OnBeanCondition)

   WebMvcAutoConfiguration.WebMvcAutoConfigurationAdapter#localeResolver:
      Did not match:
         - @ConditionalOnProperty (spring.mvc.locale) did not find property 'locale' (OnPropertyCondition)

   WebServicesAutoConfiguration:
      Did not match:
         - @ConditionalOnClass did not find required class 'org.springframework.ws.transport.http.MessageDispatcherServlet' (OnClassCondition)

   WebSocketMessagingAutoConfiguration:
      Did not match:
         - @ConditionalOnClass did not find required class 'org.springframework.web.socket.config.annotation.WebSocketMessageBrokerConfigurer' (OnClassCondition)

   WebSocketReactiveAutoConfiguration:
      Did not match:
         - not a reactive web application (OnWebApplicationCondition)
      Matched:
         - @ConditionalOnClass found required classes 'javax.servlet.Servlet', 'javax.websocket.server.ServerContainer'; @ConditionalOnMissingClass did not find unwanted class (OnClassCondition)

   WebSocketServletAutoConfiguration.JettyWebSocketConfiguration:
      Did not match:
         - @ConditionalOnClass did not find required class 'org.eclipse.jetty.websocket.jsr356.server.deploy.WebSocketServerContainerInitializer' (OnClassCondition)

   WebSocketServletAutoConfiguration.UndertowWebSocketConfiguration:
      Did not match:
         - @ConditionalOnClass did not find required class 'io.undertow.websockets.jsr.Bootstrap' (OnClassCondition)

   XADataSourceAutoConfiguration:
      Did not match:
         - @ConditionalOnClass did not find required classes 'javax.transaction.TransactionManager', 'org.springframework.jdbc.datasource.embedded.EmbeddedDatabaseType' (OnClassCondition)


Exclusions:
-----------

    None


Unconditional classes:
----------------------

    org.springframework.boot.autoconfigure.context.PropertyPlaceholderAutoConfiguration

    org.springframework.boot.autoconfigure.web.embedded.EmbeddedWebServerFactoryCustomizerAutoConfiguration

    org.springframework.boot.autoconfigure.security.reactive.ReactiveSecurityAutoConfiguration

    org.springframework.boot.autoconfigure.context.ConfigurationPropertiesAutoConfiguration

    org.springframework.boot.autoconfigure.info.ProjectInfoAutoConfiguration



]]></system-err>
</testsuite>
